Epoch = 1
	Training	Accuracy = 0.0055	Cost = 9.633743	Loss = 9.622749
	seen	ROC-AUC = 0.5915	PR-AUC = 0.0084	Top-1 Acc = 0.0036	Top-5 Acc = 0.0339
	unseen	ROC-AUC = 0.5977	PR-AUC = 0.0169	Top-1 Acc = 0.0082	Top-5 Acc = 0.0352
	Mean	ROC-AUC = 0.5948	PR-AUC = 0.0129	Top-1 Acc = 0.0061	Top-5 Acc = 0.0346
Epoch = 2
	Training	Accuracy = 0.0232	Cost = 4.874162	Loss = 4.862913
	seen	ROC-AUC = 0.8097	PR-AUC = 0.0617	Top-1 Acc = 0.0427	Top-5 Acc = 0.1579
	unseen	ROC-AUC = 0.7678	PR-AUC = 0.0624	Top-1 Acc = 0.0128	Top-5 Acc = 0.0640
	Mean	ROC-AUC = 0.7874	PR-AUC = 0.0621	Top-1 Acc = 0.0268	Top-5 Acc = 0.1078
Epoch = 3
	Training	Accuracy = 0.1090	Cost = 4.218723	Loss = 4.206416
	seen	ROC-AUC = 0.8249	PR-AUC = 0.1370	Top-1 Acc = 0.1183	Top-5 Acc = 0.3564
	unseen	ROC-AUC = 0.8178	PR-AUC = 0.1125	Top-1 Acc = 0.0384	Top-5 Acc = 0.1581
	Mean	ROC-AUC = 0.8211	PR-AUC = 0.1240	Top-1 Acc = 0.0757	Top-5 Acc = 0.2507
Epoch = 4
	Training	Accuracy = 0.2193	Cost = 3.516159	Loss = 3.502093
	seen	ROC-AUC = 0.8691	PR-AUC = 0.2521	Top-1 Acc = 0.2673	Top-5 Acc = 0.5399
	unseen	ROC-AUC = 0.8323	PR-AUC = 0.2050	Top-1 Acc = 0.1119	Top-5 Acc = 0.2759
	Mean	ROC-AUC = 0.8495	PR-AUC = 0.2270	Top-1 Acc = 0.1845	Top-5 Acc = 0.3992
Epoch = 5
	Training	Accuracy = 0.3184	Cost = 2.940993	Loss = 2.924936
	seen	ROC-AUC = 0.8779	PR-AUC = 0.3014	Top-1 Acc = 0.3116	Top-5 Acc = 0.6024
	unseen	ROC-AUC = 0.8406	PR-AUC = 0.2442	Top-1 Acc = 0.1439	Top-5 Acc = 0.3627
	Mean	ROC-AUC = 0.8581	PR-AUC = 0.2709	Top-1 Acc = 0.2222	Top-5 Acc = 0.4747
Epoch = 6
	Training	Accuracy = 0.3900	Cost = 2.538525	Loss = 2.520483
	seen	ROC-AUC = 0.8815	PR-AUC = 0.3450	Top-1 Acc = 0.3533	Top-5 Acc = 0.6399
	unseen	ROC-AUC = 0.8470	PR-AUC = 0.2892	Top-1 Acc = 0.1974	Top-5 Acc = 0.4386
	Mean	ROC-AUC = 0.8631	PR-AUC = 0.3153	Top-1 Acc = 0.2702	Top-5 Acc = 0.5326
Epoch = 7
	Training	Accuracy = 0.4526	Cost = 2.270982	Loss = 2.251047
	seen	ROC-AUC = 0.8789	PR-AUC = 0.3682	Top-1 Acc = 0.3877	Top-5 Acc = 0.6540
	unseen	ROC-AUC = 0.8505	PR-AUC = 0.3136	Top-1 Acc = 0.2558	Top-5 Acc = 0.4861
	Mean	ROC-AUC = 0.8637	PR-AUC = 0.3391	Top-1 Acc = 0.3174	Top-5 Acc = 0.5645
Epoch = 8
	Training	Accuracy = 0.5018	Cost = 2.015671	Loss = 1.993942
	seen	ROC-AUC = 0.8877	PR-AUC = 0.3933	Top-1 Acc = 0.3955	Top-5 Acc = 0.6691
	unseen	ROC-AUC = 0.8540	PR-AUC = 0.3214	Top-1 Acc = 0.2545	Top-5 Acc = 0.5066
	Mean	ROC-AUC = 0.8698	PR-AUC = 0.3550	Top-1 Acc = 0.3204	Top-5 Acc = 0.5825
Epoch = 9
	Training	Accuracy = 0.5331	Cost = 1.826034	Loss = 1.802543
	seen	ROC-AUC = 0.8881	PR-AUC = 0.4160	Top-1 Acc = 0.4252	Top-5 Acc = 0.6790
	unseen	ROC-AUC = 0.8573	PR-AUC = 0.3532	Top-1 Acc = 0.2791	Top-5 Acc = 0.5331
	Mean	ROC-AUC = 0.8717	PR-AUC = 0.3825	Top-1 Acc = 0.3474	Top-5 Acc = 0.6013
Epoch = 10
	Training	Accuracy = 0.5678	Cost = 1.663560	Loss = 1.638381
	seen	ROC-AUC = 0.8896	PR-AUC = 0.4290	Top-1 Acc = 0.4325	Top-5 Acc = 0.6847
	unseen	ROC-AUC = 0.8625	PR-AUC = 0.3572	Top-1 Acc = 0.2883	Top-5 Acc = 0.5573
	Mean	ROC-AUC = 0.8752	PR-AUC = 0.3907	Top-1 Acc = 0.3556	Top-5 Acc = 0.6168
Epoch = 11
	Training	Accuracy = 0.5974	Cost = 1.516457	Loss = 1.489693
	seen	ROC-AUC = 0.8902	PR-AUC = 0.4300	Top-1 Acc = 0.4315	Top-5 Acc = 0.6816
	unseen	ROC-AUC = 0.8575	PR-AUC = 0.3565	Top-1 Acc = 0.2951	Top-5 Acc = 0.5523
	Mean	ROC-AUC = 0.8728	PR-AUC = 0.3908	Top-1 Acc = 0.3588	Top-5 Acc = 0.6127
Epoch = 12
	Training	Accuracy = 0.6164	Cost = 1.409165	Loss = 1.380856
	seen	ROC-AUC = 0.8884	PR-AUC = 0.4478	Top-1 Acc = 0.4653	Top-5 Acc = 0.6899
	unseen	ROC-AUC = 0.8613	PR-AUC = 0.3652	Top-1 Acc = 0.3175	Top-5 Acc = 0.5825
	Mean	ROC-AUC = 0.8739	PR-AUC = 0.4038	Top-1 Acc = 0.3866	Top-5 Acc = 0.6327
Epoch = 13
	Training	Accuracy = 0.6379	Cost = 1.302872	Loss = 1.273114
	seen	ROC-AUC = 0.8856	PR-AUC = 0.4406	Top-1 Acc = 0.4513	Top-5 Acc = 0.6884
	unseen	ROC-AUC = 0.8572	PR-AUC = 0.3641	Top-1 Acc = 0.3106	Top-5 Acc = 0.5601
	Mean	ROC-AUC = 0.8705	PR-AUC = 0.3998	Top-1 Acc = 0.3763	Top-5 Acc = 0.6200
Epoch = 14
	Training	Accuracy = 0.6547	Cost = 1.196057	Loss = 1.164916
	seen	ROC-AUC = 0.8888	PR-AUC = 0.4513	Top-1 Acc = 0.4528	Top-5 Acc = 0.6868
	unseen	ROC-AUC = 0.8618	PR-AUC = 0.3694	Top-1 Acc = 0.3262	Top-5 Acc = 0.5843
	Mean	ROC-AUC = 0.8744	PR-AUC = 0.4077	Top-1 Acc = 0.3853	Top-5 Acc = 0.6322
Epoch = 15
	Training	Accuracy = 0.6754	Cost = 1.115009	Loss = 1.082544
	seen	ROC-AUC = 0.8889	PR-AUC = 0.4589	Top-1 Acc = 0.4784	Top-5 Acc = 0.6993
	unseen	ROC-AUC = 0.8608	PR-AUC = 0.3756	Top-1 Acc = 0.3540	Top-5 Acc = 0.5980
	Mean	ROC-AUC = 0.8739	PR-AUC = 0.4145	Top-1 Acc = 0.4121	Top-5 Acc = 0.6453
Epoch = 16
	Training	Accuracy = 0.6863	Cost = 1.038523	Loss = 1.004791
	seen	ROC-AUC = 0.8890	PR-AUC = 0.4591	Top-1 Acc = 0.4784	Top-5 Acc = 0.7040
	unseen	ROC-AUC = 0.8584	PR-AUC = 0.3727	Top-1 Acc = 0.3531	Top-5 Acc = 0.6048
	Mean	ROC-AUC = 0.8727	PR-AUC = 0.4131	Top-1 Acc = 0.4116	Top-5 Acc = 0.6512
Epoch = 17
	Training	Accuracy = 0.6945	Cost = 0.980789	Loss = 0.945879
	seen	ROC-AUC = 0.8877	PR-AUC = 0.4638	Top-1 Acc = 0.4674	Top-5 Acc = 0.7014
	unseen	ROC-AUC = 0.8599	PR-AUC = 0.3849	Top-1 Acc = 0.3513	Top-5 Acc = 0.6058
	Mean	ROC-AUC = 0.8729	PR-AUC = 0.4217	Top-1 Acc = 0.4056	Top-5 Acc = 0.6504
Epoch = 18
	Training	Accuracy = 0.7079	Cost = 0.907999	Loss = 0.871984
	seen	ROC-AUC = 0.8894	PR-AUC = 0.4644	Top-1 Acc = 0.4815	Top-5 Acc = 0.7040
	unseen	ROC-AUC = 0.8579	PR-AUC = 0.3818	Top-1 Acc = 0.3646	Top-5 Acc = 0.6076
	Mean	ROC-AUC = 0.8726	PR-AUC = 0.4204	Top-1 Acc = 0.4192	Top-5 Acc = 0.6526
Epoch = 19
	Training	Accuracy = 0.7203	Cost = 0.848085	Loss = 0.811004
	seen	ROC-AUC = 0.8873	PR-AUC = 0.4662	Top-1 Acc = 0.4846	Top-5 Acc = 0.6988
	unseen	ROC-AUC = 0.8614	PR-AUC = 0.3878	Top-1 Acc = 0.3668	Top-5 Acc = 0.6195
	Mean	ROC-AUC = 0.8735	PR-AUC = 0.4244	Top-1 Acc = 0.4219	Top-5 Acc = 0.6565
Epoch = 20
	Training	Accuracy = 0.7302	Cost = 0.801692	Loss = 0.763594
	seen	ROC-AUC = 0.8867	PR-AUC = 0.4681	Top-1 Acc = 0.4878	Top-5 Acc = 0.6936
	unseen	ROC-AUC = 0.8614	PR-AUC = 0.3949	Top-1 Acc = 0.3851	Top-5 Acc = 0.6195
	Mean	ROC-AUC = 0.8732	PR-AUC = 0.4291	Top-1 Acc = 0.4331	Top-5 Acc = 0.6541
Epoch = 21
	Training	Accuracy = 0.7380	Cost = 0.745627	Loss = 0.706585
	seen	ROC-AUC = 0.8903	PR-AUC = 0.4744	Top-1 Acc = 0.4930	Top-5 Acc = 0.6967
	unseen	ROC-AUC = 0.8624	PR-AUC = 0.3930	Top-1 Acc = 0.3723	Top-5 Acc = 0.6071
	Mean	ROC-AUC = 0.8754	PR-AUC = 0.4310	Top-1 Acc = 0.4287	Top-5 Acc = 0.6490
Epoch = 22
	Training	Accuracy = 0.7434	Cost = 0.699735	Loss = 0.659804
	seen	ROC-AUC = 0.8881	PR-AUC = 0.4718	Top-1 Acc = 0.4930	Top-5 Acc = 0.6972
	unseen	ROC-AUC = 0.8630	PR-AUC = 0.3902	Top-1 Acc = 0.3751	Top-5 Acc = 0.6058
	Mean	ROC-AUC = 0.8747	PR-AUC = 0.4283	Top-1 Acc = 0.4301	Top-5 Acc = 0.6485
Epoch = 23
	Training	Accuracy = 0.7487	Cost = 0.673435	Loss = 0.632674
	seen	ROC-AUC = 0.8874	PR-AUC = 0.4677	Top-1 Acc = 0.4841	Top-5 Acc = 0.6952
	unseen	ROC-AUC = 0.8607	PR-AUC = 0.3867	Top-1 Acc = 0.3746	Top-5 Acc = 0.6058
	Mean	ROC-AUC = 0.8732	PR-AUC = 0.4246	Top-1 Acc = 0.4258	Top-5 Acc = 0.6475
Epoch = 24
	Training	Accuracy = 0.7591	Cost = 0.625402	Loss = 0.583871
	seen	ROC-AUC = 0.8872	PR-AUC = 0.4760	Top-1 Acc = 0.4914	Top-5 Acc = 0.6967
	unseen	ROC-AUC = 0.8613	PR-AUC = 0.3949	Top-1 Acc = 0.3810	Top-5 Acc = 0.6185
	Mean	ROC-AUC = 0.8734	PR-AUC = 0.4328	Top-1 Acc = 0.4326	Top-5 Acc = 0.6551
Epoch = 25
	Training	Accuracy = 0.7637	Cost = 0.592454	Loss = 0.550195
	seen	ROC-AUC = 0.8872	PR-AUC = 0.4727	Top-1 Acc = 0.4851	Top-5 Acc = 0.6941
	unseen	ROC-AUC = 0.8652	PR-AUC = 0.3954	Top-1 Acc = 0.3783	Top-5 Acc = 0.6126
	Mean	ROC-AUC = 0.8755	PR-AUC = 0.4315	Top-1 Acc = 0.4282	Top-5 Acc = 0.6507
Epoch = 26
	Training	Accuracy = 0.7715	Cost = 0.558537	Loss = 0.515605
	seen	ROC-AUC = 0.8878	PR-AUC = 0.4753	Top-1 Acc = 0.4992	Top-5 Acc = 0.6962
	unseen	ROC-AUC = 0.8615	PR-AUC = 0.4033	Top-1 Acc = 0.3915	Top-5 Acc = 0.6213
	Mean	ROC-AUC = 0.8738	PR-AUC = 0.4369	Top-1 Acc = 0.4418	Top-5 Acc = 0.6563
Epoch = 27
	Training	Accuracy = 0.7715	Cost = 0.539546	Loss = 0.495995
	seen	ROC-AUC = 0.8850	PR-AUC = 0.4683	Top-1 Acc = 0.4851	Top-5 Acc = 0.6952
	unseen	ROC-AUC = 0.8618	PR-AUC = 0.3915	Top-1 Acc = 0.3819	Top-5 Acc = 0.6007
	Mean	ROC-AUC = 0.8727	PR-AUC = 0.4274	Top-1 Acc = 0.4301	Top-5 Acc = 0.6448
Epoch = 28
	Training	Accuracy = 0.7736	Cost = 0.517318	Loss = 0.473194
	seen	ROC-AUC = 0.8887	PR-AUC = 0.4787	Top-1 Acc = 0.4836	Top-5 Acc = 0.6925
	unseen	ROC-AUC = 0.8627	PR-AUC = 0.3964	Top-1 Acc = 0.3815	Top-5 Acc = 0.6044
	Mean	ROC-AUC = 0.8748	PR-AUC = 0.4348	Top-1 Acc = 0.4292	Top-5 Acc = 0.6456
Epoch = 29
	Training	Accuracy = 0.7807	Cost = 0.478002	Loss = 0.433349
	seen	ROC-AUC = 0.8878	PR-AUC = 0.4768	Top-1 Acc = 0.4919	Top-5 Acc = 0.6962
	unseen	ROC-AUC = 0.8640	PR-AUC = 0.4002	Top-1 Acc = 0.3819	Top-5 Acc = 0.6144
	Mean	ROC-AUC = 0.8751	PR-AUC = 0.4360	Top-1 Acc = 0.4333	Top-5 Acc = 0.6526
Epoch = 30
	Training	Accuracy = 0.7857	Cost = 0.443687	Loss = 0.398542
	seen	ROC-AUC = 0.8879	PR-AUC = 0.4732	Top-1 Acc = 0.4966	Top-5 Acc = 0.6978
	unseen	ROC-AUC = 0.8640	PR-AUC = 0.4000	Top-1 Acc = 0.3906	Top-5 Acc = 0.6103
	Mean	ROC-AUC = 0.8752	PR-AUC = 0.4342	Top-1 Acc = 0.4401	Top-5 Acc = 0.6512
Epoch = 31
	Training	Accuracy = 0.7854	Cost = 0.443151	Loss = 0.397541
	seen	ROC-AUC = 0.8869	PR-AUC = 0.4710	Top-1 Acc = 0.4851	Top-5 Acc = 0.6925
	unseen	ROC-AUC = 0.8653	PR-AUC = 0.3983	Top-1 Acc = 0.3837	Top-5 Acc = 0.6122
	Mean	ROC-AUC = 0.8754	PR-AUC = 0.4323	Top-1 Acc = 0.4311	Top-5 Acc = 0.6497
Epoch = 32
	Training	Accuracy = 0.7888	Cost = 0.411956	Loss = 0.365945
	seen	ROC-AUC = 0.8871	PR-AUC = 0.4845	Top-1 Acc = 0.4930	Top-5 Acc = 0.6884
	unseen	ROC-AUC = 0.8619	PR-AUC = 0.3998	Top-1 Acc = 0.3897	Top-5 Acc = 0.6158
	Mean	ROC-AUC = 0.8737	PR-AUC = 0.4394	Top-1 Acc = 0.4379	Top-5 Acc = 0.6497
Epoch = 33
	Training	Accuracy = 0.7934	Cost = 0.392764	Loss = 0.346364
	seen	ROC-AUC = 0.8851	PR-AUC = 0.4790	Top-1 Acc = 0.4893	Top-5 Acc = 0.6884
	unseen	ROC-AUC = 0.8683	PR-AUC = 0.3992	Top-1 Acc = 0.3878	Top-5 Acc = 0.6053
	Mean	ROC-AUC = 0.8762	PR-AUC = 0.4365	Top-1 Acc = 0.4352	Top-5 Acc = 0.6441
Epoch = 34
	Training	Accuracy = 0.7913	Cost = 0.383848	Loss = 0.337130
	seen	ROC-AUC = 0.8856	PR-AUC = 0.4735	Top-1 Acc = 0.4961	Top-5 Acc = 0.6972
	unseen	ROC-AUC = 0.8637	PR-AUC = 0.3938	Top-1 Acc = 0.3910	Top-5 Acc = 0.6103
	Mean	ROC-AUC = 0.8739	PR-AUC = 0.4310	Top-1 Acc = 0.4401	Top-5 Acc = 0.6509
Epoch = 35
	Training	Accuracy = 0.7957	Cost = 0.365665	Loss = 0.318647
	seen	ROC-AUC = 0.8870	PR-AUC = 0.4762	Top-1 Acc = 0.4977	Top-5 Acc = 0.6931
	unseen	ROC-AUC = 0.8630	PR-AUC = 0.4046	Top-1 Acc = 0.3970	Top-5 Acc = 0.6135
	Mean	ROC-AUC = 0.8742	PR-AUC = 0.4380	Top-1 Acc = 0.4440	Top-5 Acc = 0.6507
Epoch = 36
	Training	Accuracy = 0.7965	Cost = 0.343389	Loss = 0.296105
	seen	ROC-AUC = 0.8879	PR-AUC = 0.4672	Top-1 Acc = 0.4799	Top-5 Acc = 0.6915
	unseen	ROC-AUC = 0.8642	PR-AUC = 0.4046	Top-1 Acc = 0.3773	Top-5 Acc = 0.6044
	Mean	ROC-AUC = 0.8753	PR-AUC = 0.4338	Top-1 Acc = 0.4253	Top-5 Acc = 0.6451
Epoch = 37
	Training	Accuracy = 0.7979	Cost = 0.328277	Loss = 0.280756
	seen	ROC-AUC = 0.8846	PR-AUC = 0.4693	Top-1 Acc = 0.4815	Top-5 Acc = 0.6889
	unseen	ROC-AUC = 0.8636	PR-AUC = 0.3921	Top-1 Acc = 0.3837	Top-5 Acc = 0.6048
	Mean	ROC-AUC = 0.8734	PR-AUC = 0.4282	Top-1 Acc = 0.4294	Top-5 Acc = 0.6441
Epoch = 38
	Training	Accuracy = 0.7993	Cost = 0.317522	Loss = 0.269796
	seen	ROC-AUC = 0.8882	PR-AUC = 0.4608	Top-1 Acc = 0.4789	Top-5 Acc = 0.6952
	unseen	ROC-AUC = 0.8681	PR-AUC = 0.3827	Top-1 Acc = 0.3801	Top-5 Acc = 0.5893
	Mean	ROC-AUC = 0.8775	PR-AUC = 0.4192	Top-1 Acc = 0.4262	Top-5 Acc = 0.6388
Epoch = 39
	Training	Accuracy = 0.8009	Cost = 0.301886	Loss = 0.253959
	seen	ROC-AUC = 0.8880	PR-AUC = 0.4709	Top-1 Acc = 0.4862	Top-5 Acc = 0.6915
	unseen	ROC-AUC = 0.8649	PR-AUC = 0.4130	Top-1 Acc = 0.3897	Top-5 Acc = 0.6053
	Mean	ROC-AUC = 0.8757	PR-AUC = 0.4400	Top-1 Acc = 0.4348	Top-5 Acc = 0.6456
Epoch = 40
	Training	Accuracy = 0.7996	Cost = 0.303372	Loss = 0.255305
	seen	ROC-AUC = 0.8870	PR-AUC = 0.4712	Top-1 Acc = 0.4914	Top-5 Acc = 0.6946
	unseen	ROC-AUC = 0.8645	PR-AUC = 0.4070	Top-1 Acc = 0.3947	Top-5 Acc = 0.6126
	Mean	ROC-AUC = 0.8750	PR-AUC = 0.4370	Top-1 Acc = 0.4399	Top-5 Acc = 0.6509
Epoch = 41
	Training	Accuracy = 0.7987	Cost = 0.296651	Loss = 0.248458
	seen	ROC-AUC = 0.8855	PR-AUC = 0.4770	Top-1 Acc = 0.4898	Top-5 Acc = 0.6962
	unseen	ROC-AUC = 0.8619	PR-AUC = 0.4018	Top-1 Acc = 0.3796	Top-5 Acc = 0.6030
	Mean	ROC-AUC = 0.8729	PR-AUC = 0.4369	Top-1 Acc = 0.4311	Top-5 Acc = 0.6465
Epoch = 42
	Training	Accuracy = 0.8029	Cost = 0.276855	Loss = 0.228580
	seen	ROC-AUC = 0.8871	PR-AUC = 0.4682	Top-1 Acc = 0.4867	Top-5 Acc = 0.6962
	unseen	ROC-AUC = 0.8650	PR-AUC = 0.4043	Top-1 Acc = 0.3984	Top-5 Acc = 0.6236
	Mean	ROC-AUC = 0.8753	PR-AUC = 0.4341	Top-1 Acc = 0.4396	Top-5 Acc = 0.6575
Epoch = 43
	Training	Accuracy = 0.8034	Cost = 0.258248	Loss = 0.209871
	seen	ROC-AUC = 0.8881	PR-AUC = 0.4800	Top-1 Acc = 0.4898	Top-5 Acc = 0.6962
	unseen	ROC-AUC = 0.8671	PR-AUC = 0.4062	Top-1 Acc = 0.3965	Top-5 Acc = 0.6222
	Mean	ROC-AUC = 0.8769	PR-AUC = 0.4407	Top-1 Acc = 0.4401	Top-5 Acc = 0.6568
Epoch = 44
	Training	Accuracy = 0.8022	Cost = 0.263019	Loss = 0.214596
	seen	ROC-AUC = 0.8877	PR-AUC = 0.4675	Top-1 Acc = 0.4878	Top-5 Acc = 0.6941
	unseen	ROC-AUC = 0.8649	PR-AUC = 0.4095	Top-1 Acc = 0.3819	Top-5 Acc = 0.6149
	Mean	ROC-AUC = 0.8756	PR-AUC = 0.4366	Top-1 Acc = 0.4314	Top-5 Acc = 0.6519
Epoch = 45
	Training	Accuracy = 0.8014	Cost = 0.251087	Loss = 0.202617
	seen	ROC-AUC = 0.8861	PR-AUC = 0.4741	Top-1 Acc = 0.4940	Top-5 Acc = 0.6899
	unseen	ROC-AUC = 0.8701	PR-AUC = 0.4031	Top-1 Acc = 0.3856	Top-5 Acc = 0.6085
	Mean	ROC-AUC = 0.8776	PR-AUC = 0.4363	Top-1 Acc = 0.4362	Top-5 Acc = 0.6465
Epoch = 46
	Training	Accuracy = 0.8036	Cost = 0.232686	Loss = 0.184185
	seen	ROC-AUC = 0.8840	PR-AUC = 0.4698	Top-1 Acc = 0.4898	Top-5 Acc = 0.6952
	unseen	ROC-AUC = 0.8662	PR-AUC = 0.4146	Top-1 Acc = 0.3910	Top-5 Acc = 0.6185
	Mean	ROC-AUC = 0.8745	PR-AUC = 0.4404	Top-1 Acc = 0.4372	Top-5 Acc = 0.6543
Epoch = 47
	Training	Accuracy = 0.8036	Cost = 0.241069	Loss = 0.192546
	seen	ROC-AUC = 0.8876	PR-AUC = 0.4740	Top-1 Acc = 0.4950	Top-5 Acc = 0.6988
	unseen	ROC-AUC = 0.8681	PR-AUC = 0.4117	Top-1 Acc = 0.3929	Top-5 Acc = 0.6240
	Mean	ROC-AUC = 0.8772	PR-AUC = 0.4408	Top-1 Acc = 0.4406	Top-5 Acc = 0.6590
Epoch = 48
	Training	Accuracy = 0.8049	Cost = 0.223520	Loss = 0.175016
	seen	ROC-AUC = 0.8876	PR-AUC = 0.4741	Top-1 Acc = 0.4924	Top-5 Acc = 0.6931
	unseen	ROC-AUC = 0.8660	PR-AUC = 0.4034	Top-1 Acc = 0.3878	Top-5 Acc = 0.6090
	Mean	ROC-AUC = 0.8761	PR-AUC = 0.4364	Top-1 Acc = 0.4367	Top-5 Acc = 0.6482
Epoch = 49
	Training	Accuracy = 0.8033	Cost = 0.226436	Loss = 0.177952
	seen	ROC-AUC = 0.8876	PR-AUC = 0.4752	Top-1 Acc = 0.4924	Top-5 Acc = 0.6899
	unseen	ROC-AUC = 0.8643	PR-AUC = 0.3953	Top-1 Acc = 0.3783	Top-5 Acc = 0.6172
	Mean	ROC-AUC = 0.8752	PR-AUC = 0.4326	Top-1 Acc = 0.4316	Top-5 Acc = 0.6512
Epoch = 50
	Training	Accuracy = 0.8036	Cost = 0.225985	Loss = 0.177523
	seen	ROC-AUC = 0.8856	PR-AUC = 0.4763	Top-1 Acc = 0.5044	Top-5 Acc = 0.6983
	unseen	ROC-AUC = 0.8639	PR-AUC = 0.4148	Top-1 Acc = 0.3993	Top-5 Acc = 0.6103
	Mean	ROC-AUC = 0.8740	PR-AUC = 0.4435	Top-1 Acc = 0.4484	Top-5 Acc = 0.6514
Epoch = 51
	Training	Accuracy = 0.8049	Cost = 0.215398	Loss = 0.166990
	seen	ROC-AUC = 0.8872	PR-AUC = 0.4777	Top-1 Acc = 0.5013	Top-5 Acc = 0.6936
	unseen	ROC-AUC = 0.8640	PR-AUC = 0.4112	Top-1 Acc = 0.3947	Top-5 Acc = 0.6204
	Mean	ROC-AUC = 0.8748	PR-AUC = 0.4423	Top-1 Acc = 0.4445	Top-5 Acc = 0.6546
Epoch = 52
	Training	Accuracy = 0.8052	Cost = 0.207951	Loss = 0.159610
	seen	ROC-AUC = 0.8869	PR-AUC = 0.4739	Top-1 Acc = 0.4909	Top-5 Acc = 0.6967
	unseen	ROC-AUC = 0.8621	PR-AUC = 0.4027	Top-1 Acc = 0.3801	Top-5 Acc = 0.6035
	Mean	ROC-AUC = 0.8737	PR-AUC = 0.4359	Top-1 Acc = 0.4318	Top-5 Acc = 0.6470
Epoch = 53
	Training	Accuracy = 0.8065	Cost = 0.187123	Loss = 0.138831
	seen	ROC-AUC = 0.8876	PR-AUC = 0.4708	Top-1 Acc = 0.5003	Top-5 Acc = 0.6879
	unseen	ROC-AUC = 0.8745	PR-AUC = 0.4009	Top-1 Acc = 0.3874	Top-5 Acc = 0.6030
	Mean	ROC-AUC = 0.8806	PR-AUC = 0.4336	Top-1 Acc = 0.4401	Top-5 Acc = 0.6426
Epoch = 54
	Training	Accuracy = 0.8042	Cost = 0.197644	Loss = 0.149423
	seen	ROC-AUC = 0.8846	PR-AUC = 0.4745	Top-1 Acc = 0.4987	Top-5 Acc = 0.7014
	unseen	ROC-AUC = 0.8655	PR-AUC = 0.4100	Top-1 Acc = 0.3942	Top-5 Acc = 0.6181
	Mean	ROC-AUC = 0.8744	PR-AUC = 0.4401	Top-1 Acc = 0.4430	Top-5 Acc = 0.6570
Epoch = 55
	Training	Accuracy = 0.8043	Cost = 0.201312	Loss = 0.153190
	seen	ROC-AUC = 0.8858	PR-AUC = 0.4714	Top-1 Acc = 0.4914	Top-5 Acc = 0.6962
	unseen	ROC-AUC = 0.8692	PR-AUC = 0.4132	Top-1 Acc = 0.3984	Top-5 Acc = 0.6126
	Mean	ROC-AUC = 0.8770	PR-AUC = 0.4404	Top-1 Acc = 0.4418	Top-5 Acc = 0.6517
Epoch = 56
	Training	Accuracy = 0.8066	Cost = 0.177049	Loss = 0.129026
	seen	ROC-AUC = 0.8847	PR-AUC = 0.4760	Top-1 Acc = 0.4956	Top-5 Acc = 0.6915
	unseen	ROC-AUC = 0.8699	PR-AUC = 0.4061	Top-1 Acc = 0.3979	Top-5 Acc = 0.6099
	Mean	ROC-AUC = 0.8768	PR-AUC = 0.4387	Top-1 Acc = 0.4435	Top-5 Acc = 0.6480
Epoch = 57
	Training	Accuracy = 0.8063	Cost = 0.174552	Loss = 0.126623
	seen	ROC-AUC = 0.8807	PR-AUC = 0.4688	Top-1 Acc = 0.4919	Top-5 Acc = 0.6873
	unseen	ROC-AUC = 0.8663	PR-AUC = 0.4081	Top-1 Acc = 0.3984	Top-5 Acc = 0.6094
	Mean	ROC-AUC = 0.8730	PR-AUC = 0.4364	Top-1 Acc = 0.4421	Top-5 Acc = 0.6458
Epoch = 58
	Training	Accuracy = 0.8014	Cost = 0.207316	Loss = 0.159499
	seen	ROC-AUC = 0.8832	PR-AUC = 0.4587	Top-1 Acc = 0.4763	Top-5 Acc = 0.6769
	unseen	ROC-AUC = 0.8683	PR-AUC = 0.3975	Top-1 Acc = 0.3792	Top-5 Acc = 0.6039
	Mean	ROC-AUC = 0.8753	PR-AUC = 0.4261	Top-1 Acc = 0.4245	Top-5 Acc = 0.6380
Epoch = 59
	Training	Accuracy = 0.8064	Cost = 0.166285	Loss = 0.118572
	seen	ROC-AUC = 0.8868	PR-AUC = 0.4726	Top-1 Acc = 0.4846	Top-5 Acc = 0.6863
	unseen	ROC-AUC = 0.8659	PR-AUC = 0.4017	Top-1 Acc = 0.3897	Top-5 Acc = 0.6035
	Mean	ROC-AUC = 0.8757	PR-AUC = 0.4348	Top-1 Acc = 0.4340	Top-5 Acc = 0.6422
Epoch = 60
	Training	Accuracy = 0.8055	Cost = 0.166431	Loss = 0.118833
	seen	ROC-AUC = 0.8874	PR-AUC = 0.4767	Top-1 Acc = 0.4961	Top-5 Acc = 0.6931
	unseen	ROC-AUC = 0.8662	PR-AUC = 0.4105	Top-1 Acc = 0.3965	Top-5 Acc = 0.6012
	Mean	ROC-AUC = 0.8761	PR-AUC = 0.4414	Top-1 Acc = 0.4430	Top-5 Acc = 0.6441
Epoch = 61
	Training	Accuracy = 0.8048	Cost = 0.165053	Loss = 0.117555
	seen	ROC-AUC = 0.8842	PR-AUC = 0.4736	Top-1 Acc = 0.4987	Top-5 Acc = 0.6931
	unseen	ROC-AUC = 0.8666	PR-AUC = 0.4074	Top-1 Acc = 0.3910	Top-5 Acc = 0.6071
	Mean	ROC-AUC = 0.8748	PR-AUC = 0.4383	Top-1 Acc = 0.4413	Top-5 Acc = 0.6473
Epoch = 62
	Training	Accuracy = 0.8033	Cost = 0.171448	Loss = 0.124086
	seen	ROC-AUC = 0.8838	PR-AUC = 0.4760	Top-1 Acc = 0.4966	Top-5 Acc = 0.6920
	unseen	ROC-AUC = 0.8677	PR-AUC = 0.4129	Top-1 Acc = 0.3961	Top-5 Acc = 0.6103
	Mean	ROC-AUC = 0.8752	PR-AUC = 0.4424	Top-1 Acc = 0.4430	Top-5 Acc = 0.6485
Epoch = 63
	Training	Accuracy = 0.8034	Cost = 0.168558	Loss = 0.121335
	seen	ROC-AUC = 0.8843	PR-AUC = 0.4760	Top-1 Acc = 0.4956	Top-5 Acc = 0.6936
	unseen	ROC-AUC = 0.8673	PR-AUC = 0.4186	Top-1 Acc = 0.3938	Top-5 Acc = 0.6144
	Mean	ROC-AUC = 0.8752	PR-AUC = 0.4454	Top-1 Acc = 0.4413	Top-5 Acc = 0.6514
Epoch = 64
	Training	Accuracy = 0.8060	Cost = 0.160588	Loss = 0.113489
	seen	ROC-AUC = 0.8842	PR-AUC = 0.4737	Top-1 Acc = 0.4966	Top-5 Acc = 0.6915
	unseen	ROC-AUC = 0.8664	PR-AUC = 0.4124	Top-1 Acc = 0.3920	Top-5 Acc = 0.6085
	Mean	ROC-AUC = 0.8747	PR-AUC = 0.4410	Top-1 Acc = 0.4408	Top-5 Acc = 0.6473
Epoch = 65
	Training	Accuracy = 0.8048	Cost = 0.162273	Loss = 0.115294
	seen	ROC-AUC = 0.8830	PR-AUC = 0.4775	Top-1 Acc = 0.4982	Top-5 Acc = 0.6941
	unseen	ROC-AUC = 0.8677	PR-AUC = 0.4170	Top-1 Acc = 0.4093	Top-5 Acc = 0.6131
	Mean	ROC-AUC = 0.8749	PR-AUC = 0.4453	Top-1 Acc = 0.4508	Top-5 Acc = 0.6509
Epoch = 66
	Training	Accuracy = 0.8035	Cost = 0.157977	Loss = 0.111142
	seen	ROC-AUC = 0.8825	PR-AUC = 0.4743	Top-1 Acc = 0.5029	Top-5 Acc = 0.6936
	unseen	ROC-AUC = 0.8689	PR-AUC = 0.4127	Top-1 Acc = 0.4057	Top-5 Acc = 0.6163
	Mean	ROC-AUC = 0.8753	PR-AUC = 0.4415	Top-1 Acc = 0.4511	Top-5 Acc = 0.6524
Epoch = 67
	Training	Accuracy = 0.8060	Cost = 0.145988	Loss = 0.099291
	seen	ROC-AUC = 0.8829	PR-AUC = 0.4797	Top-1 Acc = 0.5029	Top-5 Acc = 0.6905
	unseen	ROC-AUC = 0.8664	PR-AUC = 0.4106	Top-1 Acc = 0.3974	Top-5 Acc = 0.6153
	Mean	ROC-AUC = 0.8741	PR-AUC = 0.4429	Top-1 Acc = 0.4467	Top-5 Acc = 0.6504
Epoch = 68
	Training	Accuracy = 0.8061	Cost = 0.144404	Loss = 0.097816
	seen	ROC-AUC = 0.8842	PR-AUC = 0.4753	Top-1 Acc = 0.4956	Top-5 Acc = 0.6931
	unseen	ROC-AUC = 0.8680	PR-AUC = 0.4104	Top-1 Acc = 0.3993	Top-5 Acc = 0.6149
	Mean	ROC-AUC = 0.8756	PR-AUC = 0.4407	Top-1 Acc = 0.4443	Top-5 Acc = 0.6514
Epoch = 69
	Training	Accuracy = 0.8042	Cost = 0.148098	Loss = 0.101630
	seen	ROC-AUC = 0.8827	PR-AUC = 0.4745	Top-1 Acc = 0.4987	Top-5 Acc = 0.6941
	unseen	ROC-AUC = 0.8672	PR-AUC = 0.4146	Top-1 Acc = 0.4029	Top-5 Acc = 0.6185
	Mean	ROC-AUC = 0.8744	PR-AUC = 0.4426	Top-1 Acc = 0.4477	Top-5 Acc = 0.6538
Epoch = 70
	Training	Accuracy = 0.8052	Cost = 0.140659	Loss = 0.094345
	seen	ROC-AUC = 0.8831	PR-AUC = 0.4755	Top-1 Acc = 0.4919	Top-5 Acc = 0.6899
	unseen	ROC-AUC = 0.8641	PR-AUC = 0.4026	Top-1 Acc = 0.3952	Top-5 Acc = 0.6204
	Mean	ROC-AUC = 0.8730	PR-AUC = 0.4367	Top-1 Acc = 0.4404	Top-5 Acc = 0.6529
Epoch = 71
	Training	Accuracy = 0.8039	Cost = 0.165135	Loss = 0.118937
	seen	ROC-AUC = 0.8846	PR-AUC = 0.4786	Top-1 Acc = 0.5039	Top-5 Acc = 0.6847
	unseen	ROC-AUC = 0.8675	PR-AUC = 0.4110	Top-1 Acc = 0.4084	Top-5 Acc = 0.6181
	Mean	ROC-AUC = 0.8755	PR-AUC = 0.4426	Top-1 Acc = 0.4530	Top-5 Acc = 0.6492
Epoch = 72
	Training	Accuracy = 0.8051	Cost = 0.150933	Loss = 0.104850
	seen	ROC-AUC = 0.8833	PR-AUC = 0.4806	Top-1 Acc = 0.5013	Top-5 Acc = 0.6931
	unseen	ROC-AUC = 0.8650	PR-AUC = 0.4129	Top-1 Acc = 0.4052	Top-5 Acc = 0.6176
	Mean	ROC-AUC = 0.8736	PR-AUC = 0.4445	Top-1 Acc = 0.4501	Top-5 Acc = 0.6529
Epoch = 73
	Training	Accuracy = 0.8066	Cost = 0.129356	Loss = 0.083438
	seen	ROC-AUC = 0.8822	PR-AUC = 0.4764	Top-1 Acc = 0.5065	Top-5 Acc = 0.6889
	unseen	ROC-AUC = 0.8671	PR-AUC = 0.4187	Top-1 Acc = 0.3956	Top-5 Acc = 0.6144
	Mean	ROC-AUC = 0.8742	PR-AUC = 0.4457	Top-1 Acc = 0.4474	Top-5 Acc = 0.6492
Epoch = 74
	Training	Accuracy = 0.8042	Cost = 0.145462	Loss = 0.099692
	seen	ROC-AUC = 0.8822	PR-AUC = 0.4760	Top-1 Acc = 0.5044	Top-5 Acc = 0.6910
	unseen	ROC-AUC = 0.8675	PR-AUC = 0.4123	Top-1 Acc = 0.3984	Top-5 Acc = 0.6163
	Mean	ROC-AUC = 0.8744	PR-AUC = 0.4421	Top-1 Acc = 0.4479	Top-5 Acc = 0.6512
Epoch = 75
	Training	Accuracy = 0.8066	Cost = 0.130115	Loss = 0.084503
	seen	ROC-AUC = 0.8818	PR-AUC = 0.4803	Top-1 Acc = 0.4966	Top-5 Acc = 0.6879
	unseen	ROC-AUC = 0.8662	PR-AUC = 0.4065	Top-1 Acc = 0.3984	Top-5 Acc = 0.6131
	Mean	ROC-AUC = 0.8735	PR-AUC = 0.4410	Top-1 Acc = 0.4443	Top-5 Acc = 0.6480
Epoch = 76
	Training	Accuracy = 0.8034	Cost = 0.141404	Loss = 0.095927
	seen	ROC-AUC = 0.8830	PR-AUC = 0.4784	Top-1 Acc = 0.5044	Top-5 Acc = 0.6920
	unseen	ROC-AUC = 0.8656	PR-AUC = 0.4079	Top-1 Acc = 0.3988	Top-5 Acc = 0.6153
	Mean	ROC-AUC = 0.8737	PR-AUC = 0.4408	Top-1 Acc = 0.4481	Top-5 Acc = 0.6512
Epoch = 77
	Training	Accuracy = 0.8055	Cost = 0.143182	Loss = 0.097833
	seen	ROC-AUC = 0.8819	PR-AUC = 0.4769	Top-1 Acc = 0.4992	Top-5 Acc = 0.6879
	unseen	ROC-AUC = 0.8670	PR-AUC = 0.4116	Top-1 Acc = 0.3993	Top-5 Acc = 0.6158
	Mean	ROC-AUC = 0.8740	PR-AUC = 0.4421	Top-1 Acc = 0.4460	Top-5 Acc = 0.6495
Epoch = 78
	Training	Accuracy = 0.8049	Cost = 0.138126	Loss = 0.092907
	seen	ROC-AUC = 0.8823	PR-AUC = 0.4807	Top-1 Acc = 0.5013	Top-5 Acc = 0.6920
	unseen	ROC-AUC = 0.8667	PR-AUC = 0.4067	Top-1 Acc = 0.4070	Top-5 Acc = 0.6172
	Mean	ROC-AUC = 0.8740	PR-AUC = 0.4413	Top-1 Acc = 0.4511	Top-5 Acc = 0.6521
Epoch = 79
	Training	Accuracy = 0.8048	Cost = 0.131428	Loss = 0.086344
	seen	ROC-AUC = 0.8837	PR-AUC = 0.4750	Top-1 Acc = 0.4961	Top-5 Acc = 0.6905
	unseen	ROC-AUC = 0.8670	PR-AUC = 0.4050	Top-1 Acc = 0.4034	Top-5 Acc = 0.6108
	Mean	ROC-AUC = 0.8748	PR-AUC = 0.4377	Top-1 Acc = 0.4467	Top-5 Acc = 0.6480
Epoch = 80
	Training	Accuracy = 0.8035	Cost = 0.140104	Loss = 0.095143
	seen	ROC-AUC = 0.8839	PR-AUC = 0.4804	Top-1 Acc = 0.4977	Top-5 Acc = 0.6894
	unseen	ROC-AUC = 0.8673	PR-AUC = 0.4120	Top-1 Acc = 0.4043	Top-5 Acc = 0.6195
	Mean	ROC-AUC = 0.8750	PR-AUC = 0.4440	Top-1 Acc = 0.4479	Top-5 Acc = 0.6521
Epoch = 81
	Training	Accuracy = 0.8049	Cost = 0.128627	Loss = 0.083804
	seen	ROC-AUC = 0.8827	PR-AUC = 0.4769	Top-1 Acc = 0.4987	Top-5 Acc = 0.6853
	unseen	ROC-AUC = 0.8664	PR-AUC = 0.4060	Top-1 Acc = 0.4038	Top-5 Acc = 0.6099
	Mean	ROC-AUC = 0.8740	PR-AUC = 0.4391	Top-1 Acc = 0.4481	Top-5 Acc = 0.6451
Epoch = 82
	Training	Accuracy = 0.8049	Cost = 0.132202	Loss = 0.087495
	seen	ROC-AUC = 0.8836	PR-AUC = 0.4785	Top-1 Acc = 0.5013	Top-5 Acc = 0.6879
	unseen	ROC-AUC = 0.8661	PR-AUC = 0.4036	Top-1 Acc = 0.4011	Top-5 Acc = 0.6135
	Mean	ROC-AUC = 0.8743	PR-AUC = 0.4386	Top-1 Acc = 0.4479	Top-5 Acc = 0.6482
Epoch = 83
	Training	Accuracy = 0.8049	Cost = 0.123726	Loss = 0.079184
	seen	ROC-AUC = 0.8831	PR-AUC = 0.4731	Top-1 Acc = 0.5060	Top-5 Acc = 0.6915
	unseen	ROC-AUC = 0.8643	PR-AUC = 0.4020	Top-1 Acc = 0.4048	Top-5 Acc = 0.6099
	Mean	ROC-AUC = 0.8731	PR-AUC = 0.4352	Top-1 Acc = 0.4520	Top-5 Acc = 0.6480
Epoch = 84
	Training	Accuracy = 0.8046	Cost = 0.126037	Loss = 0.081621
	seen	ROC-AUC = 0.8826	PR-AUC = 0.4736	Top-1 Acc = 0.4982	Top-5 Acc = 0.6899
	unseen	ROC-AUC = 0.8683	PR-AUC = 0.4137	Top-1 Acc = 0.4029	Top-5 Acc = 0.6085
	Mean	ROC-AUC = 0.8750	PR-AUC = 0.4417	Top-1 Acc = 0.4474	Top-5 Acc = 0.6465
Epoch = 85
	Training	Accuracy = 0.8044	Cost = 0.131487	Loss = 0.087208
	seen	ROC-AUC = 0.8837	PR-AUC = 0.4782	Top-1 Acc = 0.5086	Top-5 Acc = 0.6832
	unseen	ROC-AUC = 0.8668	PR-AUC = 0.4107	Top-1 Acc = 0.4075	Top-5 Acc = 0.6099
	Mean	ROC-AUC = 0.8747	PR-AUC = 0.4422	Top-1 Acc = 0.4547	Top-5 Acc = 0.6441
Epoch = 86
	Training	Accuracy = 0.8040	Cost = 0.128947	Loss = 0.084789
	seen	ROC-AUC = 0.8842	PR-AUC = 0.4770	Top-1 Acc = 0.4966	Top-5 Acc = 0.6832
	unseen	ROC-AUC = 0.8660	PR-AUC = 0.3970	Top-1 Acc = 0.3915	Top-5 Acc = 0.6131
	Mean	ROC-AUC = 0.8745	PR-AUC = 0.4344	Top-1 Acc = 0.4406	Top-5 Acc = 0.6458
Epoch = 87
	Training	Accuracy = 0.8039	Cost = 0.127352	Loss = 0.083337
	seen	ROC-AUC = 0.8855	PR-AUC = 0.4730	Top-1 Acc = 0.4919	Top-5 Acc = 0.6941
	unseen	ROC-AUC = 0.8685	PR-AUC = 0.3960	Top-1 Acc = 0.3828	Top-5 Acc = 0.6071
	Mean	ROC-AUC = 0.8764	PR-AUC = 0.4320	Top-1 Acc = 0.4338	Top-5 Acc = 0.6478
Epoch = 88
	Training	Accuracy = 0.8042	Cost = 0.126322	Loss = 0.082406
	seen	ROC-AUC = 0.8864	PR-AUC = 0.4647	Top-1 Acc = 0.4617	Top-5 Acc = 0.6785
	unseen	ROC-AUC = 0.8651	PR-AUC = 0.3906	Top-1 Acc = 0.3723	Top-5 Acc = 0.5943
	Mean	ROC-AUC = 0.8750	PR-AUC = 0.4252	Top-1 Acc = 0.4141	Top-5 Acc = 0.6336
Epoch = 89
	Training	Accuracy = 0.8072	Cost = 0.096813	Loss = 0.053028
	seen	ROC-AUC = 0.8766	PR-AUC = 0.4675	Top-1 Acc = 0.4935	Top-5 Acc = 0.6733
	unseen	ROC-AUC = 0.8647	PR-AUC = 0.3942	Top-1 Acc = 0.3801	Top-5 Acc = 0.5994
	Mean	ROC-AUC = 0.8703	PR-AUC = 0.4285	Top-1 Acc = 0.4331	Top-5 Acc = 0.6339
Epoch = 90
	Training	Accuracy = 0.8044	Cost = 0.124563	Loss = 0.080896
	seen	ROC-AUC = 0.8809	PR-AUC = 0.4692	Top-1 Acc = 0.4977	Top-5 Acc = 0.6879
	unseen	ROC-AUC = 0.8673	PR-AUC = 0.4145	Top-1 Acc = 0.3997	Top-5 Acc = 0.6144
	Mean	ROC-AUC = 0.8736	PR-AUC = 0.4400	Top-1 Acc = 0.4455	Top-5 Acc = 0.6487
Epoch = 91
	Training	Accuracy = 0.8031	Cost = 0.127309	Loss = 0.083783
	seen	ROC-AUC = 0.8812	PR-AUC = 0.4719	Top-1 Acc = 0.4987	Top-5 Acc = 0.6894
	unseen	ROC-AUC = 0.8651	PR-AUC = 0.4108	Top-1 Acc = 0.4016	Top-5 Acc = 0.6117
	Mean	ROC-AUC = 0.8726	PR-AUC = 0.4393	Top-1 Acc = 0.4469	Top-5 Acc = 0.6480
Epoch = 92
	Training	Accuracy = 0.8030	Cost = 0.127701	Loss = 0.084307
	seen	ROC-AUC = 0.8812	PR-AUC = 0.4702	Top-1 Acc = 0.4930	Top-5 Acc = 0.6879
	unseen	ROC-AUC = 0.8649	PR-AUC = 0.4036	Top-1 Acc = 0.3965	Top-5 Acc = 0.6135
	Mean	ROC-AUC = 0.8725	PR-AUC = 0.4347	Top-1 Acc = 0.4416	Top-5 Acc = 0.6482
Epoch = 93
	Training	Accuracy = 0.8053	Cost = 0.120585	Loss = 0.077308
	seen	ROC-AUC = 0.8803	PR-AUC = 0.4771	Top-1 Acc = 0.5008	Top-5 Acc = 0.6879
	unseen	ROC-AUC = 0.8661	PR-AUC = 0.4094	Top-1 Acc = 0.4038	Top-5 Acc = 0.6135
	Mean	ROC-AUC = 0.8727	PR-AUC = 0.4411	Top-1 Acc = 0.4491	Top-5 Acc = 0.6482
Epoch = 94
	Training	Accuracy = 0.8040	Cost = 0.128267	Loss = 0.085101
	seen	ROC-AUC = 0.8799	PR-AUC = 0.4712	Top-1 Acc = 0.4914	Top-5 Acc = 0.6920
	unseen	ROC-AUC = 0.8666	PR-AUC = 0.4094	Top-1 Acc = 0.3929	Top-5 Acc = 0.6112
	Mean	ROC-AUC = 0.8728	PR-AUC = 0.4383	Top-1 Acc = 0.4389	Top-5 Acc = 0.6490
Epoch = 95
	Training	Accuracy = 0.8066	Cost = 0.110459	Loss = 0.067439
	seen	ROC-AUC = 0.8827	PR-AUC = 0.4710	Top-1 Acc = 0.4987	Top-5 Acc = 0.6884
	unseen	ROC-AUC = 0.8641	PR-AUC = 0.4078	Top-1 Acc = 0.3915	Top-5 Acc = 0.6108
	Mean	ROC-AUC = 0.8728	PR-AUC = 0.4373	Top-1 Acc = 0.4416	Top-5 Acc = 0.6470
Epoch = 96
	Training	Accuracy = 0.8056	Cost = 0.115208	Loss = 0.072327
	seen	ROC-AUC = 0.8801	PR-AUC = 0.4716	Top-1 Acc = 0.5013	Top-5 Acc = 0.6894
	unseen	ROC-AUC = 0.8651	PR-AUC = 0.3996	Top-1 Acc = 0.3956	Top-5 Acc = 0.6076
	Mean	ROC-AUC = 0.8721	PR-AUC = 0.4332	Top-1 Acc = 0.4450	Top-5 Acc = 0.6458
Epoch = 97
	Training	Accuracy = 0.8046	Cost = 0.120743	Loss = 0.077981
	seen	ROC-AUC = 0.8825	PR-AUC = 0.4680	Top-1 Acc = 0.4987	Top-5 Acc = 0.6899
	unseen	ROC-AUC = 0.8689	PR-AUC = 0.3998	Top-1 Acc = 0.3924	Top-5 Acc = 0.6153
	Mean	ROC-AUC = 0.8752	PR-AUC = 0.4317	Top-1 Acc = 0.4421	Top-5 Acc = 0.6502
Epoch = 98
	Training	Accuracy = 0.8046	Cost = 0.117734	Loss = 0.075083
	seen	ROC-AUC = 0.8810	PR-AUC = 0.4688	Top-1 Acc = 0.5018	Top-5 Acc = 0.6931
	unseen	ROC-AUC = 0.8654	PR-AUC = 0.4141	Top-1 Acc = 0.3974	Top-5 Acc = 0.6158
	Mean	ROC-AUC = 0.8727	PR-AUC = 0.4396	Top-1 Acc = 0.4462	Top-5 Acc = 0.6519
Epoch = 99
	Training	Accuracy = 0.8044	Cost = 0.116924	Loss = 0.074392
	seen	ROC-AUC = 0.8819	PR-AUC = 0.4696	Top-1 Acc = 0.5023	Top-5 Acc = 0.6905
	unseen	ROC-AUC = 0.8716	PR-AUC = 0.4058	Top-1 Acc = 0.3997	Top-5 Acc = 0.6153
	Mean	ROC-AUC = 0.8764	PR-AUC = 0.4356	Top-1 Acc = 0.4477	Top-5 Acc = 0.6504
Epoch = 100
	Training	Accuracy = 0.8061	Cost = 0.108381	Loss = 0.065972
	seen	ROC-AUC = 0.8843	PR-AUC = 0.4695	Top-1 Acc = 0.5023	Top-5 Acc = 0.6842
	unseen	ROC-AUC = 0.8701	PR-AUC = 0.4087	Top-1 Acc = 0.3947	Top-5 Acc = 0.6112
	Mean	ROC-AUC = 0.8768	PR-AUC = 0.4371	Top-1 Acc = 0.4450	Top-5 Acc = 0.6453
