Epoch = 1
	Training	Accuracy = 0.0052	Cost = 15.165179	Loss = 15.154185
	seen	ROC-AUC = 0.5291	PR-AUC = 0.0106	Top-1 Acc = 0.0033	Top-5 Acc = 0.0382
	unseen	ROC-AUC = 0.5592	PR-AUC = 0.0115	Top-1 Acc = 0.0103	Top-5 Acc = 0.0282
	Mean	ROC-AUC = 0.5475	PR-AUC = 0.0112	Top-1 Acc = 0.0076	Top-5 Acc = 0.0321
Epoch = 2
	Training	Accuracy = 0.0060	Cost = 5.081789	Loss = 5.070769
	seen	ROC-AUC = 0.5849	PR-AUC = 0.0137	Top-1 Acc = 0.0033	Top-5 Acc = 0.0240
	unseen	ROC-AUC = 0.6031	PR-AUC = 0.0127	Top-1 Acc = 0.0103	Top-5 Acc = 0.0399
	Mean	ROC-AUC = 0.5961	PR-AUC = 0.0131	Top-1 Acc = 0.0076	Top-5 Acc = 0.0338
Epoch = 3
	Training	Accuracy = 0.0166	Cost = 4.912013	Loss = 4.900903
	seen	ROC-AUC = 0.6873	PR-AUC = 0.0255	Top-1 Acc = 0.0033	Top-5 Acc = 0.0415
	unseen	ROC-AUC = 0.6904	PR-AUC = 0.0200	Top-1 Acc = 0.0103	Top-5 Acc = 0.0351
	Mean	ROC-AUC = 0.6892	PR-AUC = 0.0221	Top-1 Acc = 0.0076	Top-5 Acc = 0.0376
Epoch = 4
	Training	Accuracy = 0.0377	Cost = 4.822709	Loss = 4.811366
	seen	ROC-AUC = 0.7908	PR-AUC = 0.0671	Top-1 Acc = 0.0033	Top-5 Acc = 0.0939
	unseen	ROC-AUC = 0.7681	PR-AUC = 0.0474	Top-1 Acc = 0.0103	Top-5 Acc = 0.0413
	Mean	ROC-AUC = 0.7768	PR-AUC = 0.0550	Top-1 Acc = 0.0076	Top-5 Acc = 0.0616
Epoch = 5
	Training	Accuracy = 0.0884	Cost = 4.447941	Loss = 4.436102
	seen	ROC-AUC = 0.8183	PR-AUC = 0.1361	Top-1 Acc = 0.0197	Top-5 Acc = 0.2325
	unseen	ROC-AUC = 0.8020	PR-AUC = 0.0723	Top-1 Acc = 0.0255	Top-5 Acc = 0.0860
	Mean	ROC-AUC = 0.8083	PR-AUC = 0.0970	Top-1 Acc = 0.0232	Top-5 Acc = 0.1427
Epoch = 6
	Training	Accuracy = 0.1520	Cost = 3.995228	Loss = 3.982603
	seen	ROC-AUC = 0.8333	PR-AUC = 0.1476	Top-1 Acc = 0.0284	Top-5 Acc = 0.2849
	unseen	ROC-AUC = 0.8279	PR-AUC = 0.1022	Top-1 Acc = 0.0186	Top-5 Acc = 0.1081
	Mean	ROC-AUC = 0.8300	PR-AUC = 0.1197	Top-1 Acc = 0.0224	Top-5 Acc = 0.1764
Epoch = 7
	Training	Accuracy = 0.2194	Cost = 3.554544	Loss = 3.540961
	seen	ROC-AUC = 0.8543	PR-AUC = 0.2135	Top-1 Acc = 0.1452	Top-5 Acc = 0.3908
	unseen	ROC-AUC = 0.8375	PR-AUC = 0.1293	Top-1 Acc = 0.0447	Top-5 Acc = 0.1480
	Mean	ROC-AUC = 0.8440	PR-AUC = 0.1619	Top-1 Acc = 0.0836	Top-5 Acc = 0.2419
Epoch = 8
	Training	Accuracy = 0.2871	Cost = 3.198013	Loss = 3.183367
	seen	ROC-AUC = 0.8591	PR-AUC = 0.2248	Top-1 Acc = 0.1965	Top-5 Acc = 0.4705
	unseen	ROC-AUC = 0.8442	PR-AUC = 0.1427	Top-1 Acc = 0.0743	Top-5 Acc = 0.2230
	Mean	ROC-AUC = 0.8500	PR-AUC = 0.1745	Top-1 Acc = 0.1216	Top-5 Acc = 0.3187
Epoch = 9
	Training	Accuracy = 0.3335	Cost = 2.898866	Loss = 2.883131
	seen	ROC-AUC = 0.8680	PR-AUC = 0.2625	Top-1 Acc = 0.2118	Top-5 Acc = 0.5131
	unseen	ROC-AUC = 0.8563	PR-AUC = 0.1980	Top-1 Acc = 0.0860	Top-5 Acc = 0.2526
	Mean	ROC-AUC = 0.8608	PR-AUC = 0.2229	Top-1 Acc = 0.1347	Top-5 Acc = 0.3533
Epoch = 10
	Training	Accuracy = 0.3851	Cost = 2.652387	Loss = 2.635538
	seen	ROC-AUC = 0.8646	PR-AUC = 0.2943	Top-1 Acc = 0.2773	Top-5 Acc = 0.5459
	unseen	ROC-AUC = 0.8560	PR-AUC = 0.2154	Top-1 Acc = 0.1259	Top-5 Acc = 0.3001
	Mean	ROC-AUC = 0.8593	PR-AUC = 0.2459	Top-1 Acc = 0.1845	Top-5 Acc = 0.3951
Epoch = 11
	Training	Accuracy = 0.4331	Cost = 2.398744	Loss = 2.380794
	seen	ROC-AUC = 0.8700	PR-AUC = 0.3128	Top-1 Acc = 0.2980	Top-5 Acc = 0.5786
	unseen	ROC-AUC = 0.8623	PR-AUC = 0.2143	Top-1 Acc = 0.1266	Top-5 Acc = 0.3049
	Mean	ROC-AUC = 0.8653	PR-AUC = 0.2524	Top-1 Acc = 0.1929	Top-5 Acc = 0.4107
Epoch = 12
	Training	Accuracy = 0.4752	Cost = 2.204519	Loss = 2.185457
	seen	ROC-AUC = 0.8681	PR-AUC = 0.3072	Top-1 Acc = 0.2729	Top-5 Acc = 0.5590
	unseen	ROC-AUC = 0.8636	PR-AUC = 0.2351	Top-1 Acc = 0.1321	Top-5 Acc = 0.3097
	Mean	ROC-AUC = 0.8653	PR-AUC = 0.2630	Top-1 Acc = 0.1866	Top-5 Acc = 0.4061
Epoch = 13
	Training	Accuracy = 0.5166	Cost = 2.034270	Loss = 2.014109
	seen	ROC-AUC = 0.8699	PR-AUC = 0.3479	Top-1 Acc = 0.3483	Top-5 Acc = 0.6081
	unseen	ROC-AUC = 0.8593	PR-AUC = 0.2471	Top-1 Acc = 0.1700	Top-5 Acc = 0.3661
	Mean	ROC-AUC = 0.8634	PR-AUC = 0.2861	Top-1 Acc = 0.2389	Top-5 Acc = 0.4597
Epoch = 14
	Training	Accuracy = 0.5297	Cost = 1.890582	Loss = 1.869329
	seen	ROC-AUC = 0.8736	PR-AUC = 0.3599	Top-1 Acc = 0.3581	Top-5 Acc = 0.6277
	unseen	ROC-AUC = 0.8644	PR-AUC = 0.2507	Top-1 Acc = 0.1610	Top-5 Acc = 0.3675
	Mean	ROC-AUC = 0.8680	PR-AUC = 0.2929	Top-1 Acc = 0.2372	Top-5 Acc = 0.4681
Epoch = 15
	Training	Accuracy = 0.5704	Cost = 1.709008	Loss = 1.686696
	seen	ROC-AUC = 0.8718	PR-AUC = 0.3748	Top-1 Acc = 0.3777	Top-5 Acc = 0.6288
	unseen	ROC-AUC = 0.8634	PR-AUC = 0.2506	Top-1 Acc = 0.1776	Top-5 Acc = 0.3992
	Mean	ROC-AUC = 0.8667	PR-AUC = 0.2986	Top-1 Acc = 0.2550	Top-5 Acc = 0.4880
Epoch = 16
	Training	Accuracy = 0.5903	Cost = 1.626852	Loss = 1.603469
	seen	ROC-AUC = 0.8737	PR-AUC = 0.3870	Top-1 Acc = 0.3832	Top-5 Acc = 0.6190
	unseen	ROC-AUC = 0.8657	PR-AUC = 0.2738	Top-1 Acc = 0.1776	Top-5 Acc = 0.3902
	Mean	ROC-AUC = 0.8688	PR-AUC = 0.3176	Top-1 Acc = 0.2571	Top-5 Acc = 0.4787
Epoch = 17
	Training	Accuracy = 0.6182	Cost = 1.509967	Loss = 1.485539
	seen	ROC-AUC = 0.8726	PR-AUC = 0.4017	Top-1 Acc = 0.3963	Top-5 Acc = 0.6397
	unseen	ROC-AUC = 0.8652	PR-AUC = 0.2871	Top-1 Acc = 0.1996	Top-5 Acc = 0.4143
	Mean	ROC-AUC = 0.8680	PR-AUC = 0.3314	Top-1 Acc = 0.2756	Top-5 Acc = 0.5015
Epoch = 18
	Training	Accuracy = 0.6362	Cost = 1.374270	Loss = 1.348841
	seen	ROC-AUC = 0.8723	PR-AUC = 0.4002	Top-1 Acc = 0.4039	Top-5 Acc = 0.6452
	unseen	ROC-AUC = 0.8644	PR-AUC = 0.2841	Top-1 Acc = 0.2099	Top-5 Acc = 0.4295
	Mean	ROC-AUC = 0.8674	PR-AUC = 0.3290	Top-1 Acc = 0.2849	Top-5 Acc = 0.5129
Epoch = 19
	Training	Accuracy = 0.6523	Cost = 1.289288	Loss = 1.262849
	seen	ROC-AUC = 0.8751	PR-AUC = 0.3960	Top-1 Acc = 0.4105	Top-5 Acc = 0.6452
	unseen	ROC-AUC = 0.8685	PR-AUC = 0.3009	Top-1 Acc = 0.2134	Top-5 Acc = 0.4343
	Mean	ROC-AUC = 0.8710	PR-AUC = 0.3377	Top-1 Acc = 0.2896	Top-5 Acc = 0.5158
Epoch = 20
	Training	Accuracy = 0.6722	Cost = 1.184884	Loss = 1.157460
	seen	ROC-AUC = 0.8748	PR-AUC = 0.4078	Top-1 Acc = 0.4148	Top-5 Acc = 0.6463
	unseen	ROC-AUC = 0.8675	PR-AUC = 0.2885	Top-1 Acc = 0.2216	Top-5 Acc = 0.4405
	Mean	ROC-AUC = 0.8704	PR-AUC = 0.3346	Top-1 Acc = 0.2963	Top-5 Acc = 0.5201
Epoch = 21
	Training	Accuracy = 0.6818	Cost = 1.121882	Loss = 1.093504
	seen	ROC-AUC = 0.8768	PR-AUC = 0.4050	Top-1 Acc = 0.3974	Top-5 Acc = 0.6408
	unseen	ROC-AUC = 0.8669	PR-AUC = 0.3178	Top-1 Acc = 0.2202	Top-5 Acc = 0.4233
	Mean	ROC-AUC = 0.8708	PR-AUC = 0.3515	Top-1 Acc = 0.2887	Top-5 Acc = 0.5074
Epoch = 22
	Training	Accuracy = 0.6998	Cost = 1.031240	Loss = 1.001960
	seen	ROC-AUC = 0.8770	PR-AUC = 0.4107	Top-1 Acc = 0.4094	Top-5 Acc = 0.6517
	unseen	ROC-AUC = 0.8686	PR-AUC = 0.3044	Top-1 Acc = 0.2388	Top-5 Acc = 0.4577
	Mean	ROC-AUC = 0.8719	PR-AUC = 0.3455	Top-1 Acc = 0.3048	Top-5 Acc = 0.5327
Epoch = 23
	Training	Accuracy = 0.7085	Cost = 0.966132	Loss = 0.935944
	seen	ROC-AUC = 0.8768	PR-AUC = 0.4243	Top-1 Acc = 0.4236	Top-5 Acc = 0.6638
	unseen	ROC-AUC = 0.8675	PR-AUC = 0.3076	Top-1 Acc = 0.2368	Top-5 Acc = 0.4529
	Mean	ROC-AUC = 0.8711	PR-AUC = 0.3527	Top-1 Acc = 0.3090	Top-5 Acc = 0.5344
Epoch = 24
	Training	Accuracy = 0.7252	Cost = 0.889530	Loss = 0.858488
	seen	ROC-AUC = 0.8747	PR-AUC = 0.4209	Top-1 Acc = 0.4159	Top-5 Acc = 0.6496
	unseen	ROC-AUC = 0.8680	PR-AUC = 0.3094	Top-1 Acc = 0.2368	Top-5 Acc = 0.4542
	Mean	ROC-AUC = 0.8706	PR-AUC = 0.3525	Top-1 Acc = 0.3060	Top-5 Acc = 0.5298
Epoch = 25
	Training	Accuracy = 0.7374	Cost = 0.829021	Loss = 0.797128
	seen	ROC-AUC = 0.8772	PR-AUC = 0.4021	Top-1 Acc = 0.4116	Top-5 Acc = 0.6550
	unseen	ROC-AUC = 0.8697	PR-AUC = 0.3144	Top-1 Acc = 0.2237	Top-5 Acc = 0.4508
	Mean	ROC-AUC = 0.8726	PR-AUC = 0.3483	Top-1 Acc = 0.2963	Top-5 Acc = 0.5298
Epoch = 26
	Training	Accuracy = 0.7380	Cost = 0.800242	Loss = 0.767553
	seen	ROC-AUC = 0.8773	PR-AUC = 0.4209	Top-1 Acc = 0.4214	Top-5 Acc = 0.6528
	unseen	ROC-AUC = 0.8675	PR-AUC = 0.3204	Top-1 Acc = 0.2464	Top-5 Acc = 0.4549
	Mean	ROC-AUC = 0.8713	PR-AUC = 0.3593	Top-1 Acc = 0.3141	Top-5 Acc = 0.5314
Epoch = 27
	Training	Accuracy = 0.7465	Cost = 0.740157	Loss = 0.706692
	seen	ROC-AUC = 0.8769	PR-AUC = 0.4092	Top-1 Acc = 0.4138	Top-5 Acc = 0.6463
	unseen	ROC-AUC = 0.8717	PR-AUC = 0.3176	Top-1 Acc = 0.2374	Top-5 Acc = 0.4577
	Mean	ROC-AUC = 0.8737	PR-AUC = 0.3530	Top-1 Acc = 0.3056	Top-5 Acc = 0.5306
Epoch = 28
	Training	Accuracy = 0.7527	Cost = 0.674725	Loss = 0.640533
	seen	ROC-AUC = 0.8771	PR-AUC = 0.4083	Top-1 Acc = 0.4116	Top-5 Acc = 0.6528
	unseen	ROC-AUC = 0.8705	PR-AUC = 0.3146	Top-1 Acc = 0.2409	Top-5 Acc = 0.4556
	Mean	ROC-AUC = 0.8731	PR-AUC = 0.3508	Top-1 Acc = 0.3069	Top-5 Acc = 0.5319
Epoch = 29
	Training	Accuracy = 0.7552	Cost = 0.659861	Loss = 0.624973
	seen	ROC-AUC = 0.8772	PR-AUC = 0.4129	Top-1 Acc = 0.4225	Top-5 Acc = 0.6550
	unseen	ROC-AUC = 0.8711	PR-AUC = 0.3076	Top-1 Acc = 0.2498	Top-5 Acc = 0.4680
	Mean	ROC-AUC = 0.8735	PR-AUC = 0.3483	Top-1 Acc = 0.3166	Top-5 Acc = 0.5403
Epoch = 30
	Training	Accuracy = 0.7636	Cost = 0.616259	Loss = 0.580708
	seen	ROC-AUC = 0.8783	PR-AUC = 0.4123	Top-1 Acc = 0.4159	Top-5 Acc = 0.6572
	unseen	ROC-AUC = 0.8718	PR-AUC = 0.3187	Top-1 Acc = 0.2505	Top-5 Acc = 0.4728
	Mean	ROC-AUC = 0.8743	PR-AUC = 0.3549	Top-1 Acc = 0.3145	Top-5 Acc = 0.5441
Epoch = 31
	Training	Accuracy = 0.7683	Cost = 0.567969	Loss = 0.531801
	seen	ROC-AUC = 0.8771	PR-AUC = 0.4101	Top-1 Acc = 0.4192	Top-5 Acc = 0.6528
	unseen	ROC-AUC = 0.8722	PR-AUC = 0.3103	Top-1 Acc = 0.2546	Top-5 Acc = 0.4694
	Mean	ROC-AUC = 0.8741	PR-AUC = 0.3489	Top-1 Acc = 0.3183	Top-5 Acc = 0.5403
Epoch = 32
	Training	Accuracy = 0.7773	Cost = 0.525157	Loss = 0.488384
	seen	ROC-AUC = 0.8744	PR-AUC = 0.4057	Top-1 Acc = 0.4247	Top-5 Acc = 0.6517
	unseen	ROC-AUC = 0.8738	PR-AUC = 0.3148	Top-1 Acc = 0.2436	Top-5 Acc = 0.4597
	Mean	ROC-AUC = 0.8740	PR-AUC = 0.3499	Top-1 Acc = 0.3136	Top-5 Acc = 0.5340
Epoch = 33
	Training	Accuracy = 0.7718	Cost = 0.536204	Loss = 0.498846
	seen	ROC-AUC = 0.8766	PR-AUC = 0.4130	Top-1 Acc = 0.4269	Top-5 Acc = 0.6572
	unseen	ROC-AUC = 0.8711	PR-AUC = 0.3050	Top-1 Acc = 0.2560	Top-5 Acc = 0.4646
	Mean	ROC-AUC = 0.8732	PR-AUC = 0.3468	Top-1 Acc = 0.3221	Top-5 Acc = 0.5390
Epoch = 34
	Training	Accuracy = 0.7757	Cost = 0.468464	Loss = 0.430578
	seen	ROC-AUC = 0.8752	PR-AUC = 0.4176	Top-1 Acc = 0.4269	Top-5 Acc = 0.6550
	unseen	ROC-AUC = 0.8689	PR-AUC = 0.3058	Top-1 Acc = 0.2512	Top-5 Acc = 0.4673
	Mean	ROC-AUC = 0.8713	PR-AUC = 0.3491	Top-1 Acc = 0.3191	Top-5 Acc = 0.5399
Epoch = 35
	Training	Accuracy = 0.7822	Cost = 0.454154	Loss = 0.415749
	seen	ROC-AUC = 0.8757	PR-AUC = 0.4080	Top-1 Acc = 0.4214	Top-5 Acc = 0.6550
	unseen	ROC-AUC = 0.8721	PR-AUC = 0.2967	Top-1 Acc = 0.2485	Top-5 Acc = 0.4687
	Mean	ROC-AUC = 0.8735	PR-AUC = 0.3397	Top-1 Acc = 0.3153	Top-5 Acc = 0.5407
Epoch = 36
	Training	Accuracy = 0.7860	Cost = 0.420430	Loss = 0.381539
	seen	ROC-AUC = 0.8748	PR-AUC = 0.4124	Top-1 Acc = 0.4290	Top-5 Acc = 0.6485
	unseen	ROC-AUC = 0.8665	PR-AUC = 0.3124	Top-1 Acc = 0.2677	Top-5 Acc = 0.4701
	Mean	ROC-AUC = 0.8697	PR-AUC = 0.3511	Top-1 Acc = 0.3301	Top-5 Acc = 0.5390
Epoch = 37
	Training	Accuracy = 0.7874	Cost = 0.399582	Loss = 0.360242
	seen	ROC-AUC = 0.8710	PR-AUC = 0.4126	Top-1 Acc = 0.4334	Top-5 Acc = 0.6572
	unseen	ROC-AUC = 0.8681	PR-AUC = 0.3213	Top-1 Acc = 0.2560	Top-5 Acc = 0.4694
	Mean	ROC-AUC = 0.8692	PR-AUC = 0.3566	Top-1 Acc = 0.3246	Top-5 Acc = 0.5420
Epoch = 38
	Training	Accuracy = 0.7868	Cost = 0.396118	Loss = 0.356345
	seen	ROC-AUC = 0.8759	PR-AUC = 0.4122	Top-1 Acc = 0.4290	Top-5 Acc = 0.6550
	unseen	ROC-AUC = 0.8711	PR-AUC = 0.3147	Top-1 Acc = 0.2615	Top-5 Acc = 0.4666
	Mean	ROC-AUC = 0.8730	PR-AUC = 0.3524	Top-1 Acc = 0.3263	Top-5 Acc = 0.5395
Epoch = 39
	Training	Accuracy = 0.7909	Cost = 0.353918	Loss = 0.313745
	seen	ROC-AUC = 0.8733	PR-AUC = 0.4102	Top-1 Acc = 0.4389	Top-5 Acc = 0.6528
	unseen	ROC-AUC = 0.8704	PR-AUC = 0.3226	Top-1 Acc = 0.2567	Top-5 Acc = 0.4659
	Mean	ROC-AUC = 0.8715	PR-AUC = 0.3564	Top-1 Acc = 0.3271	Top-5 Acc = 0.5382
Epoch = 40
	Training	Accuracy = 0.7915	Cost = 0.358790	Loss = 0.318246
	seen	ROC-AUC = 0.8756	PR-AUC = 0.4090	Top-1 Acc = 0.4345	Top-5 Acc = 0.6605
	unseen	ROC-AUC = 0.8683	PR-AUC = 0.3180	Top-1 Acc = 0.2608	Top-5 Acc = 0.4652
	Mean	ROC-AUC = 0.8711	PR-AUC = 0.3532	Top-1 Acc = 0.3280	Top-5 Acc = 0.5407
Epoch = 41
	Training	Accuracy = 0.7942	Cost = 0.320663	Loss = 0.279762
	seen	ROC-AUC = 0.8722	PR-AUC = 0.4090	Top-1 Acc = 0.4367	Top-5 Acc = 0.6583
	unseen	ROC-AUC = 0.8672	PR-AUC = 0.3112	Top-1 Acc = 0.2657	Top-5 Acc = 0.4659
	Mean	ROC-AUC = 0.8692	PR-AUC = 0.3490	Top-1 Acc = 0.3318	Top-5 Acc = 0.5403
Epoch = 42
	Training	Accuracy = 0.7912	Cost = 0.316214	Loss = 0.274978
	seen	ROC-AUC = 0.8739	PR-AUC = 0.4042	Top-1 Acc = 0.4410	Top-5 Acc = 0.6528
	unseen	ROC-AUC = 0.8695	PR-AUC = 0.3157	Top-1 Acc = 0.2650	Top-5 Acc = 0.4701
	Mean	ROC-AUC = 0.8712	PR-AUC = 0.3499	Top-1 Acc = 0.3331	Top-5 Acc = 0.5407
Epoch = 43
	Training	Accuracy = 0.7926	Cost = 0.306125	Loss = 0.264597
	seen	ROC-AUC = 0.8765	PR-AUC = 0.4096	Top-1 Acc = 0.4258	Top-5 Acc = 0.6572
	unseen	ROC-AUC = 0.8668	PR-AUC = 0.3031	Top-1 Acc = 0.2650	Top-5 Acc = 0.4659
	Mean	ROC-AUC = 0.8705	PR-AUC = 0.3443	Top-1 Acc = 0.3271	Top-5 Acc = 0.5399
Epoch = 44
	Training	Accuracy = 0.7890	Cost = 0.317606	Loss = 0.275796
	seen	ROC-AUC = 0.8779	PR-AUC = 0.4034	Top-1 Acc = 0.4334	Top-5 Acc = 0.6507
	unseen	ROC-AUC = 0.8643	PR-AUC = 0.3022	Top-1 Acc = 0.2560	Top-5 Acc = 0.4591
	Mean	ROC-AUC = 0.8695	PR-AUC = 0.3413	Top-1 Acc = 0.3246	Top-5 Acc = 0.5331
Epoch = 45
	Training	Accuracy = 0.7989	Cost = 0.245443	Loss = 0.203386
	seen	ROC-AUC = 0.8757	PR-AUC = 0.4000	Top-1 Acc = 0.4247	Top-5 Acc = 0.6463
	unseen	ROC-AUC = 0.8642	PR-AUC = 0.3129	Top-1 Acc = 0.2478	Top-5 Acc = 0.4508
	Mean	ROC-AUC = 0.8687	PR-AUC = 0.3466	Top-1 Acc = 0.3162	Top-5 Acc = 0.5264
Epoch = 46
	Training	Accuracy = 0.7969	Cost = 0.247469	Loss = 0.205182
	seen	ROC-AUC = 0.8717	PR-AUC = 0.4118	Top-1 Acc = 0.4323	Top-5 Acc = 0.6496
	unseen	ROC-AUC = 0.8686	PR-AUC = 0.3260	Top-1 Acc = 0.2595	Top-5 Acc = 0.4570
	Mean	ROC-AUC = 0.8698	PR-AUC = 0.3592	Top-1 Acc = 0.3263	Top-5 Acc = 0.5314
Epoch = 47
