Epoch = 1
	Training	Accuracy = 0.0051	Cost = 10.301122	Loss = 10.193393
	seen	ROC-AUC = 0.6886	PR-AUC = 0.0230	Top-1 Acc = 0.0000	Top-5 Acc = 0.0120
	unseen	ROC-AUC = 0.6277	PR-AUC = 0.0494	Top-1 Acc = 0.0258	Top-5 Acc = 0.1174
	Mean	ROC-AUC = 0.6546	PR-AUC = 0.0378	Top-1 Acc = 0.0144	Top-5 Acc = 0.0709
Epoch = 2
	Training	Accuracy = 0.0354	Cost = 5.833118	Loss = 5.724676
	seen	ROC-AUC = 0.9354	PR-AUC = 0.1486	Top-1 Acc = 0.0523	Top-5 Acc = 0.1367
	unseen	ROC-AUC = 0.8555	PR-AUC = 0.1602	Top-1 Acc = 0.0245	Top-5 Acc = 0.0821
	Mean	ROC-AUC = 0.8908	PR-AUC = 0.1551	Top-1 Acc = 0.0368	Top-5 Acc = 0.1062
Epoch = 3
	Training	Accuracy = 0.1690	Cost = 4.767592	Loss = 4.652719
	seen	ROC-AUC = 0.9666	PR-AUC = 0.3015	Top-1 Acc = 0.1727	Top-5 Acc = 0.5278
	unseen	ROC-AUC = 0.8749	PR-AUC = 0.2331	Top-1 Acc = 0.0082	Top-5 Acc = 0.0718
	Mean	ROC-AUC = 0.9154	PR-AUC = 0.2633	Top-1 Acc = 0.0807	Top-5 Acc = 0.2729
Epoch = 4
	Training	Accuracy = 0.3298	Cost = 3.855683	Loss = 3.730349
	seen	ROC-AUC = 0.9729	PR-AUC = 0.3727	Top-1 Acc = 0.2505	Top-5 Acc = 0.6481
	unseen	ROC-AUC = 0.8785	PR-AUC = 0.2583	Top-1 Acc = 0.0000	Top-5 Acc = 0.0473
	Mean	ROC-AUC = 0.9202	PR-AUC = 0.3088	Top-1 Acc = 0.1105	Top-5 Acc = 0.3123
Epoch = 5
	Training	Accuracy = 0.4474	Cost = 3.301513	Loss = 3.165443
	seen	ROC-AUC = 0.9802	PR-AUC = 0.4637	Top-1 Acc = 0.3932	Top-5 Acc = 0.7620
	unseen	ROC-AUC = 0.8818	PR-AUC = 0.2838	Top-1 Acc = 0.0047	Top-5 Acc = 0.0881
	Mean	ROC-AUC = 0.9252	PR-AUC = 0.3632	Top-1 Acc = 0.1761	Top-5 Acc = 0.3854
Epoch = 6
	Training	Accuracy = 0.5416	Cost = 2.876686	Loss = 2.730405
	seen	ROC-AUC = 0.9827	PR-AUC = 0.5055	Top-1 Acc = 0.4679	Top-5 Acc = 0.8077
	unseen	ROC-AUC = 0.8886	PR-AUC = 0.2892	Top-1 Acc = 0.0021	Top-5 Acc = 0.0795
	Mean	ROC-AUC = 0.9301	PR-AUC = 0.3846	Top-1 Acc = 0.2076	Top-5 Acc = 0.4008
Epoch = 7
	Training	Accuracy = 0.5986	Cost = 2.614787	Loss = 2.459061
	seen	ROC-AUC = 0.9854	PR-AUC = 0.5495	Top-1 Acc = 0.4826	Top-5 Acc = 0.8105
	unseen	ROC-AUC = 0.8957	PR-AUC = 0.3142	Top-1 Acc = 0.0000	Top-5 Acc = 0.0701
	Mean	ROC-AUC = 0.9352	PR-AUC = 0.4180	Top-1 Acc = 0.2129	Top-5 Acc = 0.3967
Epoch = 8
	Training	Accuracy = 0.6435	Cost = 2.395443	Loss = 2.231597
	seen	ROC-AUC = 0.9859	PR-AUC = 0.5801	Top-1 Acc = 0.5877	Top-5 Acc = 0.8666
	unseen	ROC-AUC = 0.8922	PR-AUC = 0.2971	Top-1 Acc = 0.0000	Top-5 Acc = 0.0770
	Mean	ROC-AUC = 0.9336	PR-AUC = 0.4219	Top-1 Acc = 0.2593	Top-5 Acc = 0.4253
Epoch = 9
	Training	Accuracy = 0.6824	Cost = 2.211596	Loss = 2.040272
	seen	ROC-AUC = 0.9878	PR-AUC = 0.6182	Top-1 Acc = 0.5730	Top-5 Acc = 0.8671
	unseen	ROC-AUC = 0.9034	PR-AUC = 0.3266	Top-1 Acc = 0.0000	Top-5 Acc = 0.0843
	Mean	ROC-AUC = 0.9407	PR-AUC = 0.4553	Top-1 Acc = 0.2528	Top-5 Acc = 0.4296
Epoch = 10
	Training	Accuracy = 0.7179	Cost = 2.019331	Loss = 1.841511
	seen	ROC-AUC = 0.9881	PR-AUC = 0.6226	Top-1 Acc = 0.5882	Top-5 Acc = 0.8753
	unseen	ROC-AUC = 0.8999	PR-AUC = 0.3233	Top-1 Acc = 0.0000	Top-5 Acc = 0.0903
	Mean	ROC-AUC = 0.9388	PR-AUC = 0.4553	Top-1 Acc = 0.2595	Top-5 Acc = 0.4366
Epoch = 11
	Training	Accuracy = 0.7362	Cost = 1.911730	Loss = 1.727987
	seen	ROC-AUC = 0.9883	PR-AUC = 0.6360	Top-1 Acc = 0.5959	Top-5 Acc = 0.8867
	unseen	ROC-AUC = 0.9021	PR-AUC = 0.3257	Top-1 Acc = 0.0000	Top-5 Acc = 0.0933
	Mean	ROC-AUC = 0.9401	PR-AUC = 0.4626	Top-1 Acc = 0.2629	Top-5 Acc = 0.4433
Epoch = 12
	Training	Accuracy = 0.7625	Cost = 1.795168	Loss = 1.606386
	seen	ROC-AUC = 0.9882	PR-AUC = 0.6475	Top-1 Acc = 0.6351	Top-5 Acc = 0.8911
	unseen	ROC-AUC = 0.9008	PR-AUC = 0.3280	Top-1 Acc = 0.0004	Top-5 Acc = 0.0993
	Mean	ROC-AUC = 0.9394	PR-AUC = 0.4690	Top-1 Acc = 0.2804	Top-5 Acc = 0.4486
Epoch = 13
	Training	Accuracy = 0.7789	Cost = 1.696813	Loss = 1.503554
	seen	ROC-AUC = 0.9884	PR-AUC = 0.6522	Top-1 Acc = 0.6176	Top-5 Acc = 0.8867
	unseen	ROC-AUC = 0.9061	PR-AUC = 0.3287	Top-1 Acc = 0.0004	Top-5 Acc = 0.1092
	Mean	ROC-AUC = 0.9424	PR-AUC = 0.4714	Top-1 Acc = 0.2727	Top-5 Acc = 0.4522
Epoch = 14
	Training	Accuracy = 0.8053	Cost = 1.599440	Loss = 1.402629
	seen	ROC-AUC = 0.9885	PR-AUC = 0.6572	Top-1 Acc = 0.6247	Top-5 Acc = 0.8954
	unseen	ROC-AUC = 0.9085	PR-AUC = 0.3373	Top-1 Acc = 0.0004	Top-5 Acc = 0.1092
	Mean	ROC-AUC = 0.9438	PR-AUC = 0.4784	Top-1 Acc = 0.2758	Top-5 Acc = 0.4560
Epoch = 15
	Training	Accuracy = 0.8165	Cost = 1.517894	Loss = 1.318055
	seen	ROC-AUC = 0.9883	PR-AUC = 0.6640	Top-1 Acc = 0.6324	Top-5 Acc = 0.8949
	unseen	ROC-AUC = 0.9077	PR-AUC = 0.3336	Top-1 Acc = 0.0004	Top-5 Acc = 0.1230
	Mean	ROC-AUC = 0.9432	PR-AUC = 0.4794	Top-1 Acc = 0.2792	Top-5 Acc = 0.4635
Epoch = 16
	Training	Accuracy = 0.8354	Cost = 1.433757	Loss = 1.231318
	seen	ROC-AUC = 0.9890	PR-AUC = 0.6738	Top-1 Acc = 0.6492	Top-5 Acc = 0.9047
	unseen	ROC-AUC = 0.9085	PR-AUC = 0.3347	Top-1 Acc = 0.0004	Top-5 Acc = 0.1285
	Mean	ROC-AUC = 0.9440	PR-AUC = 0.4843	Top-1 Acc = 0.2866	Top-5 Acc = 0.4709
Epoch = 17
	Training	Accuracy = 0.8458	Cost = 1.373375	Loss = 1.168792
	seen	ROC-AUC = 0.9889	PR-AUC = 0.6671	Top-1 Acc = 0.6411	Top-5 Acc = 0.8998
	unseen	ROC-AUC = 0.9112	PR-AUC = 0.3325	Top-1 Acc = 0.0009	Top-5 Acc = 0.1264
	Mean	ROC-AUC = 0.9455	PR-AUC = 0.4801	Top-1 Acc = 0.2833	Top-5 Acc = 0.4676
Epoch = 18
	Training	Accuracy = 0.8606	Cost = 1.293337	Loss = 1.087061
	seen	ROC-AUC = 0.9889	PR-AUC = 0.6741	Top-1 Acc = 0.6427	Top-5 Acc = 0.9014
	unseen	ROC-AUC = 0.9116	PR-AUC = 0.3375	Top-1 Acc = 0.0004	Top-5 Acc = 0.1320
	Mean	ROC-AUC = 0.9457	PR-AUC = 0.4860	Top-1 Acc = 0.2838	Top-5 Acc = 0.4714
Epoch = 19
	Training	Accuracy = 0.8720	Cost = 1.235780	Loss = 1.028078
	seen	ROC-AUC = 0.9889	PR-AUC = 0.6723	Top-1 Acc = 0.6411	Top-5 Acc = 0.8949
	unseen	ROC-AUC = 0.9110	PR-AUC = 0.3287	Top-1 Acc = 0.0004	Top-5 Acc = 0.1419
	Mean	ROC-AUC = 0.9453	PR-AUC = 0.4803	Top-1 Acc = 0.2830	Top-5 Acc = 0.4741
Epoch = 20
	Training	Accuracy = 0.8851	Cost = 1.186238	Loss = 0.977473
	seen	ROC-AUC = 0.9890	PR-AUC = 0.6788	Top-1 Acc = 0.6563	Top-5 Acc = 0.8932
	unseen	ROC-AUC = 0.9117	PR-AUC = 0.3312	Top-1 Acc = 0.0004	Top-5 Acc = 0.1543
	Mean	ROC-AUC = 0.9458	PR-AUC = 0.4845	Top-1 Acc = 0.2898	Top-5 Acc = 0.4803
Epoch = 21
	Training	Accuracy = 0.8984	Cost = 1.114443	Loss = 0.904759
	seen	ROC-AUC = 0.9891	PR-AUC = 0.6808	Top-1 Acc = 0.6531	Top-5 Acc = 0.9036
	unseen	ROC-AUC = 0.9123	PR-AUC = 0.3343	Top-1 Acc = 0.0004	Top-5 Acc = 0.1513
	Mean	ROC-AUC = 0.9462	PR-AUC = 0.4872	Top-1 Acc = 0.2883	Top-5 Acc = 0.4832
Epoch = 22
	Training	Accuracy = 0.9070	Cost = 1.070633	Loss = 0.860206
	seen	ROC-AUC = 0.9887	PR-AUC = 0.6767	Top-1 Acc = 0.6454	Top-5 Acc = 0.8949
	unseen	ROC-AUC = 0.9090	PR-AUC = 0.3370	Top-1 Acc = 0.0009	Top-5 Acc = 0.1591
	Mean	ROC-AUC = 0.9442	PR-AUC = 0.4868	Top-1 Acc = 0.2852	Top-5 Acc = 0.4837
Epoch = 23
	Training	Accuracy = 0.9162	Cost = 1.022580	Loss = 0.811640
	seen	ROC-AUC = 0.9889	PR-AUC = 0.6815	Top-1 Acc = 0.6569	Top-5 Acc = 0.8971
	unseen	ROC-AUC = 0.9092	PR-AUC = 0.3308	Top-1 Acc = 0.0000	Top-5 Acc = 0.1642
	Mean	ROC-AUC = 0.9444	PR-AUC = 0.4855	Top-1 Acc = 0.2898	Top-5 Acc = 0.4875
Epoch = 24
	Training	Accuracy = 0.9222	Cost = 0.995790	Loss = 0.784599
	seen	ROC-AUC = 0.9891	PR-AUC = 0.6840	Top-1 Acc = 0.6498	Top-5 Acc = 0.9041
	unseen	ROC-AUC = 0.9116	PR-AUC = 0.3308	Top-1 Acc = 0.0000	Top-5 Acc = 0.1694
	Mean	ROC-AUC = 0.9458	PR-AUC = 0.4866	Top-1 Acc = 0.2866	Top-5 Acc = 0.4935
Epoch = 25
	Training	Accuracy = 0.9298	Cost = 0.955168	Loss = 0.743810
	seen	ROC-AUC = 0.9890	PR-AUC = 0.6870	Top-1 Acc = 0.6465	Top-5 Acc = 0.8971
	unseen	ROC-AUC = 0.9099	PR-AUC = 0.3347	Top-1 Acc = 0.0004	Top-5 Acc = 0.1677
	Mean	ROC-AUC = 0.9448	PR-AUC = 0.4901	Top-1 Acc = 0.2854	Top-5 Acc = 0.4894
Epoch = 26
	Training	Accuracy = 0.9377	Cost = 0.913455	Loss = 0.702112
	seen	ROC-AUC = 0.9890	PR-AUC = 0.6845	Top-1 Acc = 0.6487	Top-5 Acc = 0.8998
	unseen	ROC-AUC = 0.9088	PR-AUC = 0.3286	Top-1 Acc = 0.0009	Top-5 Acc = 0.1720
	Mean	ROC-AUC = 0.9442	PR-AUC = 0.4856	Top-1 Acc = 0.2866	Top-5 Acc = 0.4930
Epoch = 27
	Training	Accuracy = 0.9405	Cost = 0.879984	Loss = 0.668483
	seen	ROC-AUC = 0.9890	PR-AUC = 0.6876	Top-1 Acc = 0.6656	Top-5 Acc = 0.8949
	unseen	ROC-AUC = 0.9076	PR-AUC = 0.3222	Top-1 Acc = 0.0004	Top-5 Acc = 0.1677
	Mean	ROC-AUC = 0.9435	PR-AUC = 0.4834	Top-1 Acc = 0.2938	Top-5 Acc = 0.4885
Epoch = 28
	Training	Accuracy = 0.9479	Cost = 0.854816	Loss = 0.643355
	seen	ROC-AUC = 0.9886	PR-AUC = 0.6858	Top-1 Acc = 0.6498	Top-5 Acc = 0.8883
	unseen	ROC-AUC = 0.9066	PR-AUC = 0.3234	Top-1 Acc = 0.0009	Top-5 Acc = 0.1724
	Mean	ROC-AUC = 0.9427	PR-AUC = 0.4833	Top-1 Acc = 0.2871	Top-5 Acc = 0.4882
Epoch = 29
	Training	Accuracy = 0.9550	Cost = 0.818193	Loss = 0.606756
	seen	ROC-AUC = 0.9892	PR-AUC = 0.6863	Top-1 Acc = 0.6487	Top-5 Acc = 0.8949
	unseen	ROC-AUC = 0.9066	PR-AUC = 0.3194	Top-1 Acc = 0.0000	Top-5 Acc = 0.1771
	Mean	ROC-AUC = 0.9430	PR-AUC = 0.4813	Top-1 Acc = 0.2862	Top-5 Acc = 0.4938
Epoch = 30
	Training	Accuracy = 0.9533	Cost = 0.801012	Loss = 0.589604
	seen	ROC-AUC = 0.9887	PR-AUC = 0.6924	Top-1 Acc = 0.6580	Top-5 Acc = 0.8851
	unseen	ROC-AUC = 0.9074	PR-AUC = 0.3270	Top-1 Acc = 0.0017	Top-5 Acc = 0.1892
	Mean	ROC-AUC = 0.9433	PR-AUC = 0.4882	Top-1 Acc = 0.2912	Top-5 Acc = 0.4962
Epoch = 31
	Training	Accuracy = 0.9559	Cost = 0.773464	Loss = 0.562140
	seen	ROC-AUC = 0.9886	PR-AUC = 0.6883	Top-1 Acc = 0.6574	Top-5 Acc = 0.8905
	unseen	ROC-AUC = 0.9060	PR-AUC = 0.3185	Top-1 Acc = 0.0000	Top-5 Acc = 0.1745
	Mean	ROC-AUC = 0.9425	PR-AUC = 0.4817	Top-1 Acc = 0.2900	Top-5 Acc = 0.4904
Epoch = 32
	Training	Accuracy = 0.9639	Cost = 0.738176	Loss = 0.527117
	seen	ROC-AUC = 0.9889	PR-AUC = 0.6932	Top-1 Acc = 0.6661	Top-5 Acc = 0.8943
	unseen	ROC-AUC = 0.9042	PR-AUC = 0.3227	Top-1 Acc = 0.0013	Top-5 Acc = 0.1930
	Mean	ROC-AUC = 0.9415	PR-AUC = 0.4862	Top-1 Acc = 0.2946	Top-5 Acc = 0.5024
Epoch = 33
	Training	Accuracy = 0.9649	Cost = 0.722179	Loss = 0.511320
	seen	ROC-AUC = 0.9887	PR-AUC = 0.6899	Top-1 Acc = 0.6547	Top-5 Acc = 0.8845
	unseen	ROC-AUC = 0.9063	PR-AUC = 0.3210	Top-1 Acc = 0.0013	Top-5 Acc = 0.1874
	Mean	ROC-AUC = 0.9427	PR-AUC = 0.4837	Top-1 Acc = 0.2895	Top-5 Acc = 0.4950
Epoch = 34
	Training	Accuracy = 0.9681	Cost = 0.696488	Loss = 0.485878
	seen	ROC-AUC = 0.9884	PR-AUC = 0.6950	Top-1 Acc = 0.6601	Top-5 Acc = 0.8927
	unseen	ROC-AUC = 0.9035	PR-AUC = 0.3218	Top-1 Acc = 0.0021	Top-5 Acc = 0.1969
	Mean	ROC-AUC = 0.9410	PR-AUC = 0.4864	Top-1 Acc = 0.2924	Top-5 Acc = 0.5038
Epoch = 35
	Training	Accuracy = 0.9680	Cost = 0.681356	Loss = 0.470967
	seen	ROC-AUC = 0.9884	PR-AUC = 0.6906	Top-1 Acc = 0.6618	Top-5 Acc = 0.8922
	unseen	ROC-AUC = 0.9055	PR-AUC = 0.3225	Top-1 Acc = 0.0004	Top-5 Acc = 0.1999
	Mean	ROC-AUC = 0.9421	PR-AUC = 0.4849	Top-1 Acc = 0.2922	Top-5 Acc = 0.5053
Epoch = 36
	Training	Accuracy = 0.9730	Cost = 0.661091	Loss = 0.450818
	seen	ROC-AUC = 0.9882	PR-AUC = 0.6904	Top-1 Acc = 0.6618	Top-5 Acc = 0.8862
	unseen	ROC-AUC = 0.9026	PR-AUC = 0.3188	Top-1 Acc = 0.0009	Top-5 Acc = 0.1939
	Mean	ROC-AUC = 0.9404	PR-AUC = 0.4827	Top-1 Acc = 0.2924	Top-5 Acc = 0.4993
Epoch = 37
	Training	Accuracy = 0.9732	Cost = 0.651370	Loss = 0.441302
	seen	ROC-AUC = 0.9882	PR-AUC = 0.6951	Top-1 Acc = 0.6585	Top-5 Acc = 0.8922
	unseen	ROC-AUC = 0.9028	PR-AUC = 0.3183	Top-1 Acc = 0.0021	Top-5 Acc = 0.2008
	Mean	ROC-AUC = 0.9405	PR-AUC = 0.4845	Top-1 Acc = 0.2917	Top-5 Acc = 0.5058
Epoch = 38
	Training	Accuracy = 0.9792	Cost = 0.619362	Loss = 0.409448
	seen	ROC-AUC = 0.9882	PR-AUC = 0.6862	Top-1 Acc = 0.6514	Top-5 Acc = 0.8878
	unseen	ROC-AUC = 0.9033	PR-AUC = 0.3155	Top-1 Acc = 0.0013	Top-5 Acc = 0.2003
	Mean	ROC-AUC = 0.9408	PR-AUC = 0.4790	Top-1 Acc = 0.2881	Top-5 Acc = 0.5036
Epoch = 39
	Training	Accuracy = 0.9789	Cost = 0.608463	Loss = 0.398641
	seen	ROC-AUC = 0.9881	PR-AUC = 0.6972	Top-1 Acc = 0.6743	Top-5 Acc = 0.8883
	unseen	ROC-AUC = 0.9043	PR-AUC = 0.3170	Top-1 Acc = 0.0017	Top-5 Acc = 0.2029
	Mean	ROC-AUC = 0.9413	PR-AUC = 0.4847	Top-1 Acc = 0.2984	Top-5 Acc = 0.5053
Epoch = 40
	Training	Accuracy = 0.9830	Cost = 0.597174	Loss = 0.387365
	seen	ROC-AUC = 0.9880	PR-AUC = 0.6956	Top-1 Acc = 0.6612	Top-5 Acc = 0.8878
	unseen	ROC-AUC = 0.9017	PR-AUC = 0.3129	Top-1 Acc = 0.0009	Top-5 Acc = 0.1956
	Mean	ROC-AUC = 0.9398	PR-AUC = 0.4817	Top-1 Acc = 0.2922	Top-5 Acc = 0.5010
Epoch = 41
	Training	Accuracy = 0.9816	Cost = 0.589894	Loss = 0.380177
	seen	ROC-AUC = 0.9884	PR-AUC = 0.6965	Top-1 Acc = 0.6710	Top-5 Acc = 0.8873
	unseen	ROC-AUC = 0.9015	PR-AUC = 0.3127	Top-1 Acc = 0.0009	Top-5 Acc = 0.2003
	Mean	ROC-AUC = 0.9398	PR-AUC = 0.4820	Top-1 Acc = 0.2965	Top-5 Acc = 0.5034
Epoch = 42
	Training	Accuracy = 0.9828	Cost = 0.561716	Loss = 0.352266
	seen	ROC-AUC = 0.9879	PR-AUC = 0.6972	Top-1 Acc = 0.6656	Top-5 Acc = 0.8927
	unseen	ROC-AUC = 0.9024	PR-AUC = 0.3148	Top-1 Acc = 0.0009	Top-5 Acc = 0.2068
	Mean	ROC-AUC = 0.9401	PR-AUC = 0.4835	Top-1 Acc = 0.2941	Top-5 Acc = 0.5094
Epoch = 43
	Training	Accuracy = 0.9847	Cost = 0.563470	Loss = 0.354095
	seen	ROC-AUC = 0.9877	PR-AUC = 0.6926	Top-1 Acc = 0.6596	Top-5 Acc = 0.8856
	unseen	ROC-AUC = 0.9013	PR-AUC = 0.3150	Top-1 Acc = 0.0013	Top-5 Acc = 0.2158
	Mean	ROC-AUC = 0.9394	PR-AUC = 0.4816	Top-1 Acc = 0.2917	Top-5 Acc = 0.5113
Epoch = 44
	Training	Accuracy = 0.9877	Cost = 0.541465	Loss = 0.332125
	seen	ROC-AUC = 0.9871	PR-AUC = 0.7019	Top-1 Acc = 0.6656	Top-5 Acc = 0.8916
	unseen	ROC-AUC = 0.9023	PR-AUC = 0.3123	Top-1 Acc = 0.0013	Top-5 Acc = 0.2111
	Mean	ROC-AUC = 0.9397	PR-AUC = 0.4841	Top-1 Acc = 0.2943	Top-5 Acc = 0.5113
Epoch = 45
	Training	Accuracy = 0.9868	Cost = 0.532242	Loss = 0.322991
	seen	ROC-AUC = 0.9875	PR-AUC = 0.6999	Top-1 Acc = 0.6688	Top-5 Acc = 0.8862
	unseen	ROC-AUC = 0.8988	PR-AUC = 0.3150	Top-1 Acc = 0.0021	Top-5 Acc = 0.2081
	Mean	ROC-AUC = 0.9379	PR-AUC = 0.4848	Top-1 Acc = 0.2963	Top-5 Acc = 0.5072
Epoch = 46
	Training	Accuracy = 0.9886	Cost = 0.531405	Loss = 0.322195
	seen	ROC-AUC = 0.9874	PR-AUC = 0.6966	Top-1 Acc = 0.6590	Top-5 Acc = 0.8862
	unseen	ROC-AUC = 0.9038	PR-AUC = 0.3131	Top-1 Acc = 0.0009	Top-5 Acc = 0.2068
	Mean	ROC-AUC = 0.9407	PR-AUC = 0.4823	Top-1 Acc = 0.2912	Top-5 Acc = 0.5065
Epoch = 47
	Training	Accuracy = 0.9915	Cost = 0.494627	Loss = 0.285560
	seen	ROC-AUC = 0.9869	PR-AUC = 0.6972	Top-1 Acc = 0.6443	Top-5 Acc = 0.8785
	unseen	ROC-AUC = 0.8996	PR-AUC = 0.3135	Top-1 Acc = 0.0004	Top-5 Acc = 0.2029
	Mean	ROC-AUC = 0.9381	PR-AUC = 0.4828	Top-1 Acc = 0.2845	Top-5 Acc = 0.5010
Epoch = 48
	Training	Accuracy = 0.9892	Cost = 0.509659	Loss = 0.300627
	seen	ROC-AUC = 0.9872	PR-AUC = 0.6980	Top-1 Acc = 0.6563	Top-5 Acc = 0.8883
	unseen	ROC-AUC = 0.9024	PR-AUC = 0.3113	Top-1 Acc = 0.0026	Top-5 Acc = 0.2150
	Mean	ROC-AUC = 0.9398	PR-AUC = 0.4819	Top-1 Acc = 0.2910	Top-5 Acc = 0.5120
Epoch = 49
	Training	Accuracy = 0.9898	Cost = 0.496840	Loss = 0.287883
	seen	ROC-AUC = 0.9874	PR-AUC = 0.6956	Top-1 Acc = 0.6481	Top-5 Acc = 0.8764
	unseen	ROC-AUC = 0.8986	PR-AUC = 0.3150	Top-1 Acc = 0.0013	Top-5 Acc = 0.2158
	Mean	ROC-AUC = 0.9378	PR-AUC = 0.4829	Top-1 Acc = 0.2866	Top-5 Acc = 0.5072
Epoch = 50
	Training	Accuracy = 0.9917	Cost = 0.481967	Loss = 0.273077
	seen	ROC-AUC = 0.9872	PR-AUC = 0.7007	Top-1 Acc = 0.6618	Top-5 Acc = 0.8938
	unseen	ROC-AUC = 0.8997	PR-AUC = 0.3110	Top-1 Acc = 0.0026	Top-5 Acc = 0.2145
	Mean	ROC-AUC = 0.9383	PR-AUC = 0.4829	Top-1 Acc = 0.2934	Top-5 Acc = 0.5142
Epoch = 51
	Training	Accuracy = 0.9913	Cost = 0.488019	Loss = 0.279131
	seen	ROC-AUC = 0.9868	PR-AUC = 0.6931	Top-1 Acc = 0.6498	Top-5 Acc = 0.8785
	unseen	ROC-AUC = 0.9023	PR-AUC = 0.3108	Top-1 Acc = 0.0017	Top-5 Acc = 0.2055
	Mean	ROC-AUC = 0.9396	PR-AUC = 0.4794	Top-1 Acc = 0.2876	Top-5 Acc = 0.5024
Epoch = 52
	Training	Accuracy = 0.9923	Cost = 0.473810	Loss = 0.264756
	seen	ROC-AUC = 0.9865	PR-AUC = 0.6989	Top-1 Acc = 0.6612	Top-5 Acc = 0.8894
	unseen	ROC-AUC = 0.9002	PR-AUC = 0.2999	Top-1 Acc = 0.0009	Top-5 Acc = 0.2141
	Mean	ROC-AUC = 0.9383	PR-AUC = 0.4759	Top-1 Acc = 0.2922	Top-5 Acc = 0.5120
Epoch = 53
	Training	Accuracy = 0.9942	Cost = 0.455875	Loss = 0.246954
	seen	ROC-AUC = 0.9863	PR-AUC = 0.6943	Top-1 Acc = 0.6492	Top-5 Acc = 0.8785
	unseen	ROC-AUC = 0.8999	PR-AUC = 0.3077	Top-1 Acc = 0.0021	Top-5 Acc = 0.2068
	Mean	ROC-AUC = 0.9380	PR-AUC = 0.4782	Top-1 Acc = 0.2876	Top-5 Acc = 0.5031
Epoch = 54
	Training	Accuracy = 0.9931	Cost = 0.454294	Loss = 0.245348
	seen	ROC-AUC = 0.9865	PR-AUC = 0.6985	Top-1 Acc = 0.6623	Top-5 Acc = 0.8785
	unseen	ROC-AUC = 0.9055	PR-AUC = 0.3082	Top-1 Acc = 0.0021	Top-5 Acc = 0.2042
	Mean	ROC-AUC = 0.9413	PR-AUC = 0.4803	Top-1 Acc = 0.2934	Top-5 Acc = 0.5017
Epoch = 55
	Training	Accuracy = 0.9928	Cost = 0.453785	Loss = 0.244902
	seen	ROC-AUC = 0.9867	PR-AUC = 0.6945	Top-1 Acc = 0.6618	Top-5 Acc = 0.8867
	unseen	ROC-AUC = 0.8995	PR-AUC = 0.3029	Top-1 Acc = 0.0030	Top-5 Acc = 0.2163
	Mean	ROC-AUC = 0.9380	PR-AUC = 0.4757	Top-1 Acc = 0.2936	Top-5 Acc = 0.5120
Epoch = 56
	Training	Accuracy = 0.9919	Cost = 0.446562	Loss = 0.237777
	seen	ROC-AUC = 0.9866	PR-AUC = 0.6907	Top-1 Acc = 0.6503	Top-5 Acc = 0.8824
	unseen	ROC-AUC = 0.8997	PR-AUC = 0.3113	Top-1 Acc = 0.0021	Top-5 Acc = 0.2150
	Mean	ROC-AUC = 0.9380	PR-AUC = 0.4786	Top-1 Acc = 0.2881	Top-5 Acc = 0.5094
Epoch = 57
	Training	Accuracy = 0.9921	Cost = 0.444045	Loss = 0.235200
	seen	ROC-AUC = 0.9870	PR-AUC = 0.7044	Top-1 Acc = 0.6623	Top-5 Acc = 0.8927
	unseen	ROC-AUC = 0.8998	PR-AUC = 0.3023	Top-1 Acc = 0.0034	Top-5 Acc = 0.2197
	Mean	ROC-AUC = 0.9382	PR-AUC = 0.4796	Top-1 Acc = 0.2941	Top-5 Acc = 0.5166
Epoch = 58
	Training	Accuracy = 0.9936	Cost = 0.425445	Loss = 0.216894
	seen	ROC-AUC = 0.9865	PR-AUC = 0.7012	Top-1 Acc = 0.6678	Top-5 Acc = 0.8932
	unseen	ROC-AUC = 0.9012	PR-AUC = 0.3056	Top-1 Acc = 0.0013	Top-5 Acc = 0.2163
	Mean	ROC-AUC = 0.9388	PR-AUC = 0.4801	Top-1 Acc = 0.2953	Top-5 Acc = 0.5149
Epoch = 59
	Training	Accuracy = 0.9911	Cost = 0.449467	Loss = 0.240975
	seen	ROC-AUC = 0.9864	PR-AUC = 0.7031	Top-1 Acc = 0.6639	Top-5 Acc = 0.8894
	unseen	ROC-AUC = 0.8992	PR-AUC = 0.3039	Top-1 Acc = 0.0017	Top-5 Acc = 0.2236
	Mean	ROC-AUC = 0.9377	PR-AUC = 0.4800	Top-1 Acc = 0.2938	Top-5 Acc = 0.5173
Epoch = 60
	Training	Accuracy = 0.9966	Cost = 0.411032	Loss = 0.202711
	seen	ROC-AUC = 0.9860	PR-AUC = 0.7009	Top-1 Acc = 0.6656	Top-5 Acc = 0.8867
	unseen	ROC-AUC = 0.9004	PR-AUC = 0.3050	Top-1 Acc = 0.0034	Top-5 Acc = 0.2158
	Mean	ROC-AUC = 0.9382	PR-AUC = 0.4796	Top-1 Acc = 0.2955	Top-5 Acc = 0.5118
Epoch = 61
	Training	Accuracy = 0.9944	Cost = 0.418800	Loss = 0.210401
	seen	ROC-AUC = 0.9864	PR-AUC = 0.7019	Top-1 Acc = 0.6694	Top-5 Acc = 0.8802
	unseen	ROC-AUC = 0.8973	PR-AUC = 0.3029	Top-1 Acc = 0.0017	Top-5 Acc = 0.2145
	Mean	ROC-AUC = 0.9366	PR-AUC = 0.4789	Top-1 Acc = 0.2963	Top-5 Acc = 0.5082
Epoch = 62
	Training	Accuracy = 0.9951	Cost = 0.419097	Loss = 0.210599
	seen	ROC-AUC = 0.9860	PR-AUC = 0.6998	Top-1 Acc = 0.6634	Top-5 Acc = 0.8938
	unseen	ROC-AUC = 0.9001	PR-AUC = 0.3060	Top-1 Acc = 0.0013	Top-5 Acc = 0.2218
	Mean	ROC-AUC = 0.9380	PR-AUC = 0.4797	Top-1 Acc = 0.2934	Top-5 Acc = 0.5183
Epoch = 63
	Training	Accuracy = 0.9928	Cost = 0.425762	Loss = 0.217295
	seen	ROC-AUC = 0.9867	PR-AUC = 0.7072	Top-1 Acc = 0.6639	Top-5 Acc = 0.8900
	unseen	ROC-AUC = 0.9015	PR-AUC = 0.3038	Top-1 Acc = 0.0026	Top-5 Acc = 0.2141
	Mean	ROC-AUC = 0.9391	PR-AUC = 0.4818	Top-1 Acc = 0.2943	Top-5 Acc = 0.5123
Epoch = 64
	Training	Accuracy = 0.9946	Cost = 0.408095	Loss = 0.199735
	seen	ROC-AUC = 0.9857	PR-AUC = 0.6961	Top-1 Acc = 0.6547	Top-5 Acc = 0.8867
	unseen	ROC-AUC = 0.9044	PR-AUC = 0.2994	Top-1 Acc = 0.0013	Top-5 Acc = 0.2193
	Mean	ROC-AUC = 0.9402	PR-AUC = 0.4744	Top-1 Acc = 0.2895	Top-5 Acc = 0.5137
Epoch = 65
	Training	Accuracy = 0.9910	Cost = 0.412881	Loss = 0.204582
	seen	ROC-AUC = 0.9857	PR-AUC = 0.6799	Top-1 Acc = 0.6236	Top-5 Acc = 0.8633
	unseen	ROC-AUC = 0.8961	PR-AUC = 0.2962	Top-1 Acc = 0.0013	Top-5 Acc = 0.2081
	Mean	ROC-AUC = 0.9356	PR-AUC = 0.4655	Top-1 Acc = 0.2758	Top-5 Acc = 0.4971
Epoch = 66
	Training	Accuracy = 0.9961	Cost = 0.389087	Loss = 0.180834
	seen	ROC-AUC = 0.9857	PR-AUC = 0.7024	Top-1 Acc = 0.6552	Top-5 Acc = 0.8883
	unseen	ROC-AUC = 0.8973	PR-AUC = 0.3037	Top-1 Acc = 0.0039	Top-5 Acc = 0.2141
	Mean	ROC-AUC = 0.9363	PR-AUC = 0.4796	Top-1 Acc = 0.2912	Top-5 Acc = 0.5115
Epoch = 67
	Training	Accuracy = 0.9940	Cost = 0.409444	Loss = 0.201434
	seen	ROC-AUC = 0.9864	PR-AUC = 0.6980	Top-1 Acc = 0.6465	Top-5 Acc = 0.8802
	unseen	ROC-AUC = 0.9001	PR-AUC = 0.3066	Top-1 Acc = 0.0013	Top-5 Acc = 0.2120
	Mean	ROC-AUC = 0.9382	PR-AUC = 0.4793	Top-1 Acc = 0.2859	Top-5 Acc = 0.5067
Epoch = 68
	Training	Accuracy = 0.9950	Cost = 0.394823	Loss = 0.186684
	seen	ROC-AUC = 0.9853	PR-AUC = 0.6975	Top-1 Acc = 0.6552	Top-5 Acc = 0.8873
	unseen	ROC-AUC = 0.8980	PR-AUC = 0.2995	Top-1 Acc = 0.0021	Top-5 Acc = 0.2145
	Mean	ROC-AUC = 0.9365	PR-AUC = 0.4751	Top-1 Acc = 0.2902	Top-5 Acc = 0.5113
Epoch = 69
	Training	Accuracy = 0.9970	Cost = 0.372525	Loss = 0.164636
	seen	ROC-AUC = 0.9860	PR-AUC = 0.6731	Top-1 Acc = 0.6285	Top-5 Acc = 0.8682
	unseen	ROC-AUC = 0.8977	PR-AUC = 0.2969	Top-1 Acc = 0.0013	Top-5 Acc = 0.2077
	Mean	ROC-AUC = 0.9367	PR-AUC = 0.4629	Top-1 Acc = 0.2780	Top-5 Acc = 0.4990
Epoch = 70
	Training	Accuracy = 0.9944	Cost = 0.390510	Loss = 0.182519
	seen	ROC-AUC = 0.9858	PR-AUC = 0.7013	Top-1 Acc = 0.6618	Top-5 Acc = 0.8873
	unseen	ROC-AUC = 0.8949	PR-AUC = 0.3014	Top-1 Acc = 0.0013	Top-5 Acc = 0.2150
	Mean	ROC-AUC = 0.9350	PR-AUC = 0.4778	Top-1 Acc = 0.2926	Top-5 Acc = 0.5115
Epoch = 71
	Training	Accuracy = 0.9928	Cost = 0.401515	Loss = 0.193537
	seen	ROC-AUC = 0.9858	PR-AUC = 0.7048	Top-1 Acc = 0.6650	Top-5 Acc = 0.8851
	unseen	ROC-AUC = 0.8977	PR-AUC = 0.3052	Top-1 Acc = 0.0021	Top-5 Acc = 0.2132
	Mean	ROC-AUC = 0.9365	PR-AUC = 0.4815	Top-1 Acc = 0.2946	Top-5 Acc = 0.5096
Epoch = 72
	Training	Accuracy = 0.9934	Cost = 0.399280	Loss = 0.191365
	seen	ROC-AUC = 0.9855	PR-AUC = 0.7010	Top-1 Acc = 0.6694	Top-5 Acc = 0.8878
	unseen	ROC-AUC = 0.8943	PR-AUC = 0.2979	Top-1 Acc = 0.0017	Top-5 Acc = 0.2171
	Mean	ROC-AUC = 0.9345	PR-AUC = 0.4757	Top-1 Acc = 0.2963	Top-5 Acc = 0.5130
Epoch = 73
	Training	Accuracy = 0.9949	Cost = 0.390547	Loss = 0.182653
	seen	ROC-AUC = 0.9858	PR-AUC = 0.7038	Top-1 Acc = 0.6678	Top-5 Acc = 0.8856
	unseen	ROC-AUC = 0.8999	PR-AUC = 0.3029	Top-1 Acc = 0.0021	Top-5 Acc = 0.2253
	Mean	ROC-AUC = 0.9378	PR-AUC = 0.4798	Top-1 Acc = 0.2958	Top-5 Acc = 0.5166
Epoch = 74
	Training	Accuracy = 0.9949	Cost = 0.375589	Loss = 0.167790
	seen	ROC-AUC = 0.9860	PR-AUC = 0.7022	Top-1 Acc = 0.6590	Top-5 Acc = 0.8840
	unseen	ROC-AUC = 0.8959	PR-AUC = 0.3065	Top-1 Acc = 0.0026	Top-5 Acc = 0.2163
	Mean	ROC-AUC = 0.9356	PR-AUC = 0.4810	Top-1 Acc = 0.2922	Top-5 Acc = 0.5108
Epoch = 75
	Training	Accuracy = 0.9974	Cost = 0.357599	Loss = 0.150020
	seen	ROC-AUC = 0.9858	PR-AUC = 0.7051	Top-1 Acc = 0.6683	Top-5 Acc = 0.8867
	unseen	ROC-AUC = 0.9002	PR-AUC = 0.3063	Top-1 Acc = 0.0034	Top-5 Acc = 0.2089
	Mean	ROC-AUC = 0.9380	PR-AUC = 0.4822	Top-1 Acc = 0.2967	Top-5 Acc = 0.5079
Epoch = 76
	Training	Accuracy = 0.9953	Cost = 0.367363	Loss = 0.159774
	seen	ROC-AUC = 0.9851	PR-AUC = 0.6955	Top-1 Acc = 0.6634	Top-5 Acc = 0.8796
	unseen	ROC-AUC = 0.8980	PR-AUC = 0.3013	Top-1 Acc = 0.0017	Top-5 Acc = 0.2150
	Mean	ROC-AUC = 0.9365	PR-AUC = 0.4752	Top-1 Acc = 0.2936	Top-5 Acc = 0.5082
Epoch = 77
	Training	Accuracy = 0.9887	Cost = 0.410962	Loss = 0.203625
	seen	ROC-AUC = 0.9858	PR-AUC = 0.7038	Top-1 Acc = 0.6705	Top-5 Acc = 0.8862
	unseen	ROC-AUC = 0.8963	PR-AUC = 0.3006	Top-1 Acc = 0.0026	Top-5 Acc = 0.2193
	Mean	ROC-AUC = 0.9358	PR-AUC = 0.4785	Top-1 Acc = 0.2972	Top-5 Acc = 0.5135
Epoch = 78
	Training	Accuracy = 0.9986	Cost = 0.342453	Loss = 0.135406
	seen	ROC-AUC = 0.9854	PR-AUC = 0.6991	Top-1 Acc = 0.6558	Top-5 Acc = 0.8824
	unseen	ROC-AUC = 0.8985	PR-AUC = 0.3019	Top-1 Acc = 0.0026	Top-5 Acc = 0.2137
	Mean	ROC-AUC = 0.9369	PR-AUC = 0.4771	Top-1 Acc = 0.2907	Top-5 Acc = 0.5086
Epoch = 79
	Training	Accuracy = 0.9910	Cost = 0.394672	Loss = 0.187780
	seen	ROC-AUC = 0.9864	PR-AUC = 0.7004	Top-1 Acc = 0.6525	Top-5 Acc = 0.8807
	unseen	ROC-AUC = 0.9047	PR-AUC = 0.2954	Top-1 Acc = 0.0017	Top-5 Acc = 0.2231
	Mean	ROC-AUC = 0.9407	PR-AUC = 0.4741	Top-1 Acc = 0.2888	Top-5 Acc = 0.5132
Epoch = 80
	Training	Accuracy = 0.9958	Cost = 0.361554	Loss = 0.154736
	seen	ROC-AUC = 0.9855	PR-AUC = 0.7026	Top-1 Acc = 0.6612	Top-5 Acc = 0.8900
	unseen	ROC-AUC = 0.8973	PR-AUC = 0.2999	Top-1 Acc = 0.0026	Top-5 Acc = 0.2283
	Mean	ROC-AUC = 0.9362	PR-AUC = 0.4776	Top-1 Acc = 0.2931	Top-5 Acc = 0.5202
Epoch = 81
	Training	Accuracy = 0.9937	Cost = 0.356604	Loss = 0.150027
	seen	ROC-AUC = 0.9855	PR-AUC = 0.7024	Top-1 Acc = 0.6678	Top-5 Acc = 0.8840
	unseen	ROC-AUC = 0.9002	PR-AUC = 0.3016	Top-1 Acc = 0.0021	Top-5 Acc = 0.2128
	Mean	ROC-AUC = 0.9378	PR-AUC = 0.4784	Top-1 Acc = 0.2958	Top-5 Acc = 0.5089
Epoch = 82
	Training	Accuracy = 0.9951	Cost = 0.356756	Loss = 0.150490
	seen	ROC-AUC = 0.9852	PR-AUC = 0.6811	Top-1 Acc = 0.6291	Top-5 Acc = 0.8595
	unseen	ROC-AUC = 0.8947	PR-AUC = 0.3057	Top-1 Acc = 0.0021	Top-5 Acc = 0.2102
	Mean	ROC-AUC = 0.9347	PR-AUC = 0.4713	Top-1 Acc = 0.2787	Top-5 Acc = 0.4966
Epoch = 83
	Training	Accuracy = 0.9931	Cost = 0.384998	Loss = 0.178606
	seen	ROC-AUC = 0.9857	PR-AUC = 0.6950	Top-1 Acc = 0.6645	Top-5 Acc = 0.8862
	unseen	ROC-AUC = 0.9002	PR-AUC = 0.3067	Top-1 Acc = 0.0026	Top-5 Acc = 0.2206
	Mean	ROC-AUC = 0.9379	PR-AUC = 0.4780	Top-1 Acc = 0.2946	Top-5 Acc = 0.5142
Epoch = 84
	Training	Accuracy = 0.9923	Cost = 0.373978	Loss = 0.167501
	seen	ROC-AUC = 0.9857	PR-AUC = 0.7084	Top-1 Acc = 0.6743	Top-5 Acc = 0.8889
	unseen	ROC-AUC = 0.8985	PR-AUC = 0.3030	Top-1 Acc = 0.0017	Top-5 Acc = 0.2098
	Mean	ROC-AUC = 0.9370	PR-AUC = 0.4819	Top-1 Acc = 0.2984	Top-5 Acc = 0.5094
Epoch = 85
	Training	Accuracy = 0.9962	Cost = 0.341025	Loss = 0.134947
	seen	ROC-AUC = 0.9861	PR-AUC = 0.7064	Top-1 Acc = 0.6661	Top-5 Acc = 0.8867
	unseen	ROC-AUC = 0.8942	PR-AUC = 0.3054	Top-1 Acc = 0.0026	Top-5 Acc = 0.2094
	Mean	ROC-AUC = 0.9348	PR-AUC = 0.4823	Top-1 Acc = 0.2953	Top-5 Acc = 0.5082
Epoch = 86
	Training	Accuracy = 0.9903	Cost = 0.399206	Loss = 0.193040
	seen	ROC-AUC = 0.9857	PR-AUC = 0.7059	Top-1 Acc = 0.6688	Top-5 Acc = 0.8889
	unseen	ROC-AUC = 0.9017	PR-AUC = 0.3041	Top-1 Acc = 0.0017	Top-5 Acc = 0.2188
	Mean	ROC-AUC = 0.9387	PR-AUC = 0.4813	Top-1 Acc = 0.2960	Top-5 Acc = 0.5144
Epoch = 87
	Training	Accuracy = 0.9953	Cost = 0.351322	Loss = 0.145491
	seen	ROC-AUC = 0.9862	PR-AUC = 0.7067	Top-1 Acc = 0.6748	Top-5 Acc = 0.8845
	unseen	ROC-AUC = 0.9030	PR-AUC = 0.3026	Top-1 Acc = 0.0021	Top-5 Acc = 0.2171
	Mean	ROC-AUC = 0.9397	PR-AUC = 0.4809	Top-1 Acc = 0.2989	Top-5 Acc = 0.5115
Epoch = 88
	Training	Accuracy = 0.9931	Cost = 0.352634	Loss = 0.147196
	seen	ROC-AUC = 0.9855	PR-AUC = 0.7056	Top-1 Acc = 0.6765	Top-5 Acc = 0.8900
	unseen	ROC-AUC = 0.9004	PR-AUC = 0.3002	Top-1 Acc = 0.0017	Top-5 Acc = 0.2218
	Mean	ROC-AUC = 0.9379	PR-AUC = 0.4790	Top-1 Acc = 0.2994	Top-5 Acc = 0.5166
Epoch = 89
	Training	Accuracy = 0.9976	Cost = 0.329620	Loss = 0.124582
	seen	ROC-AUC = 0.9859	PR-AUC = 0.7009	Top-1 Acc = 0.6683	Top-5 Acc = 0.8834
	unseen	ROC-AUC = 0.9001	PR-AUC = 0.3006	Top-1 Acc = 0.0017	Top-5 Acc = 0.2128
	Mean	ROC-AUC = 0.9380	PR-AUC = 0.4772	Top-1 Acc = 0.2958	Top-5 Acc = 0.5086
Epoch = 90
	Training	Accuracy = 0.9934	Cost = 0.366901	Loss = 0.161670
	seen	ROC-AUC = 0.9852	PR-AUC = 0.6949	Top-1 Acc = 0.6411	Top-5 Acc = 0.8742
	unseen	ROC-AUC = 0.8987	PR-AUC = 0.2878	Top-1 Acc = 0.0004	Top-5 Acc = 0.2008
	Mean	ROC-AUC = 0.9368	PR-AUC = 0.4674	Top-1 Acc = 0.2830	Top-5 Acc = 0.4978
Epoch = 91
	Training	Accuracy = 0.9951	Cost = 0.354988	Loss = 0.149730
	seen	ROC-AUC = 0.9854	PR-AUC = 0.7046	Top-1 Acc = 0.6710	Top-5 Acc = 0.8829
	unseen	ROC-AUC = 0.9022	PR-AUC = 0.2982	Top-1 Acc = 0.0013	Top-5 Acc = 0.2171
	Mean	ROC-AUC = 0.9389	PR-AUC = 0.4775	Top-1 Acc = 0.2967	Top-5 Acc = 0.5108
Epoch = 92
	Training	Accuracy = 0.9969	Cost = 0.336032	Loss = 0.130945
	seen	ROC-AUC = 0.9858	PR-AUC = 0.7072	Top-1 Acc = 0.6727	Top-5 Acc = 0.8840
	unseen	ROC-AUC = 0.8996	PR-AUC = 0.2961	Top-1 Acc = 0.0034	Top-5 Acc = 0.2171
	Mean	ROC-AUC = 0.9376	PR-AUC = 0.4774	Top-1 Acc = 0.2987	Top-5 Acc = 0.5113
Epoch = 93
	Training	Accuracy = 0.9929	Cost = 0.354863	Loss = 0.150041
	seen	ROC-AUC = 0.9857	PR-AUC = 0.7063	Top-1 Acc = 0.6694	Top-5 Acc = 0.8818
	unseen	ROC-AUC = 0.8974	PR-AUC = 0.2975	Top-1 Acc = 0.0026	Top-5 Acc = 0.2081
	Mean	ROC-AUC = 0.9364	PR-AUC = 0.4778	Top-1 Acc = 0.2967	Top-5 Acc = 0.5053
Epoch = 94
	Training	Accuracy = 0.9924	Cost = 0.362988	Loss = 0.158326
	seen	ROC-AUC = 0.9830	PR-AUC = 0.6682	Top-1 Acc = 0.6247	Top-5 Acc = 0.8622
	unseen	ROC-AUC = 0.8854	PR-AUC = 0.2928	Top-1 Acc = 0.0021	Top-5 Acc = 0.1892
	Mean	ROC-AUC = 0.9284	PR-AUC = 0.4584	Top-1 Acc = 0.2768	Top-5 Acc = 0.4861
Epoch = 95
	Training	Accuracy = 0.9945	Cost = 0.342566	Loss = 0.138023
	seen	ROC-AUC = 0.9849	PR-AUC = 0.6772	Top-1 Acc = 0.6291	Top-5 Acc = 0.8627
	unseen	ROC-AUC = 0.9071	PR-AUC = 0.3008	Top-1 Acc = 0.0013	Top-5 Acc = 0.2132
	Mean	ROC-AUC = 0.9414	PR-AUC = 0.4669	Top-1 Acc = 0.2782	Top-5 Acc = 0.4998
Epoch = 96
	Training	Accuracy = 0.9936	Cost = 0.354844	Loss = 0.150741
	seen	ROC-AUC = 0.9856	PR-AUC = 0.7056	Top-1 Acc = 0.6770	Top-5 Acc = 0.8883
	unseen	ROC-AUC = 0.9012	PR-AUC = 0.2991	Top-1 Acc = 0.0009	Top-5 Acc = 0.2214
	Mean	ROC-AUC = 0.9384	PR-AUC = 0.4785	Top-1 Acc = 0.2991	Top-5 Acc = 0.5156
Epoch = 97
	Training	Accuracy = 0.9938	Cost = 0.341866	Loss = 0.138315
	seen	ROC-AUC = 0.9855	PR-AUC = 0.7086	Top-1 Acc = 0.6748	Top-5 Acc = 0.8824
	unseen	ROC-AUC = 0.9004	PR-AUC = 0.2989	Top-1 Acc = 0.0004	Top-5 Acc = 0.2188
	Mean	ROC-AUC = 0.9380	PR-AUC = 0.4797	Top-1 Acc = 0.2979	Top-5 Acc = 0.5115
Epoch = 98
	Training	Accuracy = 0.9940	Cost = 0.344862	Loss = 0.141790
	seen	ROC-AUC = 0.9854	PR-AUC = 0.7042	Top-1 Acc = 0.6694	Top-5 Acc = 0.8905
	unseen	ROC-AUC = 0.8973	PR-AUC = 0.3007	Top-1 Acc = 0.0000	Top-5 Acc = 0.2158
	Mean	ROC-AUC = 0.9361	PR-AUC = 0.4787	Top-1 Acc = 0.2953	Top-5 Acc = 0.5135
Epoch = 99
	Training	Accuracy = 0.9949	Cost = 0.337495	Loss = 0.134548
	seen	ROC-AUC = 0.9856	PR-AUC = 0.7041	Top-1 Acc = 0.6672	Top-5 Acc = 0.8818
	unseen	ROC-AUC = 0.9018	PR-AUC = 0.3036	Top-1 Acc = 0.0004	Top-5 Acc = 0.2081
	Mean	ROC-AUC = 0.9388	PR-AUC = 0.4803	Top-1 Acc = 0.2946	Top-5 Acc = 0.5053
Epoch = 100
	Training	Accuracy = 0.9940	Cost = 0.339539	Loss = 0.136513
	seen	ROC-AUC = 0.9857	PR-AUC = 0.7099	Top-1 Acc = 0.6737	Top-5 Acc = 0.8889
	unseen	ROC-AUC = 0.8959	PR-AUC = 0.3048	Top-1 Acc = 0.0017	Top-5 Acc = 0.2089
	Mean	ROC-AUC = 0.9355	PR-AUC = 0.4835	Top-1 Acc = 0.2982	Top-5 Acc = 0.5089
