Epoch = 1
	Training	Accuracy = 0.0073	Cost = 16.835511	Loss = 16.824537
	seen	ROC-AUC = 0.5227	PR-AUC = 0.0143	Top-1 Acc = 0.0092	Top-5 Acc = 0.0382
	unseen	ROC-AUC = 0.5217	PR-AUC = 0.0156	Top-1 Acc = 0.0064	Top-5 Acc = 0.0303
	Mean	ROC-AUC = 0.5222	PR-AUC = 0.0150	Top-1 Acc = 0.0078	Top-5 Acc = 0.0343
Epoch = 2
	Training	Accuracy = 0.0069	Cost = 5.063307	Loss = 5.052314
	seen	ROC-AUC = 0.5778	PR-AUC = 0.0186	Top-1 Acc = 0.0092	Top-5 Acc = 0.0306
	unseen	ROC-AUC = 0.5347	PR-AUC = 0.0184	Top-1 Acc = 0.0064	Top-5 Acc = 0.0207
	Mean	ROC-AUC = 0.5567	PR-AUC = 0.0185	Top-1 Acc = 0.0078	Top-5 Acc = 0.0258
Epoch = 3
	Training	Accuracy = 0.0206	Cost = 4.862217	Loss = 4.851179
	seen	ROC-AUC = 0.6432	PR-AUC = 0.0239	Top-1 Acc = 0.0092	Top-5 Acc = 0.0550
	unseen	ROC-AUC = 0.5673	PR-AUC = 0.0248	Top-1 Acc = 0.0064	Top-5 Acc = 0.0191
	Mean	ROC-AUC = 0.6060	PR-AUC = 0.0244	Top-1 Acc = 0.0078	Top-5 Acc = 0.0375
Epoch = 4
	Training	Accuracy = 0.0367	Cost = 4.755349	Loss = 4.744186
	seen	ROC-AUC = 0.7207	PR-AUC = 0.0341	Top-1 Acc = 0.0214	Top-5 Acc = 0.0917
	unseen	ROC-AUC = 0.6438	PR-AUC = 0.0367	Top-1 Acc = 0.0064	Top-5 Acc = 0.0255
	Mean	ROC-AUC = 0.6830	PR-AUC = 0.0354	Top-1 Acc = 0.0141	Top-5 Acc = 0.0593
Epoch = 5
	Training	Accuracy = 0.0653	Cost = 4.624229	Loss = 4.612841
	seen	ROC-AUC = 0.7847	PR-AUC = 0.0511	Top-1 Acc = 0.0229	Top-5 Acc = 0.1483
	unseen	ROC-AUC = 0.7124	PR-AUC = 0.0508	Top-1 Acc = 0.0064	Top-5 Acc = 0.0463
	Mean	ROC-AUC = 0.7493	PR-AUC = 0.0509	Top-1 Acc = 0.0148	Top-5 Acc = 0.0984
Epoch = 6
	Training	Accuracy = 0.1005	Cost = 4.381941	Loss = 4.370191
	seen	ROC-AUC = 0.8298	PR-AUC = 0.0878	Top-1 Acc = 0.0352	Top-5 Acc = 0.2324
	unseen	ROC-AUC = 0.7777	PR-AUC = 0.0910	Top-1 Acc = 0.0144	Top-5 Acc = 0.0702
	Mean	ROC-AUC = 0.8043	PR-AUC = 0.0894	Top-1 Acc = 0.0250	Top-5 Acc = 0.1530
Epoch = 7
	Training	Accuracy = 0.1494	Cost = 4.012184	Loss = 3.999896
	seen	ROC-AUC = 0.8419	PR-AUC = 0.1307	Top-1 Acc = 0.0627	Top-5 Acc = 0.3502
	unseen	ROC-AUC = 0.8098	PR-AUC = 0.1311	Top-1 Acc = 0.0239	Top-5 Acc = 0.1276
	Mean	ROC-AUC = 0.8262	PR-AUC = 0.1309	Top-1 Acc = 0.0437	Top-5 Acc = 0.2412
Epoch = 8
	Training	Accuracy = 0.2028	Cost = 3.755781	Loss = 3.742832
	seen	ROC-AUC = 0.8601	PR-AUC = 0.1796	Top-1 Acc = 0.1223	Top-5 Acc = 0.4297
	unseen	ROC-AUC = 0.8202	PR-AUC = 0.1700	Top-1 Acc = 0.0622	Top-5 Acc = 0.1834
	Mean	ROC-AUC = 0.8406	PR-AUC = 0.1749	Top-1 Acc = 0.0929	Top-5 Acc = 0.3091
Epoch = 9
	Training	Accuracy = 0.2678	Cost = 3.483745	Loss = 3.470064
	seen	ROC-AUC = 0.8672	PR-AUC = 0.2584	Top-1 Acc = 0.1743	Top-5 Acc = 0.4924
	unseen	ROC-AUC = 0.8316	PR-AUC = 0.1823	Top-1 Acc = 0.0861	Top-5 Acc = 0.2360
	Mean	ROC-AUC = 0.8498	PR-AUC = 0.2212	Top-1 Acc = 0.1311	Top-5 Acc = 0.3669
Epoch = 10
	Training	Accuracy = 0.3384	Cost = 3.048367	Loss = 3.033901
	seen	ROC-AUC = 0.8765	PR-AUC = 0.2684	Top-1 Acc = 0.1942	Top-5 Acc = 0.5183
	unseen	ROC-AUC = 0.8441	PR-AUC = 0.1985	Top-1 Acc = 0.1069	Top-5 Acc = 0.2616
	Mean	ROC-AUC = 0.8607	PR-AUC = 0.2342	Top-1 Acc = 0.1514	Top-5 Acc = 0.3927
Epoch = 11
	Training	Accuracy = 0.3816	Cost = 2.779636	Loss = 2.764327
	seen	ROC-AUC = 0.8765	PR-AUC = 0.3031	Top-1 Acc = 0.2829	Top-5 Acc = 0.5428
	unseen	ROC-AUC = 0.8488	PR-AUC = 0.2379	Top-1 Acc = 0.1356	Top-5 Acc = 0.3238
	Mean	ROC-AUC = 0.8630	PR-AUC = 0.2712	Top-1 Acc = 0.2108	Top-5 Acc = 0.4356
Epoch = 12
	Training	Accuracy = 0.4293	Cost = 2.593762	Loss = 2.577557
	seen	ROC-AUC = 0.8819	PR-AUC = 0.3247	Top-1 Acc = 0.3028	Top-5 Acc = 0.5979
	unseen	ROC-AUC = 0.8559	PR-AUC = 0.2559	Top-1 Acc = 0.1770	Top-5 Acc = 0.3828
	Mean	ROC-AUC = 0.8692	PR-AUC = 0.2910	Top-1 Acc = 0.2412	Top-5 Acc = 0.4926
Epoch = 13
	Training	Accuracy = 0.4927	Cost = 2.275227	Loss = 2.258154
	seen	ROC-AUC = 0.8842	PR-AUC = 0.3351	Top-1 Acc = 0.3135	Top-5 Acc = 0.6024
	unseen	ROC-AUC = 0.8424	PR-AUC = 0.2422	Top-1 Acc = 0.1962	Top-5 Acc = 0.4035
	Mean	ROC-AUC = 0.8637	PR-AUC = 0.2896	Top-1 Acc = 0.2560	Top-5 Acc = 0.5051
Epoch = 14
	Training	Accuracy = 0.5199	Cost = 2.144893	Loss = 2.126929
	seen	ROC-AUC = 0.8797	PR-AUC = 0.3683	Top-1 Acc = 0.3440	Top-5 Acc = 0.6055
	unseen	ROC-AUC = 0.8532	PR-AUC = 0.2978	Top-1 Acc = 0.2057	Top-5 Acc = 0.4258
	Mean	ROC-AUC = 0.8667	PR-AUC = 0.3338	Top-1 Acc = 0.2763	Top-5 Acc = 0.5176
Epoch = 15
	Training	Accuracy = 0.5443	Cost = 1.977571	Loss = 1.958709
	seen	ROC-AUC = 0.8841	PR-AUC = 0.3750	Top-1 Acc = 0.3593	Top-5 Acc = 0.6131
	unseen	ROC-AUC = 0.8478	PR-AUC = 0.2911	Top-1 Acc = 0.2249	Top-5 Acc = 0.4593
	Mean	ROC-AUC = 0.8664	PR-AUC = 0.3339	Top-1 Acc = 0.2935	Top-5 Acc = 0.5379
Epoch = 16
	Training	Accuracy = 0.5966	Cost = 1.748797	Loss = 1.729062
	seen	ROC-AUC = 0.8853	PR-AUC = 0.3903	Top-1 Acc = 0.3746	Top-5 Acc = 0.6284
	unseen	ROC-AUC = 0.8522	PR-AUC = 0.3219	Top-1 Acc = 0.2536	Top-5 Acc = 0.4848
	Mean	ROC-AUC = 0.8691	PR-AUC = 0.3568	Top-1 Acc = 0.3154	Top-5 Acc = 0.5582
Epoch = 17
	Training	Accuracy = 0.6039	Cost = 1.660875	Loss = 1.640250
	seen	ROC-AUC = 0.8817	PR-AUC = 0.4074	Top-1 Acc = 0.4021	Top-5 Acc = 0.6346
	unseen	ROC-AUC = 0.8524	PR-AUC = 0.3287	Top-1 Acc = 0.2711	Top-5 Acc = 0.4992
	Mean	ROC-AUC = 0.8674	PR-AUC = 0.3689	Top-1 Acc = 0.3380	Top-5 Acc = 0.5683
Epoch = 18
	Training	Accuracy = 0.6268	Cost = 1.513798	Loss = 1.492302
	seen	ROC-AUC = 0.8889	PR-AUC = 0.3941	Top-1 Acc = 0.3838	Top-5 Acc = 0.6346
	unseen	ROC-AUC = 0.8659	PR-AUC = 0.3355	Top-1 Acc = 0.2584	Top-5 Acc = 0.5136
	Mean	ROC-AUC = 0.8776	PR-AUC = 0.3654	Top-1 Acc = 0.3224	Top-5 Acc = 0.5753
Epoch = 19
	Training	Accuracy = 0.6704	Cost = 1.342465	Loss = 1.320097
	seen	ROC-AUC = 0.8854	PR-AUC = 0.4065	Top-1 Acc = 0.3930	Top-5 Acc = 0.6269
	unseen	ROC-AUC = 0.8516	PR-AUC = 0.3454	Top-1 Acc = 0.2807	Top-5 Acc = 0.5263
	Mean	ROC-AUC = 0.8688	PR-AUC = 0.3766	Top-1 Acc = 0.3380	Top-5 Acc = 0.5777
Epoch = 20
	Training	Accuracy = 0.6719	Cost = 1.291550	Loss = 1.268329
	seen	ROC-AUC = 0.8862	PR-AUC = 0.4156	Top-1 Acc = 0.4128	Top-5 Acc = 0.6284
	unseen	ROC-AUC = 0.8602	PR-AUC = 0.3736	Top-1 Acc = 0.3030	Top-5 Acc = 0.5231
	Mean	ROC-AUC = 0.8735	PR-AUC = 0.3950	Top-1 Acc = 0.3591	Top-5 Acc = 0.5769
Epoch = 21
	Training	Accuracy = 0.7093	Cost = 1.127159	Loss = 1.103111
	seen	ROC-AUC = 0.8869	PR-AUC = 0.4127	Top-1 Acc = 0.4098	Top-5 Acc = 0.6330
	unseen	ROC-AUC = 0.8597	PR-AUC = 0.3708	Top-1 Acc = 0.2903	Top-5 Acc = 0.5311
	Mean	ROC-AUC = 0.8736	PR-AUC = 0.3922	Top-1 Acc = 0.3513	Top-5 Acc = 0.5831
Epoch = 22
	Training	Accuracy = 0.7131	Cost = 1.067184	Loss = 1.042320
	seen	ROC-AUC = 0.8880	PR-AUC = 0.4177	Top-1 Acc = 0.4006	Top-5 Acc = 0.6284
	unseen	ROC-AUC = 0.8726	PR-AUC = 0.3383	Top-1 Acc = 0.2951	Top-5 Acc = 0.5327
	Mean	ROC-AUC = 0.8805	PR-AUC = 0.3789	Top-1 Acc = 0.3489	Top-5 Acc = 0.5816
Epoch = 23
	Training	Accuracy = 0.7341	Cost = 0.978786	Loss = 0.953127
	seen	ROC-AUC = 0.8869	PR-AUC = 0.4094	Top-1 Acc = 0.4128	Top-5 Acc = 0.6361
	unseen	ROC-AUC = 0.8627	PR-AUC = 0.3685	Top-1 Acc = 0.2839	Top-5 Acc = 0.5391
	Mean	ROC-AUC = 0.8750	PR-AUC = 0.3894	Top-1 Acc = 0.3497	Top-5 Acc = 0.5886
Epoch = 24
	Training	Accuracy = 0.7303	Cost = 0.929982	Loss = 0.903559
	seen	ROC-AUC = 0.8898	PR-AUC = 0.4208	Top-1 Acc = 0.4205	Top-5 Acc = 0.6346
	unseen	ROC-AUC = 0.8743	PR-AUC = 0.3854	Top-1 Acc = 0.3333	Top-5 Acc = 0.5327
	Mean	ROC-AUC = 0.8822	PR-AUC = 0.4035	Top-1 Acc = 0.3778	Top-5 Acc = 0.5847
Epoch = 25
	Training	Accuracy = 0.7403	Cost = 0.866683	Loss = 0.839526
	seen	ROC-AUC = 0.8904	PR-AUC = 0.4240	Top-1 Acc = 0.4083	Top-5 Acc = 0.6468
	unseen	ROC-AUC = 0.8661	PR-AUC = 0.3890	Top-1 Acc = 0.3222	Top-5 Acc = 0.5470
	Mean	ROC-AUC = 0.8785	PR-AUC = 0.4069	Top-1 Acc = 0.3661	Top-5 Acc = 0.5980
Epoch = 26
	Training	Accuracy = 0.7609	Cost = 0.774855	Loss = 0.746993
	seen	ROC-AUC = 0.8892	PR-AUC = 0.4251	Top-1 Acc = 0.4174	Top-5 Acc = 0.6376
	unseen	ROC-AUC = 0.8746	PR-AUC = 0.3770	Top-1 Acc = 0.3333	Top-5 Acc = 0.5423
	Mean	ROC-AUC = 0.8820	PR-AUC = 0.4015	Top-1 Acc = 0.3763	Top-5 Acc = 0.5909
Epoch = 27
	Training	Accuracy = 0.7678	Cost = 0.710340	Loss = 0.681795
	seen	ROC-AUC = 0.8875	PR-AUC = 0.4277	Top-1 Acc = 0.4144	Top-5 Acc = 0.6468
	unseen	ROC-AUC = 0.8630	PR-AUC = 0.3842	Top-1 Acc = 0.3158	Top-5 Acc = 0.5423
	Mean	ROC-AUC = 0.8755	PR-AUC = 0.4064	Top-1 Acc = 0.3661	Top-5 Acc = 0.5956
Epoch = 28
	Training	Accuracy = 0.7796	Cost = 0.681992	Loss = 0.652787
	seen	ROC-AUC = 0.8863	PR-AUC = 0.4158	Top-1 Acc = 0.4297	Top-5 Acc = 0.6346
	unseen	ROC-AUC = 0.8679	PR-AUC = 0.3904	Top-1 Acc = 0.3206	Top-5 Acc = 0.5407
	Mean	ROC-AUC = 0.8773	PR-AUC = 0.4034	Top-1 Acc = 0.3763	Top-5 Acc = 0.5886
Epoch = 29
	Training	Accuracy = 0.7800	Cost = 0.600388	Loss = 0.570561
	seen	ROC-AUC = 0.8871	PR-AUC = 0.4196	Top-1 Acc = 0.4297	Top-5 Acc = 0.6422
	unseen	ROC-AUC = 0.8568	PR-AUC = 0.3737	Top-1 Acc = 0.3190	Top-5 Acc = 0.5423
	Mean	ROC-AUC = 0.8723	PR-AUC = 0.3971	Top-1 Acc = 0.3755	Top-5 Acc = 0.5933
Epoch = 30
	Training	Accuracy = 0.7811	Cost = 0.598993	Loss = 0.568564
	seen	ROC-AUC = 0.8929	PR-AUC = 0.4269	Top-1 Acc = 0.3914	Top-5 Acc = 0.6315
	unseen	ROC-AUC = 0.8685	PR-AUC = 0.3872	Top-1 Acc = 0.2998	Top-5 Acc = 0.5231
	Mean	ROC-AUC = 0.8810	PR-AUC = 0.4075	Top-1 Acc = 0.3466	Top-5 Acc = 0.5785
Epoch = 31
	Training	Accuracy = 0.7869	Cost = 0.557708	Loss = 0.526686
	seen	ROC-AUC = 0.8877	PR-AUC = 0.4219	Top-1 Acc = 0.4128	Top-5 Acc = 0.6407
	unseen	ROC-AUC = 0.8643	PR-AUC = 0.3480	Top-1 Acc = 0.3062	Top-5 Acc = 0.5279
	Mean	ROC-AUC = 0.8763	PR-AUC = 0.3857	Top-1 Acc = 0.3607	Top-5 Acc = 0.5855
Epoch = 32
	Training	Accuracy = 0.7998	Cost = 0.459942	Loss = 0.428375
	seen	ROC-AUC = 0.8867	PR-AUC = 0.4182	Top-1 Acc = 0.4205	Top-5 Acc = 0.6361
	unseen	ROC-AUC = 0.8712	PR-AUC = 0.3828	Top-1 Acc = 0.3094	Top-5 Acc = 0.5311
	Mean	ROC-AUC = 0.8791	PR-AUC = 0.4009	Top-1 Acc = 0.3661	Top-5 Acc = 0.5847
Epoch = 33
	Training	Accuracy = 0.7945	Cost = 0.478723	Loss = 0.446649
	seen	ROC-AUC = 0.8860	PR-AUC = 0.4363	Top-1 Acc = 0.4297	Top-5 Acc = 0.6330
	unseen	ROC-AUC = 0.8533	PR-AUC = 0.3545	Top-1 Acc = 0.3062	Top-5 Acc = 0.5327
	Mean	ROC-AUC = 0.8700	PR-AUC = 0.3963	Top-1 Acc = 0.3692	Top-5 Acc = 0.5839
Epoch = 34
	Training	Accuracy = 0.8056	Cost = 0.405354	Loss = 0.372776
	seen	ROC-AUC = 0.8876	PR-AUC = 0.4278	Top-1 Acc = 0.4220	Top-5 Acc = 0.6560
	unseen	ROC-AUC = 0.8609	PR-AUC = 0.3778	Top-1 Acc = 0.3158	Top-5 Acc = 0.5439
	Mean	ROC-AUC = 0.8745	PR-AUC = 0.4033	Top-1 Acc = 0.3700	Top-5 Acc = 0.6011
Epoch = 35
	Training	Accuracy = 0.8071	Cost = 0.396007	Loss = 0.362946
	seen	ROC-AUC = 0.8876	PR-AUC = 0.4367	Top-1 Acc = 0.4388	Top-5 Acc = 0.6422
	unseen	ROC-AUC = 0.8628	PR-AUC = 0.3779	Top-1 Acc = 0.3222	Top-5 Acc = 0.5630
	Mean	ROC-AUC = 0.8755	PR-AUC = 0.4079	Top-1 Acc = 0.3817	Top-5 Acc = 0.6034
Epoch = 36
	Training	Accuracy = 0.8040	Cost = 0.405184	Loss = 0.371658
	seen	ROC-AUC = 0.8885	PR-AUC = 0.4379	Top-1 Acc = 0.4480	Top-5 Acc = 0.6407
	unseen	ROC-AUC = 0.8600	PR-AUC = 0.3819	Top-1 Acc = 0.3142	Top-5 Acc = 0.5470
	Mean	ROC-AUC = 0.8745	PR-AUC = 0.4105	Top-1 Acc = 0.3825	Top-5 Acc = 0.5948
Epoch = 37
	Training	Accuracy = 0.8109	Cost = 0.338827	Loss = 0.304890
	seen	ROC-AUC = 0.8884	PR-AUC = 0.4335	Top-1 Acc = 0.4465	Top-5 Acc = 0.6575
	unseen	ROC-AUC = 0.8592	PR-AUC = 0.3711	Top-1 Acc = 0.3301	Top-5 Acc = 0.5343
	Mean	ROC-AUC = 0.8741	PR-AUC = 0.4030	Top-1 Acc = 0.3895	Top-5 Acc = 0.5972
Epoch = 38
	Training	Accuracy = 0.8040	Cost = 0.366897	Loss = 0.332554
	seen	ROC-AUC = 0.8819	PR-AUC = 0.4264	Top-1 Acc = 0.4235	Top-5 Acc = 0.6422
	unseen	ROC-AUC = 0.8616	PR-AUC = 0.3787	Top-1 Acc = 0.3094	Top-5 Acc = 0.5407
	Mean	ROC-AUC = 0.8720	PR-AUC = 0.4031	Top-1 Acc = 0.3677	Top-5 Acc = 0.5925
Epoch = 39
	Training	Accuracy = 0.8151	Cost = 0.261715	Loss = 0.226998
	seen	ROC-AUC = 0.8864	PR-AUC = 0.4445	Top-1 Acc = 0.4495	Top-5 Acc = 0.6391
	unseen	ROC-AUC = 0.8610	PR-AUC = 0.3870	Top-1 Acc = 0.3429	Top-5 Acc = 0.5566
	Mean	ROC-AUC = 0.8740	PR-AUC = 0.4163	Top-1 Acc = 0.3973	Top-5 Acc = 0.5988
Epoch = 40
	Training	Accuracy = 0.8109	Cost = 0.327419	Loss = 0.292348
	seen	ROC-AUC = 0.8863	PR-AUC = 0.4338	Top-1 Acc = 0.4388	Top-5 Acc = 0.6346
	unseen	ROC-AUC = 0.8637	PR-AUC = 0.3825	Top-1 Acc = 0.3397	Top-5 Acc = 0.5534
	Mean	ROC-AUC = 0.8752	PR-AUC = 0.4087	Top-1 Acc = 0.3903	Top-5 Acc = 0.5948
Epoch = 41
	Training	Accuracy = 0.8151	Cost = 0.246618	Loss = 0.211227
	seen	ROC-AUC = 0.8853	PR-AUC = 0.4305	Top-1 Acc = 0.4220	Top-5 Acc = 0.6315
	unseen	ROC-AUC = 0.8591	PR-AUC = 0.3739	Top-1 Acc = 0.3254	Top-5 Acc = 0.5598
	Mean	ROC-AUC = 0.8725	PR-AUC = 0.4028	Top-1 Acc = 0.3747	Top-5 Acc = 0.5964
Epoch = 42
	Training	Accuracy = 0.8033	Cost = 0.341594	Loss = 0.305879
	seen	ROC-AUC = 0.8833	PR-AUC = 0.4340	Top-1 Acc = 0.4480	Top-5 Acc = 0.6407
	unseen	ROC-AUC = 0.8581	PR-AUC = 0.3753	Top-1 Acc = 0.3285	Top-5 Acc = 0.5502
	Mean	ROC-AUC = 0.8710	PR-AUC = 0.4053	Top-1 Acc = 0.3895	Top-5 Acc = 0.5964
Epoch = 43
	Training	Accuracy = 0.8170	Cost = 0.195719	Loss = 0.159761
	seen	ROC-AUC = 0.8855	PR-AUC = 0.4330	Top-1 Acc = 0.4358	Top-5 Acc = 0.6407
	unseen	ROC-AUC = 0.8606	PR-AUC = 0.3807	Top-1 Acc = 0.3285	Top-5 Acc = 0.5455
	Mean	ROC-AUC = 0.8733	PR-AUC = 0.4074	Top-1 Acc = 0.3833	Top-5 Acc = 0.5941
Epoch = 44
	Training	Accuracy = 0.8056	Cost = 0.312609	Loss = 0.276382
	seen	ROC-AUC = 0.8824	PR-AUC = 0.4361	Top-1 Acc = 0.4465	Top-5 Acc = 0.6560
	unseen	ROC-AUC = 0.8591	PR-AUC = 0.3741	Top-1 Acc = 0.3365	Top-5 Acc = 0.5582
	Mean	ROC-AUC = 0.8710	PR-AUC = 0.4058	Top-1 Acc = 0.3927	Top-5 Acc = 0.6081
Epoch = 45
	Training	Accuracy = 0.8182	Cost = 0.183284	Loss = 0.146832
	seen	ROC-AUC = 0.8813	PR-AUC = 0.4314	Top-1 Acc = 0.4205	Top-5 Acc = 0.6346
	unseen	ROC-AUC = 0.8597	PR-AUC = 0.3583	Top-1 Acc = 0.3222	Top-5 Acc = 0.5263
	Mean	ROC-AUC = 0.8707	PR-AUC = 0.3956	Top-1 Acc = 0.3724	Top-5 Acc = 0.5816
Epoch = 46
	Training	Accuracy = 0.8155	Cost = 0.208374	Loss = 0.171706
	seen	ROC-AUC = 0.8865	PR-AUC = 0.4332	Top-1 Acc = 0.4251	Top-5 Acc = 0.6239
	unseen	ROC-AUC = 0.8686	PR-AUC = 0.3717	Top-1 Acc = 0.3413	Top-5 Acc = 0.5502
	Mean	ROC-AUC = 0.8778	PR-AUC = 0.4031	Top-1 Acc = 0.3841	Top-5 Acc = 0.5878
Epoch = 47
	Training	Accuracy = 0.8090	Cost = 0.252871	Loss = 0.215966
	seen	ROC-AUC = 0.8836	PR-AUC = 0.4411	Top-1 Acc = 0.4557	Top-5 Acc = 0.6483
	unseen	ROC-AUC = 0.8652	PR-AUC = 0.3707	Top-1 Acc = 0.3365	Top-5 Acc = 0.5630
	Mean	ROC-AUC = 0.8746	PR-AUC = 0.4066	Top-1 Acc = 0.3973	Top-5 Acc = 0.6066
Epoch = 48
	Training	Accuracy = 0.8186	Cost = 0.143949	Loss = 0.106924
	seen	ROC-AUC = 0.8849	PR-AUC = 0.4437	Top-1 Acc = 0.4511	Top-5 Acc = 0.6498
	unseen	ROC-AUC = 0.8674	PR-AUC = 0.3714	Top-1 Acc = 0.3238	Top-5 Acc = 0.5455
	Mean	ROC-AUC = 0.8764	PR-AUC = 0.4083	Top-1 Acc = 0.3888	Top-5 Acc = 0.5988
Epoch = 49
	Training	Accuracy = 0.8029	Cost = 0.305128	Loss = 0.267881
	seen	ROC-AUC = 0.8830	PR-AUC = 0.4411	Top-1 Acc = 0.4541	Top-5 Acc = 0.6422
	unseen	ROC-AUC = 0.8666	PR-AUC = 0.3609	Top-1 Acc = 0.3270	Top-5 Acc = 0.5375
	Mean	ROC-AUC = 0.8750	PR-AUC = 0.4018	Top-1 Acc = 0.3919	Top-5 Acc = 0.5909
Epoch = 50
	Training	Accuracy = 0.8189	Cost = 0.135163	Loss = 0.097790
	seen	ROC-AUC = 0.8830	PR-AUC = 0.4471	Top-1 Acc = 0.4480	Top-5 Acc = 0.6437
	unseen	ROC-AUC = 0.8630	PR-AUC = 0.3659	Top-1 Acc = 0.3285	Top-5 Acc = 0.5486
	Mean	ROC-AUC = 0.8732	PR-AUC = 0.4074	Top-1 Acc = 0.3895	Top-5 Acc = 0.5972
Epoch = 51
	Training	Accuracy = 0.8170	Cost = 0.178974	Loss = 0.141465
	seen	ROC-AUC = 0.8859	PR-AUC = 0.4435	Top-1 Acc = 0.4434	Top-5 Acc = 0.6437
	unseen	ROC-AUC = 0.8670	PR-AUC = 0.3549	Top-1 Acc = 0.3301	Top-5 Acc = 0.5518
	Mean	ROC-AUC = 0.8766	PR-AUC = 0.4001	Top-1 Acc = 0.3880	Top-5 Acc = 0.5988
Epoch = 52
	Training	Accuracy = 0.8132	Cost = 0.170371	Loss = 0.132726
	seen	ROC-AUC = 0.8798	PR-AUC = 0.4026	Top-1 Acc = 0.4235	Top-5 Acc = 0.6315
	unseen	ROC-AUC = 0.8543	PR-AUC = 0.3331	Top-1 Acc = 0.3062	Top-5 Acc = 0.5167
	Mean	ROC-AUC = 0.8673	PR-AUC = 0.3686	Top-1 Acc = 0.3661	Top-5 Acc = 0.5753
Epoch = 53
	Training	Accuracy = 0.8159	Cost = 0.171073	Loss = 0.133263
	seen	ROC-AUC = 0.8836	PR-AUC = 0.4493	Top-1 Acc = 0.4495	Top-5 Acc = 0.6514
	unseen	ROC-AUC = 0.8699	PR-AUC = 0.3860	Top-1 Acc = 0.3381	Top-5 Acc = 0.5423
	Mean	ROC-AUC = 0.8769	PR-AUC = 0.4183	Top-1 Acc = 0.3950	Top-5 Acc = 0.5980
Epoch = 54
	Training	Accuracy = 0.8182	Cost = 0.111834	Loss = 0.073999
	seen	ROC-AUC = 0.8841	PR-AUC = 0.4487	Top-1 Acc = 0.4404	Top-5 Acc = 0.6346
	unseen	ROC-AUC = 0.8684	PR-AUC = 0.3791	Top-1 Acc = 0.3254	Top-5 Acc = 0.5439
	Mean	ROC-AUC = 0.8764	PR-AUC = 0.4146	Top-1 Acc = 0.3841	Top-5 Acc = 0.5902
Epoch = 55
	Training	Accuracy = 0.8052	Cost = 0.262493	Loss = 0.224505
	seen	ROC-AUC = 0.8862	PR-AUC = 0.4378	Top-1 Acc = 0.4572	Top-5 Acc = 0.6560
	unseen	ROC-AUC = 0.8673	PR-AUC = 0.3764	Top-1 Acc = 0.3573	Top-5 Acc = 0.5582
	Mean	ROC-AUC = 0.8769	PR-AUC = 0.4077	Top-1 Acc = 0.4083	Top-5 Acc = 0.6081
Epoch = 56
	Training	Accuracy = 0.8182	Cost = 0.105120	Loss = 0.067118
	seen	ROC-AUC = 0.8851	PR-AUC = 0.4463	Top-1 Acc = 0.4633	Top-5 Acc = 0.6453
	unseen	ROC-AUC = 0.8677	PR-AUC = 0.3782	Top-1 Acc = 0.3461	Top-5 Acc = 0.5486
	Mean	ROC-AUC = 0.8766	PR-AUC = 0.4130	Top-1 Acc = 0.4059	Top-5 Acc = 0.5980
Epoch = 57
	Training	Accuracy = 0.8025	Cost = 0.233771	Loss = 0.195732
	seen	ROC-AUC = 0.8815	PR-AUC = 0.4100	Top-1 Acc = 0.4128	Top-5 Acc = 0.6300
	unseen	ROC-AUC = 0.8591	PR-AUC = 0.3239	Top-1 Acc = 0.2919	Top-5 Acc = 0.5215
	Mean	ROC-AUC = 0.8706	PR-AUC = 0.3679	Top-1 Acc = 0.3536	Top-5 Acc = 0.5769
Epoch = 58
	Training	Accuracy = 0.8167	Cost = 0.138321	Loss = 0.100124
	seen	ROC-AUC = 0.8847	PR-AUC = 0.4482	Top-1 Acc = 0.4557	Top-5 Acc = 0.6453
	unseen	ROC-AUC = 0.8639	PR-AUC = 0.3834	Top-1 Acc = 0.3429	Top-5 Acc = 0.5423
	Mean	ROC-AUC = 0.8745	PR-AUC = 0.4165	Top-1 Acc = 0.4005	Top-5 Acc = 0.5948
Epoch = 59
	Training	Accuracy = 0.8182	Cost = 0.096825	Loss = 0.058659
	seen	ROC-AUC = 0.8840	PR-AUC = 0.4423	Top-1 Acc = 0.4633	Top-5 Acc = 0.6468
	unseen	ROC-AUC = 0.8625	PR-AUC = 0.3864	Top-1 Acc = 0.3413	Top-5 Acc = 0.5407
	Mean	ROC-AUC = 0.8735	PR-AUC = 0.4149	Top-1 Acc = 0.4036	Top-5 Acc = 0.5948
Epoch = 60
	Training	Accuracy = 0.8002	Cost = 0.267881	Loss = 0.229649
	seen	ROC-AUC = 0.8832	PR-AUC = 0.4503	Top-1 Acc = 0.4388	Top-5 Acc = 0.6560
	unseen	ROC-AUC = 0.8616	PR-AUC = 0.3564	Top-1 Acc = 0.3445	Top-5 Acc = 0.5470
	Mean	ROC-AUC = 0.8726	PR-AUC = 0.4043	Top-1 Acc = 0.3927	Top-5 Acc = 0.6027
Epoch = 61
	Training	Accuracy = 0.8186	Cost = 0.102681	Loss = 0.064392
	seen	ROC-AUC = 0.8847	PR-AUC = 0.4496	Top-1 Acc = 0.4465	Top-5 Acc = 0.6529
	unseen	ROC-AUC = 0.8661	PR-AUC = 0.3630	Top-1 Acc = 0.3477	Top-5 Acc = 0.5407
	Mean	ROC-AUC = 0.8756	PR-AUC = 0.4072	Top-1 Acc = 0.3981	Top-5 Acc = 0.5980
Epoch = 62
	Training	Accuracy = 0.8186	Cost = 0.090475	Loss = 0.052214
	seen	ROC-AUC = 0.8838	PR-AUC = 0.4458	Top-1 Acc = 0.4511	Top-5 Acc = 0.6376
	unseen	ROC-AUC = 0.8696	PR-AUC = 0.3653	Top-1 Acc = 0.3445	Top-5 Acc = 0.5439
	Mean	ROC-AUC = 0.8769	PR-AUC = 0.4064	Top-1 Acc = 0.3989	Top-5 Acc = 0.5917
Epoch = 63
	Training	Accuracy = 0.8010	Cost = 0.272425	Loss = 0.234104
	seen	ROC-AUC = 0.8858	PR-AUC = 0.4438	Top-1 Acc = 0.4480	Top-5 Acc = 0.6407
	unseen	ROC-AUC = 0.8598	PR-AUC = 0.3655	Top-1 Acc = 0.3222	Top-5 Acc = 0.5470
	Mean	ROC-AUC = 0.8731	PR-AUC = 0.4055	Top-1 Acc = 0.3864	Top-5 Acc = 0.5948
Epoch = 64
	Training	Accuracy = 0.8182	Cost = 0.108612	Loss = 0.070162
	seen	ROC-AUC = 0.8850	PR-AUC = 0.4447	Top-1 Acc = 0.4572	Top-5 Acc = 0.6498
	unseen	ROC-AUC = 0.8657	PR-AUC = 0.3639	Top-1 Acc = 0.3573	Top-5 Acc = 0.5407
	Mean	ROC-AUC = 0.8756	PR-AUC = 0.4052	Top-1 Acc = 0.4083	Top-5 Acc = 0.5964
Epoch = 65
	Training	Accuracy = 0.8182	Cost = 0.086817	Loss = 0.048436
	seen	ROC-AUC = 0.8822	PR-AUC = 0.4490	Top-1 Acc = 0.4587	Top-5 Acc = 0.6483
	unseen	ROC-AUC = 0.8685	PR-AUC = 0.3578	Top-1 Acc = 0.3493	Top-5 Acc = 0.5391
	Mean	ROC-AUC = 0.8755	PR-AUC = 0.4043	Top-1 Acc = 0.4052	Top-5 Acc = 0.5948
Epoch = 66
	Training	Accuracy = 0.8113	Cost = 0.153674	Loss = 0.115309
	seen	ROC-AUC = 0.8783	PR-AUC = 0.4067	Top-1 Acc = 0.3823	Top-5 Acc = 0.6040
	unseen	ROC-AUC = 0.8535	PR-AUC = 0.3408	Top-1 Acc = 0.2839	Top-5 Acc = 0.4833
	Mean	ROC-AUC = 0.8662	PR-AUC = 0.3744	Top-1 Acc = 0.3341	Top-5 Acc = 0.5449
Epoch = 67
	Training	Accuracy = 0.8167	Cost = 0.152320	Loss = 0.113812
	seen	ROC-AUC = 0.8815	PR-AUC = 0.4376	Top-1 Acc = 0.4526	Top-5 Acc = 0.6422
	unseen	ROC-AUC = 0.8664	PR-AUC = 0.3463	Top-1 Acc = 0.3349	Top-5 Acc = 0.5327
	Mean	ROC-AUC = 0.8741	PR-AUC = 0.3929	Top-1 Acc = 0.3950	Top-5 Acc = 0.5886
Epoch = 68
	Training	Accuracy = 0.8182	Cost = 0.083310	Loss = 0.044883
	seen	ROC-AUC = 0.8826	PR-AUC = 0.4394	Top-1 Acc = 0.4541	Top-5 Acc = 0.6498
	unseen	ROC-AUC = 0.8649	PR-AUC = 0.3539	Top-1 Acc = 0.3429	Top-5 Acc = 0.5375
	Mean	ROC-AUC = 0.8740	PR-AUC = 0.3976	Top-1 Acc = 0.3997	Top-5 Acc = 0.5948
Epoch = 69
	Training	Accuracy = 0.8182	Cost = 0.080171	Loss = 0.041785
	seen	ROC-AUC = 0.8843	PR-AUC = 0.4427	Top-1 Acc = 0.4495	Top-5 Acc = 0.6498
	unseen	ROC-AUC = 0.8654	PR-AUC = 0.3522	Top-1 Acc = 0.3477	Top-5 Acc = 0.5407
	Mean	ROC-AUC = 0.8750	PR-AUC = 0.3984	Top-1 Acc = 0.3997	Top-5 Acc = 0.5964
Epoch = 70
	Training	Accuracy = 0.8021	Cost = 0.251827	Loss = 0.213309
	seen	ROC-AUC = 0.8829	PR-AUC = 0.4448	Top-1 Acc = 0.4572	Top-5 Acc = 0.6529
	unseen	ROC-AUC = 0.8737	PR-AUC = 0.3759	Top-1 Acc = 0.3525	Top-5 Acc = 0.5407
	Mean	ROC-AUC = 0.8784	PR-AUC = 0.4111	Top-1 Acc = 0.4059	Top-5 Acc = 0.5980
Epoch = 71
	Training	Accuracy = 0.8182	Cost = 0.080668	Loss = 0.042198
	seen	ROC-AUC = 0.8818	PR-AUC = 0.4488	Top-1 Acc = 0.4602	Top-5 Acc = 0.6544
	unseen	ROC-AUC = 0.8683	PR-AUC = 0.3684	Top-1 Acc = 0.3477	Top-5 Acc = 0.5375
	Mean	ROC-AUC = 0.8752	PR-AUC = 0.4094	Top-1 Acc = 0.4052	Top-5 Acc = 0.5972
Epoch = 72
	Training	Accuracy = 0.8182	Cost = 0.075420	Loss = 0.037018
	seen	ROC-AUC = 0.8825	PR-AUC = 0.4502	Top-1 Acc = 0.4633	Top-5 Acc = 0.6483
	unseen	ROC-AUC = 0.8628	PR-AUC = 0.3677	Top-1 Acc = 0.3381	Top-5 Acc = 0.5375
	Mean	ROC-AUC = 0.8729	PR-AUC = 0.4099	Top-1 Acc = 0.4020	Top-5 Acc = 0.5941
Epoch = 73
	Training	Accuracy = 0.8006	Cost = 0.228843	Loss = 0.190418
	seen	ROC-AUC = 0.8765	PR-AUC = 0.4426	Top-1 Acc = 0.4557	Top-5 Acc = 0.6407
	unseen	ROC-AUC = 0.8679	PR-AUC = 0.3311	Top-1 Acc = 0.3381	Top-5 Acc = 0.5470
	Mean	ROC-AUC = 0.8723	PR-AUC = 0.3880	Top-1 Acc = 0.3981	Top-5 Acc = 0.5948
Epoch = 74
	Training	Accuracy = 0.8182	Cost = 0.085030	Loss = 0.046579
	seen	ROC-AUC = 0.8803	PR-AUC = 0.4500	Top-1 Acc = 0.4602	Top-5 Acc = 0.6544
	unseen	ROC-AUC = 0.8654	PR-AUC = 0.3676	Top-1 Acc = 0.3525	Top-5 Acc = 0.5327
	Mean	ROC-AUC = 0.8730	PR-AUC = 0.4097	Top-1 Acc = 0.4075	Top-5 Acc = 0.5948
Epoch = 75
	Training	Accuracy = 0.8182	Cost = 0.073271	Loss = 0.034900
	seen	ROC-AUC = 0.8801	PR-AUC = 0.4512	Top-1 Acc = 0.4541	Top-5 Acc = 0.6544
	unseen	ROC-AUC = 0.8659	PR-AUC = 0.3654	Top-1 Acc = 0.3445	Top-5 Acc = 0.5295
	Mean	ROC-AUC = 0.8731	PR-AUC = 0.4092	Top-1 Acc = 0.4005	Top-5 Acc = 0.5933
Epoch = 76
	Training	Accuracy = 0.8174	Cost = 0.081685	Loss = 0.043365
	seen	ROC-AUC = 0.8732	PR-AUC = 0.4247	Top-1 Acc = 0.4037	Top-5 Acc = 0.5948
	unseen	ROC-AUC = 0.8549	PR-AUC = 0.3083	Top-1 Acc = 0.2871	Top-5 Acc = 0.5088
	Mean	ROC-AUC = 0.8642	PR-AUC = 0.3677	Top-1 Acc = 0.3466	Top-5 Acc = 0.5527
Epoch = 77
	Training	Accuracy = 0.8102	Cost = 0.186367	Loss = 0.147945
	seen	ROC-AUC = 0.8808	PR-AUC = 0.4517	Top-1 Acc = 0.4602	Top-5 Acc = 0.6483
	unseen	ROC-AUC = 0.8656	PR-AUC = 0.3533	Top-1 Acc = 0.3477	Top-5 Acc = 0.5375
	Mean	ROC-AUC = 0.8733	PR-AUC = 0.4035	Top-1 Acc = 0.4052	Top-5 Acc = 0.5941
Epoch = 78
	Training	Accuracy = 0.8182	Cost = 0.073444	Loss = 0.035122
	seen	ROC-AUC = 0.8793	PR-AUC = 0.4491	Top-1 Acc = 0.4572	Top-5 Acc = 0.6514
	unseen	ROC-AUC = 0.8645	PR-AUC = 0.3616	Top-1 Acc = 0.3477	Top-5 Acc = 0.5311
	Mean	ROC-AUC = 0.8721	PR-AUC = 0.4063	Top-1 Acc = 0.4036	Top-5 Acc = 0.5925
Epoch = 79
	Training	Accuracy = 0.8186	Cost = 0.069673	Loss = 0.031424
	seen	ROC-AUC = 0.8809	PR-AUC = 0.4469	Top-1 Acc = 0.4511	Top-5 Acc = 0.6468
	unseen	ROC-AUC = 0.8644	PR-AUC = 0.3805	Top-1 Acc = 0.3429	Top-5 Acc = 0.5327
	Mean	ROC-AUC = 0.8728	PR-AUC = 0.4144	Top-1 Acc = 0.3981	Top-5 Acc = 0.5909
Epoch = 80
	Training	Accuracy = 0.7934	Cost = 0.269127	Loss = 0.230842
	seen	ROC-AUC = 0.8794	PR-AUC = 0.4371	Top-1 Acc = 0.4465	Top-5 Acc = 0.6498
	unseen	ROC-AUC = 0.8556	PR-AUC = 0.3482	Top-1 Acc = 0.3333	Top-5 Acc = 0.5423
	Mean	ROC-AUC = 0.8677	PR-AUC = 0.3936	Top-1 Acc = 0.3911	Top-5 Acc = 0.5972
Epoch = 81
	Training	Accuracy = 0.8186	Cost = 0.080264	Loss = 0.041946
	seen	ROC-AUC = 0.8811	PR-AUC = 0.4418	Top-1 Acc = 0.4557	Top-5 Acc = 0.6529
	unseen	ROC-AUC = 0.8575	PR-AUC = 0.3765	Top-1 Acc = 0.3413	Top-5 Acc = 0.5343
	Mean	ROC-AUC = 0.8696	PR-AUC = 0.4098	Top-1 Acc = 0.3997	Top-5 Acc = 0.5948
Epoch = 82
	Training	Accuracy = 0.8182	Cost = 0.068400	Loss = 0.030199
	seen	ROC-AUC = 0.8798	PR-AUC = 0.4478	Top-1 Acc = 0.4480	Top-5 Acc = 0.6575
	unseen	ROC-AUC = 0.8591	PR-AUC = 0.3681	Top-1 Acc = 0.3445	Top-5 Acc = 0.5391
	Mean	ROC-AUC = 0.8697	PR-AUC = 0.4088	Top-1 Acc = 0.3973	Top-5 Acc = 0.5995
Epoch = 83
	Training	Accuracy = 0.8182	Cost = 0.065958	Loss = 0.027839
	seen	ROC-AUC = 0.8786	PR-AUC = 0.4478	Top-1 Acc = 0.4480	Top-5 Acc = 0.6483
	unseen	ROC-AUC = 0.8595	PR-AUC = 0.3737	Top-1 Acc = 0.3317	Top-5 Acc = 0.5311
	Mean	ROC-AUC = 0.8693	PR-AUC = 0.4115	Top-1 Acc = 0.3911	Top-5 Acc = 0.5909
Epoch = 84
	Training	Accuracy = 0.7960	Cost = 0.283061	Loss = 0.244880
	seen	ROC-AUC = 0.8781	PR-AUC = 0.4551	Top-1 Acc = 0.4587	Top-5 Acc = 0.6697
	unseen	ROC-AUC = 0.8600	PR-AUC = 0.3555	Top-1 Acc = 0.3557	Top-5 Acc = 0.5455
	Mean	ROC-AUC = 0.8692	PR-AUC = 0.4063	Top-1 Acc = 0.4083	Top-5 Acc = 0.6089
Epoch = 85
	Training	Accuracy = 0.8182	Cost = 0.073247	Loss = 0.035071
	seen	ROC-AUC = 0.8779	PR-AUC = 0.4564	Top-1 Acc = 0.4541	Top-5 Acc = 0.6636
	unseen	ROC-AUC = 0.8566	PR-AUC = 0.3611	Top-1 Acc = 0.3477	Top-5 Acc = 0.5375
	Mean	ROC-AUC = 0.8675	PR-AUC = 0.4098	Top-1 Acc = 0.4020	Top-5 Acc = 0.6019
Epoch = 86
	Training	Accuracy = 0.8182	Cost = 0.065660	Loss = 0.027601
	seen	ROC-AUC = 0.8779	PR-AUC = 0.4535	Top-1 Acc = 0.4664	Top-5 Acc = 0.6560
	unseen	ROC-AUC = 0.8592	PR-AUC = 0.3598	Top-1 Acc = 0.3477	Top-5 Acc = 0.5375
	Mean	ROC-AUC = 0.8687	PR-AUC = 0.4076	Top-1 Acc = 0.4083	Top-5 Acc = 0.5980
Epoch = 87
	Training	Accuracy = 0.8186	Cost = 0.063894	Loss = 0.025921
	seen	ROC-AUC = 0.8784	PR-AUC = 0.4517	Top-1 Acc = 0.4602	Top-5 Acc = 0.6498
	unseen	ROC-AUC = 0.8592	PR-AUC = 0.3565	Top-1 Acc = 0.3445	Top-5 Acc = 0.5295
	Mean	ROC-AUC = 0.8690	PR-AUC = 0.4051	Top-1 Acc = 0.4036	Top-5 Acc = 0.5909
Epoch = 88
	Training	Accuracy = 0.8018	Cost = 0.250747	Loss = 0.212722
	seen	ROC-AUC = 0.8787	PR-AUC = 0.4546	Top-1 Acc = 0.4648	Top-5 Acc = 0.6498
	unseen	ROC-AUC = 0.8721	PR-AUC = 0.3585	Top-1 Acc = 0.3333	Top-5 Acc = 0.5327
	Mean	ROC-AUC = 0.8755	PR-AUC = 0.4076	Top-1 Acc = 0.4005	Top-5 Acc = 0.5925
Epoch = 89
	Training	Accuracy = 0.8186	Cost = 0.070210	Loss = 0.032181
	seen	ROC-AUC = 0.8770	PR-AUC = 0.4554	Top-1 Acc = 0.4633	Top-5 Acc = 0.6544
	unseen	ROC-AUC = 0.8648	PR-AUC = 0.3668	Top-1 Acc = 0.3509	Top-5 Acc = 0.5359
	Mean	ROC-AUC = 0.8710	PR-AUC = 0.4121	Top-1 Acc = 0.4083	Top-5 Acc = 0.5964
Epoch = 90
	Training	Accuracy = 0.8186	Cost = 0.063399	Loss = 0.025488
	seen	ROC-AUC = 0.8796	PR-AUC = 0.4522	Top-1 Acc = 0.4602	Top-5 Acc = 0.6498
	unseen	ROC-AUC = 0.8623	PR-AUC = 0.3624	Top-1 Acc = 0.3477	Top-5 Acc = 0.5391
	Mean	ROC-AUC = 0.8711	PR-AUC = 0.4082	Top-1 Acc = 0.4052	Top-5 Acc = 0.5956
Epoch = 91
	Training	Accuracy = 0.8186	Cost = 0.061669	Loss = 0.023849
	seen	ROC-AUC = 0.8765	PR-AUC = 0.4504	Top-1 Acc = 0.4526	Top-5 Acc = 0.6544
	unseen	ROC-AUC = 0.8645	PR-AUC = 0.3657	Top-1 Acc = 0.3445	Top-5 Acc = 0.5327
	Mean	ROC-AUC = 0.8706	PR-AUC = 0.4090	Top-1 Acc = 0.3997	Top-5 Acc = 0.5948
Epoch = 92
	Training	Accuracy = 0.8040	Cost = 0.217951	Loss = 0.180082
	seen	ROC-AUC = 0.8810	PR-AUC = 0.4594	Top-1 Acc = 0.4709	Top-5 Acc = 0.6422
	unseen	ROC-AUC = 0.8684	PR-AUC = 0.3753	Top-1 Acc = 0.3477	Top-5 Acc = 0.5407
	Mean	ROC-AUC = 0.8748	PR-AUC = 0.4182	Top-1 Acc = 0.4106	Top-5 Acc = 0.5925
Epoch = 93
	Training	Accuracy = 0.8186	Cost = 0.066838	Loss = 0.028999
	seen	ROC-AUC = 0.8794	PR-AUC = 0.4581	Top-1 Acc = 0.4740	Top-5 Acc = 0.6453
	unseen	ROC-AUC = 0.8673	PR-AUC = 0.3621	Top-1 Acc = 0.3413	Top-5 Acc = 0.5375
	Mean	ROC-AUC = 0.8735	PR-AUC = 0.4111	Top-1 Acc = 0.4091	Top-5 Acc = 0.5925
Epoch = 94
	Training	Accuracy = 0.8186	Cost = 0.061147	Loss = 0.023416
	seen	ROC-AUC = 0.8806	PR-AUC = 0.4554	Top-1 Acc = 0.4740	Top-5 Acc = 0.6453
	unseen	ROC-AUC = 0.8653	PR-AUC = 0.3615	Top-1 Acc = 0.3461	Top-5 Acc = 0.5311
	Mean	ROC-AUC = 0.8731	PR-AUC = 0.4094	Top-1 Acc = 0.4114	Top-5 Acc = 0.5894
Epoch = 95
	Training	Accuracy = 0.8186	Cost = 0.059736	Loss = 0.022091
	seen	ROC-AUC = 0.8787	PR-AUC = 0.4569	Top-1 Acc = 0.4709	Top-5 Acc = 0.6468
	unseen	ROC-AUC = 0.8625	PR-AUC = 0.3699	Top-1 Acc = 0.3557	Top-5 Acc = 0.5279
	Mean	ROC-AUC = 0.8708	PR-AUC = 0.4143	Top-1 Acc = 0.4145	Top-5 Acc = 0.5886
Epoch = 96
	Training	Accuracy = 0.7983	Cost = 0.237607	Loss = 0.199966
	seen	ROC-AUC = 0.8818	PR-AUC = 0.4406	Top-1 Acc = 0.4373	Top-5 Acc = 0.6651
	unseen	ROC-AUC = 0.8622	PR-AUC = 0.3853	Top-1 Acc = 0.3525	Top-5 Acc = 0.5423
	Mean	ROC-AUC = 0.8722	PR-AUC = 0.4135	Top-1 Acc = 0.3958	Top-5 Acc = 0.6050
Epoch = 97
	Training	Accuracy = 0.8182	Cost = 0.073064	Loss = 0.035363
	seen	ROC-AUC = 0.8797	PR-AUC = 0.4520	Top-1 Acc = 0.4572	Top-5 Acc = 0.6606
	unseen	ROC-AUC = 0.8599	PR-AUC = 0.3830	Top-1 Acc = 0.3541	Top-5 Acc = 0.5455
	Mean	ROC-AUC = 0.8700	PR-AUC = 0.4182	Top-1 Acc = 0.4067	Top-5 Acc = 0.6042
Epoch = 98
	Training	Accuracy = 0.8182	Cost = 0.061047	Loss = 0.023485
	seen	ROC-AUC = 0.8775	PR-AUC = 0.4507	Top-1 Acc = 0.4557	Top-5 Acc = 0.6560
	unseen	ROC-AUC = 0.8598	PR-AUC = 0.3760	Top-1 Acc = 0.3525	Top-5 Acc = 0.5470
	Mean	ROC-AUC = 0.8688	PR-AUC = 0.4142	Top-1 Acc = 0.4052	Top-5 Acc = 0.6027
Epoch = 99
	Training	Accuracy = 0.8182	Cost = 0.058376	Loss = 0.020921
	seen	ROC-AUC = 0.8776	PR-AUC = 0.4523	Top-1 Acc = 0.4541	Top-5 Acc = 0.6560
	unseen	ROC-AUC = 0.8598	PR-AUC = 0.3691	Top-1 Acc = 0.3525	Top-5 Acc = 0.5359
	Mean	ROC-AUC = 0.8689	PR-AUC = 0.4116	Top-1 Acc = 0.4044	Top-5 Acc = 0.5972
Epoch = 100
	Training	Accuracy = 0.8044	Cost = 0.189189	Loss = 0.151814
	seen	ROC-AUC = 0.8750	PR-AUC = 0.4262	Top-1 Acc = 0.4021	Top-5 Acc = 0.6254
	unseen	ROC-AUC = 0.8504	PR-AUC = 0.3371	Top-1 Acc = 0.2807	Top-5 Acc = 0.4753
	Mean	ROC-AUC = 0.8630	PR-AUC = 0.3826	Top-1 Acc = 0.3427	Top-5 Acc = 0.5519
