Epoch = 1
	Training	Accuracy = 0.0430	Cost = 4.626195	Loss = 4.576367
	seen	ROC-AUC = 0.7211	PR-AUC = 0.0349	Top-1 Acc = 0.0507	Top-5 Acc = 0.1917
	unseen	ROC-AUC = 0.6729	PR-AUC = 0.0755	Top-1 Acc = 0.0585	Top-5 Acc = 0.1986
	Mean	ROC-AUC = 0.6942	PR-AUC = 0.0576	Top-1 Acc = 0.0550	Top-5 Acc = 0.1956
Epoch = 2
	Training	Accuracy = 0.0827	Cost = 2.799612	Loss = 2.749909
	seen	ROC-AUC = 0.6911	PR-AUC = 0.0439	Top-1 Acc = 0.0430	Top-5 Acc = 0.1661
	unseen	ROC-AUC = 0.7075	PR-AUC = 0.0881	Top-1 Acc = 0.0365	Top-5 Acc = 0.1561
	Mean	ROC-AUC = 0.7003	PR-AUC = 0.0686	Top-1 Acc = 0.0394	Top-5 Acc = 0.1605
Epoch = 3
	Training	Accuracy = 0.1115	Cost = 2.548826	Loss = 2.499431
	seen	ROC-AUC = 0.8335	PR-AUC = 0.0625	Top-1 Acc = 0.0779	Top-5 Acc = 0.2669
	unseen	ROC-AUC = 0.8029	PR-AUC = 0.1270	Top-1 Acc = 0.0860	Top-5 Acc = 0.2343
	Mean	ROC-AUC = 0.8164	PR-AUC = 0.0985	Top-1 Acc = 0.0824	Top-5 Acc = 0.2487
Epoch = 4
	Training	Accuracy = 0.1402	Cost = 2.457834	Loss = 2.409145
	seen	ROC-AUC = 0.8371	PR-AUC = 0.0972	Top-1 Acc = 0.0763	Top-5 Acc = 0.2609
	unseen	ROC-AUC = 0.7453	PR-AUC = 0.1338	Top-1 Acc = 0.0813	Top-5 Acc = 0.2132
	Mean	ROC-AUC = 0.7858	PR-AUC = 0.1176	Top-1 Acc = 0.0790	Top-5 Acc = 0.2343
Epoch = 5
	Training	Accuracy = 0.1612	Cost = 2.378080	Loss = 2.330387
	seen	ROC-AUC = 0.8689	PR-AUC = 0.1262	Top-1 Acc = 0.1046	Top-5 Acc = 0.3121
	unseen	ROC-AUC = 0.7878	PR-AUC = 0.1479	Top-1 Acc = 0.0778	Top-5 Acc = 0.2704
	Mean	ROC-AUC = 0.8236	PR-AUC = 0.1383	Top-1 Acc = 0.0896	Top-5 Acc = 0.2888
Epoch = 6
	Training	Accuracy = 0.1734	Cost = 2.358419	Loss = 2.311881
	seen	ROC-AUC = 0.9006	PR-AUC = 0.1527	Top-1 Acc = 0.1095	Top-5 Acc = 0.3431
	unseen	ROC-AUC = 0.8182	PR-AUC = 0.1675	Top-1 Acc = 0.0916	Top-5 Acc = 0.2696
	Mean	ROC-AUC = 0.8545	PR-AUC = 0.1610	Top-1 Acc = 0.0995	Top-5 Acc = 0.3020
Epoch = 7
	Training	Accuracy = 0.1964	Cost = 2.273835	Loss = 2.228447
	seen	ROC-AUC = 0.9181	PR-AUC = 0.1781	Top-1 Acc = 0.1394	Top-5 Acc = 0.3878
	unseen	ROC-AUC = 0.8407	PR-AUC = 0.1775	Top-1 Acc = 0.0985	Top-5 Acc = 0.2743
	Mean	ROC-AUC = 0.8748	PR-AUC = 0.1778	Top-1 Acc = 0.1165	Top-5 Acc = 0.3244
Epoch = 8
	Training	Accuracy = 0.2021	Cost = 2.250034	Loss = 2.205820
	seen	ROC-AUC = 0.9172	PR-AUC = 0.1848	Top-1 Acc = 0.1068	Top-5 Acc = 0.3660
	unseen	ROC-AUC = 0.8258	PR-AUC = 0.1793	Top-1 Acc = 0.0834	Top-5 Acc = 0.2700
	Mean	ROC-AUC = 0.8661	PR-AUC = 0.1817	Top-1 Acc = 0.0937	Top-5 Acc = 0.3123
Epoch = 9
	Training	Accuracy = 0.2165	Cost = 2.223647	Loss = 2.180576
	seen	ROC-AUC = 0.8758	PR-AUC = 0.1679	Top-1 Acc = 0.0839	Top-5 Acc = 0.3164
	unseen	ROC-AUC = 0.8102	PR-AUC = 0.1548	Top-1 Acc = 0.0851	Top-5 Acc = 0.2373
	Mean	ROC-AUC = 0.8392	PR-AUC = 0.1606	Top-1 Acc = 0.0846	Top-5 Acc = 0.2722
Epoch = 10
	Training	Accuracy = 0.2288	Cost = 2.204155	Loss = 2.162231
	seen	ROC-AUC = 0.9373	PR-AUC = 0.2458	Top-1 Acc = 0.1160	Top-5 Acc = 0.4156
	unseen	ROC-AUC = 0.8641	PR-AUC = 0.2121	Top-1 Acc = 0.0933	Top-5 Acc = 0.3216
	Mean	ROC-AUC = 0.8964	PR-AUC = 0.2270	Top-1 Acc = 0.1033	Top-5 Acc = 0.3630
Epoch = 11
	Training	Accuracy = 0.2481	Cost = 2.194881	Loss = 2.153973
	seen	ROC-AUC = 0.9384	PR-AUC = 0.2519	Top-1 Acc = 0.1334	Top-5 Acc = 0.4227
	unseen	ROC-AUC = 0.8377	PR-AUC = 0.1806	Top-1 Acc = 0.0873	Top-5 Acc = 0.2760
	Mean	ROC-AUC = 0.8821	PR-AUC = 0.2121	Top-1 Acc = 0.1076	Top-5 Acc = 0.3407
Epoch = 12
	Training	Accuracy = 0.2636	Cost = 2.182512	Loss = 2.142634
	seen	ROC-AUC = 0.8514	PR-AUC = 0.1917	Top-1 Acc = 0.1100	Top-5 Acc = 0.3263
	unseen	ROC-AUC = 0.7046	PR-AUC = 0.1433	Top-1 Acc = 0.0881	Top-5 Acc = 0.2678
	Mean	ROC-AUC = 0.7694	PR-AUC = 0.1647	Top-1 Acc = 0.0978	Top-5 Acc = 0.2936
Epoch = 13
	Training	Accuracy = 0.2905	Cost = 2.169983	Loss = 2.131019
	seen	ROC-AUC = 0.8892	PR-AUC = 0.1731	Top-1 Acc = 0.0991	Top-5 Acc = 0.3088
	unseen	ROC-AUC = 0.8281	PR-AUC = 0.1683	Top-1 Acc = 0.0555	Top-5 Acc = 0.2300
	Mean	ROC-AUC = 0.8551	PR-AUC = 0.1704	Top-1 Acc = 0.0747	Top-5 Acc = 0.2648
Epoch = 14
	Training	Accuracy = 0.2880	Cost = 2.173110	Loss = 2.134973
	seen	ROC-AUC = 0.9449	PR-AUC = 0.2722	Top-1 Acc = 0.1253	Top-5 Acc = 0.4031
	unseen	ROC-AUC = 0.8680	PR-AUC = 0.2065	Top-1 Acc = 0.0692	Top-5 Acc = 0.2498
	Mean	ROC-AUC = 0.9019	PR-AUC = 0.2355	Top-1 Acc = 0.0939	Top-5 Acc = 0.3174
Epoch = 15
	Training	Accuracy = 0.3125	Cost = 2.148590	Loss = 2.111171
	seen	ROC-AUC = 0.8838	PR-AUC = 0.2077	Top-1 Acc = 0.1476	Top-5 Acc = 0.4096
	unseen	ROC-AUC = 0.7584	PR-AUC = 0.1352	Top-1 Acc = 0.0791	Top-5 Acc = 0.3087
	Mean	ROC-AUC = 0.8137	PR-AUC = 0.1672	Top-1 Acc = 0.1093	Top-5 Acc = 0.3532
Epoch = 16
	Training	Accuracy = 0.3186	Cost = 2.145597	Loss = 2.108823
	seen	ROC-AUC = 0.9061	PR-AUC = 0.2001	Top-1 Acc = 0.0937	Top-5 Acc = 0.3012
	unseen	ROC-AUC = 0.8151	PR-AUC = 0.1883	Top-1 Acc = 0.0658	Top-5 Acc = 0.2051
	Mean	ROC-AUC = 0.8553	PR-AUC = 0.1935	Top-1 Acc = 0.0781	Top-5 Acc = 0.2475
Epoch = 17
	Training	Accuracy = 0.3270	Cost = 2.148545	Loss = 2.112302
	seen	ROC-AUC = 0.9346	PR-AUC = 0.2543	Top-1 Acc = 0.1383	Top-5 Acc = 0.3916
	unseen	ROC-AUC = 0.8590	PR-AUC = 0.1997	Top-1 Acc = 0.1096	Top-5 Acc = 0.2868
	Mean	ROC-AUC = 0.8924	PR-AUC = 0.2238	Top-1 Acc = 0.1223	Top-5 Acc = 0.3330
Epoch = 18
	Training	Accuracy = 0.3462	Cost = 2.131049	Loss = 2.095251
	seen	ROC-AUC = 0.9292	PR-AUC = 0.2491	Top-1 Acc = 0.1400	Top-5 Acc = 0.3715
	unseen	ROC-AUC = 0.8533	PR-AUC = 0.1888	Top-1 Acc = 0.0671	Top-5 Acc = 0.2416
	Mean	ROC-AUC = 0.8868	PR-AUC = 0.2154	Top-1 Acc = 0.0992	Top-5 Acc = 0.2989
Epoch = 19
	Training	Accuracy = 0.3579	Cost = 2.127750	Loss = 2.092324
	seen	ROC-AUC = 0.9508	PR-AUC = 0.3262	Top-1 Acc = 0.1819	Top-5 Acc = 0.4679
	unseen	ROC-AUC = 0.8659	PR-AUC = 0.2238	Top-1 Acc = 0.0774	Top-5 Acc = 0.3435
	Mean	ROC-AUC = 0.9033	PR-AUC = 0.2690	Top-1 Acc = 0.1235	Top-5 Acc = 0.3984
Epoch = 20
	Training	Accuracy = 0.3770	Cost = 2.112066	Loss = 2.076976
	seen	ROC-AUC = 0.9497	PR-AUC = 0.3286	Top-1 Acc = 0.1879	Top-5 Acc = 0.4777
	unseen	ROC-AUC = 0.8807	PR-AUC = 0.2418	Top-1 Acc = 0.1028	Top-5 Acc = 0.3525
	Mean	ROC-AUC = 0.9111	PR-AUC = 0.2801	Top-1 Acc = 0.1403	Top-5 Acc = 0.4077
Epoch = 21
	Training	Accuracy = 0.3897	Cost = 2.114912	Loss = 2.080027
	seen	ROC-AUC = 0.9491	PR-AUC = 0.3252	Top-1 Acc = 0.2141	Top-5 Acc = 0.4891
	unseen	ROC-AUC = 0.8878	PR-AUC = 0.2317	Top-1 Acc = 0.1032	Top-5 Acc = 0.3633
	Mean	ROC-AUC = 0.9148	PR-AUC = 0.2730	Top-1 Acc = 0.1521	Top-5 Acc = 0.4188
Epoch = 22
	Training	Accuracy = 0.4078	Cost = 2.098036	Loss = 2.063332
	seen	ROC-AUC = 0.9504	PR-AUC = 0.3299	Top-1 Acc = 0.2042	Top-5 Acc = 0.4760
	unseen	ROC-AUC = 0.8429	PR-AUC = 0.2143	Top-1 Acc = 0.0636	Top-5 Acc = 0.3353
	Mean	ROC-AUC = 0.8903	PR-AUC = 0.2653	Top-1 Acc = 0.1257	Top-5 Acc = 0.3974
Epoch = 23
	Training	Accuracy = 0.4247	Cost = 2.091533	Loss = 2.056933
	seen	ROC-AUC = 0.9634	PR-AUC = 0.3778	Top-1 Acc = 0.2097	Top-5 Acc = 0.5261
	unseen	ROC-AUC = 0.9050	PR-AUC = 0.2478	Top-1 Acc = 0.1053	Top-5 Acc = 0.3616
	Mean	ROC-AUC = 0.9308	PR-AUC = 0.3051	Top-1 Acc = 0.1514	Top-5 Acc = 0.4342
Epoch = 24
	Training	Accuracy = 0.4258	Cost = 2.068300	Loss = 2.033764
	seen	ROC-AUC = 0.9485	PR-AUC = 0.3492	Top-1 Acc = 0.2217	Top-5 Acc = 0.5114
	unseen	ROC-AUC = 0.8704	PR-AUC = 0.2136	Top-1 Acc = 0.0748	Top-5 Acc = 0.3340
	Mean	ROC-AUC = 0.9049	PR-AUC = 0.2735	Top-1 Acc = 0.1396	Top-5 Acc = 0.4123
Epoch = 25
	Training	Accuracy = 0.4287	Cost = 2.077578	Loss = 2.043036
	seen	ROC-AUC = 0.9560	PR-AUC = 0.3541	Top-1 Acc = 0.2124	Top-5 Acc = 0.5076
	unseen	ROC-AUC = 0.9007	PR-AUC = 0.2616	Top-1 Acc = 0.0890	Top-5 Acc = 0.3659
	Mean	ROC-AUC = 0.9251	PR-AUC = 0.3024	Top-1 Acc = 0.1434	Top-5 Acc = 0.4284
Epoch = 26
	Training	Accuracy = 0.4498	Cost = 2.055185	Loss = 2.020585
	seen	ROC-AUC = 0.9572	PR-AUC = 0.3795	Top-1 Acc = 0.2647	Top-5 Acc = 0.5746
	unseen	ROC-AUC = 0.8821	PR-AUC = 0.2522	Top-1 Acc = 0.0817	Top-5 Acc = 0.3839
	Mean	ROC-AUC = 0.9152	PR-AUC = 0.3084	Top-1 Acc = 0.1624	Top-5 Acc = 0.4680
Epoch = 27
	Training	Accuracy = 0.4645	Cost = 2.055108	Loss = 2.020398
	seen	ROC-AUC = 0.9310	PR-AUC = 0.3379	Top-1 Acc = 0.2674	Top-5 Acc = 0.5354
	unseen	ROC-AUC = 0.8231	PR-AUC = 0.2016	Top-1 Acc = 0.0993	Top-5 Acc = 0.3835
	Mean	ROC-AUC = 0.8707	PR-AUC = 0.2617	Top-1 Acc = 0.1735	Top-5 Acc = 0.4505
Epoch = 28
	Training	Accuracy = 0.4748	Cost = 2.050152	Loss = 2.015344
	seen	ROC-AUC = 0.9116	PR-AUC = 0.3088	Top-1 Acc = 0.2696	Top-5 Acc = 0.4984
	unseen	ROC-AUC = 0.8540	PR-AUC = 0.2014	Top-1 Acc = 0.0899	Top-5 Acc = 0.3388
	Mean	ROC-AUC = 0.8794	PR-AUC = 0.2488	Top-1 Acc = 0.1691	Top-5 Acc = 0.4092
Epoch = 29
	Training	Accuracy = 0.4841	Cost = 2.034142	Loss = 1.999161
	seen	ROC-AUC = 0.9593	PR-AUC = 0.3951	Top-1 Acc = 0.2680	Top-5 Acc = 0.5381
	unseen	ROC-AUC = 0.9087	PR-AUC = 0.2696	Top-1 Acc = 0.1144	Top-5 Acc = 0.3788
	Mean	ROC-AUC = 0.9310	PR-AUC = 0.3249	Top-1 Acc = 0.1821	Top-5 Acc = 0.4491
Epoch = 30
	Training	Accuracy = 0.4925	Cost = 2.023983	Loss = 1.988847
	seen	ROC-AUC = 0.9607	PR-AUC = 0.3795	Top-1 Acc = 0.2614	Top-5 Acc = 0.5588
	unseen	ROC-AUC = 0.9055	PR-AUC = 0.2641	Top-1 Acc = 0.0825	Top-5 Acc = 0.4033
	Mean	ROC-AUC = 0.9298	PR-AUC = 0.3150	Top-1 Acc = 0.1615	Top-5 Acc = 0.4719
Epoch = 31
	Training	Accuracy = 0.4938	Cost = 2.020167	Loss = 1.984820
	seen	ROC-AUC = 0.9641	PR-AUC = 0.4202	Top-1 Acc = 0.2887	Top-5 Acc = 0.5757
	unseen	ROC-AUC = 0.9046	PR-AUC = 0.2716	Top-1 Acc = 0.0903	Top-5 Acc = 0.4084
	Mean	ROC-AUC = 0.9308	PR-AUC = 0.3372	Top-1 Acc = 0.1778	Top-5 Acc = 0.4822
Epoch = 32
	Training	Accuracy = 0.5012	Cost = 2.010888	Loss = 1.975308
	seen	ROC-AUC = 0.9666	PR-AUC = 0.4215	Top-1 Acc = 0.2996	Top-5 Acc = 0.6149
	unseen	ROC-AUC = 0.9126	PR-AUC = 0.2817	Top-1 Acc = 0.1148	Top-5 Acc = 0.4433
	Mean	ROC-AUC = 0.9364	PR-AUC = 0.3434	Top-1 Acc = 0.1963	Top-5 Acc = 0.5190
Epoch = 33
	Training	Accuracy = 0.5218	Cost = 1.996320	Loss = 1.960484
	seen	ROC-AUC = 0.9696	PR-AUC = 0.4388	Top-1 Acc = 0.2854	Top-5 Acc = 0.5997
	unseen	ROC-AUC = 0.9158	PR-AUC = 0.2814	Top-1 Acc = 0.0954	Top-5 Acc = 0.4205
	Mean	ROC-AUC = 0.9395	PR-AUC = 0.3508	Top-1 Acc = 0.1792	Top-5 Acc = 0.4995
Epoch = 34
	Training	Accuracy = 0.5285	Cost = 1.983133	Loss = 1.947036
	seen	ROC-AUC = 0.9575	PR-AUC = 0.3869	Top-1 Acc = 0.2941	Top-5 Acc = 0.5572
	unseen	ROC-AUC = 0.9012	PR-AUC = 0.2594	Top-1 Acc = 0.0954	Top-5 Acc = 0.4368
	Mean	ROC-AUC = 0.9260	PR-AUC = 0.3157	Top-1 Acc = 0.1831	Top-5 Acc = 0.4899
Epoch = 35
	Training	Accuracy = 0.5345	Cost = 1.988661	Loss = 1.952285
	seen	ROC-AUC = 0.9686	PR-AUC = 0.4351	Top-1 Acc = 0.3121	Top-5 Acc = 0.5855
	unseen	ROC-AUC = 0.9166	PR-AUC = 0.2897	Top-1 Acc = 0.1436	Top-5 Acc = 0.4488
	Mean	ROC-AUC = 0.9395	PR-AUC = 0.3539	Top-1 Acc = 0.2179	Top-5 Acc = 0.5091
Epoch = 36
	Training	Accuracy = 0.5400	Cost = 1.970983	Loss = 1.934288
	seen	ROC-AUC = 0.9699	PR-AUC = 0.4618	Top-1 Acc = 0.3464	Top-5 Acc = 0.6362
	unseen	ROC-AUC = 0.9052	PR-AUC = 0.2786	Top-1 Acc = 0.0856	Top-5 Acc = 0.4699
	Mean	ROC-AUC = 0.9337	PR-AUC = 0.3594	Top-1 Acc = 0.2006	Top-5 Acc = 0.5432
Epoch = 37
	Training	Accuracy = 0.5430	Cost = 1.972125	Loss = 1.935111
	seen	ROC-AUC = 0.9693	PR-AUC = 0.4552	Top-1 Acc = 0.3404	Top-5 Acc = 0.6182
	unseen	ROC-AUC = 0.9130	PR-AUC = 0.2956	Top-1 Acc = 0.0959	Top-5 Acc = 0.4733
	Mean	ROC-AUC = 0.9378	PR-AUC = 0.3660	Top-1 Acc = 0.2037	Top-5 Acc = 0.5372
Epoch = 38
	Training	Accuracy = 0.5582	Cost = 1.954313	Loss = 1.916986
	seen	ROC-AUC = 0.9706	PR-AUC = 0.4560	Top-1 Acc = 0.3513	Top-5 Acc = 0.6084
	unseen	ROC-AUC = 0.9141	PR-AUC = 0.2855	Top-1 Acc = 0.1509	Top-5 Acc = 0.4536
	Mean	ROC-AUC = 0.9390	PR-AUC = 0.3607	Top-1 Acc = 0.2393	Top-5 Acc = 0.5219
Epoch = 39
	Training	Accuracy = 0.5691	Cost = 1.948790	Loss = 1.911111
	seen	ROC-AUC = 0.9650	PR-AUC = 0.4499	Top-1 Acc = 0.3595	Top-5 Acc = 0.6340
	unseen	ROC-AUC = 0.9053	PR-AUC = 0.2771	Top-1 Acc = 0.0929	Top-5 Acc = 0.4721
	Mean	ROC-AUC = 0.9317	PR-AUC = 0.3533	Top-1 Acc = 0.2105	Top-5 Acc = 0.5435
Epoch = 40
	Training	Accuracy = 0.5713	Cost = 1.939252	Loss = 1.901178
	seen	ROC-AUC = 0.9666	PR-AUC = 0.4480	Top-1 Acc = 0.3595	Top-5 Acc = 0.6672
	unseen	ROC-AUC = 0.9157	PR-AUC = 0.2886	Top-1 Acc = 0.1191	Top-5 Acc = 0.4991
	Mean	ROC-AUC = 0.9382	PR-AUC = 0.3589	Top-1 Acc = 0.2251	Top-5 Acc = 0.5733
Epoch = 41
	Training	Accuracy = 0.5771	Cost = 1.931606	Loss = 1.893189
	seen	ROC-AUC = 0.9669	PR-AUC = 0.4535	Top-1 Acc = 0.3796	Top-5 Acc = 0.6514
	unseen	ROC-AUC = 0.9049	PR-AUC = 0.2793	Top-1 Acc = 0.0980	Top-5 Acc = 0.5241
	Mean	ROC-AUC = 0.9323	PR-AUC = 0.3562	Top-1 Acc = 0.2222	Top-5 Acc = 0.5802
Epoch = 42
	Training	Accuracy = 0.5854	Cost = 1.922278	Loss = 1.883493
	seen	ROC-AUC = 0.9527	PR-AUC = 0.4162	Top-1 Acc = 0.3638	Top-5 Acc = 0.6296
	unseen	ROC-AUC = 0.8821	PR-AUC = 0.2486	Top-1 Acc = 0.1122	Top-5 Acc = 0.4678
	Mean	ROC-AUC = 0.9133	PR-AUC = 0.3225	Top-1 Acc = 0.2232	Top-5 Acc = 0.5392
Epoch = 43
	Training	Accuracy = 0.5876	Cost = 1.915987	Loss = 1.876795
	seen	ROC-AUC = 0.9636	PR-AUC = 0.4354	Top-1 Acc = 0.3279	Top-5 Acc = 0.6057
	unseen	ROC-AUC = 0.9032	PR-AUC = 0.2502	Top-1 Acc = 0.1118	Top-5 Acc = 0.4518
	Mean	ROC-AUC = 0.9298	PR-AUC = 0.3319	Top-1 Acc = 0.2071	Top-5 Acc = 0.5197
Epoch = 44
	Training	Accuracy = 0.5977	Cost = 1.908302	Loss = 1.868680
	seen	ROC-AUC = 0.9658	PR-AUC = 0.4759	Top-1 Acc = 0.3747	Top-5 Acc = 0.6492
	unseen	ROC-AUC = 0.8995	PR-AUC = 0.2846	Top-1 Acc = 0.1071	Top-5 Acc = 0.4695
	Mean	ROC-AUC = 0.9288	PR-AUC = 0.3690	Top-1 Acc = 0.2251	Top-5 Acc = 0.5488
Epoch = 45
	Training	Accuracy = 0.6062	Cost = 1.899127	Loss = 1.859070
	seen	ROC-AUC = 0.9712	PR-AUC = 0.4658	Top-1 Acc = 0.3546	Top-5 Acc = 0.6580
	unseen	ROC-AUC = 0.9164	PR-AUC = 0.2767	Top-1 Acc = 0.1032	Top-5 Acc = 0.4953
	Mean	ROC-AUC = 0.9406	PR-AUC = 0.3601	Top-1 Acc = 0.2141	Top-5 Acc = 0.5670
Epoch = 46
	Training	Accuracy = 0.6104	Cost = 1.898811	Loss = 1.858306
	seen	ROC-AUC = 0.9734	PR-AUC = 0.4870	Top-1 Acc = 0.3932	Top-5 Acc = 0.6520
	unseen	ROC-AUC = 0.9220	PR-AUC = 0.2855	Top-1 Acc = 0.1333	Top-5 Acc = 0.5318
	Mean	ROC-AUC = 0.9446	PR-AUC = 0.3744	Top-1 Acc = 0.2480	Top-5 Acc = 0.5848
Epoch = 47
	Training	Accuracy = 0.6154	Cost = 1.877838	Loss = 1.836897
	seen	ROC-AUC = 0.9691	PR-AUC = 0.4799	Top-1 Acc = 0.4074	Top-5 Acc = 0.6786
	unseen	ROC-AUC = 0.9035	PR-AUC = 0.2918	Top-1 Acc = 0.1165	Top-5 Acc = 0.5262
	Mean	ROC-AUC = 0.9324	PR-AUC = 0.3748	Top-1 Acc = 0.2448	Top-5 Acc = 0.5935
Epoch = 48
	Training	Accuracy = 0.6192	Cost = 1.874902	Loss = 1.833510
	seen	ROC-AUC = 0.9611	PR-AUC = 0.4748	Top-1 Acc = 0.4047	Top-5 Acc = 0.6307
	unseen	ROC-AUC = 0.9003	PR-AUC = 0.2898	Top-1 Acc = 0.1169	Top-5 Acc = 0.5069
	Mean	ROC-AUC = 0.9271	PR-AUC = 0.3714	Top-1 Acc = 0.2439	Top-5 Acc = 0.5615
Epoch = 49
	Training	Accuracy = 0.6250	Cost = 1.869015	Loss = 1.827209
	seen	ROC-AUC = 0.9760	PR-AUC = 0.4964	Top-1 Acc = 0.3954	Top-5 Acc = 0.6901
	unseen	ROC-AUC = 0.9259	PR-AUC = 0.2903	Top-1 Acc = 0.1307	Top-5 Acc = 0.4905
	Mean	ROC-AUC = 0.9480	PR-AUC = 0.3812	Top-1 Acc = 0.2475	Top-5 Acc = 0.5786
Epoch = 50
	Training	Accuracy = 0.6263	Cost = 1.865620	Loss = 1.823390
	seen	ROC-AUC = 0.9729	PR-AUC = 0.4895	Top-1 Acc = 0.3905	Top-5 Acc = 0.6569
	unseen	ROC-AUC = 0.9247	PR-AUC = 0.3223	Top-1 Acc = 0.1457	Top-5 Acc = 0.5077
	Mean	ROC-AUC = 0.9459	PR-AUC = 0.3960	Top-1 Acc = 0.2537	Top-5 Acc = 0.5735
Epoch = 51
	Training	Accuracy = 0.6361	Cost = 1.850563	Loss = 1.807871
	seen	ROC-AUC = 0.9697	PR-AUC = 0.4875	Top-1 Acc = 0.3981	Top-5 Acc = 0.6710
	unseen	ROC-AUC = 0.9188	PR-AUC = 0.2828	Top-1 Acc = 0.1273	Top-5 Acc = 0.5017
	Mean	ROC-AUC = 0.9412	PR-AUC = 0.3731	Top-1 Acc = 0.2468	Top-5 Acc = 0.5764
Epoch = 52
	Training	Accuracy = 0.6393	Cost = 1.843553	Loss = 1.800433
	seen	ROC-AUC = 0.9640	PR-AUC = 0.4733	Top-1 Acc = 0.3954	Top-5 Acc = 0.6367
	unseen	ROC-AUC = 0.9025	PR-AUC = 0.2848	Top-1 Acc = 0.1320	Top-5 Acc = 0.4893
	Mean	ROC-AUC = 0.9296	PR-AUC = 0.3679	Top-1 Acc = 0.2482	Top-5 Acc = 0.5543
Epoch = 53
	Training	Accuracy = 0.6513	Cost = 1.840576	Loss = 1.797009
	seen	ROC-AUC = 0.9747	PR-AUC = 0.5085	Top-1 Acc = 0.4270	Top-5 Acc = 0.6836
	unseen	ROC-AUC = 0.9293	PR-AUC = 0.2966	Top-1 Acc = 0.1419	Top-5 Acc = 0.5731
	Mean	ROC-AUC = 0.9493	PR-AUC = 0.3901	Top-1 Acc = 0.2677	Top-5 Acc = 0.6218
Epoch = 54
	Training	Accuracy = 0.6546	Cost = 1.837078	Loss = 1.793055
	seen	ROC-AUC = 0.9699	PR-AUC = 0.4782	Top-1 Acc = 0.3981	Top-5 Acc = 0.6879
	unseen	ROC-AUC = 0.8968	PR-AUC = 0.2882	Top-1 Acc = 0.1359	Top-5 Acc = 0.5215
	Mean	ROC-AUC = 0.9290	PR-AUC = 0.3720	Top-1 Acc = 0.2516	Top-5 Acc = 0.5949
Epoch = 55
	Training	Accuracy = 0.6596	Cost = 1.821875	Loss = 1.777388
	seen	ROC-AUC = 0.9707	PR-AUC = 0.5058	Top-1 Acc = 0.4003	Top-5 Acc = 0.6334
	unseen	ROC-AUC = 0.9198	PR-AUC = 0.2857	Top-1 Acc = 0.1174	Top-5 Acc = 0.5004
	Mean	ROC-AUC = 0.9423	PR-AUC = 0.3828	Top-1 Acc = 0.2422	Top-5 Acc = 0.5591
Epoch = 56
	Training	Accuracy = 0.6583	Cost = 1.822342	Loss = 1.777395
	seen	ROC-AUC = 0.9749	PR-AUC = 0.5163	Top-1 Acc = 0.4281	Top-5 Acc = 0.7053
	unseen	ROC-AUC = 0.9309	PR-AUC = 0.3030	Top-1 Acc = 0.1423	Top-5 Acc = 0.5727
	Mean	ROC-AUC = 0.9503	PR-AUC = 0.3971	Top-1 Acc = 0.2684	Top-5 Acc = 0.6312
Epoch = 57
	Training	Accuracy = 0.6591	Cost = 1.817598	Loss = 1.772171
	seen	ROC-AUC = 0.9703	PR-AUC = 0.5029	Top-1 Acc = 0.4237	Top-5 Acc = 0.7081
	unseen	ROC-AUC = 0.9130	PR-AUC = 0.3137	Top-1 Acc = 0.1251	Top-5 Acc = 0.5159
	Mean	ROC-AUC = 0.9383	PR-AUC = 0.3971	Top-1 Acc = 0.2568	Top-5 Acc = 0.6007
Epoch = 58
	Training	Accuracy = 0.6694	Cost = 1.803690	Loss = 1.757784
	seen	ROC-AUC = 0.9718	PR-AUC = 0.5166	Top-1 Acc = 0.4161	Top-5 Acc = 0.6481
	unseen	ROC-AUC = 0.9189	PR-AUC = 0.3151	Top-1 Acc = 0.1518	Top-5 Acc = 0.5297
	Mean	ROC-AUC = 0.9423	PR-AUC = 0.4040	Top-1 Acc = 0.2684	Top-5 Acc = 0.5819
Epoch = 59
	Training	Accuracy = 0.6769	Cost = 1.800869	Loss = 1.754476
	seen	ROC-AUC = 0.9709	PR-AUC = 0.5240	Top-1 Acc = 0.4325	Top-5 Acc = 0.7266
	unseen	ROC-AUC = 0.9003	PR-AUC = 0.3000	Top-1 Acc = 0.1320	Top-5 Acc = 0.5585
	Mean	ROC-AUC = 0.9314	PR-AUC = 0.3988	Top-1 Acc = 0.2645	Top-5 Acc = 0.6326
Epoch = 60
	Training	Accuracy = 0.6740	Cost = 1.798449	Loss = 1.751579
	seen	ROC-AUC = 0.9757	PR-AUC = 0.5416	Top-1 Acc = 0.4488	Top-5 Acc = 0.7239
	unseen	ROC-AUC = 0.9128	PR-AUC = 0.3273	Top-1 Acc = 0.1561	Top-5 Acc = 0.5696
	Mean	ROC-AUC = 0.9405	PR-AUC = 0.4219	Top-1 Acc = 0.2852	Top-5 Acc = 0.6377
Epoch = 61
	Training	Accuracy = 0.6886	Cost = 1.786436	Loss = 1.739087
	seen	ROC-AUC = 0.9724	PR-AUC = 0.5248	Top-1 Acc = 0.4374	Top-5 Acc = 0.6841
	unseen	ROC-AUC = 0.9273	PR-AUC = 0.3081	Top-1 Acc = 0.1711	Top-5 Acc = 0.5688
	Mean	ROC-AUC = 0.9472	PR-AUC = 0.4037	Top-1 Acc = 0.2886	Top-5 Acc = 0.6197
Epoch = 62
	Training	Accuracy = 0.6824	Cost = 1.788464	Loss = 1.740628
	seen	ROC-AUC = 0.9715	PR-AUC = 0.5285	Top-1 Acc = 0.4341	Top-5 Acc = 0.6950
	unseen	ROC-AUC = 0.9156	PR-AUC = 0.3029	Top-1 Acc = 0.1264	Top-5 Acc = 0.5305
	Mean	ROC-AUC = 0.9403	PR-AUC = 0.4024	Top-1 Acc = 0.2621	Top-5 Acc = 0.6031
Epoch = 63
	Training	Accuracy = 0.6934	Cost = 1.776988	Loss = 1.728680
	seen	ROC-AUC = 0.9733	PR-AUC = 0.5370	Top-1 Acc = 0.4227	Top-5 Acc = 0.6737
	unseen	ROC-AUC = 0.9237	PR-AUC = 0.3133	Top-1 Acc = 0.1371	Top-5 Acc = 0.5348
	Mean	ROC-AUC = 0.9456	PR-AUC = 0.4120	Top-1 Acc = 0.2631	Top-5 Acc = 0.5961
Epoch = 64
	Training	Accuracy = 0.6916	Cost = 1.774266	Loss = 1.725480
	seen	ROC-AUC = 0.9730	PR-AUC = 0.5278	Top-1 Acc = 0.4227	Top-5 Acc = 0.7004
	unseen	ROC-AUC = 0.9253	PR-AUC = 0.3072	Top-1 Acc = 0.1427	Top-5 Acc = 0.5567
	Mean	ROC-AUC = 0.9463	PR-AUC = 0.4045	Top-1 Acc = 0.2662	Top-5 Acc = 0.6201
Epoch = 65
	Training	Accuracy = 0.6941	Cost = 1.767299	Loss = 1.718027
	seen	ROC-AUC = 0.9715	PR-AUC = 0.5521	Top-1 Acc = 0.4390	Top-5 Acc = 0.6885
	unseen	ROC-AUC = 0.9133	PR-AUC = 0.3239	Top-1 Acc = 0.1810	Top-5 Acc = 0.5666
	Mean	ROC-AUC = 0.9390	PR-AUC = 0.4245	Top-1 Acc = 0.2948	Top-5 Acc = 0.6204
Epoch = 66
	Training	Accuracy = 0.7022	Cost = 1.764409	Loss = 1.714693
	seen	ROC-AUC = 0.9704	PR-AUC = 0.5130	Top-1 Acc = 0.4570	Top-5 Acc = 0.6988
	unseen	ROC-AUC = 0.9134	PR-AUC = 0.3079	Top-1 Acc = 0.1470	Top-5 Acc = 0.5383
	Mean	ROC-AUC = 0.9386	PR-AUC = 0.3984	Top-1 Acc = 0.2838	Top-5 Acc = 0.6091
Epoch = 67
	Training	Accuracy = 0.7044	Cost = 1.763876	Loss = 1.713723
	seen	ROC-AUC = 0.9764	PR-AUC = 0.5546	Top-1 Acc = 0.4428	Top-5 Acc = 0.7119
	unseen	ROC-AUC = 0.9280	PR-AUC = 0.3432	Top-1 Acc = 0.1737	Top-5 Acc = 0.5761
	Mean	ROC-AUC = 0.9493	PR-AUC = 0.4365	Top-1 Acc = 0.2924	Top-5 Acc = 0.6360
Epoch = 68
	Training	Accuracy = 0.7090	Cost = 1.748315	Loss = 1.697688
	seen	ROC-AUC = 0.9715	PR-AUC = 0.5345	Top-1 Acc = 0.4592	Top-5 Acc = 0.7135
	unseen	ROC-AUC = 0.9292	PR-AUC = 0.3381	Top-1 Acc = 0.1466	Top-5 Acc = 0.6053
	Mean	ROC-AUC = 0.9478	PR-AUC = 0.4247	Top-1 Acc = 0.2845	Top-5 Acc = 0.6531
Epoch = 69
	Training	Accuracy = 0.7137	Cost = 1.749117	Loss = 1.698022
	seen	ROC-AUC = 0.9720	PR-AUC = 0.5354	Top-1 Acc = 0.4537	Top-5 Acc = 0.6786
	unseen	ROC-AUC = 0.9110	PR-AUC = 0.3155	Top-1 Acc = 0.1788	Top-5 Acc = 0.5555
	Mean	ROC-AUC = 0.9379	PR-AUC = 0.4125	Top-1 Acc = 0.3001	Top-5 Acc = 0.6098
Epoch = 70
	Training	Accuracy = 0.7143	Cost = 1.748121	Loss = 1.696528
	seen	ROC-AUC = 0.9783	PR-AUC = 0.5594	Top-1 Acc = 0.4248	Top-5 Acc = 0.6917
	unseen	ROC-AUC = 0.9253	PR-AUC = 0.3088	Top-1 Acc = 0.1548	Top-5 Acc = 0.5116
	Mean	ROC-AUC = 0.9487	PR-AUC = 0.4194	Top-1 Acc = 0.2739	Top-5 Acc = 0.5911
Epoch = 71
	Training	Accuracy = 0.7246	Cost = 1.735435	Loss = 1.683359
	seen	ROC-AUC = 0.9783	PR-AUC = 0.5479	Top-1 Acc = 0.4254	Top-5 Acc = 0.7119
	unseen	ROC-AUC = 0.9354	PR-AUC = 0.3276	Top-1 Acc = 0.1556	Top-5 Acc = 0.5817
	Mean	ROC-AUC = 0.9543	PR-AUC = 0.4248	Top-1 Acc = 0.2746	Top-5 Acc = 0.6391
Epoch = 72
	Training	Accuracy = 0.7249	Cost = 1.733551	Loss = 1.681043
	seen	ROC-AUC = 0.9767	PR-AUC = 0.5493	Top-1 Acc = 0.4368	Top-5 Acc = 0.7037
	unseen	ROC-AUC = 0.9206	PR-AUC = 0.2982	Top-1 Acc = 0.1466	Top-5 Acc = 0.5546
	Mean	ROC-AUC = 0.9454	PR-AUC = 0.4090	Top-1 Acc = 0.2746	Top-5 Acc = 0.6204
Epoch = 73
	Training	Accuracy = 0.7227	Cost = 1.730409	Loss = 1.677460
	seen	ROC-AUC = 0.9714	PR-AUC = 0.5499	Top-1 Acc = 0.4363	Top-5 Acc = 0.6650
	unseen	ROC-AUC = 0.9061	PR-AUC = 0.3103	Top-1 Acc = 0.1660	Top-5 Acc = 0.5443
	Mean	ROC-AUC = 0.9349	PR-AUC = 0.4160	Top-1 Acc = 0.2852	Top-5 Acc = 0.5975
Epoch = 74
	Training	Accuracy = 0.7287	Cost = 1.723091	Loss = 1.669687
	seen	ROC-AUC = 0.9756	PR-AUC = 0.5546	Top-1 Acc = 0.4602	Top-5 Acc = 0.6928
	unseen	ROC-AUC = 0.9111	PR-AUC = 0.3027	Top-1 Acc = 0.1586	Top-5 Acc = 0.5559
	Mean	ROC-AUC = 0.9395	PR-AUC = 0.4139	Top-1 Acc = 0.2917	Top-5 Acc = 0.6163
Epoch = 75
	Training	Accuracy = 0.7313	Cost = 1.720957	Loss = 1.667117
	seen	ROC-AUC = 0.9767	PR-AUC = 0.5533	Top-1 Acc = 0.4308	Top-5 Acc = 0.7026
	unseen	ROC-AUC = 0.9268	PR-AUC = 0.2984	Top-1 Acc = 0.1655	Top-5 Acc = 0.5671
	Mean	ROC-AUC = 0.9488	PR-AUC = 0.4108	Top-1 Acc = 0.2826	Top-5 Acc = 0.6269
Epoch = 76
	Training	Accuracy = 0.7341	Cost = 1.718837	Loss = 1.664558
	seen	ROC-AUC = 0.9757	PR-AUC = 0.5552	Top-1 Acc = 0.4602	Top-5 Acc = 0.7081
	unseen	ROC-AUC = 0.9198	PR-AUC = 0.3253	Top-1 Acc = 0.1737	Top-5 Acc = 0.5886
	Mean	ROC-AUC = 0.9445	PR-AUC = 0.4267	Top-1 Acc = 0.3001	Top-5 Acc = 0.6413
Epoch = 77
	Training	Accuracy = 0.7393	Cost = 1.710601	Loss = 1.655895
	seen	ROC-AUC = 0.9764	PR-AUC = 0.5713	Top-1 Acc = 0.4597	Top-5 Acc = 0.6879
	unseen	ROC-AUC = 0.9190	PR-AUC = 0.3272	Top-1 Acc = 0.1724	Top-5 Acc = 0.5456
	Mean	ROC-AUC = 0.9443	PR-AUC = 0.4349	Top-1 Acc = 0.2991	Top-5 Acc = 0.6084
Epoch = 78
	Training	Accuracy = 0.7363	Cost = 1.713340	Loss = 1.658186
	seen	ROC-AUC = 0.9761	PR-AUC = 0.5621	Top-1 Acc = 0.4646	Top-5 Acc = 0.7375
	unseen	ROC-AUC = 0.9219	PR-AUC = 0.3085	Top-1 Acc = 0.1531	Top-5 Acc = 0.5533
	Mean	ROC-AUC = 0.9458	PR-AUC = 0.4204	Top-1 Acc = 0.2905	Top-5 Acc = 0.6346
Epoch = 79
	Training	Accuracy = 0.7426	Cost = 1.701790	Loss = 1.646207
	seen	ROC-AUC = 0.9768	PR-AUC = 0.5559	Top-1 Acc = 0.4526	Top-5 Acc = 0.7141
	unseen	ROC-AUC = 0.9239	PR-AUC = 0.3240	Top-1 Acc = 0.1548	Top-5 Acc = 0.5817
	Mean	ROC-AUC = 0.9472	PR-AUC = 0.4263	Top-1 Acc = 0.2862	Top-5 Acc = 0.6401
Epoch = 80
	Training	Accuracy = 0.7527	Cost = 1.700259	Loss = 1.644257
	seen	ROC-AUC = 0.9772	PR-AUC = 0.5736	Top-1 Acc = 0.4586	Top-5 Acc = 0.7042
	unseen	ROC-AUC = 0.9115	PR-AUC = 0.3235	Top-1 Acc = 0.1720	Top-5 Acc = 0.5598
	Mean	ROC-AUC = 0.9405	PR-AUC = 0.4338	Top-1 Acc = 0.2984	Top-5 Acc = 0.6235
Epoch = 81
	Training	Accuracy = 0.7472	Cost = 1.696166	Loss = 1.639713
	seen	ROC-AUC = 0.9655	PR-AUC = 0.5165	Top-1 Acc = 0.4401	Top-5 Acc = 0.6955
	unseen	ROC-AUC = 0.9132	PR-AUC = 0.2995	Top-1 Acc = 0.1260	Top-5 Acc = 0.5275
	Mean	ROC-AUC = 0.9363	PR-AUC = 0.3952	Top-1 Acc = 0.2645	Top-5 Acc = 0.6016
Epoch = 82
	Training	Accuracy = 0.7536	Cost = 1.692829	Loss = 1.635938
	seen	ROC-AUC = 0.9790	PR-AUC = 0.5910	Top-1 Acc = 0.4597	Top-5 Acc = 0.6923
	unseen	ROC-AUC = 0.9224	PR-AUC = 0.3276	Top-1 Acc = 0.1930	Top-5 Acc = 0.5916
	Mean	ROC-AUC = 0.9474	PR-AUC = 0.4438	Top-1 Acc = 0.3107	Top-5 Acc = 0.6360
Epoch = 83
	Training	Accuracy = 0.7565	Cost = 1.686965	Loss = 1.629588
	seen	ROC-AUC = 0.9761	PR-AUC = 0.5571	Top-1 Acc = 0.4646	Top-5 Acc = 0.7342
	unseen	ROC-AUC = 0.9160	PR-AUC = 0.3310	Top-1 Acc = 0.1625	Top-5 Acc = 0.6139
	Mean	ROC-AUC = 0.9425	PR-AUC = 0.4307	Top-1 Acc = 0.2958	Top-5 Acc = 0.6670
Epoch = 84
	Training	Accuracy = 0.7607	Cost = 1.688882	Loss = 1.631065
	seen	ROC-AUC = 0.9805	PR-AUC = 0.5999	Top-1 Acc = 0.4706	Top-5 Acc = 0.7446
	unseen	ROC-AUC = 0.9349	PR-AUC = 0.3509	Top-1 Acc = 0.1840	Top-5 Acc = 0.6199
	Mean	ROC-AUC = 0.9550	PR-AUC = 0.4608	Top-1 Acc = 0.3104	Top-5 Acc = 0.6749
Epoch = 85
	Training	Accuracy = 0.7600	Cost = 1.682237	Loss = 1.623972
	seen	ROC-AUC = 0.9790	PR-AUC = 0.5966	Top-1 Acc = 0.4711	Top-5 Acc = 0.7081
	unseen	ROC-AUC = 0.9243	PR-AUC = 0.3273	Top-1 Acc = 0.1660	Top-5 Acc = 0.6079
	Mean	ROC-AUC = 0.9485	PR-AUC = 0.4461	Top-1 Acc = 0.3006	Top-5 Acc = 0.6521
Epoch = 86
	Training	Accuracy = 0.7608	Cost = 1.677192	Loss = 1.618493
	seen	ROC-AUC = 0.9779	PR-AUC = 0.5856	Top-1 Acc = 0.4613	Top-5 Acc = 0.7075
	unseen	ROC-AUC = 0.9197	PR-AUC = 0.3443	Top-1 Acc = 0.1638	Top-5 Acc = 0.6053
	Mean	ROC-AUC = 0.9454	PR-AUC = 0.4507	Top-1 Acc = 0.2951	Top-5 Acc = 0.6504
Epoch = 87
	Training	Accuracy = 0.7676	Cost = 1.672176	Loss = 1.613057
	seen	ROC-AUC = 0.9790	PR-AUC = 0.5785	Top-1 Acc = 0.4722	Top-5 Acc = 0.7070
	unseen	ROC-AUC = 0.9182	PR-AUC = 0.3183	Top-1 Acc = 0.1604	Top-5 Acc = 0.5727
	Mean	ROC-AUC = 0.9450	PR-AUC = 0.4331	Top-1 Acc = 0.2979	Top-5 Acc = 0.6319
Epoch = 88
	Training	Accuracy = 0.7699	Cost = 1.668517	Loss = 1.608981
	seen	ROC-AUC = 0.9761	PR-AUC = 0.5819	Top-1 Acc = 0.4461	Top-5 Acc = 0.6999
	unseen	ROC-AUC = 0.9240	PR-AUC = 0.3347	Top-1 Acc = 0.1509	Top-5 Acc = 0.5752
	Mean	ROC-AUC = 0.9470	PR-AUC = 0.4438	Top-1 Acc = 0.2811	Top-5 Acc = 0.6302
Epoch = 89
	Training	Accuracy = 0.7713	Cost = 1.671110	Loss = 1.611154
	seen	ROC-AUC = 0.9805	PR-AUC = 0.5996	Top-1 Acc = 0.4646	Top-5 Acc = 0.7451
	unseen	ROC-AUC = 0.9273	PR-AUC = 0.3361	Top-1 Acc = 0.1784	Top-5 Acc = 0.6109
	Mean	ROC-AUC = 0.9508	PR-AUC = 0.4524	Top-1 Acc = 0.3047	Top-5 Acc = 0.6701
Epoch = 90
	Training	Accuracy = 0.7760	Cost = 1.663286	Loss = 1.602895
	seen	ROC-AUC = 0.9833	PR-AUC = 0.6146	Top-1 Acc = 0.4935	Top-5 Acc = 0.7505
	unseen	ROC-AUC = 0.9297	PR-AUC = 0.3415	Top-1 Acc = 0.1836	Top-5 Acc = 0.6199
	Mean	ROC-AUC = 0.9534	PR-AUC = 0.4620	Top-1 Acc = 0.3203	Top-5 Acc = 0.6776
Epoch = 91
	Training	Accuracy = 0.7842	Cost = 1.657891	Loss = 1.597079
	seen	ROC-AUC = 0.9799	PR-AUC = 0.6049	Top-1 Acc = 0.4782	Top-5 Acc = 0.7282
	unseen	ROC-AUC = 0.9249	PR-AUC = 0.3393	Top-1 Acc = 0.1707	Top-5 Acc = 0.6058
	Mean	ROC-AUC = 0.9491	PR-AUC = 0.4565	Top-1 Acc = 0.3063	Top-5 Acc = 0.6598
Epoch = 92
	Training	Accuracy = 0.7821	Cost = 1.659980	Loss = 1.598708
	seen	ROC-AUC = 0.9819	PR-AUC = 0.5962	Top-1 Acc = 0.4897	Top-5 Acc = 0.7429
	unseen	ROC-AUC = 0.9198	PR-AUC = 0.3416	Top-1 Acc = 0.1917	Top-5 Acc = 0.6230
	Mean	ROC-AUC = 0.9472	PR-AUC = 0.4539	Top-1 Acc = 0.3232	Top-5 Acc = 0.6759
Epoch = 93
	Training	Accuracy = 0.7851	Cost = 1.654124	Loss = 1.592397
	seen	ROC-AUC = 0.9764	PR-AUC = 0.5705	Top-1 Acc = 0.4559	Top-5 Acc = 0.7386
	unseen	ROC-AUC = 0.9283	PR-AUC = 0.3507	Top-1 Acc = 0.1814	Top-5 Acc = 0.6221
	Mean	ROC-AUC = 0.9495	PR-AUC = 0.4477	Top-1 Acc = 0.3025	Top-5 Acc = 0.6735
Epoch = 94
	Training	Accuracy = 0.7836	Cost = 1.651915	Loss = 1.589769
	seen	ROC-AUC = 0.9801	PR-AUC = 0.5935	Top-1 Acc = 0.4798	Top-5 Acc = 0.7315
	unseen	ROC-AUC = 0.9346	PR-AUC = 0.3470	Top-1 Acc = 0.1801	Top-5 Acc = 0.6264
	Mean	ROC-AUC = 0.9547	PR-AUC = 0.4557	Top-1 Acc = 0.3123	Top-5 Acc = 0.6728
Epoch = 95
	Training	Accuracy = 0.7881	Cost = 1.649475	Loss = 1.586933
	seen	ROC-AUC = 0.9797	PR-AUC = 0.6018	Top-1 Acc = 0.4760	Top-5 Acc = 0.7260
	unseen	ROC-AUC = 0.9300	PR-AUC = 0.3420	Top-1 Acc = 0.1784	Top-5 Acc = 0.5980
	Mean	ROC-AUC = 0.9519	PR-AUC = 0.4566	Top-1 Acc = 0.3097	Top-5 Acc = 0.6545
Epoch = 96
	Training	Accuracy = 0.7946	Cost = 1.642131	Loss = 1.579173
	seen	ROC-AUC = 0.9787	PR-AUC = 0.5924	Top-1 Acc = 0.4570	Top-5 Acc = 0.6988
	unseen	ROC-AUC = 0.9252	PR-AUC = 0.3275	Top-1 Acc = 0.1711	Top-5 Acc = 0.5877
	Mean	ROC-AUC = 0.9488	PR-AUC = 0.4443	Top-1 Acc = 0.2972	Top-5 Acc = 0.6367
Epoch = 97
	Training	Accuracy = 0.7960	Cost = 1.639556	Loss = 1.576142
	seen	ROC-AUC = 0.9817	PR-AUC = 0.6072	Top-1 Acc = 0.4929	Top-5 Acc = 0.7342
	unseen	ROC-AUC = 0.9231	PR-AUC = 0.3383	Top-1 Acc = 0.1819	Top-5 Acc = 0.6354
	Mean	ROC-AUC = 0.9490	PR-AUC = 0.4569	Top-1 Acc = 0.3191	Top-5 Acc = 0.6790
Epoch = 98
	Training	Accuracy = 0.7998	Cost = 1.632632	Loss = 1.568795
	seen	ROC-AUC = 0.9816	PR-AUC = 0.5997	Top-1 Acc = 0.4717	Top-5 Acc = 0.7266
	unseen	ROC-AUC = 0.9335	PR-AUC = 0.3477	Top-1 Acc = 0.1913	Top-5 Acc = 0.6281
	Mean	ROC-AUC = 0.9547	PR-AUC = 0.4589	Top-1 Acc = 0.3150	Top-5 Acc = 0.6716
Epoch = 99
	Training	Accuracy = 0.8002	Cost = 1.634704	Loss = 1.570428
	seen	ROC-AUC = 0.9815	PR-AUC = 0.5993	Top-1 Acc = 0.4788	Top-5 Acc = 0.7435
	unseen	ROC-AUC = 0.9146	PR-AUC = 0.3514	Top-1 Acc = 0.1827	Top-5 Acc = 0.6156
	Mean	ROC-AUC = 0.9441	PR-AUC = 0.4607	Top-1 Acc = 0.3133	Top-5 Acc = 0.6720
Epoch = 100
	Training	Accuracy = 0.8013	Cost = 1.628347	Loss = 1.563660
	seen	ROC-AUC = 0.9829	PR-AUC = 0.5957	Top-1 Acc = 0.4722	Top-5 Acc = 0.7217
	unseen	ROC-AUC = 0.9265	PR-AUC = 0.3384	Top-1 Acc = 0.1939	Top-5 Acc = 0.6195
	Mean	ROC-AUC = 0.9514	PR-AUC = 0.4519	Top-1 Acc = 0.3167	Top-5 Acc = 0.6646
