Epoch = 1
	Training	Accuracy = 0.0443	Cost = 4.687050	Loss = 4.676123
	seen	ROC-AUC = 0.5493	PR-AUC = 0.0128	Top-1 Acc = 0.0972	Top-5 Acc = 0.2569
	unseen	ROC-AUC = 0.5719	PR-AUC = 0.0092	Top-1 Acc = 0.0274	Top-5 Acc = 0.1023
	Mean	ROC-AUC = 0.5668	PR-AUC = 0.0100	Top-1 Acc = 0.0434	Top-5 Acc = 0.1377
Epoch = 2
	Training	Accuracy = 0.1091	Cost = 2.614220	Loss = 2.602994
	seen	ROC-AUC = 0.5163	PR-AUC = 0.0112	Top-1 Acc = 0.0589	Top-5 Acc = 0.1675
	unseen	ROC-AUC = 0.5439	PR-AUC = 0.0099	Top-1 Acc = 0.0110	Top-5 Acc = 0.0599
	Mean	ROC-AUC = 0.5376	PR-AUC = 0.0102	Top-1 Acc = 0.0220	Top-5 Acc = 0.0846
Epoch = 3
	Training	Accuracy = 0.1188	Cost = 2.442048	Loss = 2.430483
	seen	ROC-AUC = 0.6726	PR-AUC = 0.0362	Top-1 Acc = 0.1057	Top-5 Acc = 0.3080
	unseen	ROC-AUC = 0.6786	PR-AUC = 0.0173	Top-1 Acc = 0.0373	Top-5 Acc = 0.1363
	Mean	ROC-AUC = 0.6772	PR-AUC = 0.0217	Top-1 Acc = 0.0530	Top-5 Acc = 0.1756
Epoch = 4
	Training	Accuracy = 0.1431	Cost = 2.243250	Loss = 2.231369
	seen	ROC-AUC = 0.7078	PR-AUC = 0.0450	Top-1 Acc = 0.1512	Top-5 Acc = 0.3556
	unseen	ROC-AUC = 0.6880	PR-AUC = 0.0209	Top-1 Acc = 0.0432	Top-5 Acc = 0.1474
	Mean	ROC-AUC = 0.6926	PR-AUC = 0.0264	Top-1 Acc = 0.0680	Top-5 Acc = 0.1951
Epoch = 5
	Training	Accuracy = 0.1662	Cost = 2.088128	Loss = 2.075955
	seen	ROC-AUC = 0.6252	PR-AUC = 0.0366	Top-1 Acc = 0.1263	Top-5 Acc = 0.3130
	unseen	ROC-AUC = 0.6256	PR-AUC = 0.0210	Top-1 Acc = 0.0460	Top-5 Acc = 0.1432
	Mean	ROC-AUC = 0.6255	PR-AUC = 0.0246	Top-1 Acc = 0.0644	Top-5 Acc = 0.1821
Epoch = 6
	Training	Accuracy = 0.1772	Cost = 2.154636	Loss = 2.142177
	seen	ROC-AUC = 0.6470	PR-AUC = 0.0555	Top-1 Acc = 0.1150	Top-5 Acc = 0.2931
	unseen	ROC-AUC = 0.6530	PR-AUC = 0.0307	Top-1 Acc = 0.0308	Top-5 Acc = 0.1183
	Mean	ROC-AUC = 0.6517	PR-AUC = 0.0364	Top-1 Acc = 0.0501	Top-5 Acc = 0.1584
Epoch = 7
	Training	Accuracy = 0.1967	Cost = 2.013966	Loss = 2.001262
	seen	ROC-AUC = 0.6860	PR-AUC = 0.0637	Top-1 Acc = 0.1093	Top-5 Acc = 0.3101
	unseen	ROC-AUC = 0.6931	PR-AUC = 0.0290	Top-1 Acc = 0.0321	Top-5 Acc = 0.1388
	Mean	ROC-AUC = 0.6915	PR-AUC = 0.0370	Top-1 Acc = 0.0498	Top-5 Acc = 0.1780
Epoch = 8
	Training	Accuracy = 0.2153	Cost = 1.904656	Loss = 1.891738
	seen	ROC-AUC = 0.7645	PR-AUC = 0.0955	Top-1 Acc = 0.1824	Top-5 Acc = 0.3591
	unseen	ROC-AUC = 0.7477	PR-AUC = 0.0427	Top-1 Acc = 0.0683	Top-5 Acc = 0.2046
	Mean	ROC-AUC = 0.7516	PR-AUC = 0.0548	Top-1 Acc = 0.0945	Top-5 Acc = 0.2400
Epoch = 9
	Training	Accuracy = 0.2279	Cost = 1.989420	Loss = 1.976293
	seen	ROC-AUC = 0.7665	PR-AUC = 0.1177	Top-1 Acc = 0.1973	Top-5 Acc = 0.4123
	unseen	ROC-AUC = 0.7633	PR-AUC = 0.0493	Top-1 Acc = 0.0635	Top-5 Acc = 0.2082
	Mean	ROC-AUC = 0.7640	PR-AUC = 0.0650	Top-1 Acc = 0.0941	Top-5 Acc = 0.2550
Epoch = 10
	Training	Accuracy = 0.2494	Cost = 1.899866	Loss = 1.886547
	seen	ROC-AUC = 0.6302	PR-AUC = 0.0729	Top-1 Acc = 0.1128	Top-5 Acc = 0.2590
	unseen	ROC-AUC = 0.6464	PR-AUC = 0.0355	Top-1 Acc = 0.0335	Top-5 Acc = 0.1164
	Mean	ROC-AUC = 0.6427	PR-AUC = 0.0440	Top-1 Acc = 0.0517	Top-5 Acc = 0.1491
Epoch = 11
	Training	Accuracy = 0.2542	Cost = 1.907830	Loss = 1.894321
	seen	ROC-AUC = 0.7731	PR-AUC = 0.1386	Top-1 Acc = 0.2009	Top-5 Acc = 0.4273
	unseen	ROC-AUC = 0.7656	PR-AUC = 0.0718	Top-1 Acc = 0.0808	Top-5 Acc = 0.2367
	Mean	ROC-AUC = 0.7673	PR-AUC = 0.0871	Top-1 Acc = 0.1083	Top-5 Acc = 0.2803
Epoch = 12
	Training	Accuracy = 0.2770	Cost = 1.810100	Loss = 1.796405
	seen	ROC-AUC = 0.6275	PR-AUC = 0.0367	Top-1 Acc = 0.0816	Top-5 Acc = 0.1959
	unseen	ROC-AUC = 0.5805	PR-AUC = 0.0171	Top-1 Acc = 0.0207	Top-5 Acc = 0.1131
	Mean	ROC-AUC = 0.5912	PR-AUC = 0.0216	Top-1 Acc = 0.0346	Top-5 Acc = 0.1320
Epoch = 13
	Training	Accuracy = 0.2808	Cost = 1.827960	Loss = 1.814097
	seen	ROC-AUC = 0.8087	PR-AUC = 0.1608	Top-1 Acc = 0.2186	Top-5 Acc = 0.4507
	unseen	ROC-AUC = 0.7787	PR-AUC = 0.0701	Top-1 Acc = 0.0928	Top-5 Acc = 0.2666
	Mean	ROC-AUC = 0.7856	PR-AUC = 0.0909	Top-1 Acc = 0.1216	Top-5 Acc = 0.3088
Epoch = 14
	Training	Accuracy = 0.2989	Cost = 1.819262	Loss = 1.805238
	seen	ROC-AUC = 0.6280	PR-AUC = 0.0511	Top-1 Acc = 0.1178	Top-5 Acc = 0.2704
	unseen	ROC-AUC = 0.5683	PR-AUC = 0.0217	Top-1 Acc = 0.0662	Top-5 Acc = 0.1759
	Mean	ROC-AUC = 0.5820	PR-AUC = 0.0285	Top-1 Acc = 0.0780	Top-5 Acc = 0.1976
Epoch = 15
	Training	Accuracy = 0.3049	Cost = 1.801154	Loss = 1.786955
	seen	ROC-AUC = 0.8036	PR-AUC = 0.1649	Top-1 Acc = 0.2030	Top-5 Acc = 0.4102
	unseen	ROC-AUC = 0.7842	PR-AUC = 0.0809	Top-1 Acc = 0.0776	Top-5 Acc = 0.2394
	Mean	ROC-AUC = 0.7886	PR-AUC = 0.1001	Top-1 Acc = 0.1063	Top-5 Acc = 0.2785
Epoch = 16
	Training	Accuracy = 0.3303	Cost = 1.728364	Loss = 1.713997
	seen	ROC-AUC = 0.6901	PR-AUC = 0.0779	Top-1 Acc = 0.1647	Top-5 Acc = 0.3598
	unseen	ROC-AUC = 0.6203	PR-AUC = 0.0328	Top-1 Acc = 0.0797	Top-5 Acc = 0.2177
	Mean	ROC-AUC = 0.6363	PR-AUC = 0.0432	Top-1 Acc = 0.0992	Top-5 Acc = 0.2502
Epoch = 17
	Training	Accuracy = 0.3272	Cost = 1.776333	Loss = 1.761799
	seen	ROC-AUC = 0.8261	PR-AUC = 0.1961	Top-1 Acc = 0.2612	Top-5 Acc = 0.4677
	unseen	ROC-AUC = 0.8019	PR-AUC = 0.1193	Top-1 Acc = 0.1000	Top-5 Acc = 0.2508
	Mean	ROC-AUC = 0.8074	PR-AUC = 0.1369	Top-1 Acc = 0.1369	Top-5 Acc = 0.3005
Epoch = 18
	Training	Accuracy = 0.3320	Cost = 1.770748	Loss = 1.756022
	seen	ROC-AUC = 0.8310	PR-AUC = 0.2305	Top-1 Acc = 0.2775	Top-5 Acc = 0.4982
	unseen	ROC-AUC = 0.8194	PR-AUC = 0.1426	Top-1 Acc = 0.1204	Top-5 Acc = 0.3020
	Mean	ROC-AUC = 0.8220	PR-AUC = 0.1627	Top-1 Acc = 0.1564	Top-5 Acc = 0.3470
Epoch = 19
	Training	Accuracy = 0.3741	Cost = 1.704024	Loss = 1.689154
	seen	ROC-AUC = 0.8379	PR-AUC = 0.2424	Top-1 Acc = 0.2612	Top-5 Acc = 0.4556
	unseen	ROC-AUC = 0.8202	PR-AUC = 0.1519	Top-1 Acc = 0.1105	Top-5 Acc = 0.2622
	Mean	ROC-AUC = 0.8242	PR-AUC = 0.1726	Top-1 Acc = 0.1450	Top-5 Acc = 0.3065
Epoch = 20
	Training	Accuracy = 0.3670	Cost = 1.715809	Loss = 1.700775
	seen	ROC-AUC = 0.8471	PR-AUC = 0.2640	Top-1 Acc = 0.3031	Top-5 Acc = 0.5053
	unseen	ROC-AUC = 0.8326	PR-AUC = 0.1878	Top-1 Acc = 0.1365	Top-5 Acc = 0.3174
	Mean	ROC-AUC = 0.8360	PR-AUC = 0.2052	Top-1 Acc = 0.1746	Top-5 Acc = 0.3605
Epoch = 21
	Training	Accuracy = 0.3828	Cost = 1.671561	Loss = 1.656360
	seen	ROC-AUC = 0.8491	PR-AUC = 0.2353	Top-1 Acc = 0.2576	Top-5 Acc = 0.4301
	unseen	ROC-AUC = 0.8088	PR-AUC = 0.1466	Top-1 Acc = 0.1067	Top-5 Acc = 0.2419
	Mean	ROC-AUC = 0.8181	PR-AUC = 0.1669	Top-1 Acc = 0.1413	Top-5 Acc = 0.2850
Epoch = 22
	Training	Accuracy = 0.3909	Cost = 1.678725	Loss = 1.663356
	seen	ROC-AUC = 0.8410	PR-AUC = 0.2063	Top-1 Acc = 0.2477	Top-5 Acc = 0.4109
	unseen	ROC-AUC = 0.7999	PR-AUC = 0.1134	Top-1 Acc = 0.0951	Top-5 Acc = 0.2305
	Mean	ROC-AUC = 0.8093	PR-AUC = 0.1347	Top-1 Acc = 0.1301	Top-5 Acc = 0.2719
Epoch = 23
	Training	Accuracy = 0.3952	Cost = 1.653211	Loss = 1.637669
	seen	ROC-AUC = 0.8478	PR-AUC = 0.2641	Top-1 Acc = 0.2818	Top-5 Acc = 0.4812
	unseen	ROC-AUC = 0.8247	PR-AUC = 0.1879	Top-1 Acc = 0.1285	Top-5 Acc = 0.2757
	Mean	ROC-AUC = 0.8300	PR-AUC = 0.2054	Top-1 Acc = 0.1636	Top-5 Acc = 0.3228
Epoch = 24
	Training	Accuracy = 0.4154	Cost = 1.627332	Loss = 1.611627
	seen	ROC-AUC = 0.8510	PR-AUC = 0.2659	Top-1 Acc = 0.2796	Top-5 Acc = 0.4606
	unseen	ROC-AUC = 0.8301	PR-AUC = 0.1799	Top-1 Acc = 0.1099	Top-5 Acc = 0.2516
	Mean	ROC-AUC = 0.8349	PR-AUC = 0.1996	Top-1 Acc = 0.1488	Top-5 Acc = 0.2995
Epoch = 25
	Training	Accuracy = 0.4179	Cost = 1.638212	Loss = 1.622350
	seen	ROC-AUC = 0.8473	PR-AUC = 0.2621	Top-1 Acc = 0.2910	Top-5 Acc = 0.4840
	unseen	ROC-AUC = 0.8273	PR-AUC = 0.1812	Top-1 Acc = 0.1221	Top-5 Acc = 0.2656
	Mean	ROC-AUC = 0.8319	PR-AUC = 0.1998	Top-1 Acc = 0.1608	Top-5 Acc = 0.3156
Epoch = 26
	Training	Accuracy = 0.4315	Cost = 1.627813	Loss = 1.611764
	seen	ROC-AUC = 0.8295	PR-AUC = 0.2393	Top-1 Acc = 0.2690	Top-5 Acc = 0.4365
	unseen	ROC-AUC = 0.8070	PR-AUC = 0.1581	Top-1 Acc = 0.1162	Top-5 Acc = 0.2550
	Mean	ROC-AUC = 0.8121	PR-AUC = 0.1767	Top-1 Acc = 0.1512	Top-5 Acc = 0.2966
Epoch = 27
	Training	Accuracy = 0.4333	Cost = 1.617568	Loss = 1.601339
	seen	ROC-AUC = 0.8420	PR-AUC = 0.2451	Top-1 Acc = 0.2669	Top-5 Acc = 0.4344
	unseen	ROC-AUC = 0.8065	PR-AUC = 0.1574	Top-1 Acc = 0.1188	Top-5 Acc = 0.2436
	Mean	ROC-AUC = 0.8146	PR-AUC = 0.1775	Top-1 Acc = 0.1527	Top-5 Acc = 0.2873
Epoch = 28
	Training	Accuracy = 0.4473	Cost = 1.598349	Loss = 1.581944
	seen	ROC-AUC = 0.8499	PR-AUC = 0.2883	Top-1 Acc = 0.3073	Top-5 Acc = 0.5096
	unseen	ROC-AUC = 0.8341	PR-AUC = 0.2015	Top-1 Acc = 0.1468	Top-5 Acc = 0.3132
	Mean	ROC-AUC = 0.8378	PR-AUC = 0.2214	Top-1 Acc = 0.1836	Top-5 Acc = 0.3582
Epoch = 29
	Training	Accuracy = 0.4576	Cost = 1.587309	Loss = 1.570748
	seen	ROC-AUC = 0.8533	PR-AUC = 0.3039	Top-1 Acc = 0.3094	Top-5 Acc = 0.4904
	unseen	ROC-AUC = 0.8358	PR-AUC = 0.2106	Top-1 Acc = 0.1396	Top-5 Acc = 0.2835
	Mean	ROC-AUC = 0.8398	PR-AUC = 0.2320	Top-1 Acc = 0.1785	Top-5 Acc = 0.3309
Epoch = 30
	Training	Accuracy = 0.4762	Cost = 1.565734	Loss = 1.549024
	seen	ROC-AUC = 0.8358	PR-AUC = 0.2469	Top-1 Acc = 0.2676	Top-5 Acc = 0.4301
	unseen	ROC-AUC = 0.8154	PR-AUC = 0.1868	Top-1 Acc = 0.1183	Top-5 Acc = 0.2495
	Mean	ROC-AUC = 0.8200	PR-AUC = 0.2006	Top-1 Acc = 0.1525	Top-5 Acc = 0.2909
Epoch = 31
	Training	Accuracy = 0.4647	Cost = 1.584023	Loss = 1.567156
	seen	ROC-AUC = 0.8266	PR-AUC = 0.2483	Top-1 Acc = 0.2818	Top-5 Acc = 0.4223
	unseen	ROC-AUC = 0.8148	PR-AUC = 0.1756	Top-1 Acc = 0.1204	Top-5 Acc = 0.2590
	Mean	ROC-AUC = 0.8175	PR-AUC = 0.1923	Top-1 Acc = 0.1574	Top-5 Acc = 0.2964
Epoch = 32
	Training	Accuracy = 0.4844	Cost = 1.552526	Loss = 1.535473
	seen	ROC-AUC = 0.8434	PR-AUC = 0.2928	Top-1 Acc = 0.3229	Top-5 Acc = 0.4741
	unseen	ROC-AUC = 0.8233	PR-AUC = 0.2114	Top-1 Acc = 0.1394	Top-5 Acc = 0.2755
	Mean	ROC-AUC = 0.8279	PR-AUC = 0.2301	Top-1 Acc = 0.1815	Top-5 Acc = 0.3210
Epoch = 33
	Training	Accuracy = 0.4961	Cost = 1.539684	Loss = 1.522441
	seen	ROC-AUC = 0.8362	PR-AUC = 0.2854	Top-1 Acc = 0.3229	Top-5 Acc = 0.4592
	unseen	ROC-AUC = 0.8212	PR-AUC = 0.2127	Top-1 Acc = 0.1411	Top-5 Acc = 0.2611
	Mean	ROC-AUC = 0.8246	PR-AUC = 0.2294	Top-1 Acc = 0.1828	Top-5 Acc = 0.3065
Epoch = 34
	Training	Accuracy = 0.4936	Cost = 1.540056	Loss = 1.522660
	seen	ROC-AUC = 0.8603	PR-AUC = 0.3066	Top-1 Acc = 0.3314	Top-5 Acc = 0.4911
	unseen	ROC-AUC = 0.8334	PR-AUC = 0.2209	Top-1 Acc = 0.1358	Top-5 Acc = 0.2567
	Mean	ROC-AUC = 0.8396	PR-AUC = 0.2405	Top-1 Acc = 0.1807	Top-5 Acc = 0.3104
Epoch = 35
	Training	Accuracy = 0.5051	Cost = 1.536842	Loss = 1.519303
	seen	ROC-AUC = 0.8482	PR-AUC = 0.2865	Top-1 Acc = 0.3002	Top-5 Acc = 0.4528
	unseen	ROC-AUC = 0.8249	PR-AUC = 0.2136	Top-1 Acc = 0.1242	Top-5 Acc = 0.2594
	Mean	ROC-AUC = 0.8302	PR-AUC = 0.2303	Top-1 Acc = 0.1646	Top-5 Acc = 0.3037
Epoch = 36
	Training	Accuracy = 0.5131	Cost = 1.506681	Loss = 1.489004
	seen	ROC-AUC = 0.8486	PR-AUC = 0.3278	Top-1 Acc = 0.3506	Top-5 Acc = 0.4734
	unseen	ROC-AUC = 0.8320	PR-AUC = 0.2455	Top-1 Acc = 0.1533	Top-5 Acc = 0.2689
	Mean	ROC-AUC = 0.8358	PR-AUC = 0.2644	Top-1 Acc = 0.1985	Top-5 Acc = 0.3158
Epoch = 37
	Training	Accuracy = 0.5176	Cost = 1.507955	Loss = 1.490125
	seen	ROC-AUC = 0.8606	PR-AUC = 0.3265	Top-1 Acc = 0.3499	Top-5 Acc = 0.4784
	unseen	ROC-AUC = 0.8384	PR-AUC = 0.2459	Top-1 Acc = 0.1506	Top-5 Acc = 0.2723
	Mean	ROC-AUC = 0.8435	PR-AUC = 0.2643	Top-1 Acc = 0.1963	Top-5 Acc = 0.3195
Epoch = 38
	Training	Accuracy = 0.5153	Cost = 1.488449	Loss = 1.470500
	seen	ROC-AUC = 0.8611	PR-AUC = 0.3001	Top-1 Acc = 0.3215	Top-5 Acc = 0.4748
	unseen	ROC-AUC = 0.8339	PR-AUC = 0.2230	Top-1 Acc = 0.1472	Top-5 Acc = 0.2742
	Mean	ROC-AUC = 0.8401	PR-AUC = 0.2407	Top-1 Acc = 0.1872	Top-5 Acc = 0.3202
Epoch = 39
	Training	Accuracy = 0.5181	Cost = 1.505179	Loss = 1.487107
	seen	ROC-AUC = 0.8597	PR-AUC = 0.3344	Top-1 Acc = 0.3158	Top-5 Acc = 0.4407
	unseen	ROC-AUC = 0.8392	PR-AUC = 0.2469	Top-1 Acc = 0.1371	Top-5 Acc = 0.2312
	Mean	ROC-AUC = 0.8439	PR-AUC = 0.2670	Top-1 Acc = 0.1780	Top-5 Acc = 0.2792
Epoch = 40
	Training	Accuracy = 0.5369	Cost = 1.488639	Loss = 1.470405
	seen	ROC-AUC = 0.8584	PR-AUC = 0.3438	Top-1 Acc = 0.3293	Top-5 Acc = 0.4698
	unseen	ROC-AUC = 0.8451	PR-AUC = 0.2635	Top-1 Acc = 0.1485	Top-5 Acc = 0.2556
	Mean	ROC-AUC = 0.8481	PR-AUC = 0.2819	Top-1 Acc = 0.1899	Top-5 Acc = 0.3047
Epoch = 41
	Training	Accuracy = 0.5355	Cost = 1.471478	Loss = 1.453125
	seen	ROC-AUC = 0.8578	PR-AUC = 0.3133	Top-1 Acc = 0.3251	Top-5 Acc = 0.4819
	unseen	ROC-AUC = 0.8412	PR-AUC = 0.2395	Top-1 Acc = 0.1407	Top-5 Acc = 0.2759
	Mean	ROC-AUC = 0.8450	PR-AUC = 0.2564	Top-1 Acc = 0.1829	Top-5 Acc = 0.3231
Epoch = 42
	Training	Accuracy = 0.5502	Cost = 1.468768	Loss = 1.450306
	seen	ROC-AUC = 0.8459	PR-AUC = 0.3194	Top-1 Acc = 0.3293	Top-5 Acc = 0.4535
	unseen	ROC-AUC = 0.8320	PR-AUC = 0.2421	Top-1 Acc = 0.1447	Top-5 Acc = 0.2632
	Mean	ROC-AUC = 0.8352	PR-AUC = 0.2598	Top-1 Acc = 0.1870	Top-5 Acc = 0.3068
Epoch = 43
	Training	Accuracy = 0.5493	Cost = 1.463206	Loss = 1.444632
	seen	ROC-AUC = 0.8658	PR-AUC = 0.3204	Top-1 Acc = 0.3180	Top-5 Acc = 0.4705
	unseen	ROC-AUC = 0.8450	PR-AUC = 0.2422	Top-1 Acc = 0.1323	Top-5 Acc = 0.2451
	Mean	ROC-AUC = 0.8498	PR-AUC = 0.2601	Top-1 Acc = 0.1748	Top-5 Acc = 0.2967
Epoch = 44
	Training	Accuracy = 0.5520	Cost = 1.455635	Loss = 1.436943
	seen	ROC-AUC = 0.8662	PR-AUC = 0.3442	Top-1 Acc = 0.3322	Top-5 Acc = 0.4734
	unseen	ROC-AUC = 0.8427	PR-AUC = 0.2619	Top-1 Acc = 0.1439	Top-5 Acc = 0.2502
	Mean	ROC-AUC = 0.8481	PR-AUC = 0.2808	Top-1 Acc = 0.1870	Top-5 Acc = 0.3013
Epoch = 45
	Training	Accuracy = 0.5569	Cost = 1.456178	Loss = 1.437372
	seen	ROC-AUC = 0.8641	PR-AUC = 0.3528	Top-1 Acc = 0.3620	Top-5 Acc = 0.4947
	unseen	ROC-AUC = 0.8403	PR-AUC = 0.2699	Top-1 Acc = 0.1603	Top-5 Acc = 0.2831
	Mean	ROC-AUC = 0.8458	PR-AUC = 0.2889	Top-1 Acc = 0.2065	Top-5 Acc = 0.3315
Epoch = 46
	Training	Accuracy = 0.5594	Cost = 1.445274	Loss = 1.426358
	seen	ROC-AUC = 0.8621	PR-AUC = 0.3282	Top-1 Acc = 0.3357	Top-5 Acc = 0.4556
	unseen	ROC-AUC = 0.8381	PR-AUC = 0.2514	Top-1 Acc = 0.1394	Top-5 Acc = 0.2428
	Mean	ROC-AUC = 0.8436	PR-AUC = 0.2690	Top-1 Acc = 0.1844	Top-5 Acc = 0.2915
Epoch = 47
	Training	Accuracy = 0.5676	Cost = 1.435563	Loss = 1.416548
	seen	ROC-AUC = 0.8678	PR-AUC = 0.3446	Top-1 Acc = 0.3286	Top-5 Acc = 0.4578
	unseen	ROC-AUC = 0.8476	PR-AUC = 0.2645	Top-1 Acc = 0.1487	Top-5 Acc = 0.2407
	Mean	ROC-AUC = 0.8522	PR-AUC = 0.2829	Top-1 Acc = 0.1899	Top-5 Acc = 0.2904
Epoch = 48
	Training	Accuracy = 0.5699	Cost = 1.436810	Loss = 1.417681
	seen	ROC-AUC = 0.8644	PR-AUC = 0.3330	Top-1 Acc = 0.3591	Top-5 Acc = 0.4826
	unseen	ROC-AUC = 0.8365	PR-AUC = 0.2638	Top-1 Acc = 0.1601	Top-5 Acc = 0.2698
	Mean	ROC-AUC = 0.8429	PR-AUC = 0.2797	Top-1 Acc = 0.2057	Top-5 Acc = 0.3185
Epoch = 49
	Training	Accuracy = 0.5724	Cost = 1.421554	Loss = 1.402337
	seen	ROC-AUC = 0.8642	PR-AUC = 0.3475	Top-1 Acc = 0.3605	Top-5 Acc = 0.4925
	unseen	ROC-AUC = 0.8423	PR-AUC = 0.2668	Top-1 Acc = 0.1683	Top-5 Acc = 0.2744
	Mean	ROC-AUC = 0.8473	PR-AUC = 0.2853	Top-1 Acc = 0.2124	Top-5 Acc = 0.3244
Epoch = 50
	Training	Accuracy = 0.5694	Cost = 1.420876	Loss = 1.401563
	seen	ROC-AUC = 0.8618	PR-AUC = 0.3417	Top-1 Acc = 0.3428	Top-5 Acc = 0.4642
	unseen	ROC-AUC = 0.8412	PR-AUC = 0.2542	Top-1 Acc = 0.1487	Top-5 Acc = 0.2506
	Mean	ROC-AUC = 0.8459	PR-AUC = 0.2742	Top-1 Acc = 0.1932	Top-5 Acc = 0.2995
Epoch = 51
	Training	Accuracy = 0.5736	Cost = 1.417631	Loss = 1.398193
	seen	ROC-AUC = 0.8681	PR-AUC = 0.3553	Top-1 Acc = 0.3655	Top-5 Acc = 0.4911
	unseen	ROC-AUC = 0.8422	PR-AUC = 0.2713	Top-1 Acc = 0.1569	Top-5 Acc = 0.2594
	Mean	ROC-AUC = 0.8481	PR-AUC = 0.2905	Top-1 Acc = 0.2047	Top-5 Acc = 0.3125
Epoch = 52
	Training	Accuracy = 0.5885	Cost = 1.402875	Loss = 1.383355
	seen	ROC-AUC = 0.8563	PR-AUC = 0.3252	Top-1 Acc = 0.3322	Top-5 Acc = 0.4507
	unseen	ROC-AUC = 0.8348	PR-AUC = 0.2461	Top-1 Acc = 0.1394	Top-5 Acc = 0.2335
	Mean	ROC-AUC = 0.8397	PR-AUC = 0.2642	Top-1 Acc = 0.1836	Top-5 Acc = 0.2833
Epoch = 53
	Training	Accuracy = 0.5839	Cost = 1.411768	Loss = 1.392158
	seen	ROC-AUC = 0.8600	PR-AUC = 0.3285	Top-1 Acc = 0.3449	Top-5 Acc = 0.4776
	unseen	ROC-AUC = 0.8441	PR-AUC = 0.2586	Top-1 Acc = 0.1611	Top-5 Acc = 0.2902
	Mean	ROC-AUC = 0.8477	PR-AUC = 0.2746	Top-1 Acc = 0.2033	Top-5 Acc = 0.3332
Epoch = 54
	Training	Accuracy = 0.5855	Cost = 1.397065	Loss = 1.377382
	seen	ROC-AUC = 0.8487	PR-AUC = 0.3370	Top-1 Acc = 0.3676	Top-5 Acc = 0.4869
	unseen	ROC-AUC = 0.8319	PR-AUC = 0.2739	Top-1 Acc = 0.1683	Top-5 Acc = 0.2894
	Mean	ROC-AUC = 0.8357	PR-AUC = 0.2883	Top-1 Acc = 0.2140	Top-5 Acc = 0.3346
Epoch = 55
	Training	Accuracy = 0.5896	Cost = 1.400195	Loss = 1.380421
	seen	ROC-AUC = 0.8689	PR-AUC = 0.3542	Top-1 Acc = 0.3456	Top-5 Acc = 0.4819
	unseen	ROC-AUC = 0.8446	PR-AUC = 0.2675	Top-1 Acc = 0.1504	Top-5 Acc = 0.2563
	Mean	ROC-AUC = 0.8501	PR-AUC = 0.2873	Top-1 Acc = 0.1951	Top-5 Acc = 0.3080
Epoch = 56
	Training	Accuracy = 0.5952	Cost = 1.390000	Loss = 1.370132
	seen	ROC-AUC = 0.8618	PR-AUC = 0.3632	Top-1 Acc = 0.3506	Top-5 Acc = 0.4748
	unseen	ROC-AUC = 0.8428	PR-AUC = 0.2756	Top-1 Acc = 0.1611	Top-5 Acc = 0.2723
	Mean	ROC-AUC = 0.8471	PR-AUC = 0.2956	Top-1 Acc = 0.2046	Top-5 Acc = 0.3187
Epoch = 57
	Training	Accuracy = 0.5935	Cost = 1.392674	Loss = 1.372725
	seen	ROC-AUC = 0.8621	PR-AUC = 0.3493	Top-1 Acc = 0.3683	Top-5 Acc = 0.4883
	unseen	ROC-AUC = 0.8382	PR-AUC = 0.2554	Top-1 Acc = 0.1698	Top-5 Acc = 0.2875
	Mean	ROC-AUC = 0.8436	PR-AUC = 0.2769	Top-1 Acc = 0.2153	Top-5 Acc = 0.3335
Epoch = 58
	Training	Accuracy = 0.5995	Cost = 1.379196	Loss = 1.359170
	seen	ROC-AUC = 0.8667	PR-AUC = 0.3470	Top-1 Acc = 0.3478	Top-5 Acc = 0.5018
	unseen	ROC-AUC = 0.8395	PR-AUC = 0.2621	Top-1 Acc = 0.1624	Top-5 Acc = 0.2890
	Mean	ROC-AUC = 0.8457	PR-AUC = 0.2815	Top-1 Acc = 0.2049	Top-5 Acc = 0.3377
Epoch = 59
	Training	Accuracy = 0.6011	Cost = 1.383749	Loss = 1.363641
	seen	ROC-AUC = 0.8526	PR-AUC = 0.3577	Top-1 Acc = 0.3719	Top-5 Acc = 0.4883
	unseen	ROC-AUC = 0.8394	PR-AUC = 0.2789	Top-1 Acc = 0.1666	Top-5 Acc = 0.2824
	Mean	ROC-AUC = 0.8424	PR-AUC = 0.2970	Top-1 Acc = 0.2137	Top-5 Acc = 0.3296
Epoch = 60
	Training	Accuracy = 0.6091	Cost = 1.367355	Loss = 1.347160
	seen	ROC-AUC = 0.8646	PR-AUC = 0.3513	Top-1 Acc = 0.3563	Top-5 Acc = 0.4826
	unseen	ROC-AUC = 0.8451	PR-AUC = 0.2644	Top-1 Acc = 0.1789	Top-5 Acc = 0.2949
	Mean	ROC-AUC = 0.8496	PR-AUC = 0.2843	Top-1 Acc = 0.2195	Top-5 Acc = 0.3379
Epoch = 61
	Training	Accuracy = 0.6066	Cost = 1.379605	Loss = 1.359324
	seen	ROC-AUC = 0.8592	PR-AUC = 0.3415	Top-1 Acc = 0.3201	Top-5 Acc = 0.4379
	unseen	ROC-AUC = 0.8406	PR-AUC = 0.2677	Top-1 Acc = 0.1443	Top-5 Acc = 0.2464
	Mean	ROC-AUC = 0.8448	PR-AUC = 0.2846	Top-1 Acc = 0.1846	Top-5 Acc = 0.2902
Epoch = 62
	Training	Accuracy = 0.6091	Cost = 1.371867	Loss = 1.351499
	seen	ROC-AUC = 0.8594	PR-AUC = 0.3556	Top-1 Acc = 0.3620	Top-5 Acc = 0.4897
	unseen	ROC-AUC = 0.8420	PR-AUC = 0.2783	Top-1 Acc = 0.1757	Top-5 Acc = 0.2940
	Mean	ROC-AUC = 0.8460	PR-AUC = 0.2960	Top-1 Acc = 0.2184	Top-5 Acc = 0.3389
Epoch = 63
	Training	Accuracy = 0.6174	Cost = 1.360311	Loss = 1.339862
	seen	ROC-AUC = 0.8618	PR-AUC = 0.3500	Top-1 Acc = 0.3506	Top-5 Acc = 0.4556
	unseen	ROC-AUC = 0.8396	PR-AUC = 0.2543	Top-1 Acc = 0.1441	Top-5 Acc = 0.2415
	Mean	ROC-AUC = 0.8447	PR-AUC = 0.2762	Top-1 Acc = 0.1914	Top-5 Acc = 0.2906
Epoch = 64
	Training	Accuracy = 0.6178	Cost = 1.358149	Loss = 1.337614
	seen	ROC-AUC = 0.8629	PR-AUC = 0.3444	Top-1 Acc = 0.3825	Top-5 Acc = 0.5082
	unseen	ROC-AUC = 0.8358	PR-AUC = 0.2682	Top-1 Acc = 0.1848	Top-5 Acc = 0.3035
	Mean	ROC-AUC = 0.8420	PR-AUC = 0.2857	Top-1 Acc = 0.2301	Top-5 Acc = 0.3504
Epoch = 65
	Training	Accuracy = 0.6183	Cost = 1.346639	Loss = 1.326031
	seen	ROC-AUC = 0.8670	PR-AUC = 0.3632	Top-1 Acc = 0.3527	Top-5 Acc = 0.4812
	unseen	ROC-AUC = 0.8453	PR-AUC = 0.2866	Top-1 Acc = 0.1656	Top-5 Acc = 0.2632
	Mean	ROC-AUC = 0.8503	PR-AUC = 0.3041	Top-1 Acc = 0.2085	Top-5 Acc = 0.3132
Epoch = 66
	Training	Accuracy = 0.6171	Cost = 1.355441	Loss = 1.334772
	seen	ROC-AUC = 0.8635	PR-AUC = 0.3648	Top-1 Acc = 0.3669	Top-5 Acc = 0.4791
	unseen	ROC-AUC = 0.8404	PR-AUC = 0.2819	Top-1 Acc = 0.1635	Top-5 Acc = 0.2691
	Mean	ROC-AUC = 0.8457	PR-AUC = 0.3009	Top-1 Acc = 0.2101	Top-5 Acc = 0.3172
Epoch = 67
	Training	Accuracy = 0.6281	Cost = 1.347521	Loss = 1.326770
	seen	ROC-AUC = 0.8685	PR-AUC = 0.3605	Top-1 Acc = 0.3612	Top-5 Acc = 0.4968
	unseen	ROC-AUC = 0.8460	PR-AUC = 0.2698	Top-1 Acc = 0.1700	Top-5 Acc = 0.2848
	Mean	ROC-AUC = 0.8511	PR-AUC = 0.2906	Top-1 Acc = 0.2138	Top-5 Acc = 0.3333
Epoch = 68
	Training	Accuracy = 0.6282	Cost = 1.343107	Loss = 1.322254
	seen	ROC-AUC = 0.8620	PR-AUC = 0.3751	Top-1 Acc = 0.3861	Top-5 Acc = 0.5018
	unseen	ROC-AUC = 0.8414	PR-AUC = 0.2867	Top-1 Acc = 0.1837	Top-5 Acc = 0.2843
	Mean	ROC-AUC = 0.8461	PR-AUC = 0.3070	Top-1 Acc = 0.2301	Top-5 Acc = 0.3341
Epoch = 69
	Training	Accuracy = 0.6309	Cost = 1.331990	Loss = 1.311068
	seen	ROC-AUC = 0.8584	PR-AUC = 0.3602	Top-1 Acc = 0.3691	Top-5 Acc = 0.4940
	unseen	ROC-AUC = 0.8425	PR-AUC = 0.2793	Top-1 Acc = 0.1763	Top-5 Acc = 0.3008
	Mean	ROC-AUC = 0.8461	PR-AUC = 0.2978	Top-1 Acc = 0.2205	Top-5 Acc = 0.3450
Epoch = 70
	Training	Accuracy = 0.6298	Cost = 1.339354	Loss = 1.318341
	seen	ROC-AUC = 0.8672	PR-AUC = 0.3638	Top-1 Acc = 0.3669	Top-5 Acc = 0.4911
	unseen	ROC-AUC = 0.8443	PR-AUC = 0.2683	Top-1 Acc = 0.1662	Top-5 Acc = 0.2641
	Mean	ROC-AUC = 0.8496	PR-AUC = 0.2901	Top-1 Acc = 0.2122	Top-5 Acc = 0.3161
Epoch = 71
	Training	Accuracy = 0.6392	Cost = 1.329175	Loss = 1.308101
	seen	ROC-AUC = 0.8605	PR-AUC = 0.3530	Top-1 Acc = 0.3889	Top-5 Acc = 0.5138
	unseen	ROC-AUC = 0.8419	PR-AUC = 0.2715	Top-1 Acc = 0.1894	Top-5 Acc = 0.3225
	Mean	ROC-AUC = 0.8462	PR-AUC = 0.2902	Top-1 Acc = 0.2351	Top-5 Acc = 0.3663
Epoch = 72
	Training	Accuracy = 0.6424	Cost = 1.323273	Loss = 1.302136
	seen	ROC-AUC = 0.8678	PR-AUC = 0.3845	Top-1 Acc = 0.3747	Top-5 Acc = 0.4897
	unseen	ROC-AUC = 0.8497	PR-AUC = 0.2995	Top-1 Acc = 0.1822	Top-5 Acc = 0.2807
	Mean	ROC-AUC = 0.8538	PR-AUC = 0.3190	Top-1 Acc = 0.2263	Top-5 Acc = 0.3286
Epoch = 73
	Training	Accuracy = 0.6412	Cost = 1.331479	Loss = 1.310272
	seen	ROC-AUC = 0.8645	PR-AUC = 0.3699	Top-1 Acc = 0.3825	Top-5 Acc = 0.5082
	unseen	ROC-AUC = 0.8424	PR-AUC = 0.2850	Top-1 Acc = 0.1831	Top-5 Acc = 0.2942
	Mean	ROC-AUC = 0.8475	PR-AUC = 0.3044	Top-1 Acc = 0.2288	Top-5 Acc = 0.3433
Epoch = 74
	Training	Accuracy = 0.6417	Cost = 1.317982	Loss = 1.296693
	seen	ROC-AUC = 0.8640	PR-AUC = 0.3687	Top-1 Acc = 0.3903	Top-5 Acc = 0.5124
	unseen	ROC-AUC = 0.8473	PR-AUC = 0.2861	Top-1 Acc = 0.1949	Top-5 Acc = 0.3126
	Mean	ROC-AUC = 0.8512	PR-AUC = 0.3051	Top-1 Acc = 0.2397	Top-5 Acc = 0.3584
Epoch = 75
	Training	Accuracy = 0.6422	Cost = 1.323493	Loss = 1.302103
	seen	ROC-AUC = 0.8648	PR-AUC = 0.3520	Top-1 Acc = 0.3833	Top-5 Acc = 0.4918
	unseen	ROC-AUC = 0.8431	PR-AUC = 0.2772	Top-1 Acc = 0.1666	Top-5 Acc = 0.2858
	Mean	ROC-AUC = 0.8481	PR-AUC = 0.2944	Top-1 Acc = 0.2163	Top-5 Acc = 0.3330
Epoch = 76
	Training	Accuracy = 0.6563	Cost = 1.308229	Loss = 1.286761
	seen	ROC-AUC = 0.8581	PR-AUC = 0.3632	Top-1 Acc = 0.3754	Top-5 Acc = 0.5004
	unseen	ROC-AUC = 0.8398	PR-AUC = 0.2752	Top-1 Acc = 0.1879	Top-5 Acc = 0.2995
	Mean	ROC-AUC = 0.8440	PR-AUC = 0.2953	Top-1 Acc = 0.2309	Top-5 Acc = 0.3455
Epoch = 77
	Training	Accuracy = 0.6541	Cost = 1.311134	Loss = 1.289598
	seen	ROC-AUC = 0.8637	PR-AUC = 0.3623	Top-1 Acc = 0.3676	Top-5 Acc = 0.4869
	unseen	ROC-AUC = 0.8436	PR-AUC = 0.2795	Top-1 Acc = 0.1740	Top-5 Acc = 0.2765
	Mean	ROC-AUC = 0.8482	PR-AUC = 0.2985	Top-1 Acc = 0.2184	Top-5 Acc = 0.3247
Epoch = 78
	Training	Accuracy = 0.6541	Cost = 1.304238	Loss = 1.282619
	seen	ROC-AUC = 0.8573	PR-AUC = 0.3689	Top-1 Acc = 0.3797	Top-5 Acc = 0.5103
	unseen	ROC-AUC = 0.8413	PR-AUC = 0.2874	Top-1 Acc = 0.1846	Top-5 Acc = 0.3010
	Mean	ROC-AUC = 0.8450	PR-AUC = 0.3061	Top-1 Acc = 0.2293	Top-5 Acc = 0.3489
Epoch = 79
	Training	Accuracy = 0.6570	Cost = 1.302631	Loss = 1.280959
	seen	ROC-AUC = 0.8646	PR-AUC = 0.3690	Top-1 Acc = 0.3967	Top-5 Acc = 0.5238
	unseen	ROC-AUC = 0.8416	PR-AUC = 0.2917	Top-1 Acc = 0.1989	Top-5 Acc = 0.3042
	Mean	ROC-AUC = 0.8469	PR-AUC = 0.3094	Top-1 Acc = 0.2442	Top-5 Acc = 0.3545
Epoch = 80
	Training	Accuracy = 0.6584	Cost = 1.293938	Loss = 1.272187
	seen	ROC-AUC = 0.8665	PR-AUC = 0.3741	Top-1 Acc = 0.3953	Top-5 Acc = 0.5046
	unseen	ROC-AUC = 0.8453	PR-AUC = 0.2807	Top-1 Acc = 0.1793	Top-5 Acc = 0.2801
	Mean	ROC-AUC = 0.8501	PR-AUC = 0.3021	Top-1 Acc = 0.2288	Top-5 Acc = 0.3315
Epoch = 81
	Training	Accuracy = 0.6552	Cost = 1.301657	Loss = 1.279843
	seen	ROC-AUC = 0.8620	PR-AUC = 0.3882	Top-1 Acc = 0.3925	Top-5 Acc = 0.5209
	unseen	ROC-AUC = 0.8426	PR-AUC = 0.3006	Top-1 Acc = 0.1898	Top-5 Acc = 0.3037
	Mean	ROC-AUC = 0.8470	PR-AUC = 0.3207	Top-1 Acc = 0.2363	Top-5 Acc = 0.3535
Epoch = 82
	Training	Accuracy = 0.6664	Cost = 1.285333	Loss = 1.263440
	seen	ROC-AUC = 0.8660	PR-AUC = 0.3622	Top-1 Acc = 0.3925	Top-5 Acc = 0.5316
	unseen	ROC-AUC = 0.8430	PR-AUC = 0.2831	Top-1 Acc = 0.1962	Top-5 Acc = 0.3179
	Mean	ROC-AUC = 0.8483	PR-AUC = 0.3012	Top-1 Acc = 0.2411	Top-5 Acc = 0.3668
Epoch = 83
	Training	Accuracy = 0.6635	Cost = 1.288623	Loss = 1.266659
	seen	ROC-AUC = 0.8539	PR-AUC = 0.3760	Top-1 Acc = 0.3712	Top-5 Acc = 0.4925
	unseen	ROC-AUC = 0.8432	PR-AUC = 0.2917	Top-1 Acc = 0.1858	Top-5 Acc = 0.2894
	Mean	ROC-AUC = 0.8457	PR-AUC = 0.3110	Top-1 Acc = 0.2283	Top-5 Acc = 0.3359
Epoch = 84
	Training	Accuracy = 0.6694	Cost = 1.282073	Loss = 1.260029
	seen	ROC-AUC = 0.8647	PR-AUC = 0.3657	Top-1 Acc = 0.4194	Top-5 Acc = 0.5366
	unseen	ROC-AUC = 0.8405	PR-AUC = 0.2858	Top-1 Acc = 0.2086	Top-5 Acc = 0.3392
	Mean	ROC-AUC = 0.8460	PR-AUC = 0.3041	Top-1 Acc = 0.2569	Top-5 Acc = 0.3844
Epoch = 85
	Training	Accuracy = 0.6644	Cost = 1.283081	Loss = 1.260975
	seen	ROC-AUC = 0.8635	PR-AUC = 0.3758	Top-1 Acc = 0.3861	Top-5 Acc = 0.5117
	unseen	ROC-AUC = 0.8465	PR-AUC = 0.3020	Top-1 Acc = 0.1913	Top-5 Acc = 0.2936
	Mean	ROC-AUC = 0.8504	PR-AUC = 0.3189	Top-1 Acc = 0.2359	Top-5 Acc = 0.3436
Epoch = 86
	Training	Accuracy = 0.6689	Cost = 1.277997	Loss = 1.255811
	seen	ROC-AUC = 0.8702	PR-AUC = 0.3813	Top-1 Acc = 0.3790	Top-5 Acc = 0.4968
	unseen	ROC-AUC = 0.8501	PR-AUC = 0.3005	Top-1 Acc = 0.1930	Top-5 Acc = 0.2858
	Mean	ROC-AUC = 0.8547	PR-AUC = 0.3190	Top-1 Acc = 0.2356	Top-5 Acc = 0.3341
Epoch = 87
	Training	Accuracy = 0.6726	Cost = 1.272188	Loss = 1.249918
	seen	ROC-AUC = 0.8700	PR-AUC = 0.3718	Top-1 Acc = 0.4031	Top-5 Acc = 0.5302
	unseen	ROC-AUC = 0.8441	PR-AUC = 0.2898	Top-1 Acc = 0.2031	Top-5 Acc = 0.3326
	Mean	ROC-AUC = 0.8500	PR-AUC = 0.3086	Top-1 Acc = 0.2489	Top-5 Acc = 0.3779
Epoch = 88
	Training	Accuracy = 0.6779	Cost = 1.264386	Loss = 1.242058
	seen	ROC-AUC = 0.8636	PR-AUC = 0.3718	Top-1 Acc = 0.3875	Top-5 Acc = 0.4961
	unseen	ROC-AUC = 0.8459	PR-AUC = 0.2911	Top-1 Acc = 0.1843	Top-5 Acc = 0.2824
	Mean	ROC-AUC = 0.8500	PR-AUC = 0.3096	Top-1 Acc = 0.2309	Top-5 Acc = 0.3314
Epoch = 89
	Training	Accuracy = 0.6728	Cost = 1.271654	Loss = 1.249263
	seen	ROC-AUC = 0.8687	PR-AUC = 0.3883	Top-1 Acc = 0.3840	Top-5 Acc = 0.5082
	unseen	ROC-AUC = 0.8464	PR-AUC = 0.2957	Top-1 Acc = 0.1873	Top-5 Acc = 0.2816
	Mean	ROC-AUC = 0.8515	PR-AUC = 0.3169	Top-1 Acc = 0.2324	Top-5 Acc = 0.3335
Epoch = 90
	Training	Accuracy = 0.6793	Cost = 1.263101	Loss = 1.240638
	seen	ROC-AUC = 0.8650	PR-AUC = 0.3688	Top-1 Acc = 0.3868	Top-5 Acc = 0.5124
	unseen	ROC-AUC = 0.8461	PR-AUC = 0.2873	Top-1 Acc = 0.1896	Top-5 Acc = 0.3134
	Mean	ROC-AUC = 0.8504	PR-AUC = 0.3060	Top-1 Acc = 0.2348	Top-5 Acc = 0.3590
Epoch = 91
	Training	Accuracy = 0.6774	Cost = 1.260438	Loss = 1.237902
	seen	ROC-AUC = 0.8557	PR-AUC = 0.3840	Top-1 Acc = 0.4024	Top-5 Acc = 0.5195
	unseen	ROC-AUC = 0.8424	PR-AUC = 0.2968	Top-1 Acc = 0.2008	Top-5 Acc = 0.3065
	Mean	ROC-AUC = 0.8455	PR-AUC = 0.3168	Top-1 Acc = 0.2470	Top-5 Acc = 0.3553
Epoch = 92
	Training	Accuracy = 0.6825	Cost = 1.255115	Loss = 1.232516
	seen	ROC-AUC = 0.8627	PR-AUC = 0.3606	Top-1 Acc = 0.3854	Top-5 Acc = 0.5266
	unseen	ROC-AUC = 0.8446	PR-AUC = 0.2895	Top-1 Acc = 0.1991	Top-5 Acc = 0.3244
	Mean	ROC-AUC = 0.8488	PR-AUC = 0.3058	Top-1 Acc = 0.2418	Top-5 Acc = 0.3707
Epoch = 93
	Training	Accuracy = 0.6838	Cost = 1.252480	Loss = 1.229810
	seen	ROC-AUC = 0.8626	PR-AUC = 0.3739	Top-1 Acc = 0.3705	Top-5 Acc = 0.4925
	unseen	ROC-AUC = 0.8474	PR-AUC = 0.2935	Top-1 Acc = 0.1957	Top-5 Acc = 0.2858
	Mean	ROC-AUC = 0.8509	PR-AUC = 0.3119	Top-1 Acc = 0.2358	Top-5 Acc = 0.3332
Epoch = 94
	Training	Accuracy = 0.6877	Cost = 1.249702	Loss = 1.226971
	seen	ROC-AUC = 0.8608	PR-AUC = 0.3739	Top-1 Acc = 0.3996	Top-5 Acc = 0.5273
	unseen	ROC-AUC = 0.8368	PR-AUC = 0.2853	Top-1 Acc = 0.2023	Top-5 Acc = 0.3341
	Mean	ROC-AUC = 0.8423	PR-AUC = 0.3056	Top-1 Acc = 0.2475	Top-5 Acc = 0.3784
Epoch = 95
	Training	Accuracy = 0.6880	Cost = 1.252186	Loss = 1.229397
	seen	ROC-AUC = 0.8674	PR-AUC = 0.3798	Top-1 Acc = 0.3946	Top-5 Acc = 0.5053
	unseen	ROC-AUC = 0.8481	PR-AUC = 0.3008	Top-1 Acc = 0.1949	Top-5 Acc = 0.2991
	Mean	ROC-AUC = 0.8525	PR-AUC = 0.3189	Top-1 Acc = 0.2407	Top-5 Acc = 0.3463
Epoch = 96
	Training	Accuracy = 0.6889	Cost = 1.242223	Loss = 1.219368
	seen	ROC-AUC = 0.8636	PR-AUC = 0.3786	Top-1 Acc = 0.3953	Top-5 Acc = 0.4947
	unseen	ROC-AUC = 0.8457	PR-AUC = 0.2857	Top-1 Acc = 0.1808	Top-5 Acc = 0.2909
	Mean	ROC-AUC = 0.8498	PR-AUC = 0.3070	Top-1 Acc = 0.2299	Top-5 Acc = 0.3376
Epoch = 97
	Training	Accuracy = 0.6916	Cost = 1.242573	Loss = 1.219657
	seen	ROC-AUC = 0.8688	PR-AUC = 0.3805	Top-1 Acc = 0.4180	Top-5 Acc = 0.5344
	unseen	ROC-AUC = 0.8476	PR-AUC = 0.3033	Top-1 Acc = 0.2044	Top-5 Acc = 0.3158
	Mean	ROC-AUC = 0.8524	PR-AUC = 0.3210	Top-1 Acc = 0.2533	Top-5 Acc = 0.3659
Epoch = 98
	Training	Accuracy = 0.6846	Cost = 1.243148	Loss = 1.220171
	seen	ROC-AUC = 0.8624	PR-AUC = 0.3763	Top-1 Acc = 0.4045	Top-5 Acc = 0.5252
	unseen	ROC-AUC = 0.8430	PR-AUC = 0.2929	Top-1 Acc = 0.2071	Top-5 Acc = 0.3347
	Mean	ROC-AUC = 0.8474	PR-AUC = 0.3120	Top-1 Acc = 0.2524	Top-5 Acc = 0.3784
Epoch = 99
	Training	Accuracy = 0.6946	Cost = 1.233113	Loss = 1.210096
	seen	ROC-AUC = 0.8636	PR-AUC = 0.3870	Top-1 Acc = 0.4045	Top-5 Acc = 0.5245
	unseen	ROC-AUC = 0.8459	PR-AUC = 0.2992	Top-1 Acc = 0.2071	Top-5 Acc = 0.3160
	Mean	ROC-AUC = 0.8500	PR-AUC = 0.3193	Top-1 Acc = 0.2524	Top-5 Acc = 0.3637
Epoch = 100
	Training	Accuracy = 0.6963	Cost = 1.233460	Loss = 1.210393
	seen	ROC-AUC = 0.8692	PR-AUC = 0.3944	Top-1 Acc = 0.4187	Top-5 Acc = 0.5394
	unseen	ROC-AUC = 0.8495	PR-AUC = 0.3070	Top-1 Acc = 0.2126	Top-5 Acc = 0.3366
	Mean	ROC-AUC = 0.8540	PR-AUC = 0.3271	Top-1 Acc = 0.2598	Top-5 Acc = 0.3831
