Epoch = 1
	Training	Accuracy = 0.0299	Cost = 5.806695	Loss = 5.795856
	seen	ROC-AUC = 0.5401	PR-AUC = 0.0107	Top-1 Acc = 0.0563	Top-5 Acc = 0.1781
	unseen	ROC-AUC = 0.5180	PR-AUC = 0.0101	Top-1 Acc = 0.0309	Top-5 Acc = 0.0943
	Mean	ROC-AUC = 0.5277	PR-AUC = 0.0104	Top-1 Acc = 0.0420	Top-5 Acc = 0.1311
Epoch = 2
	Training	Accuracy = 0.0687	Cost = 2.803414	Loss = 2.792423
	seen	ROC-AUC = 0.5887	PR-AUC = 0.0192	Top-1 Acc = 0.0615	Top-5 Acc = 0.1990
	unseen	ROC-AUC = 0.5545	PR-AUC = 0.0156	Top-1 Acc = 0.0285	Top-5 Acc = 0.0927
	Mean	ROC-AUC = 0.5695	PR-AUC = 0.0172	Top-1 Acc = 0.0429	Top-5 Acc = 0.1393
Epoch = 3
	Training	Accuracy = 0.1010	Cost = 2.449830	Loss = 2.438684
	seen	ROC-AUC = 0.5437	PR-AUC = 0.0221	Top-1 Acc = 0.0760	Top-5 Acc = 0.2042
	unseen	ROC-AUC = 0.5665	PR-AUC = 0.0146	Top-1 Acc = 0.0252	Top-5 Acc = 0.0927
	Mean	ROC-AUC = 0.5565	PR-AUC = 0.0179	Top-1 Acc = 0.0475	Top-5 Acc = 0.1416
Epoch = 4
	Training	Accuracy = 0.1023	Cost = 2.616825	Loss = 2.605495
	seen	ROC-AUC = 0.6630	PR-AUC = 0.0309	Top-1 Acc = 0.0865	Top-5 Acc = 0.2417
	unseen	ROC-AUC = 0.6006	PR-AUC = 0.0213	Top-1 Acc = 0.0252	Top-5 Acc = 0.1098
	Mean	ROC-AUC = 0.6280	PR-AUC = 0.0255	Top-1 Acc = 0.0521	Top-5 Acc = 0.1676
Epoch = 5
	Training	Accuracy = 0.1080	Cost = 2.442407	Loss = 2.430889
	seen	ROC-AUC = 0.6412	PR-AUC = 0.0214	Top-1 Acc = 0.0688	Top-5 Acc = 0.2375
	unseen	ROC-AUC = 0.5785	PR-AUC = 0.0173	Top-1 Acc = 0.0244	Top-5 Acc = 0.0927
	Mean	ROC-AUC = 0.6060	PR-AUC = 0.0191	Top-1 Acc = 0.0438	Top-5 Acc = 0.1562
Epoch = 6
	Training	Accuracy = 0.1111	Cost = 2.516248	Loss = 2.504579
	seen	ROC-AUC = 0.6183	PR-AUC = 0.0210	Top-1 Acc = 0.0844	Top-5 Acc = 0.2521
	unseen	ROC-AUC = 0.6368	PR-AUC = 0.0182	Top-1 Acc = 0.0268	Top-5 Acc = 0.0976
	Mean	ROC-AUC = 0.6287	PR-AUC = 0.0194	Top-1 Acc = 0.0521	Top-5 Acc = 0.1653
Epoch = 7
	Training	Accuracy = 0.1353	Cost = 2.055328	Loss = 2.043487
	seen	ROC-AUC = 0.5736	PR-AUC = 0.0200	Top-1 Acc = 0.0583	Top-5 Acc = 0.1781
	unseen	ROC-AUC = 0.5489	PR-AUC = 0.0181	Top-1 Acc = 0.0244	Top-5 Acc = 0.1024
	Mean	ROC-AUC = 0.5597	PR-AUC = 0.0189	Top-1 Acc = 0.0393	Top-5 Acc = 0.1356
Epoch = 8
	Training	Accuracy = 0.1210	Cost = 2.297637	Loss = 2.285679
	seen	ROC-AUC = 0.7194	PR-AUC = 0.0536	Top-1 Acc = 0.1229	Top-5 Acc = 0.2990
	unseen	ROC-AUC = 0.6746	PR-AUC = 0.0323	Top-1 Acc = 0.0309	Top-5 Acc = 0.1496
	Mean	ROC-AUC = 0.6942	PR-AUC = 0.0416	Top-1 Acc = 0.0712	Top-5 Acc = 0.2151
Epoch = 9
	Training	Accuracy = 0.1478	Cost = 2.221082	Loss = 2.208959
	seen	ROC-AUC = 0.7408	PR-AUC = 0.0685	Top-1 Acc = 0.1031	Top-5 Acc = 0.2729
	unseen	ROC-AUC = 0.6758	PR-AUC = 0.0315	Top-1 Acc = 0.0398	Top-5 Acc = 0.1301
	Mean	ROC-AUC = 0.7043	PR-AUC = 0.0477	Top-1 Acc = 0.0676	Top-5 Acc = 0.1927
Epoch = 10
	Training	Accuracy = 0.1434	Cost = 2.133363	Loss = 2.121104
	seen	ROC-AUC = 0.5612	PR-AUC = 0.0143	Top-1 Acc = 0.0760	Top-5 Acc = 0.1760
	unseen	ROC-AUC = 0.5359	PR-AUC = 0.0140	Top-1 Acc = 0.0195	Top-5 Acc = 0.0715
	Mean	ROC-AUC = 0.5470	PR-AUC = 0.0141	Top-1 Acc = 0.0443	Top-5 Acc = 0.1174
Epoch = 11
	Training	Accuracy = 0.1553	Cost = 2.103289	Loss = 2.090862
	seen	ROC-AUC = 0.7570	PR-AUC = 0.0753	Top-1 Acc = 0.1094	Top-5 Acc = 0.3073
	unseen	ROC-AUC = 0.6577	PR-AUC = 0.0346	Top-1 Acc = 0.0350	Top-5 Acc = 0.1569
	Mean	ROC-AUC = 0.7012	PR-AUC = 0.0525	Top-1 Acc = 0.0676	Top-5 Acc = 0.2228
Epoch = 12
	Training	Accuracy = 0.1889	Cost = 2.118769	Loss = 2.106173
	seen	ROC-AUC = 0.7503	PR-AUC = 0.0661	Top-1 Acc = 0.1146	Top-5 Acc = 0.3042
	unseen	ROC-AUC = 0.6657	PR-AUC = 0.0339	Top-1 Acc = 0.0415	Top-5 Acc = 0.1488
	Mean	ROC-AUC = 0.7028	PR-AUC = 0.0480	Top-1 Acc = 0.0735	Top-5 Acc = 0.2169
Epoch = 13
	Training	Accuracy = 0.1816	Cost = 2.065216	Loss = 2.052463
	seen	ROC-AUC = 0.7680	PR-AUC = 0.0915	Top-1 Acc = 0.1250	Top-5 Acc = 0.3083
	unseen	ROC-AUC = 0.7234	PR-AUC = 0.0510	Top-1 Acc = 0.0488	Top-5 Acc = 0.1699
	Mean	ROC-AUC = 0.7430	PR-AUC = 0.0687	Top-1 Acc = 0.0822	Top-5 Acc = 0.2306
Epoch = 14
	Training	Accuracy = 0.2009	Cost = 1.900654	Loss = 1.887738
	seen	ROC-AUC = 0.7538	PR-AUC = 0.0746	Top-1 Acc = 0.1052	Top-5 Acc = 0.2719
	unseen	ROC-AUC = 0.7300	PR-AUC = 0.0423	Top-1 Acc = 0.0358	Top-5 Acc = 0.1187
	Mean	ROC-AUC = 0.7404	PR-AUC = 0.0564	Top-1 Acc = 0.0662	Top-5 Acc = 0.1858
Epoch = 15
	Training	Accuracy = 0.2066	Cost = 1.962240	Loss = 1.949220
	seen	ROC-AUC = 0.7865	PR-AUC = 0.0984	Top-1 Acc = 0.1385	Top-5 Acc = 0.3146
	unseen	ROC-AUC = 0.7323	PR-AUC = 0.0533	Top-1 Acc = 0.0463	Top-5 Acc = 0.1504
	Mean	ROC-AUC = 0.7561	PR-AUC = 0.0731	Top-1 Acc = 0.0868	Top-5 Acc = 0.2224
Epoch = 16
	Training	Accuracy = 0.2274	Cost = 1.924037	Loss = 1.910872
	seen	ROC-AUC = 0.7563	PR-AUC = 0.1005	Top-1 Acc = 0.1552	Top-5 Acc = 0.3396
	unseen	ROC-AUC = 0.7162	PR-AUC = 0.0621	Top-1 Acc = 0.0553	Top-5 Acc = 0.1707
	Mean	ROC-AUC = 0.7338	PR-AUC = 0.0789	Top-1 Acc = 0.0991	Top-5 Acc = 0.2447
Epoch = 17
	Training	Accuracy = 0.2371	Cost = 1.902820	Loss = 1.889496
	seen	ROC-AUC = 0.7751	PR-AUC = 0.1106	Top-1 Acc = 0.1521	Top-5 Acc = 0.3385
	unseen	ROC-AUC = 0.7313	PR-AUC = 0.0573	Top-1 Acc = 0.0520	Top-5 Acc = 0.1691
	Mean	ROC-AUC = 0.7505	PR-AUC = 0.0807	Top-1 Acc = 0.0959	Top-5 Acc = 0.2434
Epoch = 18
	Training	Accuracy = 0.2404	Cost = 1.873999	Loss = 1.860542
	seen	ROC-AUC = 0.6733	PR-AUC = 0.0871	Top-1 Acc = 0.1135	Top-5 Acc = 0.2458
	unseen	ROC-AUC = 0.6121	PR-AUC = 0.0335	Top-1 Acc = 0.0293	Top-5 Acc = 0.1114
	Mean	ROC-AUC = 0.6390	PR-AUC = 0.0570	Top-1 Acc = 0.0662	Top-5 Acc = 0.1703
Epoch = 19
	Training	Accuracy = 0.2706	Cost = 1.867047	Loss = 1.853431
	seen	ROC-AUC = 0.7999	PR-AUC = 0.1132	Top-1 Acc = 0.1635	Top-5 Acc = 0.3583
	unseen	ROC-AUC = 0.7523	PR-AUC = 0.0851	Top-1 Acc = 0.0463	Top-5 Acc = 0.1805
	Mean	ROC-AUC = 0.7731	PR-AUC = 0.0974	Top-1 Acc = 0.0977	Top-5 Acc = 0.2584
Epoch = 20
	Training	Accuracy = 0.2571	Cost = 1.900658	Loss = 1.886899
	seen	ROC-AUC = 0.8174	PR-AUC = 0.1505	Top-1 Acc = 0.1688	Top-5 Acc = 0.3844
	unseen	ROC-AUC = 0.7406	PR-AUC = 0.0814	Top-1 Acc = 0.0715	Top-5 Acc = 0.2098
	Mean	ROC-AUC = 0.7743	PR-AUC = 0.1117	Top-1 Acc = 0.1142	Top-5 Acc = 0.2863
Epoch = 21
	Training	Accuracy = 0.2998	Cost = 1.777414	Loss = 1.763515
	seen	ROC-AUC = 0.7980	PR-AUC = 0.1396	Top-1 Acc = 0.1812	Top-5 Acc = 0.3521
	unseen	ROC-AUC = 0.7437	PR-AUC = 0.0972	Top-1 Acc = 0.0667	Top-5 Acc = 0.1935
	Mean	ROC-AUC = 0.7675	PR-AUC = 0.1158	Top-1 Acc = 0.1169	Top-5 Acc = 0.2630
Epoch = 22
	Training	Accuracy = 0.2961	Cost = 1.887648	Loss = 1.873617
	seen	ROC-AUC = 0.7990	PR-AUC = 0.1483	Top-1 Acc = 0.1531	Top-5 Acc = 0.3146
	unseen	ROC-AUC = 0.7587	PR-AUC = 0.0856	Top-1 Acc = 0.0610	Top-5 Acc = 0.1740
	Mean	ROC-AUC = 0.7763	PR-AUC = 0.1131	Top-1 Acc = 0.1014	Top-5 Acc = 0.2356
Epoch = 23
	Training	Accuracy = 0.2953	Cost = 1.826281	Loss = 1.812103
	seen	ROC-AUC = 0.8123	PR-AUC = 0.1712	Top-1 Acc = 0.2000	Top-5 Acc = 0.3917
	unseen	ROC-AUC = 0.7556	PR-AUC = 0.1017	Top-1 Acc = 0.0715	Top-5 Acc = 0.1911
	Mean	ROC-AUC = 0.7805	PR-AUC = 0.1322	Top-1 Acc = 0.1279	Top-5 Acc = 0.2790
Epoch = 24
	Training	Accuracy = 0.3310	Cost = 1.767266	Loss = 1.752939
	seen	ROC-AUC = 0.8064	PR-AUC = 0.1758	Top-1 Acc = 0.1979	Top-5 Acc = 0.3833
	unseen	ROC-AUC = 0.7572	PR-AUC = 0.0956	Top-1 Acc = 0.0967	Top-5 Acc = 0.2163
	Mean	ROC-AUC = 0.7788	PR-AUC = 0.1308	Top-1 Acc = 0.1411	Top-5 Acc = 0.2895
Epoch = 25
	Training	Accuracy = 0.3352	Cost = 1.763205	Loss = 1.748725
	seen	ROC-AUC = 0.8332	PR-AUC = 0.1761	Top-1 Acc = 0.2052	Top-5 Acc = 0.4052
	unseen	ROC-AUC = 0.7653	PR-AUC = 0.1019	Top-1 Acc = 0.0911	Top-5 Acc = 0.2146
	Mean	ROC-AUC = 0.7951	PR-AUC = 0.1344	Top-1 Acc = 0.1411	Top-5 Acc = 0.2982
Epoch = 26
	Training	Accuracy = 0.3526	Cost = 1.747249	Loss = 1.732630
	seen	ROC-AUC = 0.8463	PR-AUC = 0.2195	Top-1 Acc = 0.2365	Top-5 Acc = 0.4552
	unseen	ROC-AUC = 0.7810	PR-AUC = 0.1272	Top-1 Acc = 0.1146	Top-5 Acc = 0.2455
	Mean	ROC-AUC = 0.8096	PR-AUC = 0.1677	Top-1 Acc = 0.1680	Top-5 Acc = 0.3374
Epoch = 27
	Training	Accuracy = 0.3487	Cost = 1.705839	Loss = 1.691081
	seen	ROC-AUC = 0.8278	PR-AUC = 0.1934	Top-1 Acc = 0.2031	Top-5 Acc = 0.3833
	unseen	ROC-AUC = 0.7683	PR-AUC = 0.1159	Top-1 Acc = 0.0805	Top-5 Acc = 0.2244
	Mean	ROC-AUC = 0.7944	PR-AUC = 0.1499	Top-1 Acc = 0.1342	Top-5 Acc = 0.2941
Epoch = 28
	Training	Accuracy = 0.3643	Cost = 1.740497	Loss = 1.725606
	seen	ROC-AUC = 0.7501	PR-AUC = 0.1085	Top-1 Acc = 0.1646	Top-5 Acc = 0.3271
	unseen	ROC-AUC = 0.6869	PR-AUC = 0.0676	Top-1 Acc = 0.0585	Top-5 Acc = 0.1602
	Mean	ROC-AUC = 0.7146	PR-AUC = 0.0855	Top-1 Acc = 0.1050	Top-5 Acc = 0.2333
Epoch = 29
	Training	Accuracy = 0.3659	Cost = 1.727553	Loss = 1.712516
	seen	ROC-AUC = 0.8360	PR-AUC = 0.2180	Top-1 Acc = 0.2490	Top-5 Acc = 0.4365
	unseen	ROC-AUC = 0.7764	PR-AUC = 0.1405	Top-1 Acc = 0.1089	Top-5 Acc = 0.2585
	Mean	ROC-AUC = 0.8025	PR-AUC = 0.1745	Top-1 Acc = 0.1703	Top-5 Acc = 0.3365
Epoch = 30
	Training	Accuracy = 0.3612	Cost = 1.715576	Loss = 1.700393
	seen	ROC-AUC = 0.8303	PR-AUC = 0.2139	Top-1 Acc = 0.2115	Top-5 Acc = 0.3865
	unseen	ROC-AUC = 0.7842	PR-AUC = 0.1405	Top-1 Acc = 0.0943	Top-5 Acc = 0.2398
	Mean	ROC-AUC = 0.8044	PR-AUC = 0.1727	Top-1 Acc = 0.1457	Top-5 Acc = 0.3041
Epoch = 31
	Training	Accuracy = 0.4059	Cost = 1.658032	Loss = 1.642704
	seen	ROC-AUC = 0.8433	PR-AUC = 0.2368	Top-1 Acc = 0.2542	Top-5 Acc = 0.4385
	unseen	ROC-AUC = 0.7745	PR-AUC = 0.1107	Top-1 Acc = 0.1163	Top-5 Acc = 0.2659
	Mean	ROC-AUC = 0.8047	PR-AUC = 0.1660	Top-1 Acc = 0.1767	Top-5 Acc = 0.3416
Epoch = 32
	Training	Accuracy = 0.4135	Cost = 1.678291	Loss = 1.662813
	seen	ROC-AUC = 0.8281	PR-AUC = 0.2139	Top-1 Acc = 0.2229	Top-5 Acc = 0.3958
	unseen	ROC-AUC = 0.7747	PR-AUC = 0.1192	Top-1 Acc = 0.1065	Top-5 Acc = 0.2244
	Mean	ROC-AUC = 0.7981	PR-AUC = 0.1607	Top-1 Acc = 0.1575	Top-5 Acc = 0.2995
Epoch = 33
	Training	Accuracy = 0.4202	Cost = 1.648144	Loss = 1.632520
	seen	ROC-AUC = 0.8372	PR-AUC = 0.2274	Top-1 Acc = 0.2417	Top-5 Acc = 0.4292
	unseen	ROC-AUC = 0.7692	PR-AUC = 0.1226	Top-1 Acc = 0.1236	Top-5 Acc = 0.2512
	Mean	ROC-AUC = 0.7990	PR-AUC = 0.1685	Top-1 Acc = 0.1753	Top-5 Acc = 0.3292
Epoch = 34
	Training	Accuracy = 0.4127	Cost = 1.691556	Loss = 1.675791
	seen	ROC-AUC = 0.8476	PR-AUC = 0.2311	Top-1 Acc = 0.2406	Top-5 Acc = 0.4521
	unseen	ROC-AUC = 0.7935	PR-AUC = 0.1380	Top-1 Acc = 0.1187	Top-5 Acc = 0.2480
	Mean	ROC-AUC = 0.8172	PR-AUC = 0.1788	Top-1 Acc = 0.1721	Top-5 Acc = 0.3374
Epoch = 35
	Training	Accuracy = 0.4442	Cost = 1.642433	Loss = 1.626537
	seen	ROC-AUC = 0.8278	PR-AUC = 0.2316	Top-1 Acc = 0.2354	Top-5 Acc = 0.4156
	unseen	ROC-AUC = 0.7722	PR-AUC = 0.1240	Top-1 Acc = 0.1317	Top-5 Acc = 0.2512
	Mean	ROC-AUC = 0.7966	PR-AUC = 0.1712	Top-1 Acc = 0.1772	Top-5 Acc = 0.3233
Epoch = 36
	Training	Accuracy = 0.4434	Cost = 1.641331	Loss = 1.625294
	seen	ROC-AUC = 0.8343	PR-AUC = 0.2031	Top-1 Acc = 0.2333	Top-5 Acc = 0.4104
	unseen	ROC-AUC = 0.7907	PR-AUC = 0.1225	Top-1 Acc = 0.1106	Top-5 Acc = 0.2268
	Mean	ROC-AUC = 0.8098	PR-AUC = 0.1578	Top-1 Acc = 0.1644	Top-5 Acc = 0.3073
Epoch = 37
	Training	Accuracy = 0.4551	Cost = 1.613721	Loss = 1.597523
	seen	ROC-AUC = 0.8330	PR-AUC = 0.2369	Top-1 Acc = 0.2740	Top-5 Acc = 0.4448
	unseen	ROC-AUC = 0.7895	PR-AUC = 0.1383	Top-1 Acc = 0.1098	Top-5 Acc = 0.2675
	Mean	ROC-AUC = 0.8085	PR-AUC = 0.1815	Top-1 Acc = 0.1817	Top-5 Acc = 0.3452
Epoch = 38
	Training	Accuracy = 0.4460	Cost = 1.622461	Loss = 1.606117
	seen	ROC-AUC = 0.8410	PR-AUC = 0.2288	Top-1 Acc = 0.2302	Top-5 Acc = 0.4000
	unseen	ROC-AUC = 0.7745	PR-AUC = 0.1214	Top-1 Acc = 0.0878	Top-5 Acc = 0.2130
	Mean	ROC-AUC = 0.8037	PR-AUC = 0.1685	Top-1 Acc = 0.1502	Top-5 Acc = 0.2950
Epoch = 39
	Training	Accuracy = 0.4796	Cost = 1.605357	Loss = 1.588868
	seen	ROC-AUC = 0.8499	PR-AUC = 0.2734	Top-1 Acc = 0.2594	Top-5 Acc = 0.4156
	unseen	ROC-AUC = 0.7904	PR-AUC = 0.1505	Top-1 Acc = 0.1049	Top-5 Acc = 0.2423
	Mean	ROC-AUC = 0.8165	PR-AUC = 0.2044	Top-1 Acc = 0.1726	Top-5 Acc = 0.3183
Epoch = 40
	Training	Accuracy = 0.4681	Cost = 1.582529	Loss = 1.565923
	seen	ROC-AUC = 0.8430	PR-AUC = 0.2269	Top-1 Acc = 0.2521	Top-5 Acc = 0.4385
	unseen	ROC-AUC = 0.7872	PR-AUC = 0.1335	Top-1 Acc = 0.1252	Top-5 Acc = 0.2561
	Mean	ROC-AUC = 0.8117	PR-AUC = 0.1744	Top-1 Acc = 0.1808	Top-5 Acc = 0.3361
Epoch = 41
	Training	Accuracy = 0.4783	Cost = 1.600026	Loss = 1.583301
	seen	ROC-AUC = 0.8649	PR-AUC = 0.2888	Top-1 Acc = 0.2667	Top-5 Acc = 0.4115
	unseen	ROC-AUC = 0.8092	PR-AUC = 0.1750	Top-1 Acc = 0.1293	Top-5 Acc = 0.2528
	Mean	ROC-AUC = 0.8336	PR-AUC = 0.2249	Top-1 Acc = 0.1895	Top-5 Acc = 0.3224
Epoch = 42
	Training	Accuracy = 0.5033	Cost = 1.583012	Loss = 1.566154
	seen	ROC-AUC = 0.8561	PR-AUC = 0.2757	Top-1 Acc = 0.2604	Top-5 Acc = 0.4167
	unseen	ROC-AUC = 0.7953	PR-AUC = 0.1637	Top-1 Acc = 0.1285	Top-5 Acc = 0.2415
	Mean	ROC-AUC = 0.8220	PR-AUC = 0.2128	Top-1 Acc = 0.1863	Top-5 Acc = 0.3183
Epoch = 43
	Training	Accuracy = 0.5066	Cost = 1.541917	Loss = 1.524937
	seen	ROC-AUC = 0.8314	PR-AUC = 0.2473	Top-1 Acc = 0.2562	Top-5 Acc = 0.4104
	unseen	ROC-AUC = 0.7805	PR-AUC = 0.1202	Top-1 Acc = 0.1089	Top-5 Acc = 0.2463
	Mean	ROC-AUC = 0.8028	PR-AUC = 0.1759	Top-1 Acc = 0.1735	Top-5 Acc = 0.3183
Epoch = 44
	Training	Accuracy = 0.4926	Cost = 1.571311	Loss = 1.554204
	seen	ROC-AUC = 0.8455	PR-AUC = 0.2742	Top-1 Acc = 0.2313	Top-5 Acc = 0.3833
	unseen	ROC-AUC = 0.7951	PR-AUC = 0.1540	Top-1 Acc = 0.1114	Top-5 Acc = 0.2154
	Mean	ROC-AUC = 0.8172	PR-AUC = 0.2067	Top-1 Acc = 0.1639	Top-5 Acc = 0.2890
Epoch = 45
	Training	Accuracy = 0.4967	Cost = 1.552483	Loss = 1.535260
	seen	ROC-AUC = 0.8510	PR-AUC = 0.2995	Top-1 Acc = 0.2854	Top-5 Acc = 0.4302
	unseen	ROC-AUC = 0.8006	PR-AUC = 0.1779	Top-1 Acc = 0.1366	Top-5 Acc = 0.2472
	Mean	ROC-AUC = 0.8227	PR-AUC = 0.2312	Top-1 Acc = 0.2018	Top-5 Acc = 0.3274
Epoch = 46
	Training	Accuracy = 0.5256	Cost = 1.530589	Loss = 1.513237
	seen	ROC-AUC = 0.8467	PR-AUC = 0.2905	Top-1 Acc = 0.2729	Top-5 Acc = 0.4156
	unseen	ROC-AUC = 0.8023	PR-AUC = 0.1783	Top-1 Acc = 0.1366	Top-5 Acc = 0.2634
	Mean	ROC-AUC = 0.8217	PR-AUC = 0.2275	Top-1 Acc = 0.1963	Top-5 Acc = 0.3301
Epoch = 47
	Training	Accuracy = 0.5267	Cost = 1.525540	Loss = 1.508062
	seen	ROC-AUC = 0.8508	PR-AUC = 0.2830	Top-1 Acc = 0.2708	Top-5 Acc = 0.4021
	unseen	ROC-AUC = 0.7905	PR-AUC = 0.1497	Top-1 Acc = 0.1187	Top-5 Acc = 0.2341
	Mean	ROC-AUC = 0.8169	PR-AUC = 0.2082	Top-1 Acc = 0.1854	Top-5 Acc = 0.3078
Epoch = 48
	Training	Accuracy = 0.5254	Cost = 1.521681	Loss = 1.504102
	seen	ROC-AUC = 0.8520	PR-AUC = 0.2876	Top-1 Acc = 0.2865	Top-5 Acc = 0.4469
	unseen	ROC-AUC = 0.7889	PR-AUC = 0.1559	Top-1 Acc = 0.1268	Top-5 Acc = 0.2358
	Mean	ROC-AUC = 0.8166	PR-AUC = 0.2136	Top-1 Acc = 0.1968	Top-5 Acc = 0.3283
Epoch = 49
	Training	Accuracy = 0.5329	Cost = 1.536981	Loss = 1.519277
	seen	ROC-AUC = 0.8519	PR-AUC = 0.2705	Top-1 Acc = 0.2719	Top-5 Acc = 0.4260
	unseen	ROC-AUC = 0.7871	PR-AUC = 0.1564	Top-1 Acc = 0.1122	Top-5 Acc = 0.2358
	Mean	ROC-AUC = 0.8155	PR-AUC = 0.2064	Top-1 Acc = 0.1822	Top-5 Acc = 0.3192
Epoch = 50
	Training	Accuracy = 0.5480	Cost = 1.503509	Loss = 1.485673
	seen	ROC-AUC = 0.8534	PR-AUC = 0.2854	Top-1 Acc = 0.2740	Top-5 Acc = 0.4240
	unseen	ROC-AUC = 0.8053	PR-AUC = 0.1686	Top-1 Acc = 0.1350	Top-5 Acc = 0.2480
	Mean	ROC-AUC = 0.8263	PR-AUC = 0.2198	Top-1 Acc = 0.1959	Top-5 Acc = 0.3251
Epoch = 51
	Training	Accuracy = 0.5412	Cost = 1.490616	Loss = 1.472669
	seen	ROC-AUC = 0.8500	PR-AUC = 0.3030	Top-1 Acc = 0.2750	Top-5 Acc = 0.4333
	unseen	ROC-AUC = 0.7993	PR-AUC = 0.1769	Top-1 Acc = 0.1390	Top-5 Acc = 0.2537
	Mean	ROC-AUC = 0.8215	PR-AUC = 0.2322	Top-1 Acc = 0.1986	Top-5 Acc = 0.3324
Epoch = 52
	Training	Accuracy = 0.5425	Cost = 1.500547	Loss = 1.482498
	seen	ROC-AUC = 0.8546	PR-AUC = 0.2941	Top-1 Acc = 0.2594	Top-5 Acc = 0.3958
	unseen	ROC-AUC = 0.7959	PR-AUC = 0.1566	Top-1 Acc = 0.1065	Top-5 Acc = 0.2000
	Mean	ROC-AUC = 0.8216	PR-AUC = 0.2169	Top-1 Acc = 0.1735	Top-5 Acc = 0.2858
Epoch = 53
	Training	Accuracy = 0.5550	Cost = 1.486320	Loss = 1.468166
	seen	ROC-AUC = 0.8519	PR-AUC = 0.3005	Top-1 Acc = 0.2823	Top-5 Acc = 0.4458
	unseen	ROC-AUC = 0.7981	PR-AUC = 0.1825	Top-1 Acc = 0.1423	Top-5 Acc = 0.2561
	Mean	ROC-AUC = 0.8217	PR-AUC = 0.2342	Top-1 Acc = 0.2037	Top-5 Acc = 0.3393
Epoch = 54
	Training	Accuracy = 0.5667	Cost = 1.468317	Loss = 1.450055
	seen	ROC-AUC = 0.8592	PR-AUC = 0.3098	Top-1 Acc = 0.2958	Top-5 Acc = 0.4573
	unseen	ROC-AUC = 0.8107	PR-AUC = 0.1828	Top-1 Acc = 0.1472	Top-5 Acc = 0.2797
	Mean	ROC-AUC = 0.8319	PR-AUC = 0.2385	Top-1 Acc = 0.2123	Top-5 Acc = 0.3575
Epoch = 55
	Training	Accuracy = 0.5639	Cost = 1.478293	Loss = 1.459925
	seen	ROC-AUC = 0.8615	PR-AUC = 0.3013	Top-1 Acc = 0.2812	Top-5 Acc = 0.4125
	unseen	ROC-AUC = 0.8078	PR-AUC = 0.1855	Top-1 Acc = 0.1252	Top-5 Acc = 0.2415
	Mean	ROC-AUC = 0.8314	PR-AUC = 0.2363	Top-1 Acc = 0.1936	Top-5 Acc = 0.3164
Epoch = 56
	Training	Accuracy = 0.5805	Cost = 1.462353	Loss = 1.443897
	seen	ROC-AUC = 0.8639	PR-AUC = 0.3377	Top-1 Acc = 0.3063	Top-5 Acc = 0.4719
	unseen	ROC-AUC = 0.8123	PR-AUC = 0.1840	Top-1 Acc = 0.1407	Top-5 Acc = 0.2431
	Mean	ROC-AUC = 0.8349	PR-AUC = 0.2514	Top-1 Acc = 0.2132	Top-5 Acc = 0.3434
Epoch = 57
	Training	Accuracy = 0.5821	Cost = 1.453323	Loss = 1.434774
	seen	ROC-AUC = 0.8611	PR-AUC = 0.3126	Top-1 Acc = 0.2823	Top-5 Acc = 0.4354
	unseen	ROC-AUC = 0.8062	PR-AUC = 0.1804	Top-1 Acc = 0.1309	Top-5 Acc = 0.2333
	Mean	ROC-AUC = 0.8303	PR-AUC = 0.2383	Top-1 Acc = 0.1973	Top-5 Acc = 0.3219
Epoch = 58
	Training	Accuracy = 0.5785	Cost = 1.447037	Loss = 1.428400
	seen	ROC-AUC = 0.8589	PR-AUC = 0.3147	Top-1 Acc = 0.2687	Top-5 Acc = 0.4188
	unseen	ROC-AUC = 0.7989	PR-AUC = 0.1866	Top-1 Acc = 0.1220	Top-5 Acc = 0.1951
	Mean	ROC-AUC = 0.8252	PR-AUC = 0.2428	Top-1 Acc = 0.1863	Top-5 Acc = 0.2932
Epoch = 59
	Training	Accuracy = 0.5876	Cost = 1.444223	Loss = 1.425501
	seen	ROC-AUC = 0.8621	PR-AUC = 0.3273	Top-1 Acc = 0.2687	Top-5 Acc = 0.4073
	unseen	ROC-AUC = 0.8140	PR-AUC = 0.1963	Top-1 Acc = 0.1293	Top-5 Acc = 0.2439
	Mean	ROC-AUC = 0.8351	PR-AUC = 0.2537	Top-1 Acc = 0.1904	Top-5 Acc = 0.3155
Epoch = 60
	Training	Accuracy = 0.5954	Cost = 1.437849	Loss = 1.419045
	seen	ROC-AUC = 0.8657	PR-AUC = 0.3321	Top-1 Acc = 0.3146	Top-5 Acc = 0.4552
	unseen	ROC-AUC = 0.8187	PR-AUC = 0.2078	Top-1 Acc = 0.1431	Top-5 Acc = 0.2366
	Mean	ROC-AUC = 0.8393	PR-AUC = 0.2623	Top-1 Acc = 0.2183	Top-5 Acc = 0.3324
Epoch = 61
	Training	Accuracy = 0.5959	Cost = 1.431957	Loss = 1.413063
	seen	ROC-AUC = 0.8595	PR-AUC = 0.2959	Top-1 Acc = 0.2958	Top-5 Acc = 0.4479
	unseen	ROC-AUC = 0.7958	PR-AUC = 0.1598	Top-1 Acc = 0.1276	Top-5 Acc = 0.2512
	Mean	ROC-AUC = 0.8237	PR-AUC = 0.2195	Top-1 Acc = 0.2014	Top-5 Acc = 0.3374
Epoch = 62
	Training	Accuracy = 0.6084	Cost = 1.429389	Loss = 1.410412
	seen	ROC-AUC = 0.8621	PR-AUC = 0.3299	Top-1 Acc = 0.3083	Top-5 Acc = 0.4313
	unseen	ROC-AUC = 0.8099	PR-AUC = 0.1969	Top-1 Acc = 0.1447	Top-5 Acc = 0.2301
	Mean	ROC-AUC = 0.8328	PR-AUC = 0.2552	Top-1 Acc = 0.2164	Top-5 Acc = 0.3183
Epoch = 63
	Training	Accuracy = 0.6027	Cost = 1.423871	Loss = 1.404821
	seen	ROC-AUC = 0.8665	PR-AUC = 0.3377	Top-1 Acc = 0.3021	Top-5 Acc = 0.4417
	unseen	ROC-AUC = 0.8195	PR-AUC = 0.2057	Top-1 Acc = 0.1488	Top-5 Acc = 0.2236
	Mean	ROC-AUC = 0.8401	PR-AUC = 0.2636	Top-1 Acc = 0.2160	Top-5 Acc = 0.3192
Epoch = 64
	Training	Accuracy = 0.5988	Cost = 1.417610	Loss = 1.398489
	seen	ROC-AUC = 0.8455	PR-AUC = 0.3090	Top-1 Acc = 0.3073	Top-5 Acc = 0.4542
	unseen	ROC-AUC = 0.7970	PR-AUC = 0.1787	Top-1 Acc = 0.1407	Top-5 Acc = 0.2504
	Mean	ROC-AUC = 0.8183	PR-AUC = 0.2358	Top-1 Acc = 0.2137	Top-5 Acc = 0.3397
Epoch = 65
	Training	Accuracy = 0.6131	Cost = 1.417034	Loss = 1.397817
	seen	ROC-AUC = 0.8590	PR-AUC = 0.3369	Top-1 Acc = 0.3240	Top-5 Acc = 0.4708
	unseen	ROC-AUC = 0.8135	PR-AUC = 0.2054	Top-1 Acc = 0.1724	Top-5 Acc = 0.2902
	Mean	ROC-AUC = 0.8335	PR-AUC = 0.2630	Top-1 Acc = 0.2388	Top-5 Acc = 0.3694
Epoch = 66
	Training	Accuracy = 0.6232	Cost = 1.400072	Loss = 1.380769
	seen	ROC-AUC = 0.8658	PR-AUC = 0.3371	Top-1 Acc = 0.2927	Top-5 Acc = 0.4375
	unseen	ROC-AUC = 0.8078	PR-AUC = 0.2031	Top-1 Acc = 0.1236	Top-5 Acc = 0.2195
	Mean	ROC-AUC = 0.8332	PR-AUC = 0.2618	Top-1 Acc = 0.1977	Top-5 Acc = 0.3151
Epoch = 67
	Training	Accuracy = 0.6112	Cost = 1.407372	Loss = 1.387978
	seen	ROC-AUC = 0.8625	PR-AUC = 0.3562	Top-1 Acc = 0.3135	Top-5 Acc = 0.4490
	unseen	ROC-AUC = 0.8140	PR-AUC = 0.1847	Top-1 Acc = 0.1431	Top-5 Acc = 0.2593
	Mean	ROC-AUC = 0.8353	PR-AUC = 0.2599	Top-1 Acc = 0.2178	Top-5 Acc = 0.3425
Epoch = 68
	Training	Accuracy = 0.6258	Cost = 1.394901	Loss = 1.375439
	seen	ROC-AUC = 0.8661	PR-AUC = 0.3498	Top-1 Acc = 0.3302	Top-5 Acc = 0.4740
	unseen	ROC-AUC = 0.8160	PR-AUC = 0.2033	Top-1 Acc = 0.1593	Top-5 Acc = 0.2626
	Mean	ROC-AUC = 0.8380	PR-AUC = 0.2675	Top-1 Acc = 0.2342	Top-5 Acc = 0.3553
Epoch = 69
	Training	Accuracy = 0.6282	Cost = 1.390280	Loss = 1.370756
	seen	ROC-AUC = 0.8520	PR-AUC = 0.3285	Top-1 Acc = 0.2875	Top-5 Acc = 0.4281
	unseen	ROC-AUC = 0.7956	PR-AUC = 0.1937	Top-1 Acc = 0.1260	Top-5 Acc = 0.2236
	Mean	ROC-AUC = 0.8203	PR-AUC = 0.2528	Top-1 Acc = 0.1968	Top-5 Acc = 0.3132
Epoch = 70
	Training	Accuracy = 0.6367	Cost = 1.373571	Loss = 1.353965
	seen	ROC-AUC = 0.8644	PR-AUC = 0.3377	Top-1 Acc = 0.3125	Top-5 Acc = 0.4813
	unseen	ROC-AUC = 0.8145	PR-AUC = 0.2082	Top-1 Acc = 0.1618	Top-5 Acc = 0.3000
	Mean	ROC-AUC = 0.8364	PR-AUC = 0.2650	Top-1 Acc = 0.2279	Top-5 Acc = 0.3795
Epoch = 71
	Training	Accuracy = 0.6391	Cost = 1.378467	Loss = 1.358802
	seen	ROC-AUC = 0.8707	PR-AUC = 0.3478	Top-1 Acc = 0.3219	Top-5 Acc = 0.4583
	unseen	ROC-AUC = 0.8212	PR-AUC = 0.2171	Top-1 Acc = 0.1585	Top-5 Acc = 0.2724
	Mean	ROC-AUC = 0.8429	PR-AUC = 0.2744	Top-1 Acc = 0.2301	Top-5 Acc = 0.3539
Epoch = 72
	Training	Accuracy = 0.6373	Cost = 1.387324	Loss = 1.367589
	seen	ROC-AUC = 0.8625	PR-AUC = 0.3600	Top-1 Acc = 0.3250	Top-5 Acc = 0.4583
	unseen	ROC-AUC = 0.8152	PR-AUC = 0.2083	Top-1 Acc = 0.1398	Top-5 Acc = 0.2528
	Mean	ROC-AUC = 0.8359	PR-AUC = 0.2748	Top-1 Acc = 0.2210	Top-5 Acc = 0.3429
Epoch = 73
	Training	Accuracy = 0.6495	Cost = 1.357934	Loss = 1.338111
	seen	ROC-AUC = 0.8667	PR-AUC = 0.3462	Top-1 Acc = 0.3333	Top-5 Acc = 0.4573
	unseen	ROC-AUC = 0.8123	PR-AUC = 0.2118	Top-1 Acc = 0.1593	Top-5 Acc = 0.2846
	Mean	ROC-AUC = 0.8362	PR-AUC = 0.2707	Top-1 Acc = 0.2356	Top-5 Acc = 0.3603
Epoch = 74
	Training	Accuracy = 0.6396	Cost = 1.367265	Loss = 1.347382
	seen	ROC-AUC = 0.8710	PR-AUC = 0.3536	Top-1 Acc = 0.3302	Top-5 Acc = 0.4708
	unseen	ROC-AUC = 0.8106	PR-AUC = 0.1962	Top-1 Acc = 0.1634	Top-5 Acc = 0.2715
	Mean	ROC-AUC = 0.8371	PR-AUC = 0.2652	Top-1 Acc = 0.2365	Top-5 Acc = 0.3589
Epoch = 75
	Training	Accuracy = 0.6443	Cost = 1.364242	Loss = 1.344290
	seen	ROC-AUC = 0.8649	PR-AUC = 0.3338	Top-1 Acc = 0.3375	Top-5 Acc = 0.4708
	unseen	ROC-AUC = 0.8120	PR-AUC = 0.2026	Top-1 Acc = 0.1504	Top-5 Acc = 0.2528
	Mean	ROC-AUC = 0.8352	PR-AUC = 0.2601	Top-1 Acc = 0.2324	Top-5 Acc = 0.3484
Epoch = 76
	Training	Accuracy = 0.6456	Cost = 1.353882	Loss = 1.333862
	seen	ROC-AUC = 0.8563	PR-AUC = 0.3446	Top-1 Acc = 0.3208	Top-5 Acc = 0.4781
	unseen	ROC-AUC = 0.8034	PR-AUC = 0.2066	Top-1 Acc = 0.1439	Top-5 Acc = 0.2642
	Mean	ROC-AUC = 0.8265	PR-AUC = 0.2671	Top-1 Acc = 0.2215	Top-5 Acc = 0.3580
Epoch = 77
	Training	Accuracy = 0.6526	Cost = 1.355991	Loss = 1.335907
	seen	ROC-AUC = 0.8688	PR-AUC = 0.3401	Top-1 Acc = 0.3385	Top-5 Acc = 0.4760
	unseen	ROC-AUC = 0.8129	PR-AUC = 0.2187	Top-1 Acc = 0.1691	Top-5 Acc = 0.3000
	Mean	ROC-AUC = 0.8374	PR-AUC = 0.2719	Top-1 Acc = 0.2434	Top-5 Acc = 0.3772
Epoch = 78
	Training	Accuracy = 0.6609	Cost = 1.340607	Loss = 1.320462
	seen	ROC-AUC = 0.8725	PR-AUC = 0.3700	Top-1 Acc = 0.3438	Top-5 Acc = 0.4677
	unseen	ROC-AUC = 0.8138	PR-AUC = 0.2219	Top-1 Acc = 0.1610	Top-5 Acc = 0.2634
	Mean	ROC-AUC = 0.8395	PR-AUC = 0.2869	Top-1 Acc = 0.2411	Top-5 Acc = 0.3530
Epoch = 79
	Training	Accuracy = 0.6542	Cost = 1.345855	Loss = 1.325652
	seen	ROC-AUC = 0.8671	PR-AUC = 0.3404	Top-1 Acc = 0.3250	Top-5 Acc = 0.4875
	unseen	ROC-AUC = 0.8113	PR-AUC = 0.2109	Top-1 Acc = 0.1561	Top-5 Acc = 0.2846
	Mean	ROC-AUC = 0.8358	PR-AUC = 0.2676	Top-1 Acc = 0.2301	Top-5 Acc = 0.3735
Epoch = 80
	Training	Accuracy = 0.6544	Cost = 1.343385	Loss = 1.323123
	seen	ROC-AUC = 0.8733	PR-AUC = 0.3530	Top-1 Acc = 0.3438	Top-5 Acc = 0.4979
	unseen	ROC-AUC = 0.8198	PR-AUC = 0.2032	Top-1 Acc = 0.1715	Top-5 Acc = 0.2748
	Mean	ROC-AUC = 0.8433	PR-AUC = 0.2689	Top-1 Acc = 0.2470	Top-5 Acc = 0.3726
Epoch = 81
	Training	Accuracy = 0.6602	Cost = 1.344006	Loss = 1.323685
	seen	ROC-AUC = 0.8607	PR-AUC = 0.3263	Top-1 Acc = 0.3167	Top-5 Acc = 0.4781
	unseen	ROC-AUC = 0.7985	PR-AUC = 0.2011	Top-1 Acc = 0.1561	Top-5 Acc = 0.2707
	Mean	ROC-AUC = 0.8258	PR-AUC = 0.2560	Top-1 Acc = 0.2265	Top-5 Acc = 0.3616
Epoch = 82
	Training	Accuracy = 0.6753	Cost = 1.323110	Loss = 1.302718
	seen	ROC-AUC = 0.8699	PR-AUC = 0.3691	Top-1 Acc = 0.3417	Top-5 Acc = 0.4823
	unseen	ROC-AUC = 0.8157	PR-AUC = 0.2254	Top-1 Acc = 0.1667	Top-5 Acc = 0.2642
	Mean	ROC-AUC = 0.8395	PR-AUC = 0.2884	Top-1 Acc = 0.2434	Top-5 Acc = 0.3598
Epoch = 83
	Training	Accuracy = 0.6727	Cost = 1.323769	Loss = 1.303317
	seen	ROC-AUC = 0.8627	PR-AUC = 0.3450	Top-1 Acc = 0.3177	Top-5 Acc = 0.4594
	unseen	ROC-AUC = 0.8080	PR-AUC = 0.2208	Top-1 Acc = 0.1585	Top-5 Acc = 0.2764
	Mean	ROC-AUC = 0.8320	PR-AUC = 0.2753	Top-1 Acc = 0.2283	Top-5 Acc = 0.3566
Epoch = 84
	Training	Accuracy = 0.6766	Cost = 1.318600	Loss = 1.298086
	seen	ROC-AUC = 0.8732	PR-AUC = 0.3796	Top-1 Acc = 0.3396	Top-5 Acc = 0.4750
	unseen	ROC-AUC = 0.8184	PR-AUC = 0.2253	Top-1 Acc = 0.1699	Top-5 Acc = 0.2650
	Mean	ROC-AUC = 0.8424	PR-AUC = 0.2929	Top-1 Acc = 0.2443	Top-5 Acc = 0.3571
Epoch = 85
	Training	Accuracy = 0.6763	Cost = 1.327390	Loss = 1.306840
	seen	ROC-AUC = 0.8705	PR-AUC = 0.3688	Top-1 Acc = 0.3344	Top-5 Acc = 0.4792
	unseen	ROC-AUC = 0.8137	PR-AUC = 0.2262	Top-1 Acc = 0.1667	Top-5 Acc = 0.3008
	Mean	ROC-AUC = 0.8386	PR-AUC = 0.2887	Top-1 Acc = 0.2402	Top-5 Acc = 0.3790
Epoch = 86
	Training	Accuracy = 0.6794	Cost = 1.312153	Loss = 1.291533
	seen	ROC-AUC = 0.8681	PR-AUC = 0.3644	Top-1 Acc = 0.3250	Top-5 Acc = 0.4625
	unseen	ROC-AUC = 0.8175	PR-AUC = 0.2202	Top-1 Acc = 0.1496	Top-5 Acc = 0.2642
	Mean	ROC-AUC = 0.8397	PR-AUC = 0.2834	Top-1 Acc = 0.2265	Top-5 Acc = 0.3511
Epoch = 87
	Training	Accuracy = 0.6805	Cost = 1.313427	Loss = 1.292747
	seen	ROC-AUC = 0.8707	PR-AUC = 0.3662	Top-1 Acc = 0.3406	Top-5 Acc = 0.4917
	unseen	ROC-AUC = 0.8121	PR-AUC = 0.2303	Top-1 Acc = 0.1667	Top-5 Acc = 0.2829
	Mean	ROC-AUC = 0.8378	PR-AUC = 0.2899	Top-1 Acc = 0.2429	Top-5 Acc = 0.3744
Epoch = 88
	Training	Accuracy = 0.6901	Cost = 1.294519	Loss = 1.273791
	seen	ROC-AUC = 0.8722	PR-AUC = 0.3788	Top-1 Acc = 0.3448	Top-5 Acc = 0.4990
	unseen	ROC-AUC = 0.8190	PR-AUC = 0.2396	Top-1 Acc = 0.1667	Top-5 Acc = 0.2862
	Mean	ROC-AUC = 0.8423	PR-AUC = 0.3006	Top-1 Acc = 0.2447	Top-5 Acc = 0.3795
Epoch = 89
	Training	Accuracy = 0.6799	Cost = 1.305806	Loss = 1.285032
	seen	ROC-AUC = 0.8694	PR-AUC = 0.3589	Top-1 Acc = 0.3240	Top-5 Acc = 0.4385
	unseen	ROC-AUC = 0.8076	PR-AUC = 0.2235	Top-1 Acc = 0.1699	Top-5 Acc = 0.2626
	Mean	ROC-AUC = 0.8347	PR-AUC = 0.2828	Top-1 Acc = 0.2374	Top-5 Acc = 0.3397
Epoch = 90
	Training	Accuracy = 0.6836	Cost = 1.296630	Loss = 1.275815
	seen	ROC-AUC = 0.8610	PR-AUC = 0.3544	Top-1 Acc = 0.3292	Top-5 Acc = 0.4958
	unseen	ROC-AUC = 0.8158	PR-AUC = 0.2165	Top-1 Acc = 0.1699	Top-5 Acc = 0.3057
	Mean	ROC-AUC = 0.8356	PR-AUC = 0.2769	Top-1 Acc = 0.2397	Top-5 Acc = 0.3890
Epoch = 91
	Training	Accuracy = 0.6859	Cost = 1.298728	Loss = 1.277851
	seen	ROC-AUC = 0.8665	PR-AUC = 0.3747	Top-1 Acc = 0.3594	Top-5 Acc = 0.5010
	unseen	ROC-AUC = 0.8192	PR-AUC = 0.2153	Top-1 Acc = 0.1821	Top-5 Acc = 0.3098
	Mean	ROC-AUC = 0.8399	PR-AUC = 0.2852	Top-1 Acc = 0.2598	Top-5 Acc = 0.3936
Epoch = 92
	Training	Accuracy = 0.6901	Cost = 1.294032	Loss = 1.273103
	seen	ROC-AUC = 0.8568	PR-AUC = 0.3489	Top-1 Acc = 0.3302	Top-5 Acc = 0.4990
	unseen	ROC-AUC = 0.8087	PR-AUC = 0.2230	Top-1 Acc = 0.1683	Top-5 Acc = 0.2886
	Mean	ROC-AUC = 0.8298	PR-AUC = 0.2782	Top-1 Acc = 0.2393	Top-5 Acc = 0.3808
Epoch = 93
	Training	Accuracy = 0.6958	Cost = 1.289322	Loss = 1.268347
	seen	ROC-AUC = 0.8622	PR-AUC = 0.3616	Top-1 Acc = 0.3312	Top-5 Acc = 0.4708
	unseen	ROC-AUC = 0.8107	PR-AUC = 0.2253	Top-1 Acc = 0.1724	Top-5 Acc = 0.2821
	Mean	ROC-AUC = 0.8333	PR-AUC = 0.2850	Top-1 Acc = 0.2420	Top-5 Acc = 0.3648
Epoch = 94
	Training	Accuracy = 0.6982	Cost = 1.281294	Loss = 1.260258
	seen	ROC-AUC = 0.8538	PR-AUC = 0.3418	Top-1 Acc = 0.3344	Top-5 Acc = 0.5000
	unseen	ROC-AUC = 0.8013	PR-AUC = 0.2033	Top-1 Acc = 0.1545	Top-5 Acc = 0.2943
	Mean	ROC-AUC = 0.8243	PR-AUC = 0.2640	Top-1 Acc = 0.2333	Top-5 Acc = 0.3845
Epoch = 95
	Training	Accuracy = 0.6987	Cost = 1.274520	Loss = 1.253434
	seen	ROC-AUC = 0.8534	PR-AUC = 0.3488	Top-1 Acc = 0.3260	Top-5 Acc = 0.4667
	unseen	ROC-AUC = 0.8055	PR-AUC = 0.2169	Top-1 Acc = 0.1545	Top-5 Acc = 0.2504
	Mean	ROC-AUC = 0.8265	PR-AUC = 0.2747	Top-1 Acc = 0.2297	Top-5 Acc = 0.3452
Epoch = 96
	Training	Accuracy = 0.6992	Cost = 1.271196	Loss = 1.250064
	seen	ROC-AUC = 0.8656	PR-AUC = 0.3601	Top-1 Acc = 0.3271	Top-5 Acc = 0.4854
	unseen	ROC-AUC = 0.8165	PR-AUC = 0.2221	Top-1 Acc = 0.1553	Top-5 Acc = 0.2870
	Mean	ROC-AUC = 0.8380	PR-AUC = 0.2826	Top-1 Acc = 0.2306	Top-5 Acc = 0.3740
Epoch = 97
	Training	Accuracy = 0.6984	Cost = 1.277176	Loss = 1.256006
	seen	ROC-AUC = 0.8697	PR-AUC = 0.3886	Top-1 Acc = 0.3469	Top-5 Acc = 0.4813
	unseen	ROC-AUC = 0.8210	PR-AUC = 0.2373	Top-1 Acc = 0.1789	Top-5 Acc = 0.2894
	Mean	ROC-AUC = 0.8424	PR-AUC = 0.3036	Top-1 Acc = 0.2525	Top-5 Acc = 0.3735
Epoch = 98
	Training	Accuracy = 0.7060	Cost = 1.265895	Loss = 1.244673
	seen	ROC-AUC = 0.8676	PR-AUC = 0.3733	Top-1 Acc = 0.3625	Top-5 Acc = 0.5083
	unseen	ROC-AUC = 0.8192	PR-AUC = 0.2349	Top-1 Acc = 0.1821	Top-5 Acc = 0.3154
	Mean	ROC-AUC = 0.8404	PR-AUC = 0.2956	Top-1 Acc = 0.2612	Top-5 Acc = 0.4000
Epoch = 99
	Training	Accuracy = 0.6942	Cost = 1.273966	Loss = 1.252711
	seen	ROC-AUC = 0.8740	PR-AUC = 0.3857	Top-1 Acc = 0.3573	Top-5 Acc = 0.5083
	unseen	ROC-AUC = 0.8180	PR-AUC = 0.2328	Top-1 Acc = 0.1659	Top-5 Acc = 0.2821
	Mean	ROC-AUC = 0.8425	PR-AUC = 0.2998	Top-1 Acc = 0.2498	Top-5 Acc = 0.3813
Epoch = 100
	Training	Accuracy = 0.7015	Cost = 1.256231	Loss = 1.234928
	seen	ROC-AUC = 0.8712	PR-AUC = 0.3766	Top-1 Acc = 0.3688	Top-5 Acc = 0.4875
	unseen	ROC-AUC = 0.8212	PR-AUC = 0.2423	Top-1 Acc = 0.1862	Top-5 Acc = 0.3033
	Mean	ROC-AUC = 0.8431	PR-AUC = 0.3011	Top-1 Acc = 0.2662	Top-5 Acc = 0.3840
