Epoch = 1
	Training	Accuracy = 0.0430	Cost = 5.707255	Loss = 5.600683
	seen	ROC-AUC = 0.7520	PR-AUC = 0.0226	Top-1 Acc = 0.0425	Top-5 Acc = 0.1596
	unseen	ROC-AUC = 0.6635	PR-AUC = 0.0512	Top-1 Acc = 0.0318	Top-5 Acc = 0.1144
	Mean	ROC-AUC = 0.7025	PR-AUC = 0.0386	Top-1 Acc = 0.0365	Top-5 Acc = 0.1343
Epoch = 2
	Training	Accuracy = 0.0846	Cost = 3.659479	Loss = 3.553666
	seen	ROC-AUC = 0.8564	PR-AUC = 0.0748	Top-1 Acc = 0.0594	Top-5 Acc = 0.2772
	unseen	ROC-AUC = 0.7990	PR-AUC = 0.0945	Top-1 Acc = 0.0843	Top-5 Acc = 0.2614
	Mean	ROC-AUC = 0.8243	PR-AUC = 0.0858	Top-1 Acc = 0.0733	Top-5 Acc = 0.2684
Epoch = 3
	Training	Accuracy = 0.1225	Cost = 2.953556	Loss = 2.849612
	seen	ROC-AUC = 0.8834	PR-AUC = 0.1158	Top-1 Acc = 0.0893	Top-5 Acc = 0.3339
	unseen	ROC-AUC = 0.8178	PR-AUC = 0.1241	Top-1 Acc = 0.0907	Top-5 Acc = 0.3005
	Mean	ROC-AUC = 0.8467	PR-AUC = 0.1204	Top-1 Acc = 0.0901	Top-5 Acc = 0.3152
Epoch = 4
	Training	Accuracy = 0.1562	Cost = 2.950550	Loss = 2.848899
	seen	ROC-AUC = 0.9153	PR-AUC = 0.1549	Top-1 Acc = 0.0948	Top-5 Acc = 0.3208
	unseen	ROC-AUC = 0.8517	PR-AUC = 0.1594	Top-1 Acc = 0.0679	Top-5 Acc = 0.2752
	Mean	ROC-AUC = 0.8797	PR-AUC = 0.1574	Top-1 Acc = 0.0798	Top-5 Acc = 0.2953
Epoch = 5
	Training	Accuracy = 0.1897	Cost = 2.652111	Loss = 2.553474
	seen	ROC-AUC = 0.9404	PR-AUC = 0.2013	Top-1 Acc = 0.1514	Top-5 Acc = 0.4515
	unseen	ROC-AUC = 0.8939	PR-AUC = 0.1942	Top-1 Acc = 0.1152	Top-5 Acc = 0.3745
	Mean	ROC-AUC = 0.9144	PR-AUC = 0.1973	Top-1 Acc = 0.1312	Top-5 Acc = 0.4085
Epoch = 6
	Training	Accuracy = 0.2182	Cost = 2.660767	Loss = 2.565398
	seen	ROC-AUC = 0.9393	PR-AUC = 0.2151	Top-1 Acc = 0.1759	Top-5 Acc = 0.4439
	unseen	ROC-AUC = 0.8860	PR-AUC = 0.2008	Top-1 Acc = 0.1350	Top-5 Acc = 0.4205
	Mean	ROC-AUC = 0.9095	PR-AUC = 0.2071	Top-1 Acc = 0.1531	Top-5 Acc = 0.4308
Epoch = 7
	Training	Accuracy = 0.2651	Cost = 2.459580	Loss = 2.367147
	seen	ROC-AUC = 0.8202	PR-AUC = 0.0932	Top-1 Acc = 0.0915	Top-5 Acc = 0.2440
	unseen	ROC-AUC = 0.7675	PR-AUC = 0.1078	Top-1 Acc = 0.0520	Top-5 Acc = 0.2442
	Mean	ROC-AUC = 0.7908	PR-AUC = 0.1014	Top-1 Acc = 0.0694	Top-5 Acc = 0.2441
Epoch = 8
	Training	Accuracy = 0.2779	Cost = 2.494255	Loss = 2.404728
	seen	ROC-AUC = 0.9497	PR-AUC = 0.2365	Top-1 Acc = 0.2119	Top-5 Acc = 0.4956
	unseen	ROC-AUC = 0.8876	PR-AUC = 0.1694	Top-1 Acc = 0.1187	Top-5 Acc = 0.4385
	Mean	ROC-AUC = 0.9150	PR-AUC = 0.1990	Top-1 Acc = 0.1598	Top-5 Acc = 0.4637
Epoch = 9
	Training	Accuracy = 0.3156	Cost = 2.438820	Loss = 2.351759
	seen	ROC-AUC = 0.9337	PR-AUC = 0.2472	Top-1 Acc = 0.1819	Top-5 Acc = 0.4237
	unseen	ROC-AUC = 0.8794	PR-AUC = 0.2317	Top-1 Acc = 0.1393	Top-5 Acc = 0.4557
	Mean	ROC-AUC = 0.9034	PR-AUC = 0.2385	Top-1 Acc = 0.1581	Top-5 Acc = 0.4416
Epoch = 10
	Training	Accuracy = 0.3276	Cost = 2.359924	Loss = 2.275399
	seen	ROC-AUC = 0.8748	PR-AUC = 0.1572	Top-1 Acc = 0.1225	Top-5 Acc = 0.3121
	unseen	ROC-AUC = 0.7919	PR-AUC = 0.1285	Top-1 Acc = 0.0456	Top-5 Acc = 0.2971
	Mean	ROC-AUC = 0.8285	PR-AUC = 0.1412	Top-1 Acc = 0.0795	Top-5 Acc = 0.3037
Epoch = 11
	Training	Accuracy = 0.3648	Cost = 2.346510	Loss = 2.264008
	seen	ROC-AUC = 0.9438	PR-AUC = 0.2917	Top-1 Acc = 0.2228	Top-5 Acc = 0.4472
	unseen	ROC-AUC = 0.9083	PR-AUC = 0.2527	Top-1 Acc = 0.1247	Top-5 Acc = 0.4845
	Mean	ROC-AUC = 0.9239	PR-AUC = 0.2699	Top-1 Acc = 0.1679	Top-5 Acc = 0.4680
Epoch = 12
	Training	Accuracy = 0.3732	Cost = 2.290104	Loss = 2.209484
	seen	ROC-AUC = 0.9534	PR-AUC = 0.3143	Top-1 Acc = 0.2952	Top-5 Acc = 0.5566
	unseen	ROC-AUC = 0.8784	PR-AUC = 0.2271	Top-1 Acc = 0.0972	Top-5 Acc = 0.4506
	Mean	ROC-AUC = 0.9115	PR-AUC = 0.2656	Top-1 Acc = 0.1845	Top-5 Acc = 0.4974
Epoch = 13
	Training	Accuracy = 0.3964	Cost = 2.246730	Loss = 2.167538
	seen	ROC-AUC = 0.9284	PR-AUC = 0.2759	Top-1 Acc = 0.1748	Top-5 Acc = 0.3469
	unseen	ROC-AUC = 0.9047	PR-AUC = 0.2462	Top-1 Acc = 0.1432	Top-5 Acc = 0.4596
	Mean	ROC-AUC = 0.9152	PR-AUC = 0.2593	Top-1 Acc = 0.1571	Top-5 Acc = 0.4099
Epoch = 14
	Training	Accuracy = 0.4256	Cost = 2.243902	Loss = 2.165929
	seen	ROC-AUC = 0.9635	PR-AUC = 0.3511	Top-1 Acc = 0.2549	Top-5 Acc = 0.5501
	unseen	ROC-AUC = 0.9108	PR-AUC = 0.2675	Top-1 Acc = 0.1767	Top-5 Acc = 0.6006
	Mean	ROC-AUC = 0.9340	PR-AUC = 0.3044	Top-1 Acc = 0.2112	Top-5 Acc = 0.5783
Epoch = 15
	Training	Accuracy = 0.4411	Cost = 2.192530	Loss = 2.115834
	seen	ROC-AUC = 0.9702	PR-AUC = 0.3910	Top-1 Acc = 0.3115	Top-5 Acc = 0.5882
	unseen	ROC-AUC = 0.9074	PR-AUC = 0.2828	Top-1 Acc = 0.1621	Top-5 Acc = 0.5193
	Mean	ROC-AUC = 0.9351	PR-AUC = 0.3305	Top-1 Acc = 0.2280	Top-5 Acc = 0.5497
Epoch = 16
	Training	Accuracy = 0.4590	Cost = 2.183052	Loss = 2.107173
	seen	ROC-AUC = 0.9561	PR-AUC = 0.3436	Top-1 Acc = 0.2898	Top-5 Acc = 0.5054
	unseen	ROC-AUC = 0.9039	PR-AUC = 0.2615	Top-1 Acc = 0.1333	Top-5 Acc = 0.5305
	Mean	ROC-AUC = 0.9269	PR-AUC = 0.2977	Top-1 Acc = 0.2023	Top-5 Acc = 0.5195
Epoch = 17
	Training	Accuracy = 0.4894	Cost = 2.140271	Loss = 2.065053
	seen	ROC-AUC = 0.9635	PR-AUC = 0.3587	Top-1 Acc = 0.2865	Top-5 Acc = 0.5779
	unseen	ROC-AUC = 0.8992	PR-AUC = 0.2433	Top-1 Acc = 0.1582	Top-5 Acc = 0.5808
	Mean	ROC-AUC = 0.9276	PR-AUC = 0.2942	Top-1 Acc = 0.2148	Top-5 Acc = 0.5795
Epoch = 18
	Training	Accuracy = 0.4975	Cost = 2.123832	Loss = 2.049052
	seen	ROC-AUC = 0.9706	PR-AUC = 0.4086	Top-1 Acc = 0.3268	Top-5 Acc = 0.5882
	unseen	ROC-AUC = 0.9196	PR-AUC = 0.2730	Top-1 Acc = 0.1711	Top-5 Acc = 0.5675
	Mean	ROC-AUC = 0.9421	PR-AUC = 0.3328	Top-1 Acc = 0.2398	Top-5 Acc = 0.5766
Epoch = 19
	Training	Accuracy = 0.5142	Cost = 2.088113	Loss = 2.013745
	seen	ROC-AUC = 0.9384	PR-AUC = 0.3347	Top-1 Acc = 0.2865	Top-5 Acc = 0.4929
	unseen	ROC-AUC = 0.8667	PR-AUC = 0.2260	Top-1 Acc = 0.1217	Top-5 Acc = 0.4931
	Mean	ROC-AUC = 0.8983	PR-AUC = 0.2739	Top-1 Acc = 0.1944	Top-5 Acc = 0.4930
Epoch = 20
	Training	Accuracy = 0.5290	Cost = 2.075147	Loss = 2.001103
	seen	ROC-AUC = 0.9648	PR-AUC = 0.3560	Top-1 Acc = 0.3110	Top-5 Acc = 0.5441
	unseen	ROC-AUC = 0.9077	PR-AUC = 0.2548	Top-1 Acc = 0.1475	Top-5 Acc = 0.4888
	Mean	ROC-AUC = 0.9329	PR-AUC = 0.2995	Top-1 Acc = 0.2196	Top-5 Acc = 0.5132
Epoch = 21
	Training	Accuracy = 0.5303	Cost = 2.069209	Loss = 1.995451
	seen	ROC-AUC = 0.9595	PR-AUC = 0.3974	Top-1 Acc = 0.3306	Top-5 Acc = 0.5801
	unseen	ROC-AUC = 0.9065	PR-AUC = 0.2725	Top-1 Acc = 0.1535	Top-5 Acc = 0.6075
	Mean	ROC-AUC = 0.9299	PR-AUC = 0.3276	Top-1 Acc = 0.2316	Top-5 Acc = 0.5954
Epoch = 22
	Training	Accuracy = 0.5615	Cost = 2.024259	Loss = 1.950597
	seen	ROC-AUC = 0.9568	PR-AUC = 0.3796	Top-1 Acc = 0.3170	Top-5 Acc = 0.5670
	unseen	ROC-AUC = 0.8972	PR-AUC = 0.2475	Top-1 Acc = 0.0899	Top-5 Acc = 0.4841
	Mean	ROC-AUC = 0.9235	PR-AUC = 0.3058	Top-1 Acc = 0.1901	Top-5 Acc = 0.5207
Epoch = 23
	Training	Accuracy = 0.5686	Cost = 2.029466	Loss = 1.955857
	seen	ROC-AUC = 0.9753	PR-AUC = 0.4851	Top-1 Acc = 0.3736	Top-5 Acc = 0.6541
	unseen	ROC-AUC = 0.9244	PR-AUC = 0.3108	Top-1 Acc = 0.2343	Top-5 Acc = 0.6733
	Mean	ROC-AUC = 0.9469	PR-AUC = 0.3877	Top-1 Acc = 0.2958	Top-5 Acc = 0.6648
Epoch = 24
	Training	Accuracy = 0.5755	Cost = 2.009855	Loss = 1.936410
	seen	ROC-AUC = 0.9747	PR-AUC = 0.4735	Top-1 Acc = 0.3927	Top-5 Acc = 0.6716
	unseen	ROC-AUC = 0.9258	PR-AUC = 0.2942	Top-1 Acc = 0.2107	Top-5 Acc = 0.6440
	Mean	ROC-AUC = 0.9474	PR-AUC = 0.3733	Top-1 Acc = 0.2910	Top-5 Acc = 0.6562
Epoch = 25
	Training	Accuracy = 0.5842	Cost = 2.000425	Loss = 1.926983
	seen	ROC-AUC = 0.9693	PR-AUC = 0.4661	Top-1 Acc = 0.3758	Top-5 Acc = 0.6383
	unseen	ROC-AUC = 0.9270	PR-AUC = 0.3246	Top-1 Acc = 0.1969	Top-5 Acc = 0.6960
	Mean	ROC-AUC = 0.9456	PR-AUC = 0.3870	Top-1 Acc = 0.2758	Top-5 Acc = 0.6706
Epoch = 26
	Training	Accuracy = 0.5998	Cost = 1.972963	Loss = 1.899438
	seen	ROC-AUC = 0.9754	PR-AUC = 0.4918	Top-1 Acc = 0.3747	Top-5 Acc = 0.6209
	unseen	ROC-AUC = 0.9262	PR-AUC = 0.3070	Top-1 Acc = 0.2296	Top-5 Acc = 0.6591
	Mean	ROC-AUC = 0.9479	PR-AUC = 0.3886	Top-1 Acc = 0.2936	Top-5 Acc = 0.6422
Epoch = 27
	Training	Accuracy = 0.6113	Cost = 1.955920	Loss = 1.882364
	seen	ROC-AUC = 0.9664	PR-AUC = 0.4096	Top-1 Acc = 0.3263	Top-5 Acc = 0.5659
	unseen	ROC-AUC = 0.8971	PR-AUC = 0.2556	Top-1 Acc = 0.1049	Top-5 Acc = 0.5043
	Mean	ROC-AUC = 0.9276	PR-AUC = 0.3235	Top-1 Acc = 0.2025	Top-5 Acc = 0.5315
Epoch = 28
	Training	Accuracy = 0.6117	Cost = 1.964919	Loss = 1.891286
	seen	ROC-AUC = 0.9786	PR-AUC = 0.5194	Top-1 Acc = 0.3965	Top-5 Acc = 0.6449
	unseen	ROC-AUC = 0.9224	PR-AUC = 0.3013	Top-1 Acc = 0.2253	Top-5 Acc = 0.6617
	Mean	ROC-AUC = 0.9472	PR-AUC = 0.3975	Top-1 Acc = 0.3008	Top-5 Acc = 0.6543
Epoch = 29
	Training	Accuracy = 0.6288	Cost = 1.932521	Loss = 1.858828
	seen	ROC-AUC = 0.9748	PR-AUC = 0.4788	Top-1 Acc = 0.3720	Top-5 Acc = 0.6215
	unseen	ROC-AUC = 0.9275	PR-AUC = 0.3051	Top-1 Acc = 0.2188	Top-5 Acc = 0.6690
	Mean	ROC-AUC = 0.9484	PR-AUC = 0.3817	Top-1 Acc = 0.2864	Top-5 Acc = 0.6480
Epoch = 30
	Training	Accuracy = 0.6332	Cost = 1.929799	Loss = 1.855893
	seen	ROC-AUC = 0.9784	PR-AUC = 0.5075	Top-1 Acc = 0.3971	Top-5 Acc = 0.6596
	unseen	ROC-AUC = 0.9293	PR-AUC = 0.3139	Top-1 Acc = 0.2188	Top-5 Acc = 0.6720
	Mean	ROC-AUC = 0.9509	PR-AUC = 0.3993	Top-1 Acc = 0.2975	Top-5 Acc = 0.6665
Epoch = 31
	Training	Accuracy = 0.6466	Cost = 1.906068	Loss = 1.831938
	seen	ROC-AUC = 0.9717	PR-AUC = 0.4513	Top-1 Acc = 0.3159	Top-5 Acc = 0.5403
	unseen	ROC-AUC = 0.9150	PR-AUC = 0.2953	Top-1 Acc = 0.1922	Top-5 Acc = 0.6083
	Mean	ROC-AUC = 0.9400	PR-AUC = 0.3642	Top-1 Acc = 0.2468	Top-5 Acc = 0.5783
Epoch = 32
	Training	Accuracy = 0.6487	Cost = 1.904049	Loss = 1.829737
	seen	ROC-AUC = 0.9764	PR-AUC = 0.4955	Top-1 Acc = 0.3900	Top-5 Acc = 0.6596
	unseen	ROC-AUC = 0.9304	PR-AUC = 0.3258	Top-1 Acc = 0.2623	Top-5 Acc = 0.7175
	Mean	ROC-AUC = 0.9507	PR-AUC = 0.4007	Top-1 Acc = 0.3186	Top-5 Acc = 0.6920
Epoch = 33
	Training	Accuracy = 0.6501	Cost = 1.898014	Loss = 1.823480
	seen	ROC-AUC = 0.9777	PR-AUC = 0.5162	Top-1 Acc = 0.4009	Top-5 Acc = 0.6721
	unseen	ROC-AUC = 0.9271	PR-AUC = 0.3154	Top-1 Acc = 0.2214	Top-5 Acc = 0.6978
	Mean	ROC-AUC = 0.9495	PR-AUC = 0.4040	Top-1 Acc = 0.3006	Top-5 Acc = 0.6864
Epoch = 34
	Training	Accuracy = 0.6616	Cost = 1.878235	Loss = 1.803420
	seen	ROC-AUC = 0.9703	PR-AUC = 0.4648	Top-1 Acc = 0.3469	Top-5 Acc = 0.5708
	unseen	ROC-AUC = 0.9065	PR-AUC = 0.2845	Top-1 Acc = 0.1960	Top-5 Acc = 0.6010
	Mean	ROC-AUC = 0.9346	PR-AUC = 0.3640	Top-1 Acc = 0.2626	Top-5 Acc = 0.5877
Epoch = 35
	Training	Accuracy = 0.6694	Cost = 1.876714	Loss = 1.801674
	seen	ROC-AUC = 0.9820	PR-AUC = 0.5630	Top-1 Acc = 0.4412	Top-5 Acc = 0.6841
	unseen	ROC-AUC = 0.9217	PR-AUC = 0.3152	Top-1 Acc = 0.2279	Top-5 Acc = 0.6866
	Mean	ROC-AUC = 0.9483	PR-AUC = 0.4245	Top-1 Acc = 0.3220	Top-5 Acc = 0.6855
Epoch = 36
	Training	Accuracy = 0.6714	Cost = 1.862891	Loss = 1.787552
	seen	ROC-AUC = 0.9779	PR-AUC = 0.5361	Top-1 Acc = 0.4074	Top-5 Acc = 0.6492
	unseen	ROC-AUC = 0.9305	PR-AUC = 0.3410	Top-1 Acc = 0.2580	Top-5 Acc = 0.7610
	Mean	ROC-AUC = 0.9514	PR-AUC = 0.4270	Top-1 Acc = 0.3239	Top-5 Acc = 0.7117
Epoch = 37
	Training	Accuracy = 0.6876	Cost = 1.849634	Loss = 1.773997
	seen	ROC-AUC = 0.9783	PR-AUC = 0.5317	Top-1 Acc = 0.4248	Top-5 Acc = 0.6830
	unseen	ROC-AUC = 0.9224	PR-AUC = 0.3151	Top-1 Acc = 0.2283	Top-5 Acc = 0.6668
	Mean	ROC-AUC = 0.9470	PR-AUC = 0.4107	Top-1 Acc = 0.3150	Top-5 Acc = 0.6740
Epoch = 38
	Training	Accuracy = 0.6883	Cost = 1.850334	Loss = 1.774418
	seen	ROC-AUC = 0.9821	PR-AUC = 0.5560	Top-1 Acc = 0.4613	Top-5 Acc = 0.7026
	unseen	ROC-AUC = 0.9256	PR-AUC = 0.3268	Top-1 Acc = 0.2132	Top-5 Acc = 0.6982
	Mean	ROC-AUC = 0.9505	PR-AUC = 0.4279	Top-1 Acc = 0.3227	Top-5 Acc = 0.7001
Epoch = 39
	Training	Accuracy = 0.6974	Cost = 1.830598	Loss = 1.754436
	seen	ROC-AUC = 0.9795	PR-AUC = 0.5570	Top-1 Acc = 0.4395	Top-5 Acc = 0.6819
	unseen	ROC-AUC = 0.9291	PR-AUC = 0.3356	Top-1 Acc = 0.2476	Top-5 Acc = 0.6965
	Mean	ROC-AUC = 0.9513	PR-AUC = 0.4332	Top-1 Acc = 0.3323	Top-5 Acc = 0.6901
Epoch = 40
	Training	Accuracy = 0.7095	Cost = 1.833431	Loss = 1.756800
	seen	ROC-AUC = 0.9796	PR-AUC = 0.5453	Top-1 Acc = 0.4167	Top-5 Acc = 0.6503
	unseen	ROC-AUC = 0.9185	PR-AUC = 0.3045	Top-1 Acc = 0.2283	Top-5 Acc = 0.6733
	Mean	ROC-AUC = 0.9455	PR-AUC = 0.4107	Top-1 Acc = 0.3114	Top-5 Acc = 0.6631
Epoch = 41
	Training	Accuracy = 0.7126	Cost = 1.814567	Loss = 1.737566
	seen	ROC-AUC = 0.9721	PR-AUC = 0.5033	Top-1 Acc = 0.3976	Top-5 Acc = 0.6117
	unseen	ROC-AUC = 0.9023	PR-AUC = 0.2900	Top-1 Acc = 0.1913	Top-5 Acc = 0.6247
	Mean	ROC-AUC = 0.9331	PR-AUC = 0.3841	Top-1 Acc = 0.2823	Top-5 Acc = 0.6189
Epoch = 42
	Training	Accuracy = 0.7210	Cost = 1.806469	Loss = 1.729136
	seen	ROC-AUC = 0.9802	PR-AUC = 0.5427	Top-1 Acc = 0.4243	Top-5 Acc = 0.6759
	unseen	ROC-AUC = 0.9074	PR-AUC = 0.2766	Top-1 Acc = 0.2132	Top-5 Acc = 0.6617
	Mean	ROC-AUC = 0.9395	PR-AUC = 0.3940	Top-1 Acc = 0.3063	Top-5 Acc = 0.6679
Epoch = 43
	Training	Accuracy = 0.7165	Cost = 1.797871	Loss = 1.720219
	seen	ROC-AUC = 0.9796	PR-AUC = 0.5508	Top-1 Acc = 0.4346	Top-5 Acc = 0.6699
	unseen	ROC-AUC = 0.9124	PR-AUC = 0.2830	Top-1 Acc = 0.2279	Top-5 Acc = 0.6694
	Mean	ROC-AUC = 0.9420	PR-AUC = 0.4011	Top-1 Acc = 0.3191	Top-5 Acc = 0.6696
Epoch = 44
	Training	Accuracy = 0.7263	Cost = 1.785190	Loss = 1.707212
	seen	ROC-AUC = 0.9819	PR-AUC = 0.5528	Top-1 Acc = 0.4205	Top-5 Acc = 0.6525
	unseen	ROC-AUC = 0.9258	PR-AUC = 0.3246	Top-1 Acc = 0.2592	Top-5 Acc = 0.7395
	Mean	ROC-AUC = 0.9505	PR-AUC = 0.4253	Top-1 Acc = 0.3304	Top-5 Acc = 0.7011
Epoch = 45
	Training	Accuracy = 0.7345	Cost = 1.786155	Loss = 1.707785
	seen	ROC-AUC = 0.9814	PR-AUC = 0.5725	Top-1 Acc = 0.4336	Top-5 Acc = 0.6618
	unseen	ROC-AUC = 0.9343	PR-AUC = 0.3368	Top-1 Acc = 0.2403	Top-5 Acc = 0.6982
	Mean	ROC-AUC = 0.9551	PR-AUC = 0.4408	Top-1 Acc = 0.3256	Top-5 Acc = 0.6821
Epoch = 46
	Training	Accuracy = 0.7355	Cost = 1.773863	Loss = 1.695117
	seen	ROC-AUC = 0.9807	PR-AUC = 0.5629	Top-1 Acc = 0.4428	Top-5 Acc = 0.6612
	unseen	ROC-AUC = 0.9137	PR-AUC = 0.3072	Top-1 Acc = 0.2016	Top-5 Acc = 0.6518
	Mean	ROC-AUC = 0.9433	PR-AUC = 0.4200	Top-1 Acc = 0.3080	Top-5 Acc = 0.6559
Epoch = 47
	Training	Accuracy = 0.7431	Cost = 1.768576	Loss = 1.689625
	seen	ROC-AUC = 0.9790	PR-AUC = 0.5434	Top-1 Acc = 0.4374	Top-5 Acc = 0.6716
	unseen	ROC-AUC = 0.9145	PR-AUC = 0.2843	Top-1 Acc = 0.1905	Top-5 Acc = 0.6230
	Mean	ROC-AUC = 0.9430	PR-AUC = 0.3986	Top-1 Acc = 0.2994	Top-5 Acc = 0.6444
Epoch = 48
	Training	Accuracy = 0.7506	Cost = 1.756973	Loss = 1.677687
	seen	ROC-AUC = 0.9828	PR-AUC = 0.5935	Top-1 Acc = 0.4553	Top-5 Acc = 0.6732
	unseen	ROC-AUC = 0.9228	PR-AUC = 0.3226	Top-1 Acc = 0.2459	Top-5 Acc = 0.7077
	Mean	ROC-AUC = 0.9492	PR-AUC = 0.4421	Top-1 Acc = 0.3383	Top-5 Acc = 0.6925
Epoch = 49
	Training	Accuracy = 0.7503	Cost = 1.757396	Loss = 1.677816
	seen	ROC-AUC = 0.9770	PR-AUC = 0.5422	Top-1 Acc = 0.4216	Top-5 Acc = 0.6449
	unseen	ROC-AUC = 0.9058	PR-AUC = 0.2836	Top-1 Acc = 0.1853	Top-5 Acc = 0.6475
	Mean	ROC-AUC = 0.9372	PR-AUC = 0.3977	Top-1 Acc = 0.2895	Top-5 Acc = 0.6463
Epoch = 50
	Training	Accuracy = 0.7502	Cost = 1.749559	Loss = 1.669588
	seen	ROC-AUC = 0.9835	PR-AUC = 0.6090	Top-1 Acc = 0.4700	Top-5 Acc = 0.6885
	unseen	ROC-AUC = 0.9259	PR-AUC = 0.3465	Top-1 Acc = 0.2575	Top-5 Acc = 0.7442
	Mean	ROC-AUC = 0.9513	PR-AUC = 0.4623	Top-1 Acc = 0.3513	Top-5 Acc = 0.7196
Epoch = 51
	Training	Accuracy = 0.7539	Cost = 1.741198	Loss = 1.660826
	seen	ROC-AUC = 0.9815	PR-AUC = 0.5895	Top-1 Acc = 0.4281	Top-5 Acc = 0.6672
	unseen	ROC-AUC = 0.9316	PR-AUC = 0.3443	Top-1 Acc = 0.2528	Top-5 Acc = 0.7145
	Mean	ROC-AUC = 0.9536	PR-AUC = 0.4525	Top-1 Acc = 0.3301	Top-5 Acc = 0.6937
Epoch = 52
	Training	Accuracy = 0.7671	Cost = 1.736125	Loss = 1.655296
	seen	ROC-AUC = 0.9823	PR-AUC = 0.5740	Top-1 Acc = 0.4395	Top-5 Acc = 0.6857
	unseen	ROC-AUC = 0.9102	PR-AUC = 0.2901	Top-1 Acc = 0.2270	Top-5 Acc = 0.6642
	Mean	ROC-AUC = 0.9420	PR-AUC = 0.4153	Top-1 Acc = 0.3208	Top-5 Acc = 0.6737
Epoch = 53
	Training	Accuracy = 0.7651	Cost = 1.732226	Loss = 1.651233
	seen	ROC-AUC = 0.9815	PR-AUC = 0.5949	Top-1 Acc = 0.4570	Top-5 Acc = 0.6912
	unseen	ROC-AUC = 0.9156	PR-AUC = 0.2985	Top-1 Acc = 0.2369	Top-5 Acc = 0.7150
	Mean	ROC-AUC = 0.9447	PR-AUC = 0.4293	Top-1 Acc = 0.3340	Top-5 Acc = 0.7045
Epoch = 54
	Training	Accuracy = 0.7796	Cost = 1.715043	Loss = 1.633774
	seen	ROC-AUC = 0.9830	PR-AUC = 0.5857	Top-1 Acc = 0.4624	Top-5 Acc = 0.6830
	unseen	ROC-AUC = 0.9223	PR-AUC = 0.3279	Top-1 Acc = 0.2296	Top-5 Acc = 0.6831
	Mean	ROC-AUC = 0.9491	PR-AUC = 0.4416	Top-1 Acc = 0.3323	Top-5 Acc = 0.6831
Epoch = 55
	Training	Accuracy = 0.7756	Cost = 1.716941	Loss = 1.635211
	seen	ROC-AUC = 0.9820	PR-AUC = 0.5850	Top-1 Acc = 0.4292	Top-5 Acc = 0.6748
	unseen	ROC-AUC = 0.9266	PR-AUC = 0.3315	Top-1 Acc = 0.2227	Top-5 Acc = 0.6853
	Mean	ROC-AUC = 0.9510	PR-AUC = 0.4433	Top-1 Acc = 0.3138	Top-5 Acc = 0.6807
Epoch = 56
	Training	Accuracy = 0.7817	Cost = 1.710314	Loss = 1.628226
	seen	ROC-AUC = 0.9829	PR-AUC = 0.6009	Top-1 Acc = 0.4575	Top-5 Acc = 0.6901
	unseen	ROC-AUC = 0.9202	PR-AUC = 0.3154	Top-1 Acc = 0.2519	Top-5 Acc = 0.7214
	Mean	ROC-AUC = 0.9479	PR-AUC = 0.4414	Top-1 Acc = 0.3426	Top-5 Acc = 0.7076
Epoch = 57
	Training	Accuracy = 0.7890	Cost = 1.700215	Loss = 1.617713
	seen	ROC-AUC = 0.9810	PR-AUC = 0.5764	Top-1 Acc = 0.4488	Top-5 Acc = 0.6792
	unseen	ROC-AUC = 0.9140	PR-AUC = 0.3059	Top-1 Acc = 0.2334	Top-5 Acc = 0.6905
	Mean	ROC-AUC = 0.9436	PR-AUC = 0.4252	Top-1 Acc = 0.3284	Top-5 Acc = 0.6855
Epoch = 58
	Training	Accuracy = 0.7912	Cost = 1.697901	Loss = 1.615035
	seen	ROC-AUC = 0.9830	PR-AUC = 0.6041	Top-1 Acc = 0.4831	Top-5 Acc = 0.7157
	unseen	ROC-AUC = 0.9158	PR-AUC = 0.3130	Top-1 Acc = 0.2446	Top-5 Acc = 0.7175
	Mean	ROC-AUC = 0.9455	PR-AUC = 0.4414	Top-1 Acc = 0.3498	Top-5 Acc = 0.7167
Epoch = 59
	Training	Accuracy = 0.7915	Cost = 1.690530	Loss = 1.607308
	seen	ROC-AUC = 0.9780	PR-AUC = 0.5620	Top-1 Acc = 0.4281	Top-5 Acc = 0.6471
	unseen	ROC-AUC = 0.9042	PR-AUC = 0.2780	Top-1 Acc = 0.2077	Top-5 Acc = 0.6475
	Mean	ROC-AUC = 0.9367	PR-AUC = 0.4033	Top-1 Acc = 0.3049	Top-5 Acc = 0.6473
Epoch = 60
	Training	Accuracy = 0.7966	Cost = 1.688864	Loss = 1.605254
	seen	ROC-AUC = 0.9831	PR-AUC = 0.6147	Top-1 Acc = 0.4826	Top-5 Acc = 0.7086
	unseen	ROC-AUC = 0.9261	PR-AUC = 0.3349	Top-1 Acc = 0.2623	Top-5 Acc = 0.7365
	Mean	ROC-AUC = 0.9513	PR-AUC = 0.4583	Top-1 Acc = 0.3594	Top-5 Acc = 0.7242
Epoch = 61
	Training	Accuracy = 0.7995	Cost = 1.676928	Loss = 1.593025
	seen	ROC-AUC = 0.9844	PR-AUC = 0.6309	Top-1 Acc = 0.4793	Top-5 Acc = 0.6955
	unseen	ROC-AUC = 0.9296	PR-AUC = 0.3499	Top-1 Acc = 0.2825	Top-5 Acc = 0.7279
	Mean	ROC-AUC = 0.9538	PR-AUC = 0.4738	Top-1 Acc = 0.3693	Top-5 Acc = 0.7136
Epoch = 62
	Training	Accuracy = 0.8009	Cost = 1.677400	Loss = 1.593146
	seen	ROC-AUC = 0.9817	PR-AUC = 0.5880	Top-1 Acc = 0.4679	Top-5 Acc = 0.6825
	unseen	ROC-AUC = 0.9142	PR-AUC = 0.3111	Top-1 Acc = 0.2339	Top-5 Acc = 0.6831
	Mean	ROC-AUC = 0.9440	PR-AUC = 0.4332	Top-1 Acc = 0.3371	Top-5 Acc = 0.6828
Epoch = 63
	Training	Accuracy = 0.8046	Cost = 1.674912	Loss = 1.590164
	seen	ROC-AUC = 0.9801	PR-AUC = 0.5733	Top-1 Acc = 0.4635	Top-5 Acc = 0.7010
	unseen	ROC-AUC = 0.9136	PR-AUC = 0.2877	Top-1 Acc = 0.2072	Top-5 Acc = 0.6909
	Mean	ROC-AUC = 0.9429	PR-AUC = 0.4137	Top-1 Acc = 0.3203	Top-5 Acc = 0.6953
Epoch = 64
	Training	Accuracy = 0.8091	Cost = 1.665973	Loss = 1.580918
	seen	ROC-AUC = 0.9836	PR-AUC = 0.6216	Top-1 Acc = 0.4744	Top-5 Acc = 0.6944
	unseen	ROC-AUC = 0.9338	PR-AUC = 0.3624	Top-1 Acc = 0.2623	Top-5 Acc = 0.7257
	Mean	ROC-AUC = 0.9557	PR-AUC = 0.4767	Top-1 Acc = 0.3558	Top-5 Acc = 0.7119
Epoch = 65
	Training	Accuracy = 0.8196	Cost = 1.658349	Loss = 1.572971
	seen	ROC-AUC = 0.9854	PR-AUC = 0.6336	Top-1 Acc = 0.4886	Top-5 Acc = 0.7130
	unseen	ROC-AUC = 0.9212	PR-AUC = 0.3242	Top-1 Acc = 0.2678	Top-5 Acc = 0.7102
	Mean	ROC-AUC = 0.9495	PR-AUC = 0.4607	Top-1 Acc = 0.3652	Top-5 Acc = 0.7114
Epoch = 66
	Training	Accuracy = 0.8190	Cost = 1.648564	Loss = 1.562745
	seen	ROC-AUC = 0.9834	PR-AUC = 0.6031	Top-1 Acc = 0.4428	Top-5 Acc = 0.6792
	unseen	ROC-AUC = 0.9115	PR-AUC = 0.3069	Top-1 Acc = 0.2347	Top-5 Acc = 0.6819
	Mean	ROC-AUC = 0.9432	PR-AUC = 0.4375	Top-1 Acc = 0.3265	Top-5 Acc = 0.6807
Epoch = 67
	Training	Accuracy = 0.8204	Cost = 1.652463	Loss = 1.566308
	seen	ROC-AUC = 0.9848	PR-AUC = 0.6130	Top-1 Acc = 0.4613	Top-5 Acc = 0.7070
	unseen	ROC-AUC = 0.9297	PR-AUC = 0.3356	Top-1 Acc = 0.2661	Top-5 Acc = 0.7356
	Mean	ROC-AUC = 0.9540	PR-AUC = 0.4580	Top-1 Acc = 0.3522	Top-5 Acc = 0.7230
Epoch = 68
	Training	Accuracy = 0.8270	Cost = 1.642804	Loss = 1.556293
	seen	ROC-AUC = 0.9838	PR-AUC = 0.6089	Top-1 Acc = 0.4657	Top-5 Acc = 0.6890
	unseen	ROC-AUC = 0.9260	PR-AUC = 0.3413	Top-1 Acc = 0.2683	Top-5 Acc = 0.7197
	Mean	ROC-AUC = 0.9515	PR-AUC = 0.4594	Top-1 Acc = 0.3554	Top-5 Acc = 0.7062
Epoch = 69
	Training	Accuracy = 0.8264	Cost = 1.638700	Loss = 1.551787
	seen	ROC-AUC = 0.9825	PR-AUC = 0.5979	Top-1 Acc = 0.4891	Top-5 Acc = 0.7130
	unseen	ROC-AUC = 0.9249	PR-AUC = 0.3326	Top-1 Acc = 0.2549	Top-5 Acc = 0.7317
	Mean	ROC-AUC = 0.9504	PR-AUC = 0.4496	Top-1 Acc = 0.3582	Top-5 Acc = 0.7235
Epoch = 70
	Training	Accuracy = 0.8295	Cost = 1.638932	Loss = 1.551729
	seen	ROC-AUC = 0.9836	PR-AUC = 0.5951	Top-1 Acc = 0.4690	Top-5 Acc = 0.7124
	unseen	ROC-AUC = 0.9169	PR-AUC = 0.3034	Top-1 Acc = 0.2266	Top-5 Acc = 0.7171
	Mean	ROC-AUC = 0.9463	PR-AUC = 0.4320	Top-1 Acc = 0.3335	Top-5 Acc = 0.7150
Epoch = 71
	Training	Accuracy = 0.8337	Cost = 1.628726	Loss = 1.541193
	seen	ROC-AUC = 0.9847	PR-AUC = 0.6283	Top-1 Acc = 0.5060	Top-5 Acc = 0.7173
	unseen	ROC-AUC = 0.9269	PR-AUC = 0.3150	Top-1 Acc = 0.2373	Top-5 Acc = 0.7261
	Mean	ROC-AUC = 0.9524	PR-AUC = 0.4533	Top-1 Acc = 0.3558	Top-5 Acc = 0.7222
Epoch = 72
	Training	Accuracy = 0.8333	Cost = 1.625876	Loss = 1.537980
	seen	ROC-AUC = 0.9844	PR-AUC = 0.6135	Top-1 Acc = 0.4760	Top-5 Acc = 0.7092
	unseen	ROC-AUC = 0.9256	PR-AUC = 0.3262	Top-1 Acc = 0.2326	Top-5 Acc = 0.7154
	Mean	ROC-AUC = 0.9516	PR-AUC = 0.4529	Top-1 Acc = 0.3400	Top-5 Acc = 0.7126
Epoch = 73
	Training	Accuracy = 0.8424	Cost = 1.621342	Loss = 1.533065
	seen	ROC-AUC = 0.9836	PR-AUC = 0.6074	Top-1 Acc = 0.4880	Top-5 Acc = 0.7288
	unseen	ROC-AUC = 0.9233	PR-AUC = 0.3148	Top-1 Acc = 0.2236	Top-5 Acc = 0.7197
	Mean	ROC-AUC = 0.9499	PR-AUC = 0.4439	Top-1 Acc = 0.3402	Top-5 Acc = 0.7237
Epoch = 74
	Training	Accuracy = 0.8408	Cost = 1.618315	Loss = 1.529713
	seen	ROC-AUC = 0.9858	PR-AUC = 0.6280	Top-1 Acc = 0.4967	Top-5 Acc = 0.7298
	unseen	ROC-AUC = 0.9316	PR-AUC = 0.3397	Top-1 Acc = 0.2635	Top-5 Acc = 0.7506
	Mean	ROC-AUC = 0.9555	PR-AUC = 0.4669	Top-1 Acc = 0.3664	Top-5 Acc = 0.7415
Epoch = 75
	Training	Accuracy = 0.8506	Cost = 1.607462	Loss = 1.518462
	seen	ROC-AUC = 0.9838	PR-AUC = 0.6239	Top-1 Acc = 0.4951	Top-5 Acc = 0.7228
	unseen	ROC-AUC = 0.9231	PR-AUC = 0.3142	Top-1 Acc = 0.2472	Top-5 Acc = 0.7236
	Mean	ROC-AUC = 0.9499	PR-AUC = 0.4508	Top-1 Acc = 0.3566	Top-5 Acc = 0.7232
Epoch = 76
	Training	Accuracy = 0.8483	Cost = 1.609628	Loss = 1.520245
	seen	ROC-AUC = 0.9822	PR-AUC = 0.5787	Top-1 Acc = 0.4297	Top-5 Acc = 0.6732
	unseen	ROC-AUC = 0.9200	PR-AUC = 0.3055	Top-1 Acc = 0.2021	Top-5 Acc = 0.6943
	Mean	ROC-AUC = 0.9475	PR-AUC = 0.4261	Top-1 Acc = 0.3025	Top-5 Acc = 0.6850
Epoch = 77
	Training	Accuracy = 0.8508	Cost = 1.606346	Loss = 1.516601
	seen	ROC-AUC = 0.9846	PR-AUC = 0.6298	Top-1 Acc = 0.5022	Top-5 Acc = 0.7331
	unseen	ROC-AUC = 0.9255	PR-AUC = 0.3345	Top-1 Acc = 0.2532	Top-5 Acc = 0.7386
	Mean	ROC-AUC = 0.9516	PR-AUC = 0.4648	Top-1 Acc = 0.3630	Top-5 Acc = 0.7362
Epoch = 78
	Training	Accuracy = 0.8544	Cost = 1.596049	Loss = 1.505991
	seen	ROC-AUC = 0.9831	PR-AUC = 0.5968	Top-1 Acc = 0.4809	Top-5 Acc = 0.7277
	unseen	ROC-AUC = 0.9160	PR-AUC = 0.3012	Top-1 Acc = 0.2046	Top-5 Acc = 0.6973
	Mean	ROC-AUC = 0.9456	PR-AUC = 0.4316	Top-1 Acc = 0.3265	Top-5 Acc = 0.7107
Epoch = 79
	Training	Accuracy = 0.8556	Cost = 1.598628	Loss = 1.508305
	seen	ROC-AUC = 0.9858	PR-AUC = 0.6425	Top-1 Acc = 0.5049	Top-5 Acc = 0.7331
	unseen	ROC-AUC = 0.9302	PR-AUC = 0.3387	Top-1 Acc = 0.2760	Top-5 Acc = 0.7511
	Mean	ROC-AUC = 0.9547	PR-AUC = 0.4727	Top-1 Acc = 0.3770	Top-5 Acc = 0.7432
Epoch = 80
	Training	Accuracy = 0.8596	Cost = 1.591789	Loss = 1.501113
	seen	ROC-AUC = 0.9852	PR-AUC = 0.6217	Top-1 Acc = 0.4913	Top-5 Acc = 0.7162
	unseen	ROC-AUC = 0.9336	PR-AUC = 0.3434	Top-1 Acc = 0.2644	Top-5 Acc = 0.7575
	Mean	ROC-AUC = 0.9563	PR-AUC = 0.4662	Top-1 Acc = 0.3645	Top-5 Acc = 0.7393
Epoch = 81
	Training	Accuracy = 0.8555	Cost = 1.593769	Loss = 1.502670
	seen	ROC-AUC = 0.9836	PR-AUC = 0.6182	Top-1 Acc = 0.4956	Top-5 Acc = 0.7217
	unseen	ROC-AUC = 0.9251	PR-AUC = 0.3282	Top-1 Acc = 0.2365	Top-5 Acc = 0.7309
	Mean	ROC-AUC = 0.9509	PR-AUC = 0.4561	Top-1 Acc = 0.3508	Top-5 Acc = 0.7268
Epoch = 82
	Training	Accuracy = 0.8660	Cost = 1.582066	Loss = 1.490679
	seen	ROC-AUC = 0.9855	PR-AUC = 0.6388	Top-1 Acc = 0.4984	Top-5 Acc = 0.7244
	unseen	ROC-AUC = 0.9311	PR-AUC = 0.3387	Top-1 Acc = 0.2696	Top-5 Acc = 0.7433
	Mean	ROC-AUC = 0.9551	PR-AUC = 0.4711	Top-1 Acc = 0.3705	Top-5 Acc = 0.7350
Epoch = 83
	Training	Accuracy = 0.8653	Cost = 1.577065	Loss = 1.485338
	seen	ROC-AUC = 0.9851	PR-AUC = 0.6276	Top-1 Acc = 0.5022	Top-5 Acc = 0.7211
	unseen	ROC-AUC = 0.9310	PR-AUC = 0.3248	Top-1 Acc = 0.2322	Top-5 Acc = 0.7309
	Mean	ROC-AUC = 0.9549	PR-AUC = 0.4583	Top-1 Acc = 0.3513	Top-5 Acc = 0.7266
Epoch = 84
	Training	Accuracy = 0.8668	Cost = 1.575870	Loss = 1.483774
	seen	ROC-AUC = 0.9852	PR-AUC = 0.6396	Top-1 Acc = 0.4978	Top-5 Acc = 0.7206
	unseen	ROC-AUC = 0.9337	PR-AUC = 0.3436	Top-1 Acc = 0.2696	Top-5 Acc = 0.7502
	Mean	ROC-AUC = 0.9564	PR-AUC = 0.4742	Top-1 Acc = 0.3703	Top-5 Acc = 0.7371
Epoch = 85
	Training	Accuracy = 0.8707	Cost = 1.573885	Loss = 1.481504
	seen	ROC-AUC = 0.9833	PR-AUC = 0.6059	Top-1 Acc = 0.4918	Top-5 Acc = 0.7293
	unseen	ROC-AUC = 0.9215	PR-AUC = 0.3100	Top-1 Acc = 0.2175	Top-5 Acc = 0.6948
	Mean	ROC-AUC = 0.9488	PR-AUC = 0.4405	Top-1 Acc = 0.3385	Top-5 Acc = 0.7100
Epoch = 86
	Training	Accuracy = 0.8763	Cost = 1.565166	Loss = 1.472502
	seen	ROC-AUC = 0.9827	PR-AUC = 0.6141	Top-1 Acc = 0.4978	Top-5 Acc = 0.7222
	unseen	ROC-AUC = 0.9320	PR-AUC = 0.3571	Top-1 Acc = 0.2438	Top-5 Acc = 0.7494
	Mean	ROC-AUC = 0.9544	PR-AUC = 0.4705	Top-1 Acc = 0.3558	Top-5 Acc = 0.7374
Epoch = 87
	Training	Accuracy = 0.8711	Cost = 1.567842	Loss = 1.474797
	seen	ROC-AUC = 0.9858	PR-AUC = 0.6264	Top-1 Acc = 0.4853	Top-5 Acc = 0.7108
	unseen	ROC-AUC = 0.9339	PR-AUC = 0.3445	Top-1 Acc = 0.2571	Top-5 Acc = 0.7360
	Mean	ROC-AUC = 0.9568	PR-AUC = 0.4689	Top-1 Acc = 0.3578	Top-5 Acc = 0.7249
Epoch = 88
	Training	Accuracy = 0.8724	Cost = 1.561489	Loss = 1.468008
	seen	ROC-AUC = 0.9850	PR-AUC = 0.6281	Top-1 Acc = 0.4880	Top-5 Acc = 0.7010
	unseen	ROC-AUC = 0.9250	PR-AUC = 0.3292	Top-1 Acc = 0.2537	Top-5 Acc = 0.7270
	Mean	ROC-AUC = 0.9515	PR-AUC = 0.4610	Top-1 Acc = 0.3570	Top-5 Acc = 0.7155
Epoch = 89
	Training	Accuracy = 0.8888	Cost = 1.546984	Loss = 1.453112
	seen	ROC-AUC = 0.9846	PR-AUC = 0.6465	Top-1 Acc = 0.5060	Top-5 Acc = 0.7337
	unseen	ROC-AUC = 0.9261	PR-AUC = 0.3262	Top-1 Acc = 0.2541	Top-5 Acc = 0.7270
	Mean	ROC-AUC = 0.9519	PR-AUC = 0.4675	Top-1 Acc = 0.3652	Top-5 Acc = 0.7299
Epoch = 90
	Training	Accuracy = 0.8801	Cost = 1.552859	Loss = 1.458769
	seen	ROC-AUC = 0.9812	PR-AUC = 0.5917	Top-1 Acc = 0.4842	Top-5 Acc = 0.7130
	unseen	ROC-AUC = 0.9192	PR-AUC = 0.3084	Top-1 Acc = 0.2197	Top-5 Acc = 0.7111
	Mean	ROC-AUC = 0.9466	PR-AUC = 0.4334	Top-1 Acc = 0.3364	Top-5 Acc = 0.7119
Epoch = 91
	Training	Accuracy = 0.8832	Cost = 1.549550	Loss = 1.455135
	seen	ROC-AUC = 0.9837	PR-AUC = 0.6269	Top-1 Acc = 0.5076	Top-5 Acc = 0.7353
	unseen	ROC-AUC = 0.9257	PR-AUC = 0.3185	Top-1 Acc = 0.2227	Top-5 Acc = 0.7300
	Mean	ROC-AUC = 0.9513	PR-AUC = 0.4546	Top-1 Acc = 0.3484	Top-5 Acc = 0.7323
Epoch = 92
	Training	Accuracy = 0.8866	Cost = 1.542572	Loss = 1.447894
	seen	ROC-AUC = 0.9850	PR-AUC = 0.6304	Top-1 Acc = 0.4978	Top-5 Acc = 0.7271
	unseen	ROC-AUC = 0.9366	PR-AUC = 0.3496	Top-1 Acc = 0.2545	Top-5 Acc = 0.7549
	Mean	ROC-AUC = 0.9579	PR-AUC = 0.4734	Top-1 Acc = 0.3618	Top-5 Acc = 0.7427
Epoch = 93
	Training	Accuracy = 0.8876	Cost = 1.544835	Loss = 1.449742
	seen	ROC-AUC = 0.9850	PR-AUC = 0.6359	Top-1 Acc = 0.5049	Top-5 Acc = 0.7271
	unseen	ROC-AUC = 0.9311	PR-AUC = 0.3398	Top-1 Acc = 0.2476	Top-5 Acc = 0.7631
	Mean	ROC-AUC = 0.9549	PR-AUC = 0.4704	Top-1 Acc = 0.3611	Top-5 Acc = 0.7472
Epoch = 94
	Training	Accuracy = 0.8922	Cost = 1.535574	Loss = 1.440102
	seen	ROC-AUC = 0.9851	PR-AUC = 0.6298	Top-1 Acc = 0.4831	Top-5 Acc = 0.7157
	unseen	ROC-AUC = 0.9299	PR-AUC = 0.3242	Top-1 Acc = 0.2455	Top-5 Acc = 0.7485
	Mean	ROC-AUC = 0.9542	PR-AUC = 0.4590	Top-1 Acc = 0.3503	Top-5 Acc = 0.7340
Epoch = 95
	Training	Accuracy = 0.8913	Cost = 1.535740	Loss = 1.439993
	seen	ROC-AUC = 0.9817	PR-AUC = 0.5868	Top-1 Acc = 0.4608	Top-5 Acc = 0.6950
	unseen	ROC-AUC = 0.9246	PR-AUC = 0.3146	Top-1 Acc = 0.1952	Top-5 Acc = 0.7115
	Mean	ROC-AUC = 0.9498	PR-AUC = 0.4347	Top-1 Acc = 0.3123	Top-5 Acc = 0.7042
Epoch = 96
	Training	Accuracy = 0.8971	Cost = 1.526656	Loss = 1.430602
	seen	ROC-AUC = 0.9838	PR-AUC = 0.6229	Top-1 Acc = 0.5000	Top-5 Acc = 0.7048
	unseen	ROC-AUC = 0.9262	PR-AUC = 0.3193	Top-1 Acc = 0.2274	Top-5 Acc = 0.7188
	Mean	ROC-AUC = 0.9516	PR-AUC = 0.4532	Top-1 Acc = 0.3477	Top-5 Acc = 0.7126
Epoch = 97
	Training	Accuracy = 0.8955	Cost = 1.533303	Loss = 1.436971
	seen	ROC-AUC = 0.9850	PR-AUC = 0.6466	Top-1 Acc = 0.5065	Top-5 Acc = 0.7228
	unseen	ROC-AUC = 0.9283	PR-AUC = 0.3372	Top-1 Acc = 0.2558	Top-5 Acc = 0.7446
	Mean	ROC-AUC = 0.9533	PR-AUC = 0.4737	Top-1 Acc = 0.3664	Top-5 Acc = 0.7350
Epoch = 98
	Training	Accuracy = 0.9032	Cost = 1.525131	Loss = 1.428492
	seen	ROC-AUC = 0.9834	PR-AUC = 0.6234	Top-1 Acc = 0.5082	Top-5 Acc = 0.7277
	unseen	ROC-AUC = 0.9251	PR-AUC = 0.3064	Top-1 Acc = 0.2386	Top-5 Acc = 0.7279
	Mean	ROC-AUC = 0.9508	PR-AUC = 0.4462	Top-1 Acc = 0.3575	Top-5 Acc = 0.7278
Epoch = 99
	Training	Accuracy = 0.8971	Cost = 1.525589	Loss = 1.428536
	seen	ROC-AUC = 0.9850	PR-AUC = 0.6291	Top-1 Acc = 0.4940	Top-5 Acc = 0.7119
	unseen	ROC-AUC = 0.9341	PR-AUC = 0.3503	Top-1 Acc = 0.2463	Top-5 Acc = 0.7416
	Mean	ROC-AUC = 0.9565	PR-AUC = 0.4733	Top-1 Acc = 0.3556	Top-5 Acc = 0.7285
Epoch = 100
	Training	Accuracy = 0.9060	Cost = 1.519317	Loss = 1.421964
	seen	ROC-AUC = 0.9832	PR-AUC = 0.6195	Top-1 Acc = 0.5033	Top-5 Acc = 0.7304
	unseen	ROC-AUC = 0.9250	PR-AUC = 0.3328	Top-1 Acc = 0.2403	Top-5 Acc = 0.7395
	Mean	ROC-AUC = 0.9506	PR-AUC = 0.4593	Top-1 Acc = 0.3563	Top-5 Acc = 0.7355
