Epoch = 1
	Training	Accuracy = 0.0045	Cost = 9.510293	Loss = 9.499324
	seen	ROC-AUC = 0.5765	PR-AUC = 0.0112	Top-1 Acc = 0.0091	Top-5 Acc = 0.0483
	unseen	ROC-AUC = 0.5207	PR-AUC = 0.0093	Top-1 Acc = 0.0043	Top-5 Acc = 0.0163
	Mean	ROC-AUC = 0.5386	PR-AUC = 0.0099	Top-1 Acc = 0.0058	Top-5 Acc = 0.0266
Epoch = 2
	Training	Accuracy = 0.0089	Cost = 3.291944	Loss = 3.280939
	seen	ROC-AUC = 0.5957	PR-AUC = 0.0111	Top-1 Acc = 0.0229	Top-5 Acc = 0.0579
	unseen	ROC-AUC = 0.5678	PR-AUC = 0.0106	Top-1 Acc = 0.0071	Top-5 Acc = 0.0354
	Mean	ROC-AUC = 0.5768	PR-AUC = 0.0108	Top-1 Acc = 0.0122	Top-5 Acc = 0.0427
Epoch = 3
	Training	Accuracy = 0.0106	Cost = 3.838448	Loss = 3.827285
	seen	ROC-AUC = 0.5844	PR-AUC = 0.0147	Top-1 Acc = 0.0193	Top-5 Acc = 0.0628
	unseen	ROC-AUC = 0.5436	PR-AUC = 0.0095	Top-1 Acc = 0.0120	Top-5 Acc = 0.0234
	Mean	ROC-AUC = 0.5567	PR-AUC = 0.0112	Top-1 Acc = 0.0144	Top-5 Acc = 0.0361
Epoch = 4
	Training	Accuracy = 0.0151	Cost = 3.242547	Loss = 3.231273
	seen	ROC-AUC = 0.5248	PR-AUC = 0.0156	Top-1 Acc = 0.0091	Top-5 Acc = 0.0561
	unseen	ROC-AUC = 0.5793	PR-AUC = 0.0125	Top-1 Acc = 0.0046	Top-5 Acc = 0.0272
	Mean	ROC-AUC = 0.5618	PR-AUC = 0.0135	Top-1 Acc = 0.0060	Top-5 Acc = 0.0365
Epoch = 5
	Training	Accuracy = 0.0207	Cost = 2.977644	Loss = 2.966289
	seen	ROC-AUC = 0.6923	PR-AUC = 0.0383	Top-1 Acc = 0.0157	Top-5 Acc = 0.0748
	unseen	ROC-AUC = 0.7442	PR-AUC = 0.0311	Top-1 Acc = 0.0046	Top-5 Acc = 0.0283
	Mean	ROC-AUC = 0.7275	PR-AUC = 0.0334	Top-1 Acc = 0.0081	Top-5 Acc = 0.0433
Epoch = 6
	Training	Accuracy = 0.0241	Cost = 3.196844	Loss = 3.185316
	seen	ROC-AUC = 0.7605	PR-AUC = 0.0386	Top-1 Acc = 0.0284	Top-5 Acc = 0.1424
	unseen	ROC-AUC = 0.6694	PR-AUC = 0.0211	Top-1 Acc = 0.0100	Top-5 Acc = 0.0417
	Mean	ROC-AUC = 0.6986	PR-AUC = 0.0267	Top-1 Acc = 0.0159	Top-5 Acc = 0.0741
Epoch = 7
	Training	Accuracy = 0.0392	Cost = 2.730081	Loss = 2.718353
	seen	ROC-AUC = 0.7952	PR-AUC = 0.0752	Top-1 Acc = 0.0253	Top-5 Acc = 0.1382
	unseen	ROC-AUC = 0.7764	PR-AUC = 0.0444	Top-1 Acc = 0.0083	Top-5 Acc = 0.0497
	Mean	ROC-AUC = 0.7824	PR-AUC = 0.0543	Top-1 Acc = 0.0138	Top-5 Acc = 0.0782
Epoch = 8
	Training	Accuracy = 0.0620	Cost = 2.707974	Loss = 2.696004
	seen	ROC-AUC = 0.8720	PR-AUC = 0.1546	Top-1 Acc = 0.1110	Top-5 Acc = 0.3060
	unseen	ROC-AUC = 0.8108	PR-AUC = 0.0861	Top-1 Acc = 0.0326	Top-5 Acc = 0.1418
	Mean	ROC-AUC = 0.8305	PR-AUC = 0.1081	Top-1 Acc = 0.0578	Top-5 Acc = 0.1945
Epoch = 9
	Training	Accuracy = 0.0957	Cost = 2.518639	Loss = 2.506449
	seen	ROC-AUC = 0.8615	PR-AUC = 0.1463	Top-1 Acc = 0.1545	Top-5 Acc = 0.3603
	unseen	ROC-AUC = 0.8223	PR-AUC = 0.0924	Top-1 Acc = 0.0397	Top-5 Acc = 0.1243
	Mean	ROC-AUC = 0.8349	PR-AUC = 0.1097	Top-1 Acc = 0.0766	Top-5 Acc = 0.2002
Epoch = 10
	Training	Accuracy = 0.1497	Cost = 2.262724	Loss = 2.250276
	seen	ROC-AUC = 0.8677	PR-AUC = 0.1797	Top-1 Acc = 0.1804	Top-5 Acc = 0.3947
	unseen	ROC-AUC = 0.8312	PR-AUC = 0.1144	Top-1 Acc = 0.0566	Top-5 Acc = 0.1878
	Mean	ROC-AUC = 0.8430	PR-AUC = 0.1354	Top-1 Acc = 0.0964	Top-5 Acc = 0.2543
Epoch = 11
	Training	Accuracy = 0.2182	Cost = 2.128139	Loss = 2.115379
	seen	ROC-AUC = 0.8675	PR-AUC = 0.2271	Top-1 Acc = 0.1732	Top-5 Acc = 0.4430
	unseen	ROC-AUC = 0.8429	PR-AUC = 0.1463	Top-1 Acc = 0.0532	Top-5 Acc = 0.1801
	Mean	ROC-AUC = 0.8508	PR-AUC = 0.1723	Top-1 Acc = 0.0917	Top-5 Acc = 0.2645
Epoch = 12
	Training	Accuracy = 0.2765	Cost = 1.978061	Loss = 1.964945
	seen	ROC-AUC = 0.8742	PR-AUC = 0.2921	Top-1 Acc = 0.2577	Top-5 Acc = 0.4894
	unseen	ROC-AUC = 0.8488	PR-AUC = 0.2070	Top-1 Acc = 0.0823	Top-5 Acc = 0.2501
	Mean	ROC-AUC = 0.8570	PR-AUC = 0.2343	Top-1 Acc = 0.1387	Top-5 Acc = 0.3270
Epoch = 13
	Training	Accuracy = 0.3387	Cost = 1.913529	Loss = 1.900054
	seen	ROC-AUC = 0.8690	PR-AUC = 0.2904	Top-1 Acc = 0.2456	Top-5 Acc = 0.4725
	unseen	ROC-AUC = 0.8507	PR-AUC = 0.2053	Top-1 Acc = 0.0720	Top-5 Acc = 0.2586
	Mean	ROC-AUC = 0.8566	PR-AUC = 0.2327	Top-1 Acc = 0.1278	Top-5 Acc = 0.3274
Epoch = 14
	Training	Accuracy = 0.4000	Cost = 1.739533	Loss = 1.725570
	seen	ROC-AUC = 0.9042	PR-AUC = 0.3532	Top-1 Acc = 0.3120	Top-5 Acc = 0.5721
	unseen	ROC-AUC = 0.8592	PR-AUC = 0.2446	Top-1 Acc = 0.1366	Top-5 Acc = 0.3873
	Mean	ROC-AUC = 0.8737	PR-AUC = 0.2795	Top-1 Acc = 0.1930	Top-5 Acc = 0.4467
Epoch = 15
	Training	Accuracy = 0.4439	Cost = 1.625836	Loss = 1.611344
	seen	ROC-AUC = 0.8796	PR-AUC = 0.3478	Top-1 Acc = 0.3464	Top-5 Acc = 0.5908
	unseen	ROC-AUC = 0.8493	PR-AUC = 0.2495	Top-1 Acc = 0.1443	Top-5 Acc = 0.3661
	Mean	ROC-AUC = 0.8590	PR-AUC = 0.2811	Top-1 Acc = 0.2093	Top-5 Acc = 0.4383
Epoch = 16
	Training	Accuracy = 0.4736	Cost = 1.589180	Loss = 1.574072
	seen	ROC-AUC = 0.9123	PR-AUC = 0.4060	Top-1 Acc = 0.3669	Top-5 Acc = 0.5969
	unseen	ROC-AUC = 0.8598	PR-AUC = 0.2955	Top-1 Acc = 0.1855	Top-5 Acc = 0.4087
	Mean	ROC-AUC = 0.8767	PR-AUC = 0.3310	Top-1 Acc = 0.2438	Top-5 Acc = 0.4692
Epoch = 17
	Training	Accuracy = 0.5173	Cost = 1.431101	Loss = 1.415315
	seen	ROC-AUC = 0.9050	PR-AUC = 0.4246	Top-1 Acc = 0.3923	Top-5 Acc = 0.6349
	unseen	ROC-AUC = 0.8641	PR-AUC = 0.2873	Top-1 Acc = 0.1966	Top-5 Acc = 0.4556
	Mean	ROC-AUC = 0.8772	PR-AUC = 0.3315	Top-1 Acc = 0.2595	Top-5 Acc = 0.5132
Epoch = 18
	Training	Accuracy = 0.5412	Cost = 1.391749	Loss = 1.375255
	seen	ROC-AUC = 0.9081	PR-AUC = 0.4156	Top-1 Acc = 0.4080	Top-5 Acc = 0.6355
	unseen	ROC-AUC = 0.8707	PR-AUC = 0.3178	Top-1 Acc = 0.2192	Top-5 Acc = 0.4576
	Mean	ROC-AUC = 0.8827	PR-AUC = 0.3492	Top-1 Acc = 0.2799	Top-5 Acc = 0.5147
Epoch = 19
	Training	Accuracy = 0.5743	Cost = 1.284012	Loss = 1.266749
	seen	ROC-AUC = 0.9046	PR-AUC = 0.4374	Top-1 Acc = 0.4218	Top-5 Acc = 0.6669
	unseen	ROC-AUC = 0.8707	PR-AUC = 0.3232	Top-1 Acc = 0.2329	Top-5 Acc = 0.4756
	Mean	ROC-AUC = 0.8816	PR-AUC = 0.3599	Top-1 Acc = 0.2936	Top-5 Acc = 0.5370
Epoch = 20
	Training	Accuracy = 0.5944	Cost = 1.204011	Loss = 1.185964
	seen	ROC-AUC = 0.8990	PR-AUC = 0.4425	Top-1 Acc = 0.4158	Top-5 Acc = 0.6470
	unseen	ROC-AUC = 0.8722	PR-AUC = 0.3210	Top-1 Acc = 0.2198	Top-5 Acc = 0.4833
	Mean	ROC-AUC = 0.8808	PR-AUC = 0.3601	Top-1 Acc = 0.2828	Top-5 Acc = 0.5359
Epoch = 21
	Training	Accuracy = 0.6045	Cost = 1.134736	Loss = 1.115867
	seen	ROC-AUC = 0.9059	PR-AUC = 0.4593	Top-1 Acc = 0.4484	Top-5 Acc = 0.6639
	unseen	ROC-AUC = 0.8727	PR-AUC = 0.3395	Top-1 Acc = 0.2598	Top-5 Acc = 0.4801
	Mean	ROC-AUC = 0.8833	PR-AUC = 0.3780	Top-1 Acc = 0.3204	Top-5 Acc = 0.5392
Epoch = 22
	Training	Accuracy = 0.6268	Cost = 1.070938	Loss = 1.051263
	seen	ROC-AUC = 0.9025	PR-AUC = 0.4560	Top-1 Acc = 0.4237	Top-5 Acc = 0.6572
	unseen	ROC-AUC = 0.8710	PR-AUC = 0.3541	Top-1 Acc = 0.2452	Top-5 Acc = 0.4684
	Mean	ROC-AUC = 0.8812	PR-AUC = 0.3868	Top-1 Acc = 0.3026	Top-5 Acc = 0.5291
Epoch = 23
	Training	Accuracy = 0.6443	Cost = 0.997608	Loss = 0.977125
	seen	ROC-AUC = 0.9057	PR-AUC = 0.4557	Top-1 Acc = 0.4472	Top-5 Acc = 0.6554
	unseen	ROC-AUC = 0.8630	PR-AUC = 0.3333	Top-1 Acc = 0.2746	Top-5 Acc = 0.4910
	Mean	ROC-AUC = 0.8767	PR-AUC = 0.3726	Top-1 Acc = 0.3301	Top-5 Acc = 0.5438
Epoch = 24
	Training	Accuracy = 0.6530	Cost = 0.968083	Loss = 0.946788
	seen	ROC-AUC = 0.9026	PR-AUC = 0.4704	Top-1 Acc = 0.4713	Top-5 Acc = 0.6795
	unseen	ROC-AUC = 0.8698	PR-AUC = 0.3533	Top-1 Acc = 0.3052	Top-5 Acc = 0.5339
	Mean	ROC-AUC = 0.8803	PR-AUC = 0.3910	Top-1 Acc = 0.3586	Top-5 Acc = 0.5807
Epoch = 25
	Training	Accuracy = 0.6702	Cost = 0.903096	Loss = 0.880996
	seen	ROC-AUC = 0.9022	PR-AUC = 0.4725	Top-1 Acc = 0.4744	Top-5 Acc = 0.6964
	unseen	ROC-AUC = 0.8726	PR-AUC = 0.3524	Top-1 Acc = 0.3052	Top-5 Acc = 0.5319
	Mean	ROC-AUC = 0.8821	PR-AUC = 0.3910	Top-1 Acc = 0.3596	Top-5 Acc = 0.5848
Epoch = 26
	Training	Accuracy = 0.6862	Cost = 0.835845	Loss = 0.812962
	seen	ROC-AUC = 0.9068	PR-AUC = 0.4833	Top-1 Acc = 0.5088	Top-5 Acc = 0.6970
	unseen	ROC-AUC = 0.8749	PR-AUC = 0.3563	Top-1 Acc = 0.3278	Top-5 Acc = 0.5479
	Mean	ROC-AUC = 0.8851	PR-AUC = 0.3971	Top-1 Acc = 0.3860	Top-5 Acc = 0.5958
Epoch = 27
	Training	Accuracy = 0.6945	Cost = 0.784313	Loss = 0.760628
	seen	ROC-AUC = 0.9089	PR-AUC = 0.4723	Top-1 Acc = 0.4689	Top-5 Acc = 0.6874
	unseen	ROC-AUC = 0.8749	PR-AUC = 0.3622	Top-1 Acc = 0.3141	Top-5 Acc = 0.5333
	Mean	ROC-AUC = 0.8858	PR-AUC = 0.3976	Top-1 Acc = 0.3638	Top-5 Acc = 0.5828
Epoch = 28
	Training	Accuracy = 0.7042	Cost = 0.756422	Loss = 0.731972
	seen	ROC-AUC = 0.9109	PR-AUC = 0.4819	Top-1 Acc = 0.4744	Top-5 Acc = 0.6916
	unseen	ROC-AUC = 0.8760	PR-AUC = 0.3637	Top-1 Acc = 0.3092	Top-5 Acc = 0.5442
	Mean	ROC-AUC = 0.8872	PR-AUC = 0.4017	Top-1 Acc = 0.3623	Top-5 Acc = 0.5915
Epoch = 29
	Training	Accuracy = 0.7105	Cost = 0.702430	Loss = 0.677239
	seen	ROC-AUC = 0.9034	PR-AUC = 0.4802	Top-1 Acc = 0.4816	Top-5 Acc = 0.6801
	unseen	ROC-AUC = 0.8693	PR-AUC = 0.3742	Top-1 Acc = 0.3115	Top-5 Acc = 0.5384
	Mean	ROC-AUC = 0.8802	PR-AUC = 0.4083	Top-1 Acc = 0.3662	Top-5 Acc = 0.5840
Epoch = 30
	Training	Accuracy = 0.7245	Cost = 0.663329	Loss = 0.637395
	seen	ROC-AUC = 0.9014	PR-AUC = 0.4880	Top-1 Acc = 0.5045	Top-5 Acc = 0.6976
	unseen	ROC-AUC = 0.8746	PR-AUC = 0.3715	Top-1 Acc = 0.3372	Top-5 Acc = 0.5473
	Mean	ROC-AUC = 0.8833	PR-AUC = 0.4090	Top-1 Acc = 0.3910	Top-5 Acc = 0.5956
Epoch = 31
	Training	Accuracy = 0.7312	Cost = 0.630090	Loss = 0.603428
	seen	ROC-AUC = 0.9040	PR-AUC = 0.4964	Top-1 Acc = 0.5196	Top-5 Acc = 0.7049
	unseen	ROC-AUC = 0.8670	PR-AUC = 0.3681	Top-1 Acc = 0.3515	Top-5 Acc = 0.5630
	Mean	ROC-AUC = 0.8789	PR-AUC = 0.4093	Top-1 Acc = 0.4055	Top-5 Acc = 0.6086
Epoch = 32
	Training	Accuracy = 0.7405	Cost = 0.580056	Loss = 0.552693
	seen	ROC-AUC = 0.9045	PR-AUC = 0.4861	Top-1 Acc = 0.5069	Top-5 Acc = 0.6910
	unseen	ROC-AUC = 0.8635	PR-AUC = 0.3628	Top-1 Acc = 0.3347	Top-5 Acc = 0.5539
	Mean	ROC-AUC = 0.8767	PR-AUC = 0.4024	Top-1 Acc = 0.3900	Top-5 Acc = 0.5979
Epoch = 33
	Training	Accuracy = 0.7462	Cost = 0.556827	Loss = 0.528751
	seen	ROC-AUC = 0.9037	PR-AUC = 0.4861	Top-1 Acc = 0.5178	Top-5 Acc = 0.6952
	unseen	ROC-AUC = 0.8673	PR-AUC = 0.3661	Top-1 Acc = 0.3532	Top-5 Acc = 0.5579
	Mean	ROC-AUC = 0.8790	PR-AUC = 0.4047	Top-1 Acc = 0.4061	Top-5 Acc = 0.6020
Epoch = 34
	Training	Accuracy = 0.7521	Cost = 0.512373	Loss = 0.483624
	seen	ROC-AUC = 0.9005	PR-AUC = 0.4795	Top-1 Acc = 0.4961	Top-5 Acc = 0.6850
	unseen	ROC-AUC = 0.8674	PR-AUC = 0.3612	Top-1 Acc = 0.3310	Top-5 Acc = 0.5396
	Mean	ROC-AUC = 0.8781	PR-AUC = 0.3992	Top-1 Acc = 0.3840	Top-5 Acc = 0.5863
Epoch = 35
	Training	Accuracy = 0.7569	Cost = 0.491309	Loss = 0.461886
	seen	ROC-AUC = 0.9037	PR-AUC = 0.4814	Top-1 Acc = 0.5220	Top-5 Acc = 0.7037
	unseen	ROC-AUC = 0.8656	PR-AUC = 0.3764	Top-1 Acc = 0.3555	Top-5 Acc = 0.5604
	Mean	ROC-AUC = 0.8778	PR-AUC = 0.4102	Top-1 Acc = 0.4090	Top-5 Acc = 0.6065
Epoch = 36
	Training	Accuracy = 0.7615	Cost = 0.454327	Loss = 0.424266
	seen	ROC-AUC = 0.9035	PR-AUC = 0.4845	Top-1 Acc = 0.5015	Top-5 Acc = 0.6826
	unseen	ROC-AUC = 0.8701	PR-AUC = 0.3657	Top-1 Acc = 0.3447	Top-5 Acc = 0.5493
	Mean	ROC-AUC = 0.8808	PR-AUC = 0.4039	Top-1 Acc = 0.3951	Top-5 Acc = 0.5921
Epoch = 37
	Training	Accuracy = 0.7648	Cost = 0.439536	Loss = 0.408851
	seen	ROC-AUC = 0.8986	PR-AUC = 0.4752	Top-1 Acc = 0.5118	Top-5 Acc = 0.6898
	unseen	ROC-AUC = 0.8713	PR-AUC = 0.3546	Top-1 Acc = 0.3498	Top-5 Acc = 0.5553
	Mean	ROC-AUC = 0.8801	PR-AUC = 0.3933	Top-1 Acc = 0.4019	Top-5 Acc = 0.5985
Epoch = 38
	Training	Accuracy = 0.7720	Cost = 0.413909	Loss = 0.382611
	seen	ROC-AUC = 0.8994	PR-AUC = 0.4969	Top-1 Acc = 0.5196	Top-5 Acc = 0.6976
	unseen	ROC-AUC = 0.8656	PR-AUC = 0.3760	Top-1 Acc = 0.3667	Top-5 Acc = 0.5653
	Mean	ROC-AUC = 0.8765	PR-AUC = 0.4149	Top-1 Acc = 0.4158	Top-5 Acc = 0.6078
Epoch = 39
	Training	Accuracy = 0.7732	Cost = 0.384237	Loss = 0.352384
	seen	ROC-AUC = 0.8981	PR-AUC = 0.4906	Top-1 Acc = 0.5136	Top-5 Acc = 0.6970
	unseen	ROC-AUC = 0.8653	PR-AUC = 0.3733	Top-1 Acc = 0.3621	Top-5 Acc = 0.5662
	Mean	ROC-AUC = 0.8758	PR-AUC = 0.4110	Top-1 Acc = 0.4108	Top-5 Acc = 0.6082
Epoch = 40
	Training	Accuracy = 0.7788	Cost = 0.366098	Loss = 0.333704
	seen	ROC-AUC = 0.9020	PR-AUC = 0.4847	Top-1 Acc = 0.4864	Top-5 Acc = 0.6844
	unseen	ROC-AUC = 0.8666	PR-AUC = 0.3544	Top-1 Acc = 0.3261	Top-5 Acc = 0.5379
	Mean	ROC-AUC = 0.8780	PR-AUC = 0.3963	Top-1 Acc = 0.3776	Top-5 Acc = 0.5849
Epoch = 41
	Training	Accuracy = 0.7800	Cost = 0.350293	Loss = 0.317364
	seen	ROC-AUC = 0.9027	PR-AUC = 0.4888	Top-1 Acc = 0.5148	Top-5 Acc = 0.6964
	unseen	ROC-AUC = 0.8671	PR-AUC = 0.3677	Top-1 Acc = 0.3698	Top-5 Acc = 0.5610
	Mean	ROC-AUC = 0.8785	PR-AUC = 0.4066	Top-1 Acc = 0.4164	Top-5 Acc = 0.6045
Epoch = 42
	Training	Accuracy = 0.7848	Cost = 0.331562	Loss = 0.298106
	seen	ROC-AUC = 0.8967	PR-AUC = 0.4853	Top-1 Acc = 0.5136	Top-5 Acc = 0.6916
	unseen	ROC-AUC = 0.8686	PR-AUC = 0.3623	Top-1 Acc = 0.3555	Top-5 Acc = 0.5562
	Mean	ROC-AUC = 0.8776	PR-AUC = 0.4019	Top-1 Acc = 0.4063	Top-5 Acc = 0.5997
Epoch = 43
	Training	Accuracy = 0.7859	Cost = 0.325524	Loss = 0.291560
	seen	ROC-AUC = 0.9022	PR-AUC = 0.4787	Top-1 Acc = 0.5088	Top-5 Acc = 0.7049
	unseen	ROC-AUC = 0.8692	PR-AUC = 0.3631	Top-1 Acc = 0.3450	Top-5 Acc = 0.5593
	Mean	ROC-AUC = 0.8798	PR-AUC = 0.4003	Top-1 Acc = 0.3976	Top-5 Acc = 0.6061
Epoch = 44
	Training	Accuracy = 0.7874	Cost = 0.293986	Loss = 0.259564
	seen	ROC-AUC = 0.9041	PR-AUC = 0.4835	Top-1 Acc = 0.5208	Top-5 Acc = 0.6886
	unseen	ROC-AUC = 0.8659	PR-AUC = 0.3582	Top-1 Acc = 0.3490	Top-5 Acc = 0.5633
	Mean	ROC-AUC = 0.8781	PR-AUC = 0.3985	Top-1 Acc = 0.4042	Top-5 Acc = 0.6036
Epoch = 45
	Training	Accuracy = 0.7898	Cost = 0.289940	Loss = 0.255067
	seen	ROC-AUC = 0.8995	PR-AUC = 0.4868	Top-1 Acc = 0.5190	Top-5 Acc = 0.6976
	unseen	ROC-AUC = 0.8635	PR-AUC = 0.3659	Top-1 Acc = 0.3512	Top-5 Acc = 0.5536
	Mean	ROC-AUC = 0.8751	PR-AUC = 0.4048	Top-1 Acc = 0.4052	Top-5 Acc = 0.5999
Epoch = 46
	Training	Accuracy = 0.7912	Cost = 0.271736	Loss = 0.236421
	seen	ROC-AUC = 0.8998	PR-AUC = 0.4719	Top-1 Acc = 0.4919	Top-5 Acc = 0.6826
	unseen	ROC-AUC = 0.8598	PR-AUC = 0.3556	Top-1 Acc = 0.3352	Top-5 Acc = 0.5513
	Mean	ROC-AUC = 0.8727	PR-AUC = 0.3930	Top-1 Acc = 0.3856	Top-5 Acc = 0.5935
Epoch = 47
	Training	Accuracy = 0.7945	Cost = 0.254881	Loss = 0.219123
	seen	ROC-AUC = 0.9000	PR-AUC = 0.4827	Top-1 Acc = 0.5045	Top-5 Acc = 0.6904
	unseen	ROC-AUC = 0.8649	PR-AUC = 0.3611	Top-1 Acc = 0.3452	Top-5 Acc = 0.5539
	Mean	ROC-AUC = 0.8761	PR-AUC = 0.4002	Top-1 Acc = 0.3964	Top-5 Acc = 0.5978
Epoch = 48
	Training	Accuracy = 0.7936	Cost = 0.254353	Loss = 0.218201
	seen	ROC-AUC = 0.8979	PR-AUC = 0.4940	Top-1 Acc = 0.5190	Top-5 Acc = 0.7007
	unseen	ROC-AUC = 0.8689	PR-AUC = 0.3640	Top-1 Acc = 0.3647	Top-5 Acc = 0.5693
	Mean	ROC-AUC = 0.8782	PR-AUC = 0.4058	Top-1 Acc = 0.4143	Top-5 Acc = 0.6115
Epoch = 49
	Training	Accuracy = 0.7966	Cost = 0.238938	Loss = 0.202409
	seen	ROC-AUC = 0.8987	PR-AUC = 0.4839	Top-1 Acc = 0.5154	Top-5 Acc = 0.6958
	unseen	ROC-AUC = 0.8649	PR-AUC = 0.3556	Top-1 Acc = 0.3447	Top-5 Acc = 0.5584
	Mean	ROC-AUC = 0.8758	PR-AUC = 0.3968	Top-1 Acc = 0.3995	Top-5 Acc = 0.6026
Epoch = 50
	Training	Accuracy = 0.7964	Cost = 0.239170	Loss = 0.202282
	seen	ROC-AUC = 0.8938	PR-AUC = 0.4755	Top-1 Acc = 0.5033	Top-5 Acc = 0.6789
	unseen	ROC-AUC = 0.8587	PR-AUC = 0.3557	Top-1 Acc = 0.3195	Top-5 Acc = 0.5404
	Mean	ROC-AUC = 0.8700	PR-AUC = 0.3942	Top-1 Acc = 0.3786	Top-5 Acc = 0.5849
Epoch = 51
	Training	Accuracy = 0.7970	Cost = 0.226980	Loss = 0.189786
	seen	ROC-AUC = 0.9026	PR-AUC = 0.4766	Top-1 Acc = 0.5142	Top-5 Acc = 0.6874
	unseen	ROC-AUC = 0.8638	PR-AUC = 0.3574	Top-1 Acc = 0.3652	Top-5 Acc = 0.5642
	Mean	ROC-AUC = 0.8763	PR-AUC = 0.3957	Top-1 Acc = 0.4131	Top-5 Acc = 0.6038
Epoch = 52
	Training	Accuracy = 0.7996	Cost = 0.213027	Loss = 0.175517
	seen	ROC-AUC = 0.8993	PR-AUC = 0.4783	Top-1 Acc = 0.4985	Top-5 Acc = 0.6832
	unseen	ROC-AUC = 0.8614	PR-AUC = 0.3444	Top-1 Acc = 0.3424	Top-5 Acc = 0.5573
	Mean	ROC-AUC = 0.8736	PR-AUC = 0.3874	Top-1 Acc = 0.3926	Top-5 Acc = 0.5978
Epoch = 53
	Training	Accuracy = 0.7996	Cost = 0.207982	Loss = 0.170137
	seen	ROC-AUC = 0.9001	PR-AUC = 0.4891	Top-1 Acc = 0.5269	Top-5 Acc = 0.7001
	unseen	ROC-AUC = 0.8648	PR-AUC = 0.3608	Top-1 Acc = 0.3690	Top-5 Acc = 0.5642
	Mean	ROC-AUC = 0.8761	PR-AUC = 0.4020	Top-1 Acc = 0.4197	Top-5 Acc = 0.6078
Epoch = 54
	Training	Accuracy = 0.8019	Cost = 0.196794	Loss = 0.158667
	seen	ROC-AUC = 0.8998	PR-AUC = 0.4791	Top-1 Acc = 0.5069	Top-5 Acc = 0.6946
	unseen	ROC-AUC = 0.8653	PR-AUC = 0.3544	Top-1 Acc = 0.3384	Top-5 Acc = 0.5473
	Mean	ROC-AUC = 0.8764	PR-AUC = 0.3945	Top-1 Acc = 0.3926	Top-5 Acc = 0.5946
Epoch = 55
	Training	Accuracy = 0.8026	Cost = 0.194967	Loss = 0.156580
	seen	ROC-AUC = 0.9009	PR-AUC = 0.4856	Top-1 Acc = 0.5142	Top-5 Acc = 0.7001
	unseen	ROC-AUC = 0.8615	PR-AUC = 0.3593	Top-1 Acc = 0.3478	Top-5 Acc = 0.5593
	Mean	ROC-AUC = 0.8742	PR-AUC = 0.3999	Top-1 Acc = 0.4013	Top-5 Acc = 0.6045
Epoch = 56
	Training	Accuracy = 0.8025	Cost = 0.189697	Loss = 0.151031
	seen	ROC-AUC = 0.9011	PR-AUC = 0.4800	Top-1 Acc = 0.5075	Top-5 Acc = 0.6838
	unseen	ROC-AUC = 0.8596	PR-AUC = 0.3626	Top-1 Acc = 0.3452	Top-5 Acc = 0.5473
	Mean	ROC-AUC = 0.8729	PR-AUC = 0.4004	Top-1 Acc = 0.3974	Top-5 Acc = 0.5912
Epoch = 57
	Training	Accuracy = 0.8038	Cost = 0.178199	Loss = 0.139280
	seen	ROC-AUC = 0.9031	PR-AUC = 0.4813	Top-1 Acc = 0.5124	Top-5 Acc = 0.6832
	unseen	ROC-AUC = 0.8604	PR-AUC = 0.3446	Top-1 Acc = 0.3541	Top-5 Acc = 0.5542
	Mean	ROC-AUC = 0.8742	PR-AUC = 0.3885	Top-1 Acc = 0.4050	Top-5 Acc = 0.5956
Epoch = 58
	Training	Accuracy = 0.8052	Cost = 0.166808	Loss = 0.127637
	seen	ROC-AUC = 0.9024	PR-AUC = 0.4790	Top-1 Acc = 0.5154	Top-5 Acc = 0.6964
	unseen	ROC-AUC = 0.8617	PR-AUC = 0.3464	Top-1 Acc = 0.3650	Top-5 Acc = 0.5622
	Mean	ROC-AUC = 0.8748	PR-AUC = 0.3890	Top-1 Acc = 0.4133	Top-5 Acc = 0.6053
Epoch = 59
	Training	Accuracy = 0.8043	Cost = 0.170223	Loss = 0.130848
	seen	ROC-AUC = 0.8989	PR-AUC = 0.4868	Top-1 Acc = 0.5244	Top-5 Acc = 0.6910
	unseen	ROC-AUC = 0.8574	PR-AUC = 0.3629	Top-1 Acc = 0.3675	Top-5 Acc = 0.5650
	Mean	ROC-AUC = 0.8708	PR-AUC = 0.4027	Top-1 Acc = 0.4180	Top-5 Acc = 0.6055
Epoch = 60
	Training	Accuracy = 0.8061	Cost = 0.159162	Loss = 0.119588
	seen	ROC-AUC = 0.9006	PR-AUC = 0.4828	Top-1 Acc = 0.5154	Top-5 Acc = 0.6916
	unseen	ROC-AUC = 0.8646	PR-AUC = 0.3598	Top-1 Acc = 0.3547	Top-5 Acc = 0.5642
	Mean	ROC-AUC = 0.8762	PR-AUC = 0.3993	Top-1 Acc = 0.4063	Top-5 Acc = 0.6051
Epoch = 61
	Training	Accuracy = 0.8059	Cost = 0.165527	Loss = 0.125789
	seen	ROC-AUC = 0.9039	PR-AUC = 0.4803	Top-1 Acc = 0.5045	Top-5 Acc = 0.6795
	unseen	ROC-AUC = 0.8682	PR-AUC = 0.3636	Top-1 Acc = 0.3621	Top-5 Acc = 0.5593
	Mean	ROC-AUC = 0.8797	PR-AUC = 0.4011	Top-1 Acc = 0.4079	Top-5 Acc = 0.5979
Epoch = 62
	Training	Accuracy = 0.8071	Cost = 0.155442	Loss = 0.115531
	seen	ROC-AUC = 0.8988	PR-AUC = 0.4846	Top-1 Acc = 0.5226	Top-5 Acc = 0.7001
	unseen	ROC-AUC = 0.8596	PR-AUC = 0.3543	Top-1 Acc = 0.3590	Top-5 Acc = 0.5616
	Mean	ROC-AUC = 0.8722	PR-AUC = 0.3962	Top-1 Acc = 0.4116	Top-5 Acc = 0.6061
Epoch = 63
	Training	Accuracy = 0.8076	Cost = 0.147729	Loss = 0.107666
	seen	ROC-AUC = 0.8997	PR-AUC = 0.4828	Top-1 Acc = 0.5142	Top-5 Acc = 0.6964
	unseen	ROC-AUC = 0.8619	PR-AUC = 0.3525	Top-1 Acc = 0.3550	Top-5 Acc = 0.5650
	Mean	ROC-AUC = 0.8741	PR-AUC = 0.3944	Top-1 Acc = 0.4061	Top-5 Acc = 0.6073
Epoch = 64
	Training	Accuracy = 0.8073	Cost = 0.149672	Loss = 0.109465
	seen	ROC-AUC = 0.9004	PR-AUC = 0.4782	Top-1 Acc = 0.5094	Top-5 Acc = 0.6916
	unseen	ROC-AUC = 0.8631	PR-AUC = 0.3622	Top-1 Acc = 0.3575	Top-5 Acc = 0.5627
	Mean	ROC-AUC = 0.8751	PR-AUC = 0.3995	Top-1 Acc = 0.4063	Top-5 Acc = 0.6042
Epoch = 65
	Training	Accuracy = 0.8064	Cost = 0.154023	Loss = 0.113667
	seen	ROC-AUC = 0.8988	PR-AUC = 0.4793	Top-1 Acc = 0.5190	Top-5 Acc = 0.6946
	unseen	ROC-AUC = 0.8611	PR-AUC = 0.3549	Top-1 Acc = 0.3527	Top-5 Acc = 0.5567
	Mean	ROC-AUC = 0.8732	PR-AUC = 0.3949	Top-1 Acc = 0.4061	Top-5 Acc = 0.6010
Epoch = 66
	Training	Accuracy = 0.8079	Cost = 0.138817	Loss = 0.098348
	seen	ROC-AUC = 0.8974	PR-AUC = 0.4862	Top-1 Acc = 0.5106	Top-5 Acc = 0.6946
	unseen	ROC-AUC = 0.8578	PR-AUC = 0.3497	Top-1 Acc = 0.3604	Top-5 Acc = 0.5704
	Mean	ROC-AUC = 0.8705	PR-AUC = 0.3935	Top-1 Acc = 0.4087	Top-5 Acc = 0.6104
Epoch = 67
	Training	Accuracy = 0.8099	Cost = 0.133759	Loss = 0.093212
	seen	ROC-AUC = 0.9007	PR-AUC = 0.4785	Top-1 Acc = 0.5142	Top-5 Acc = 0.7025
	unseen	ROC-AUC = 0.8644	PR-AUC = 0.3612	Top-1 Acc = 0.3661	Top-5 Acc = 0.5753
	Mean	ROC-AUC = 0.8760	PR-AUC = 0.3989	Top-1 Acc = 0.4137	Top-5 Acc = 0.6162
Epoch = 68
	Training	Accuracy = 0.8099	Cost = 0.131571	Loss = 0.090914
	seen	ROC-AUC = 0.9012	PR-AUC = 0.4820	Top-1 Acc = 0.5130	Top-5 Acc = 0.6904
	unseen	ROC-AUC = 0.8608	PR-AUC = 0.3589	Top-1 Acc = 0.3552	Top-5 Acc = 0.5564
	Mean	ROC-AUC = 0.8738	PR-AUC = 0.3984	Top-1 Acc = 0.4059	Top-5 Acc = 0.5995
Epoch = 69
	Training	Accuracy = 0.8105	Cost = 0.130155	Loss = 0.089400
	seen	ROC-AUC = 0.8967	PR-AUC = 0.4705	Top-1 Acc = 0.4997	Top-5 Acc = 0.6904
	unseen	ROC-AUC = 0.8606	PR-AUC = 0.3388	Top-1 Acc = 0.3521	Top-5 Acc = 0.5596
	Mean	ROC-AUC = 0.8722	PR-AUC = 0.3812	Top-1 Acc = 0.3995	Top-5 Acc = 0.6016
Epoch = 70
	Training	Accuracy = 0.8088	Cost = 0.135692	Loss = 0.094855
	seen	ROC-AUC = 0.9013	PR-AUC = 0.4797	Top-1 Acc = 0.5063	Top-5 Acc = 0.6916
	unseen	ROC-AUC = 0.8637	PR-AUC = 0.3590	Top-1 Acc = 0.3532	Top-5 Acc = 0.5602
	Mean	ROC-AUC = 0.8758	PR-AUC = 0.3978	Top-1 Acc = 0.4024	Top-5 Acc = 0.6024
Epoch = 71
	Training	Accuracy = 0.8082	Cost = 0.129742	Loss = 0.088849
	seen	ROC-AUC = 0.9047	PR-AUC = 0.4759	Top-1 Acc = 0.5214	Top-5 Acc = 0.6934
	unseen	ROC-AUC = 0.8595	PR-AUC = 0.3462	Top-1 Acc = 0.3601	Top-5 Acc = 0.5667
	Mean	ROC-AUC = 0.8740	PR-AUC = 0.3879	Top-1 Acc = 0.4119	Top-5 Acc = 0.6074
Epoch = 72
	Training	Accuracy = 0.8097	Cost = 0.123805	Loss = 0.082853
	seen	ROC-AUC = 0.9007	PR-AUC = 0.4872	Top-1 Acc = 0.5160	Top-5 Acc = 0.6970
	unseen	ROC-AUC = 0.8621	PR-AUC = 0.3483	Top-1 Acc = 0.3470	Top-5 Acc = 0.5562
	Mean	ROC-AUC = 0.8745	PR-AUC = 0.3930	Top-1 Acc = 0.4013	Top-5 Acc = 0.6014
Epoch = 73
	Training	Accuracy = 0.8096	Cost = 0.120879	Loss = 0.079887
	seen	ROC-AUC = 0.9032	PR-AUC = 0.4821	Top-1 Acc = 0.5130	Top-5 Acc = 0.6898
	unseen	ROC-AUC = 0.8637	PR-AUC = 0.3533	Top-1 Acc = 0.3472	Top-5 Acc = 0.5607
	Mean	ROC-AUC = 0.8764	PR-AUC = 0.3947	Top-1 Acc = 0.4005	Top-5 Acc = 0.6022
Epoch = 74
	Training	Accuracy = 0.8109	Cost = 0.119996	Loss = 0.078938
	seen	ROC-AUC = 0.8979	PR-AUC = 0.4822	Top-1 Acc = 0.5075	Top-5 Acc = 0.6856
	unseen	ROC-AUC = 0.8609	PR-AUC = 0.3428	Top-1 Acc = 0.3507	Top-5 Acc = 0.5676
	Mean	ROC-AUC = 0.8728	PR-AUC = 0.3876	Top-1 Acc = 0.4011	Top-5 Acc = 0.6055
Epoch = 75
	Training	Accuracy = 0.8099	Cost = 0.117654	Loss = 0.076521
	seen	ROC-AUC = 0.8990	PR-AUC = 0.4826	Top-1 Acc = 0.5063	Top-5 Acc = 0.6886
	unseen	ROC-AUC = 0.8578	PR-AUC = 0.3527	Top-1 Acc = 0.3521	Top-5 Acc = 0.5556
	Mean	ROC-AUC = 0.8710	PR-AUC = 0.3945	Top-1 Acc = 0.4017	Top-5 Acc = 0.5983
Epoch = 76
	Training	Accuracy = 0.8088	Cost = 0.125090	Loss = 0.083886
	seen	ROC-AUC = 0.9026	PR-AUC = 0.4791	Top-1 Acc = 0.5088	Top-5 Acc = 0.6922
	unseen	ROC-AUC = 0.8637	PR-AUC = 0.3523	Top-1 Acc = 0.3401	Top-5 Acc = 0.5616
	Mean	ROC-AUC = 0.8762	PR-AUC = 0.3931	Top-1 Acc = 0.3943	Top-5 Acc = 0.6036
Epoch = 77
	Training	Accuracy = 0.8097	Cost = 0.111546	Loss = 0.070328
	seen	ROC-AUC = 0.8984	PR-AUC = 0.4891	Top-1 Acc = 0.5124	Top-5 Acc = 0.6940
	unseen	ROC-AUC = 0.8589	PR-AUC = 0.3449	Top-1 Acc = 0.3512	Top-5 Acc = 0.5604
	Mean	ROC-AUC = 0.8716	PR-AUC = 0.3912	Top-1 Acc = 0.4030	Top-5 Acc = 0.6034
Epoch = 78
	Training	Accuracy = 0.8105	Cost = 0.116574	Loss = 0.075342
	seen	ROC-AUC = 0.9010	PR-AUC = 0.4828	Top-1 Acc = 0.5172	Top-5 Acc = 0.7001
	unseen	ROC-AUC = 0.8612	PR-AUC = 0.3538	Top-1 Acc = 0.3547	Top-5 Acc = 0.5587
	Mean	ROC-AUC = 0.8740	PR-AUC = 0.3953	Top-1 Acc = 0.4069	Top-5 Acc = 0.6042
Epoch = 79
	Training	Accuracy = 0.8097	Cost = 0.117482	Loss = 0.076230
	seen	ROC-AUC = 0.8965	PR-AUC = 0.4857	Top-1 Acc = 0.5057	Top-5 Acc = 0.6940
	unseen	ROC-AUC = 0.8674	PR-AUC = 0.3637	Top-1 Acc = 0.3550	Top-5 Acc = 0.5576
	Mean	ROC-AUC = 0.8768	PR-AUC = 0.4029	Top-1 Acc = 0.4034	Top-5 Acc = 0.6014
Epoch = 80
	Training	Accuracy = 0.8109	Cost = 0.106273	Loss = 0.065023
	seen	ROC-AUC = 0.9036	PR-AUC = 0.4761	Top-1 Acc = 0.5033	Top-5 Acc = 0.6832
	unseen	ROC-AUC = 0.8588	PR-AUC = 0.3481	Top-1 Acc = 0.3487	Top-5 Acc = 0.5536
	Mean	ROC-AUC = 0.8732	PR-AUC = 0.3892	Top-1 Acc = 0.3984	Top-5 Acc = 0.5952
Epoch = 81
	Training	Accuracy = 0.8111	Cost = 0.115339	Loss = 0.074061
	seen	ROC-AUC = 0.8989	PR-AUC = 0.4765	Top-1 Acc = 0.5057	Top-5 Acc = 0.6952
	unseen	ROC-AUC = 0.8629	PR-AUC = 0.3525	Top-1 Acc = 0.3532	Top-5 Acc = 0.5519
	Mean	ROC-AUC = 0.8745	PR-AUC = 0.3923	Top-1 Acc = 0.4022	Top-5 Acc = 0.5979
Epoch = 82
	Training	Accuracy = 0.8093	Cost = 0.114756	Loss = 0.073475
	seen	ROC-AUC = 0.8978	PR-AUC = 0.4755	Top-1 Acc = 0.5190	Top-5 Acc = 0.7037
	unseen	ROC-AUC = 0.8572	PR-AUC = 0.3577	Top-1 Acc = 0.3592	Top-5 Acc = 0.5493
	Mean	ROC-AUC = 0.8703	PR-AUC = 0.3955	Top-1 Acc = 0.4106	Top-5 Acc = 0.5989
Epoch = 83
	Training	Accuracy = 0.8114	Cost = 0.108195	Loss = 0.066927
	seen	ROC-AUC = 0.9014	PR-AUC = 0.4764	Top-1 Acc = 0.5118	Top-5 Acc = 0.6898
	unseen	ROC-AUC = 0.8572	PR-AUC = 0.3631	Top-1 Acc = 0.3464	Top-5 Acc = 0.5536
	Mean	ROC-AUC = 0.8714	PR-AUC = 0.3995	Top-1 Acc = 0.3995	Top-5 Acc = 0.5974
Epoch = 84
	Training	Accuracy = 0.8091	Cost = 0.115434	Loss = 0.074164
	seen	ROC-AUC = 0.9015	PR-AUC = 0.4752	Top-1 Acc = 0.5124	Top-5 Acc = 0.6922
	unseen	ROC-AUC = 0.8605	PR-AUC = 0.3674	Top-1 Acc = 0.3455	Top-5 Acc = 0.5504
	Mean	ROC-AUC = 0.8737	PR-AUC = 0.4020	Top-1 Acc = 0.3991	Top-5 Acc = 0.5960
Epoch = 85
	Training	Accuracy = 0.8105	Cost = 0.104943	Loss = 0.063703
	seen	ROC-AUC = 0.8983	PR-AUC = 0.4710	Top-1 Acc = 0.5081	Top-5 Acc = 0.6892
	unseen	ROC-AUC = 0.8602	PR-AUC = 0.3455	Top-1 Acc = 0.3572	Top-5 Acc = 0.5630
	Mean	ROC-AUC = 0.8724	PR-AUC = 0.3858	Top-1 Acc = 0.4057	Top-5 Acc = 0.6036
Epoch = 86
	Training	Accuracy = 0.8094	Cost = 0.114889	Loss = 0.073649
	seen	ROC-AUC = 0.9002	PR-AUC = 0.4856	Top-1 Acc = 0.5196	Top-5 Acc = 0.6952
	unseen	ROC-AUC = 0.8613	PR-AUC = 0.3527	Top-1 Acc = 0.3618	Top-5 Acc = 0.5590
	Mean	ROC-AUC = 0.8738	PR-AUC = 0.3954	Top-1 Acc = 0.4125	Top-5 Acc = 0.6028
Epoch = 87
	Training	Accuracy = 0.8106	Cost = 0.097660	Loss = 0.056447
	seen	ROC-AUC = 0.9007	PR-AUC = 0.4824	Top-1 Acc = 0.5220	Top-5 Acc = 0.6946
	unseen	ROC-AUC = 0.8650	PR-AUC = 0.3594	Top-1 Acc = 0.3635	Top-5 Acc = 0.5630
	Mean	ROC-AUC = 0.8764	PR-AUC = 0.3989	Top-1 Acc = 0.4145	Top-5 Acc = 0.6053
Epoch = 88
	Training	Accuracy = 0.8100	Cost = 0.103003	Loss = 0.061818
	seen	ROC-AUC = 0.8994	PR-AUC = 0.4773	Top-1 Acc = 0.5112	Top-5 Acc = 0.6826
	unseen	ROC-AUC = 0.8589	PR-AUC = 0.3462	Top-1 Acc = 0.3384	Top-5 Acc = 0.5530
	Mean	ROC-AUC = 0.8719	PR-AUC = 0.3883	Top-1 Acc = 0.3939	Top-5 Acc = 0.5946
Epoch = 89
	Training	Accuracy = 0.8102	Cost = 0.106681	Loss = 0.065526
	seen	ROC-AUC = 0.9014	PR-AUC = 0.4810	Top-1 Acc = 0.5220	Top-5 Acc = 0.6970
	unseen	ROC-AUC = 0.8620	PR-AUC = 0.3578	Top-1 Acc = 0.3635	Top-5 Acc = 0.5636
	Mean	ROC-AUC = 0.8747	PR-AUC = 0.3974	Top-1 Acc = 0.4145	Top-5 Acc = 0.6065
Epoch = 90
	Training	Accuracy = 0.8091	Cost = 0.105841	Loss = 0.064734
	seen	ROC-AUC = 0.9034	PR-AUC = 0.4835	Top-1 Acc = 0.5172	Top-5 Acc = 0.6934
	unseen	ROC-AUC = 0.8582	PR-AUC = 0.3521	Top-1 Acc = 0.3458	Top-5 Acc = 0.5502
	Mean	ROC-AUC = 0.8727	PR-AUC = 0.3943	Top-1 Acc = 0.4009	Top-5 Acc = 0.5962
Epoch = 91
	Training	Accuracy = 0.8111	Cost = 0.099244	Loss = 0.058171
	seen	ROC-AUC = 0.9016	PR-AUC = 0.4843	Top-1 Acc = 0.5311	Top-5 Acc = 0.7037
	unseen	ROC-AUC = 0.8610	PR-AUC = 0.3499	Top-1 Acc = 0.3570	Top-5 Acc = 0.5587
	Mean	ROC-AUC = 0.8741	PR-AUC = 0.3931	Top-1 Acc = 0.4129	Top-5 Acc = 0.6053
Epoch = 92
	Training	Accuracy = 0.8112	Cost = 0.099454	Loss = 0.058425
	seen	ROC-AUC = 0.9004	PR-AUC = 0.4789	Top-1 Acc = 0.5256	Top-5 Acc = 0.6989
	unseen	ROC-AUC = 0.8611	PR-AUC = 0.3501	Top-1 Acc = 0.3661	Top-5 Acc = 0.5602
	Mean	ROC-AUC = 0.8738	PR-AUC = 0.3915	Top-1 Acc = 0.4174	Top-5 Acc = 0.6047
Epoch = 93
	Training	Accuracy = 0.8111	Cost = 0.101284	Loss = 0.060262
	seen	ROC-AUC = 0.8992	PR-AUC = 0.4828	Top-1 Acc = 0.5160	Top-5 Acc = 0.6964
	unseen	ROC-AUC = 0.8611	PR-AUC = 0.3512	Top-1 Acc = 0.3564	Top-5 Acc = 0.5673
	Mean	ROC-AUC = 0.8733	PR-AUC = 0.3935	Top-1 Acc = 0.4077	Top-5 Acc = 0.6088
Epoch = 94
	Training	Accuracy = 0.8117	Cost = 0.103887	Loss = 0.062908
	seen	ROC-AUC = 0.8995	PR-AUC = 0.4792	Top-1 Acc = 0.5190	Top-5 Acc = 0.6904
	unseen	ROC-AUC = 0.8571	PR-AUC = 0.3511	Top-1 Acc = 0.3458	Top-5 Acc = 0.5473
	Mean	ROC-AUC = 0.8707	PR-AUC = 0.3923	Top-1 Acc = 0.4015	Top-5 Acc = 0.5933
Epoch = 95
	Training	Accuracy = 0.8117	Cost = 0.098189	Loss = 0.057239
	seen	ROC-AUC = 0.8984	PR-AUC = 0.4836	Top-1 Acc = 0.5166	Top-5 Acc = 0.6868
	unseen	ROC-AUC = 0.8597	PR-AUC = 0.3573	Top-1 Acc = 0.3647	Top-5 Acc = 0.5644
	Mean	ROC-AUC = 0.8721	PR-AUC = 0.3979	Top-1 Acc = 0.4135	Top-5 Acc = 0.6038
Epoch = 96
	Training	Accuracy = 0.8106	Cost = 0.097937	Loss = 0.057047
	seen	ROC-AUC = 0.8972	PR-AUC = 0.4821	Top-1 Acc = 0.5100	Top-5 Acc = 0.6904
	unseen	ROC-AUC = 0.8637	PR-AUC = 0.3457	Top-1 Acc = 0.3558	Top-5 Acc = 0.5593
	Mean	ROC-AUC = 0.8744	PR-AUC = 0.3896	Top-1 Acc = 0.4054	Top-5 Acc = 0.6014
Epoch = 97
	Training	Accuracy = 0.8109	Cost = 0.095612	Loss = 0.054746
	seen	ROC-AUC = 0.8991	PR-AUC = 0.4786	Top-1 Acc = 0.5202	Top-5 Acc = 0.6989
	unseen	ROC-AUC = 0.8598	PR-AUC = 0.3597	Top-1 Acc = 0.3578	Top-5 Acc = 0.5496
	Mean	ROC-AUC = 0.8724	PR-AUC = 0.3979	Top-1 Acc = 0.4100	Top-5 Acc = 0.5976
Epoch = 98
	Training	Accuracy = 0.8109	Cost = 0.094263	Loss = 0.053442
	seen	ROC-AUC = 0.9004	PR-AUC = 0.4810	Top-1 Acc = 0.5094	Top-5 Acc = 0.6838
	unseen	ROC-AUC = 0.8654	PR-AUC = 0.3661	Top-1 Acc = 0.3518	Top-5 Acc = 0.5519
	Mean	ROC-AUC = 0.8767	PR-AUC = 0.4030	Top-1 Acc = 0.4024	Top-5 Acc = 0.5943
Epoch = 99
	Training	Accuracy = 0.8103	Cost = 0.091160	Loss = 0.050357
	seen	ROC-AUC = 0.8974	PR-AUC = 0.4753	Top-1 Acc = 0.5226	Top-5 Acc = 0.6928
	unseen	ROC-AUC = 0.8627	PR-AUC = 0.3658	Top-1 Acc = 0.3512	Top-5 Acc = 0.5587
	Mean	ROC-AUC = 0.8738	PR-AUC = 0.4010	Top-1 Acc = 0.4063	Top-5 Acc = 0.6018
Epoch = 100
	Training	Accuracy = 0.8114	Cost = 0.092386	Loss = 0.051622
	seen	ROC-AUC = 0.8981	PR-AUC = 0.4837	Top-1 Acc = 0.5160	Top-5 Acc = 0.6868
	unseen	ROC-AUC = 0.8605	PR-AUC = 0.3555	Top-1 Acc = 0.3481	Top-5 Acc = 0.5562
	Mean	ROC-AUC = 0.8726	PR-AUC = 0.3967	Top-1 Acc = 0.4021	Top-5 Acc = 0.5981
