Epoch = 1
	Training	Accuracy = 0.0131	Cost = 7.387417	Loss = 7.213838
	seen	ROC-AUC = 0.6963	PR-AUC = 0.0263	Top-1 Acc = 0.0114	Top-5 Acc = 0.0599
	unseen	ROC-AUC = 0.6175	PR-AUC = 0.0443	Top-1 Acc = 0.0082	Top-5 Acc = 0.0709
	Mean	ROC-AUC = 0.6522	PR-AUC = 0.0363	Top-1 Acc = 0.0096	Top-5 Acc = 0.0661
Epoch = 2
	Training	Accuracy = 0.0341	Cost = 4.925926	Loss = 4.752781
	seen	ROC-AUC = 0.8560	PR-AUC = 0.0732	Top-1 Acc = 0.0376	Top-5 Acc = 0.1394
	unseen	ROC-AUC = 0.7954	PR-AUC = 0.1055	Top-1 Acc = 0.0610	Top-5 Acc = 0.1565
	Mean	ROC-AUC = 0.8221	PR-AUC = 0.0912	Top-1 Acc = 0.0507	Top-5 Acc = 0.1490
Epoch = 3
	Training	Accuracy = 0.0568	Cost = 4.519404	Loss = 4.346870
	seen	ROC-AUC = 0.8948	PR-AUC = 0.0935	Top-1 Acc = 0.0354	Top-5 Acc = 0.1765
	unseen	ROC-AUC = 0.8236	PR-AUC = 0.1286	Top-1 Acc = 0.0383	Top-5 Acc = 0.1561
	Mean	ROC-AUC = 0.8550	PR-AUC = 0.1131	Top-1 Acc = 0.0370	Top-5 Acc = 0.1651
Epoch = 4
	Training	Accuracy = 0.1240	Cost = 3.867940	Loss = 3.696412
	seen	ROC-AUC = 0.9273	PR-AUC = 0.1599	Top-1 Acc = 0.1100	Top-5 Acc = 0.3246
	unseen	ROC-AUC = 0.8700	PR-AUC = 0.1766	Top-1 Acc = 0.0378	Top-5 Acc = 0.1634
	Mean	ROC-AUC = 0.8953	PR-AUC = 0.1693	Top-1 Acc = 0.0697	Top-5 Acc = 0.2345
Epoch = 5
	Training	Accuracy = 0.1475	Cost = 3.698007	Loss = 3.528481
	seen	ROC-AUC = 0.9464	PR-AUC = 0.2085	Top-1 Acc = 0.1514	Top-5 Acc = 0.4227
	unseen	ROC-AUC = 0.8808	PR-AUC = 0.1985	Top-1 Acc = 0.0404	Top-5 Acc = 0.2455
	Mean	ROC-AUC = 0.9097	PR-AUC = 0.2029	Top-1 Acc = 0.0894	Top-5 Acc = 0.3236
Epoch = 6
	Training	Accuracy = 0.2331	Cost = 3.279865	Loss = 3.112938
	seen	ROC-AUC = 0.9614	PR-AUC = 0.3010	Top-1 Acc = 0.2304	Top-5 Acc = 0.5485
	unseen	ROC-AUC = 0.9049	PR-AUC = 0.2471	Top-1 Acc = 0.0722	Top-5 Acc = 0.2898
	Mean	ROC-AUC = 0.9298	PR-AUC = 0.2709	Top-1 Acc = 0.1420	Top-5 Acc = 0.4039
Epoch = 7
	Training	Accuracy = 0.2945	Cost = 3.197892	Loss = 3.033949
	seen	ROC-AUC = 0.9624	PR-AUC = 0.3310	Top-1 Acc = 0.2446	Top-5 Acc = 0.5621
	unseen	ROC-AUC = 0.9023	PR-AUC = 0.2576	Top-1 Acc = 0.0512	Top-5 Acc = 0.3009
	Mean	ROC-AUC = 0.9288	PR-AUC = 0.2900	Top-1 Acc = 0.1365	Top-5 Acc = 0.4161
Epoch = 8
	Training	Accuracy = 0.3308	Cost = 3.025136	Loss = 2.864122
	seen	ROC-AUC = 0.9697	PR-AUC = 0.3512	Top-1 Acc = 0.3034	Top-5 Acc = 0.6345
	unseen	ROC-AUC = 0.9158	PR-AUC = 0.2948	Top-1 Acc = 0.0615	Top-5 Acc = 0.3018
	Mean	ROC-AUC = 0.9396	PR-AUC = 0.3197	Top-1 Acc = 0.1682	Top-5 Acc = 0.4486
Epoch = 9
	Training	Accuracy = 0.3998	Cost = 2.741994	Loss = 2.584484
	seen	ROC-AUC = 0.9679	PR-AUC = 0.3804	Top-1 Acc = 0.3246	Top-5 Acc = 0.6465
	unseen	ROC-AUC = 0.9171	PR-AUC = 0.2937	Top-1 Acc = 0.1045	Top-5 Acc = 0.3534
	Mean	ROC-AUC = 0.9395	PR-AUC = 0.3320	Top-1 Acc = 0.2016	Top-5 Acc = 0.4827
Epoch = 10
	Training	Accuracy = 0.4646	Cost = 2.559868	Loss = 2.406085
	seen	ROC-AUC = 0.9750	PR-AUC = 0.4726	Top-1 Acc = 0.3606	Top-5 Acc = 0.6977
	unseen	ROC-AUC = 0.9209	PR-AUC = 0.2984	Top-1 Acc = 0.0774	Top-5 Acc = 0.3340
	Mean	ROC-AUC = 0.9447	PR-AUC = 0.3752	Top-1 Acc = 0.2023	Top-5 Acc = 0.4945
Epoch = 11
	Training	Accuracy = 0.5181	Cost = 2.399563	Loss = 2.249457
	seen	ROC-AUC = 0.9758	PR-AUC = 0.4976	Top-1 Acc = 0.3829	Top-5 Acc = 0.6618
	unseen	ROC-AUC = 0.9201	PR-AUC = 0.3272	Top-1 Acc = 0.0735	Top-5 Acc = 0.3035
	Mean	ROC-AUC = 0.9447	PR-AUC = 0.4024	Top-1 Acc = 0.2100	Top-5 Acc = 0.4616
Epoch = 12
	Training	Accuracy = 0.5437	Cost = 2.280692	Loss = 2.133948
	seen	ROC-AUC = 0.9785	PR-AUC = 0.5114	Top-1 Acc = 0.4434	Top-5 Acc = 0.7674
	unseen	ROC-AUC = 0.9329	PR-AUC = 0.3456	Top-1 Acc = 0.0976	Top-5 Acc = 0.3616
	Mean	ROC-AUC = 0.9530	PR-AUC = 0.4188	Top-1 Acc = 0.2501	Top-5 Acc = 0.5406
Epoch = 13
	Training	Accuracy = 0.5767	Cost = 2.126386	Loss = 1.982614
	seen	ROC-AUC = 0.9820	PR-AUC = 0.5546	Top-1 Acc = 0.4346	Top-5 Acc = 0.7195
	unseen	ROC-AUC = 0.9312	PR-AUC = 0.3304	Top-1 Acc = 0.0757	Top-5 Acc = 0.3078
	Mean	ROC-AUC = 0.9536	PR-AUC = 0.4293	Top-1 Acc = 0.2340	Top-5 Acc = 0.4894
Epoch = 14
	Training	Accuracy = 0.6183	Cost = 1.996124	Loss = 1.854832
	seen	ROC-AUC = 0.9819	PR-AUC = 0.5767	Top-1 Acc = 0.4984	Top-5 Acc = 0.8001
	unseen	ROC-AUC = 0.9250	PR-AUC = 0.3270	Top-1 Acc = 0.0976	Top-5 Acc = 0.3844
	Mean	ROC-AUC = 0.9501	PR-AUC = 0.4372	Top-1 Acc = 0.2744	Top-5 Acc = 0.5678
Epoch = 15
	Training	Accuracy = 0.6474	Cost = 1.894554	Loss = 1.755481
	seen	ROC-AUC = 0.9776	PR-AUC = 0.5455	Top-1 Acc = 0.4935	Top-5 Acc = 0.7778
	unseen	ROC-AUC = 0.9285	PR-AUC = 0.3344	Top-1 Acc = 0.0916	Top-5 Acc = 0.3633
	Mean	ROC-AUC = 0.9502	PR-AUC = 0.4275	Top-1 Acc = 0.2689	Top-5 Acc = 0.5461
Epoch = 16
	Training	Accuracy = 0.6731	Cost = 1.835749	Loss = 1.698400
	seen	ROC-AUC = 0.9844	PR-AUC = 0.6066	Top-1 Acc = 0.5556	Top-5 Acc = 0.8246
	unseen	ROC-AUC = 0.9288	PR-AUC = 0.3372	Top-1 Acc = 0.0954	Top-5 Acc = 0.3547
	Mean	ROC-AUC = 0.9533	PR-AUC = 0.4561	Top-1 Acc = 0.2984	Top-5 Acc = 0.5620
Epoch = 17
	Training	Accuracy = 0.6983	Cost = 1.707032	Loss = 1.571099
	seen	ROC-AUC = 0.9844	PR-AUC = 0.6057	Top-1 Acc = 0.5474	Top-5 Acc = 0.8224
	unseen	ROC-AUC = 0.9294	PR-AUC = 0.3252	Top-1 Acc = 0.0649	Top-5 Acc = 0.3418
	Mean	ROC-AUC = 0.9537	PR-AUC = 0.4490	Top-1 Acc = 0.2778	Top-5 Acc = 0.5538
Epoch = 18
	Training	Accuracy = 0.7178	Cost = 1.651443	Loss = 1.516534
	seen	ROC-AUC = 0.9854	PR-AUC = 0.6252	Top-1 Acc = 0.5468	Top-5 Acc = 0.8164
	unseen	ROC-AUC = 0.9374	PR-AUC = 0.3584	Top-1 Acc = 0.0813	Top-5 Acc = 0.3667
	Mean	ROC-AUC = 0.9586	PR-AUC = 0.4761	Top-1 Acc = 0.2866	Top-5 Acc = 0.5651
Epoch = 19
	Training	Accuracy = 0.7404	Cost = 1.572703	Loss = 1.438636
	seen	ROC-AUC = 0.9859	PR-AUC = 0.6392	Top-1 Acc = 0.5850	Top-5 Acc = 0.8388
	unseen	ROC-AUC = 0.9325	PR-AUC = 0.3482	Top-1 Acc = 0.0731	Top-5 Acc = 0.3414
	Mean	ROC-AUC = 0.9561	PR-AUC = 0.4765	Top-1 Acc = 0.2989	Top-5 Acc = 0.5608
Epoch = 20
	Training	Accuracy = 0.7536	Cost = 1.499422	Loss = 1.365963
	seen	ROC-AUC = 0.9845	PR-AUC = 0.6173	Top-1 Acc = 0.5795	Top-5 Acc = 0.8377
	unseen	ROC-AUC = 0.9293	PR-AUC = 0.3483	Top-1 Acc = 0.0774	Top-5 Acc = 0.3530
	Mean	ROC-AUC = 0.9537	PR-AUC = 0.4669	Top-1 Acc = 0.2989	Top-5 Acc = 0.5668
Epoch = 21
	Training	Accuracy = 0.7734	Cost = 1.413966	Loss = 1.280907
	seen	ROC-AUC = 0.9870	PR-AUC = 0.6452	Top-1 Acc = 0.6155	Top-5 Acc = 0.8584
	unseen	ROC-AUC = 0.9322	PR-AUC = 0.3410	Top-1 Acc = 0.0598	Top-5 Acc = 0.3315
	Mean	ROC-AUC = 0.9564	PR-AUC = 0.4752	Top-1 Acc = 0.3049	Top-5 Acc = 0.5639
Epoch = 22
	Training	Accuracy = 0.7905	Cost = 1.351181	Loss = 1.218437
	seen	ROC-AUC = 0.9864	PR-AUC = 0.6486	Top-1 Acc = 0.5991	Top-5 Acc = 0.8568
	unseen	ROC-AUC = 0.9323	PR-AUC = 0.3431	Top-1 Acc = 0.0718	Top-5 Acc = 0.3392
	Mean	ROC-AUC = 0.9562	PR-AUC = 0.4778	Top-1 Acc = 0.3044	Top-5 Acc = 0.5675
Epoch = 23
	Training	Accuracy = 0.8016	Cost = 1.309831	Loss = 1.177357
	seen	ROC-AUC = 0.9862	PR-AUC = 0.6570	Top-1 Acc = 0.5795	Top-5 Acc = 0.8464
	unseen	ROC-AUC = 0.9236	PR-AUC = 0.3277	Top-1 Acc = 0.0550	Top-5 Acc = 0.3199
	Mean	ROC-AUC = 0.9512	PR-AUC = 0.4729	Top-1 Acc = 0.2864	Top-5 Acc = 0.5521
Epoch = 24
	Training	Accuracy = 0.8175	Cost = 1.234084	Loss = 1.101760
	seen	ROC-AUC = 0.9877	PR-AUC = 0.6588	Top-1 Acc = 0.6046	Top-5 Acc = 0.8568
	unseen	ROC-AUC = 0.9252	PR-AUC = 0.3313	Top-1 Acc = 0.0714	Top-5 Acc = 0.3435
	Mean	ROC-AUC = 0.9527	PR-AUC = 0.4758	Top-1 Acc = 0.3066	Top-5 Acc = 0.5699
Epoch = 25
	Training	Accuracy = 0.8268	Cost = 1.191876	Loss = 1.059476
	seen	ROC-AUC = 0.9873	PR-AUC = 0.6707	Top-1 Acc = 0.6138	Top-5 Acc = 0.8600
	unseen	ROC-AUC = 0.9346	PR-AUC = 0.3445	Top-1 Acc = 0.0533	Top-5 Acc = 0.3121
	Mean	ROC-AUC = 0.9578	PR-AUC = 0.4884	Top-1 Acc = 0.3006	Top-5 Acc = 0.5538
Epoch = 26
	Training	Accuracy = 0.8365	Cost = 1.140087	Loss = 1.007474
	seen	ROC-AUC = 0.9877	PR-AUC = 0.6725	Top-1 Acc = 0.6215	Top-5 Acc = 0.8687
	unseen	ROC-AUC = 0.9309	PR-AUC = 0.3416	Top-1 Acc = 0.0787	Top-5 Acc = 0.3547
	Mean	ROC-AUC = 0.9560	PR-AUC = 0.4876	Top-1 Acc = 0.3181	Top-5 Acc = 0.5815
Epoch = 27
	Training	Accuracy = 0.8500	Cost = 1.103562	Loss = 0.970701
	seen	ROC-AUC = 0.9877	PR-AUC = 0.6686	Top-1 Acc = 0.6258	Top-5 Acc = 0.8709
	unseen	ROC-AUC = 0.9309	PR-AUC = 0.3379	Top-1 Acc = 0.0589	Top-5 Acc = 0.3358
	Mean	ROC-AUC = 0.9560	PR-AUC = 0.4838	Top-1 Acc = 0.3090	Top-5 Acc = 0.5718
Epoch = 28
	Training	Accuracy = 0.8634	Cost = 1.023967	Loss = 0.890830
	seen	ROC-AUC = 0.9870	PR-AUC = 0.6684	Top-1 Acc = 0.5893	Top-5 Acc = 0.8513
	unseen	ROC-AUC = 0.9299	PR-AUC = 0.3425	Top-1 Acc = 0.0580	Top-5 Acc = 0.3276
	Mean	ROC-AUC = 0.9551	PR-AUC = 0.4863	Top-1 Acc = 0.2924	Top-5 Acc = 0.5586
Epoch = 29
	Training	Accuracy = 0.8669	Cost = 1.008422	Loss = 0.874861
	seen	ROC-AUC = 0.9866	PR-AUC = 0.6557	Top-1 Acc = 0.6258	Top-5 Acc = 0.8622
	unseen	ROC-AUC = 0.9229	PR-AUC = 0.3172	Top-1 Acc = 0.0576	Top-5 Acc = 0.3452
	Mean	ROC-AUC = 0.9510	PR-AUC = 0.4665	Top-1 Acc = 0.3083	Top-5 Acc = 0.5733
Epoch = 30
	Training	Accuracy = 0.8779	Cost = 0.955650	Loss = 0.821616
	seen	ROC-AUC = 0.9858	PR-AUC = 0.6589	Top-1 Acc = 0.6356	Top-5 Acc = 0.8736
	unseen	ROC-AUC = 0.9227	PR-AUC = 0.3207	Top-1 Acc = 0.0464	Top-5 Acc = 0.3186
	Mean	ROC-AUC = 0.9505	PR-AUC = 0.4699	Top-1 Acc = 0.3063	Top-5 Acc = 0.5634
Epoch = 31
	Training	Accuracy = 0.8828	Cost = 0.921547	Loss = 0.786967
	seen	ROC-AUC = 0.9862	PR-AUC = 0.6513	Top-1 Acc = 0.6008	Top-5 Acc = 0.8508
	unseen	ROC-AUC = 0.9267	PR-AUC = 0.3264	Top-1 Acc = 0.0559	Top-5 Acc = 0.3508
	Mean	ROC-AUC = 0.9530	PR-AUC = 0.4697	Top-1 Acc = 0.2963	Top-5 Acc = 0.5714
Epoch = 32
	Training	Accuracy = 0.8921	Cost = 0.871987	Loss = 0.736976
	seen	ROC-AUC = 0.9881	PR-AUC = 0.6765	Top-1 Acc = 0.6324	Top-5 Acc = 0.8720
	unseen	ROC-AUC = 0.9253	PR-AUC = 0.3181	Top-1 Acc = 0.0396	Top-5 Acc = 0.2997
	Mean	ROC-AUC = 0.9530	PR-AUC = 0.4762	Top-1 Acc = 0.3011	Top-5 Acc = 0.5521
Epoch = 33
	Training	Accuracy = 0.8958	Cost = 0.847828	Loss = 0.712210
	seen	ROC-AUC = 0.9873	PR-AUC = 0.6844	Top-1 Acc = 0.6416	Top-5 Acc = 0.8802
	unseen	ROC-AUC = 0.9223	PR-AUC = 0.3144	Top-1 Acc = 0.0404	Top-5 Acc = 0.3057
	Mean	ROC-AUC = 0.9510	PR-AUC = 0.4776	Top-1 Acc = 0.3056	Top-5 Acc = 0.5591
Epoch = 34
	Training	Accuracy = 0.9028	Cost = 0.825255	Loss = 0.688962
	seen	ROC-AUC = 0.9878	PR-AUC = 0.6850	Top-1 Acc = 0.6351	Top-5 Acc = 0.8775
	unseen	ROC-AUC = 0.9241	PR-AUC = 0.3209	Top-1 Acc = 0.0400	Top-5 Acc = 0.3190
	Mean	ROC-AUC = 0.9522	PR-AUC = 0.4815	Top-1 Acc = 0.3025	Top-5 Acc = 0.5654
Epoch = 35
	Training	Accuracy = 0.9087	Cost = 0.791804	Loss = 0.654968
	seen	ROC-AUC = 0.9855	PR-AUC = 0.6679	Top-1 Acc = 0.6373	Top-5 Acc = 0.8693
	unseen	ROC-AUC = 0.9253	PR-AUC = 0.3200	Top-1 Acc = 0.0447	Top-5 Acc = 0.3280
	Mean	ROC-AUC = 0.9519	PR-AUC = 0.4734	Top-1 Acc = 0.3061	Top-5 Acc = 0.5668
Epoch = 36
	Training	Accuracy = 0.9156	Cost = 0.750462	Loss = 0.613030
	seen	ROC-AUC = 0.9863	PR-AUC = 0.6631	Top-1 Acc = 0.6220	Top-5 Acc = 0.8611
	unseen	ROC-AUC = 0.9178	PR-AUC = 0.2966	Top-1 Acc = 0.0430	Top-5 Acc = 0.3083
	Mean	ROC-AUC = 0.9481	PR-AUC = 0.4583	Top-1 Acc = 0.2984	Top-5 Acc = 0.5521
Epoch = 37
	Training	Accuracy = 0.9152	Cost = 0.739355	Loss = 0.601383
	seen	ROC-AUC = 0.9882	PR-AUC = 0.6836	Top-1 Acc = 0.6318	Top-5 Acc = 0.8802
	unseen	ROC-AUC = 0.9217	PR-AUC = 0.3138	Top-1 Acc = 0.0426	Top-5 Acc = 0.3126
	Mean	ROC-AUC = 0.9510	PR-AUC = 0.4769	Top-1 Acc = 0.3025	Top-5 Acc = 0.5630
Epoch = 38
	Training	Accuracy = 0.9236	Cost = 0.707851	Loss = 0.569296
	seen	ROC-AUC = 0.9870	PR-AUC = 0.6809	Top-1 Acc = 0.6253	Top-5 Acc = 0.8715
	unseen	ROC-AUC = 0.9207	PR-AUC = 0.3077	Top-1 Acc = 0.0507	Top-5 Acc = 0.3207
	Mean	ROC-AUC = 0.9499	PR-AUC = 0.4724	Top-1 Acc = 0.3042	Top-5 Acc = 0.5637
Epoch = 39
	Training	Accuracy = 0.9317	Cost = 0.671858	Loss = 0.532692
	seen	ROC-AUC = 0.9873	PR-AUC = 0.6742	Top-1 Acc = 0.6209	Top-5 Acc = 0.8644
	unseen	ROC-AUC = 0.9206	PR-AUC = 0.3123	Top-1 Acc = 0.0357	Top-5 Acc = 0.2906
	Mean	ROC-AUC = 0.9500	PR-AUC = 0.4719	Top-1 Acc = 0.2938	Top-5 Acc = 0.5437
Epoch = 40
	Training	Accuracy = 0.9378	Cost = 0.644411	Loss = 0.504602
	seen	ROC-AUC = 0.9866	PR-AUC = 0.6726	Top-1 Acc = 0.6264	Top-5 Acc = 0.8655
	unseen	ROC-AUC = 0.9226	PR-AUC = 0.3104	Top-1 Acc = 0.0460	Top-5 Acc = 0.3255
	Mean	ROC-AUC = 0.9508	PR-AUC = 0.4702	Top-1 Acc = 0.3020	Top-5 Acc = 0.5637
Epoch = 41
	Training	Accuracy = 0.9357	Cost = 0.642479	Loss = 0.502175
	seen	ROC-AUC = 0.9871	PR-AUC = 0.6756	Top-1 Acc = 0.6193	Top-5 Acc = 0.8660
	unseen	ROC-AUC = 0.9195	PR-AUC = 0.3049	Top-1 Acc = 0.0396	Top-5 Acc = 0.2829
	Mean	ROC-AUC = 0.9493	PR-AUC = 0.4685	Top-1 Acc = 0.2953	Top-5 Acc = 0.5401
Epoch = 42
	Training	Accuracy = 0.9430	Cost = 0.609702	Loss = 0.468857
	seen	ROC-AUC = 0.9871	PR-AUC = 0.6898	Top-1 Acc = 0.6471	Top-5 Acc = 0.8796
	unseen	ROC-AUC = 0.9224	PR-AUC = 0.3039	Top-1 Acc = 0.0305	Top-5 Acc = 0.3095
	Mean	ROC-AUC = 0.9509	PR-AUC = 0.4741	Top-1 Acc = 0.3025	Top-5 Acc = 0.5610
Epoch = 43
	Training	Accuracy = 0.9485	Cost = 0.594687	Loss = 0.453323
	seen	ROC-AUC = 0.9867	PR-AUC = 0.6855	Top-1 Acc = 0.6307	Top-5 Acc = 0.8649
	unseen	ROC-AUC = 0.9195	PR-AUC = 0.3068	Top-1 Acc = 0.0378	Top-5 Acc = 0.3035
	Mean	ROC-AUC = 0.9491	PR-AUC = 0.4738	Top-1 Acc = 0.2994	Top-5 Acc = 0.5512
Epoch = 44
	Training	Accuracy = 0.9481	Cost = 0.576631	Loss = 0.434803
	seen	ROC-AUC = 0.9859	PR-AUC = 0.6661	Top-1 Acc = 0.6247	Top-5 Acc = 0.8682
	unseen	ROC-AUC = 0.9192	PR-AUC = 0.2981	Top-1 Acc = 0.0426	Top-5 Acc = 0.3104
	Mean	ROC-AUC = 0.9486	PR-AUC = 0.4604	Top-1 Acc = 0.2994	Top-5 Acc = 0.5565
Epoch = 45
	Training	Accuracy = 0.9527	Cost = 0.559331	Loss = 0.417008
	seen	ROC-AUC = 0.9863	PR-AUC = 0.6792	Top-1 Acc = 0.6503	Top-5 Acc = 0.8693
	unseen	ROC-AUC = 0.9153	PR-AUC = 0.3030	Top-1 Acc = 0.0400	Top-5 Acc = 0.3040
	Mean	ROC-AUC = 0.9466	PR-AUC = 0.4690	Top-1 Acc = 0.3092	Top-5 Acc = 0.5533
Epoch = 46
	Training	Accuracy = 0.9583	Cost = 0.527426	Loss = 0.384555
	seen	ROC-AUC = 0.9865	PR-AUC = 0.6725	Top-1 Acc = 0.6416	Top-5 Acc = 0.8709
	unseen	ROC-AUC = 0.9177	PR-AUC = 0.2990	Top-1 Acc = 0.0357	Top-5 Acc = 0.2825
	Mean	ROC-AUC = 0.9480	PR-AUC = 0.4638	Top-1 Acc = 0.3030	Top-5 Acc = 0.5420
Epoch = 47
	Training	Accuracy = 0.9582	Cost = 0.526145	Loss = 0.382833
	seen	ROC-AUC = 0.9865	PR-AUC = 0.6683	Top-1 Acc = 0.6351	Top-5 Acc = 0.8725
	unseen	ROC-AUC = 0.9208	PR-AUC = 0.3102	Top-1 Acc = 0.0357	Top-5 Acc = 0.2966
	Mean	ROC-AUC = 0.9498	PR-AUC = 0.4682	Top-1 Acc = 0.3001	Top-5 Acc = 0.5507
Epoch = 48
	Training	Accuracy = 0.9600	Cost = 0.508606	Loss = 0.364743
	seen	ROC-AUC = 0.9858	PR-AUC = 0.6597	Top-1 Acc = 0.6285	Top-5 Acc = 0.8649
	unseen	ROC-AUC = 0.9203	PR-AUC = 0.3011	Top-1 Acc = 0.0408	Top-5 Acc = 0.3246
	Mean	ROC-AUC = 0.9492	PR-AUC = 0.4593	Top-1 Acc = 0.3001	Top-5 Acc = 0.5630
Epoch = 49
	Training	Accuracy = 0.9656	Cost = 0.488929	Loss = 0.344682
	seen	ROC-AUC = 0.9863	PR-AUC = 0.6770	Top-1 Acc = 0.6400	Top-5 Acc = 0.8715
	unseen	ROC-AUC = 0.9210	PR-AUC = 0.2990	Top-1 Acc = 0.0400	Top-5 Acc = 0.3040
	Mean	ROC-AUC = 0.9498	PR-AUC = 0.4658	Top-1 Acc = 0.3047	Top-5 Acc = 0.5543
Epoch = 50
	Training	Accuracy = 0.9656	Cost = 0.487622	Loss = 0.343012
	seen	ROC-AUC = 0.9864	PR-AUC = 0.6801	Top-1 Acc = 0.6563	Top-5 Acc = 0.8742
	unseen	ROC-AUC = 0.9139	PR-AUC = 0.3017	Top-1 Acc = 0.0396	Top-5 Acc = 0.3035
	Mean	ROC-AUC = 0.9459	PR-AUC = 0.4686	Top-1 Acc = 0.3116	Top-5 Acc = 0.5553
Epoch = 51
	Training	Accuracy = 0.9704	Cost = 0.458452	Loss = 0.313497
	seen	ROC-AUC = 0.9861	PR-AUC = 0.6789	Top-1 Acc = 0.6443	Top-5 Acc = 0.8676
	unseen	ROC-AUC = 0.9221	PR-AUC = 0.3096	Top-1 Acc = 0.0314	Top-5 Acc = 0.3181
	Mean	ROC-AUC = 0.9503	PR-AUC = 0.4725	Top-1 Acc = 0.3018	Top-5 Acc = 0.5605
Epoch = 52
	Training	Accuracy = 0.9705	Cost = 0.460018	Loss = 0.314698
	seen	ROC-AUC = 0.9870	PR-AUC = 0.6792	Top-1 Acc = 0.6258	Top-5 Acc = 0.8600
	unseen	ROC-AUC = 0.9147	PR-AUC = 0.3079	Top-1 Acc = 0.0314	Top-5 Acc = 0.3074
	Mean	ROC-AUC = 0.9466	PR-AUC = 0.4717	Top-1 Acc = 0.2936	Top-5 Acc = 0.5512
Epoch = 53
	Training	Accuracy = 0.9715	Cost = 0.450529	Loss = 0.304842
	seen	ROC-AUC = 0.9843	PR-AUC = 0.6538	Top-1 Acc = 0.6089	Top-5 Acc = 0.8453
	unseen	ROC-AUC = 0.9119	PR-AUC = 0.2999	Top-1 Acc = 0.0370	Top-5 Acc = 0.2889
	Mean	ROC-AUC = 0.9438	PR-AUC = 0.4560	Top-1 Acc = 0.2893	Top-5 Acc = 0.5344
Epoch = 54
	Training	Accuracy = 0.9726	Cost = 0.442255	Loss = 0.296316
	seen	ROC-AUC = 0.9851	PR-AUC = 0.6632	Top-1 Acc = 0.6340	Top-5 Acc = 0.8682
	unseen	ROC-AUC = 0.9137	PR-AUC = 0.2943	Top-1 Acc = 0.0374	Top-5 Acc = 0.2902
	Mean	ROC-AUC = 0.9452	PR-AUC = 0.4570	Top-1 Acc = 0.3006	Top-5 Acc = 0.5452
Epoch = 55
	Training	Accuracy = 0.9763	Cost = 0.422238	Loss = 0.276079
	seen	ROC-AUC = 0.9855	PR-AUC = 0.6718	Top-1 Acc = 0.6383	Top-5 Acc = 0.8611
	unseen	ROC-AUC = 0.9190	PR-AUC = 0.3055	Top-1 Acc = 0.0387	Top-5 Acc = 0.2803
	Mean	ROC-AUC = 0.9484	PR-AUC = 0.4671	Top-1 Acc = 0.3032	Top-5 Acc = 0.5365
Epoch = 56
	Training	Accuracy = 0.9776	Cost = 0.418876	Loss = 0.272456
	seen	ROC-AUC = 0.9854	PR-AUC = 0.6757	Top-1 Acc = 0.6400	Top-5 Acc = 0.8655
	unseen	ROC-AUC = 0.9191	PR-AUC = 0.3074	Top-1 Acc = 0.0344	Top-5 Acc = 0.3048
	Mean	ROC-AUC = 0.9483	PR-AUC = 0.4699	Top-1 Acc = 0.3015	Top-5 Acc = 0.5521
Epoch = 57
	Training	Accuracy = 0.9794	Cost = 0.405033	Loss = 0.258248
	seen	ROC-AUC = 0.9856	PR-AUC = 0.6697	Top-1 Acc = 0.6313	Top-5 Acc = 0.8600
	unseen	ROC-AUC = 0.9130	PR-AUC = 0.3080	Top-1 Acc = 0.0331	Top-5 Acc = 0.2773
	Mean	ROC-AUC = 0.9451	PR-AUC = 0.4676	Top-1 Acc = 0.2970	Top-5 Acc = 0.5344
Epoch = 58
	Training	Accuracy = 0.9782	Cost = 0.412107	Loss = 0.265013
	seen	ROC-AUC = 0.9856	PR-AUC = 0.6775	Top-1 Acc = 0.6389	Top-5 Acc = 0.8644
	unseen	ROC-AUC = 0.9152	PR-AUC = 0.2968	Top-1 Acc = 0.0301	Top-5 Acc = 0.2816
	Mean	ROC-AUC = 0.9462	PR-AUC = 0.4648	Top-1 Acc = 0.2987	Top-5 Acc = 0.5387
Epoch = 59
	Training	Accuracy = 0.9815	Cost = 0.383786	Loss = 0.236518
	seen	ROC-AUC = 0.9859	PR-AUC = 0.6890	Top-1 Acc = 0.6629	Top-5 Acc = 0.8720
	unseen	ROC-AUC = 0.9159	PR-AUC = 0.3038	Top-1 Acc = 0.0344	Top-5 Acc = 0.3022
	Mean	ROC-AUC = 0.9468	PR-AUC = 0.4737	Top-1 Acc = 0.3116	Top-5 Acc = 0.5536
Epoch = 60
	Training	Accuracy = 0.9843	Cost = 0.377107	Loss = 0.229681
	seen	ROC-AUC = 0.9852	PR-AUC = 0.6713	Top-1 Acc = 0.6454	Top-5 Acc = 0.8676
	unseen	ROC-AUC = 0.9206	PR-AUC = 0.3070	Top-1 Acc = 0.0292	Top-5 Acc = 0.3040
	Mean	ROC-AUC = 0.9491	PR-AUC = 0.4677	Top-1 Acc = 0.3011	Top-5 Acc = 0.5526
Epoch = 61
	Training	Accuracy = 0.9833	Cost = 0.377075	Loss = 0.229443
	seen	ROC-AUC = 0.9855	PR-AUC = 0.6786	Top-1 Acc = 0.6552	Top-5 Acc = 0.8709
	unseen	ROC-AUC = 0.9170	PR-AUC = 0.3062	Top-1 Acc = 0.0322	Top-5 Acc = 0.3169
	Mean	ROC-AUC = 0.9472	PR-AUC = 0.4705	Top-1 Acc = 0.3071	Top-5 Acc = 0.5613
Epoch = 62
	Training	Accuracy = 0.9847	Cost = 0.372927	Loss = 0.224982
	seen	ROC-AUC = 0.9845	PR-AUC = 0.6786	Top-1 Acc = 0.6520	Top-5 Acc = 0.8666
	unseen	ROC-AUC = 0.9153	PR-AUC = 0.3069	Top-1 Acc = 0.0331	Top-5 Acc = 0.3052
	Mean	ROC-AUC = 0.9458	PR-AUC = 0.4709	Top-1 Acc = 0.3061	Top-5 Acc = 0.5529
Epoch = 63
	Training	Accuracy = 0.9868	Cost = 0.360864	Loss = 0.212701
	seen	ROC-AUC = 0.9846	PR-AUC = 0.6682	Top-1 Acc = 0.6231	Top-5 Acc = 0.8568
	unseen	ROC-AUC = 0.9080	PR-AUC = 0.2988	Top-1 Acc = 0.0271	Top-5 Acc = 0.2932
	Mean	ROC-AUC = 0.9418	PR-AUC = 0.4618	Top-1 Acc = 0.2900	Top-5 Acc = 0.5418
Epoch = 64
	Training	Accuracy = 0.9864	Cost = 0.363491	Loss = 0.215144
	seen	ROC-AUC = 0.9851	PR-AUC = 0.6791	Top-1 Acc = 0.6536	Top-5 Acc = 0.8693
	unseen	ROC-AUC = 0.9120	PR-AUC = 0.2989	Top-1 Acc = 0.0254	Top-5 Acc = 0.2876
	Mean	ROC-AUC = 0.9442	PR-AUC = 0.4666	Top-1 Acc = 0.3025	Top-5 Acc = 0.5442
Epoch = 65
	Training	Accuracy = 0.9875	Cost = 0.355409	Loss = 0.206869
	seen	ROC-AUC = 0.9838	PR-AUC = 0.6669	Top-1 Acc = 0.6422	Top-5 Acc = 0.8562
	unseen	ROC-AUC = 0.9136	PR-AUC = 0.2924	Top-1 Acc = 0.0262	Top-5 Acc = 0.2923
	Mean	ROC-AUC = 0.9446	PR-AUC = 0.4576	Top-1 Acc = 0.2979	Top-5 Acc = 0.5411
Epoch = 66
	Training	Accuracy = 0.9895	Cost = 0.329505	Loss = 0.180791
	seen	ROC-AUC = 0.9855	PR-AUC = 0.6707	Top-1 Acc = 0.6427	Top-5 Acc = 0.8633
	unseen	ROC-AUC = 0.9141	PR-AUC = 0.3016	Top-1 Acc = 0.0275	Top-5 Acc = 0.2872
	Mean	ROC-AUC = 0.9456	PR-AUC = 0.4644	Top-1 Acc = 0.2989	Top-5 Acc = 0.5413
Epoch = 67
	Training	Accuracy = 0.9898	Cost = 0.349423	Loss = 0.200634
	seen	ROC-AUC = 0.9859	PR-AUC = 0.6866	Top-1 Acc = 0.6547	Top-5 Acc = 0.8633
	unseen	ROC-AUC = 0.9141	PR-AUC = 0.3066	Top-1 Acc = 0.0249	Top-5 Acc = 0.2816
	Mean	ROC-AUC = 0.9458	PR-AUC = 0.4742	Top-1 Acc = 0.3027	Top-5 Acc = 0.5382
Epoch = 68
	Training	Accuracy = 0.9892	Cost = 0.334433	Loss = 0.185537
	seen	ROC-AUC = 0.9841	PR-AUC = 0.6623	Top-1 Acc = 0.6405	Top-5 Acc = 0.8600
	unseen	ROC-AUC = 0.9149	PR-AUC = 0.2929	Top-1 Acc = 0.0331	Top-5 Acc = 0.3061
	Mean	ROC-AUC = 0.9454	PR-AUC = 0.4559	Top-1 Acc = 0.3011	Top-5 Acc = 0.5505
Epoch = 69
	Training	Accuracy = 0.9894	Cost = 0.336290	Loss = 0.187199
	seen	ROC-AUC = 0.9846	PR-AUC = 0.6635	Top-1 Acc = 0.6253	Top-5 Acc = 0.8540
	unseen	ROC-AUC = 0.9179	PR-AUC = 0.3045	Top-1 Acc = 0.0322	Top-5 Acc = 0.3014
	Mean	ROC-AUC = 0.9474	PR-AUC = 0.4629	Top-1 Acc = 0.2938	Top-5 Acc = 0.5452
Epoch = 70
	Training	Accuracy = 0.9910	Cost = 0.326618	Loss = 0.177300
	seen	ROC-AUC = 0.9857	PR-AUC = 0.6793	Top-1 Acc = 0.6498	Top-5 Acc = 0.8709
	unseen	ROC-AUC = 0.9135	PR-AUC = 0.3064	Top-1 Acc = 0.0344	Top-5 Acc = 0.3057
	Mean	ROC-AUC = 0.9453	PR-AUC = 0.4709	Top-1 Acc = 0.3059	Top-5 Acc = 0.5550
Epoch = 71
	Training	Accuracy = 0.9925	Cost = 0.315057	Loss = 0.165671
	seen	ROC-AUC = 0.9848	PR-AUC = 0.6726	Top-1 Acc = 0.6525	Top-5 Acc = 0.8660
	unseen	ROC-AUC = 0.9073	PR-AUC = 0.2916	Top-1 Acc = 0.0318	Top-5 Acc = 0.2691
	Mean	ROC-AUC = 0.9415	PR-AUC = 0.4597	Top-1 Acc = 0.3056	Top-5 Acc = 0.5324
Epoch = 72
	Training	Accuracy = 0.9916	Cost = 0.321416	Loss = 0.171891
	seen	ROC-AUC = 0.9850	PR-AUC = 0.6772	Top-1 Acc = 0.6367	Top-5 Acc = 0.8649
	unseen	ROC-AUC = 0.9177	PR-AUC = 0.3092	Top-1 Acc = 0.0292	Top-5 Acc = 0.2997
	Mean	ROC-AUC = 0.9474	PR-AUC = 0.4715	Top-1 Acc = 0.2972	Top-5 Acc = 0.5490
Epoch = 73
	Training	Accuracy = 0.9932	Cost = 0.306667	Loss = 0.157032
	seen	ROC-AUC = 0.9850	PR-AUC = 0.6693	Top-1 Acc = 0.6460	Top-5 Acc = 0.8725
	unseen	ROC-AUC = 0.9119	PR-AUC = 0.2998	Top-1 Acc = 0.0322	Top-5 Acc = 0.3022
	Mean	ROC-AUC = 0.9441	PR-AUC = 0.4628	Top-1 Acc = 0.3030	Top-5 Acc = 0.5538
Epoch = 74
	Training	Accuracy = 0.9933	Cost = 0.304556	Loss = 0.154775
	seen	ROC-AUC = 0.9839	PR-AUC = 0.6732	Top-1 Acc = 0.6351	Top-5 Acc = 0.8644
	unseen	ROC-AUC = 0.9126	PR-AUC = 0.2995	Top-1 Acc = 0.0314	Top-5 Acc = 0.2794
	Mean	ROC-AUC = 0.9441	PR-AUC = 0.4644	Top-1 Acc = 0.2977	Top-5 Acc = 0.5375
Epoch = 75
	Training	Accuracy = 0.9933	Cost = 0.303149	Loss = 0.153237
	seen	ROC-AUC = 0.9848	PR-AUC = 0.6744	Top-1 Acc = 0.6481	Top-5 Acc = 0.8736
	unseen	ROC-AUC = 0.9135	PR-AUC = 0.2969	Top-1 Acc = 0.0301	Top-5 Acc = 0.3070
	Mean	ROC-AUC = 0.9450	PR-AUC = 0.4634	Top-1 Acc = 0.3027	Top-5 Acc = 0.5569
Epoch = 76
	Training	Accuracy = 0.9928	Cost = 0.298183	Loss = 0.148221
	seen	ROC-AUC = 0.9843	PR-AUC = 0.6693	Top-1 Acc = 0.6427	Top-5 Acc = 0.8568
	unseen	ROC-AUC = 0.9108	PR-AUC = 0.2941	Top-1 Acc = 0.0378	Top-5 Acc = 0.2971
	Mean	ROC-AUC = 0.9432	PR-AUC = 0.4596	Top-1 Acc = 0.3047	Top-5 Acc = 0.5440
Epoch = 77
	Training	Accuracy = 0.9948	Cost = 0.284154	Loss = 0.134086
	seen	ROC-AUC = 0.9815	PR-AUC = 0.6485	Top-1 Acc = 0.6160	Top-5 Acc = 0.8431
	unseen	ROC-AUC = 0.9105	PR-AUC = 0.2955	Top-1 Acc = 0.0344	Top-5 Acc = 0.3134
	Mean	ROC-AUC = 0.9418	PR-AUC = 0.4512	Top-1 Acc = 0.2910	Top-5 Acc = 0.5471
Epoch = 78
	Training	Accuracy = 0.9938	Cost = 0.308273	Loss = 0.158118
	seen	ROC-AUC = 0.9843	PR-AUC = 0.6770	Top-1 Acc = 0.6520	Top-5 Acc = 0.8666
	unseen	ROC-AUC = 0.9093	PR-AUC = 0.3040	Top-1 Acc = 0.0335	Top-5 Acc = 0.3074
	Mean	ROC-AUC = 0.9424	PR-AUC = 0.4686	Top-1 Acc = 0.3063	Top-5 Acc = 0.5541
Epoch = 79
	Training	Accuracy = 0.9940	Cost = 0.287276	Loss = 0.137136
	seen	ROC-AUC = 0.9845	PR-AUC = 0.6793	Top-1 Acc = 0.6476	Top-5 Acc = 0.8676
	unseen	ROC-AUC = 0.9131	PR-AUC = 0.3036	Top-1 Acc = 0.0353	Top-5 Acc = 0.2919
	Mean	ROC-AUC = 0.9446	PR-AUC = 0.4693	Top-1 Acc = 0.3054	Top-5 Acc = 0.5459
Epoch = 80
	Training	Accuracy = 0.9944	Cost = 0.290706	Loss = 0.140466
	seen	ROC-AUC = 0.9847	PR-AUC = 0.6734	Top-1 Acc = 0.6449	Top-5 Acc = 0.8720
	unseen	ROC-AUC = 0.9191	PR-AUC = 0.3154	Top-1 Acc = 0.0301	Top-5 Acc = 0.2975
	Mean	ROC-AUC = 0.9480	PR-AUC = 0.4733	Top-1 Acc = 0.3013	Top-5 Acc = 0.5509
Epoch = 81
	Training	Accuracy = 0.9958	Cost = 0.284414	Loss = 0.134041
	seen	ROC-AUC = 0.9844	PR-AUC = 0.6787	Top-1 Acc = 0.6465	Top-5 Acc = 0.8649
	unseen	ROC-AUC = 0.9176	PR-AUC = 0.2985	Top-1 Acc = 0.0310	Top-5 Acc = 0.2971
	Mean	ROC-AUC = 0.9471	PR-AUC = 0.4662	Top-1 Acc = 0.3025	Top-5 Acc = 0.5476
Epoch = 82
	Training	Accuracy = 0.9946	Cost = 0.287863	Loss = 0.137452
	seen	ROC-AUC = 0.9831	PR-AUC = 0.6674	Top-1 Acc = 0.6291	Top-5 Acc = 0.8578
	unseen	ROC-AUC = 0.9117	PR-AUC = 0.2923	Top-1 Acc = 0.0279	Top-5 Acc = 0.2760
	Mean	ROC-AUC = 0.9432	PR-AUC = 0.4578	Top-1 Acc = 0.2931	Top-5 Acc = 0.5327
Epoch = 83
	Training	Accuracy = 0.9965	Cost = 0.284856	Loss = 0.134284
	seen	ROC-AUC = 0.9843	PR-AUC = 0.6788	Top-1 Acc = 0.6405	Top-5 Acc = 0.8660
	unseen	ROC-AUC = 0.9118	PR-AUC = 0.2896	Top-1 Acc = 0.0245	Top-5 Acc = 0.2567
	Mean	ROC-AUC = 0.9438	PR-AUC = 0.4613	Top-1 Acc = 0.2963	Top-5 Acc = 0.5255
Epoch = 84
	Training	Accuracy = 0.9958	Cost = 0.275937	Loss = 0.125331
	seen	ROC-AUC = 0.9838	PR-AUC = 0.6719	Top-1 Acc = 0.6438	Top-5 Acc = 0.8660
	unseen	ROC-AUC = 0.9171	PR-AUC = 0.3135	Top-1 Acc = 0.0288	Top-5 Acc = 0.2984
	Mean	ROC-AUC = 0.9465	PR-AUC = 0.4716	Top-1 Acc = 0.3001	Top-5 Acc = 0.5488
Epoch = 85
	Training	Accuracy = 0.9965	Cost = 0.275119	Loss = 0.124441
	seen	ROC-AUC = 0.9828	PR-AUC = 0.6635	Top-1 Acc = 0.6291	Top-5 Acc = 0.8497
	unseen	ROC-AUC = 0.9097	PR-AUC = 0.2831	Top-1 Acc = 0.0288	Top-5 Acc = 0.2919
	Mean	ROC-AUC = 0.9419	PR-AUC = 0.4509	Top-1 Acc = 0.2936	Top-5 Acc = 0.5380
Epoch = 86
	Training	Accuracy = 0.9953	Cost = 0.277451	Loss = 0.126715
	seen	ROC-AUC = 0.9830	PR-AUC = 0.6610	Top-1 Acc = 0.6149	Top-5 Acc = 0.8491
	unseen	ROC-AUC = 0.9167	PR-AUC = 0.2941	Top-1 Acc = 0.0348	Top-5 Acc = 0.2997
	Mean	ROC-AUC = 0.9459	PR-AUC = 0.4560	Top-1 Acc = 0.2907	Top-5 Acc = 0.5420
Epoch = 87
	Training	Accuracy = 0.9962	Cost = 0.270595	Loss = 0.119781
	seen	ROC-AUC = 0.9842	PR-AUC = 0.6709	Top-1 Acc = 0.6351	Top-5 Acc = 0.8595
	unseen	ROC-AUC = 0.9106	PR-AUC = 0.3063	Top-1 Acc = 0.0254	Top-5 Acc = 0.2786
	Mean	ROC-AUC = 0.9430	PR-AUC = 0.4671	Top-1 Acc = 0.2943	Top-5 Acc = 0.5348
Epoch = 88
	Training	Accuracy = 0.9967	Cost = 0.265299	Loss = 0.114345
	seen	ROC-AUC = 0.9835	PR-AUC = 0.6637	Top-1 Acc = 0.6253	Top-5 Acc = 0.8568
	unseen	ROC-AUC = 0.9187	PR-AUC = 0.3056	Top-1 Acc = 0.0310	Top-5 Acc = 0.3108
	Mean	ROC-AUC = 0.9473	PR-AUC = 0.4636	Top-1 Acc = 0.2931	Top-5 Acc = 0.5517
Epoch = 89
	Training	Accuracy = 0.9951	Cost = 0.266212	Loss = 0.115265
	seen	ROC-AUC = 0.9835	PR-AUC = 0.6766	Top-1 Acc = 0.6373	Top-5 Acc = 0.8578
	unseen	ROC-AUC = 0.9180	PR-AUC = 0.3109	Top-1 Acc = 0.0370	Top-5 Acc = 0.2949
	Mean	ROC-AUC = 0.9469	PR-AUC = 0.4722	Top-1 Acc = 0.3018	Top-5 Acc = 0.5432
Epoch = 90
	Training	Accuracy = 0.9959	Cost = 0.268814	Loss = 0.117893
	seen	ROC-AUC = 0.9830	PR-AUC = 0.6578	Top-1 Acc = 0.6155	Top-5 Acc = 0.8442
	unseen	ROC-AUC = 0.9145	PR-AUC = 0.2991	Top-1 Acc = 0.0232	Top-5 Acc = 0.2949
	Mean	ROC-AUC = 0.9447	PR-AUC = 0.4574	Top-1 Acc = 0.2845	Top-5 Acc = 0.5372
Epoch = 91
	Training	Accuracy = 0.9967	Cost = 0.262445	Loss = 0.111499
	seen	ROC-AUC = 0.9842	PR-AUC = 0.6732	Top-1 Acc = 0.6492	Top-5 Acc = 0.8622
	unseen	ROC-AUC = 0.9193	PR-AUC = 0.3146	Top-1 Acc = 0.0357	Top-5 Acc = 0.3332
	Mean	ROC-AUC = 0.9479	PR-AUC = 0.4728	Top-1 Acc = 0.3063	Top-5 Acc = 0.5666
Epoch = 92
	Training	Accuracy = 0.9971	Cost = 0.264491	Loss = 0.113590
	seen	ROC-AUC = 0.9845	PR-AUC = 0.6859	Top-1 Acc = 0.6411	Top-5 Acc = 0.8655
	unseen	ROC-AUC = 0.9131	PR-AUC = 0.3014	Top-1 Acc = 0.0322	Top-5 Acc = 0.3009
	Mean	ROC-AUC = 0.9446	PR-AUC = 0.4710	Top-1 Acc = 0.3008	Top-5 Acc = 0.5500
Epoch = 93
	Training	Accuracy = 0.9975	Cost = 0.251819	Loss = 0.100834
	seen	ROC-AUC = 0.9837	PR-AUC = 0.6649	Top-1 Acc = 0.6324	Top-5 Acc = 0.8562
	unseen	ROC-AUC = 0.9079	PR-AUC = 0.2995	Top-1 Acc = 0.0365	Top-5 Acc = 0.2988
	Mean	ROC-AUC = 0.9413	PR-AUC = 0.4607	Top-1 Acc = 0.2994	Top-5 Acc = 0.5447
Epoch = 94
	Training	Accuracy = 0.9967	Cost = 0.264790	Loss = 0.113810
	seen	ROC-AUC = 0.9847	PR-AUC = 0.6807	Top-1 Acc = 0.6432	Top-5 Acc = 0.8578
	unseen	ROC-AUC = 0.9151	PR-AUC = 0.3076	Top-1 Acc = 0.0335	Top-5 Acc = 0.3048
	Mean	ROC-AUC = 0.9458	PR-AUC = 0.4722	Top-1 Acc = 0.3025	Top-5 Acc = 0.5488
Epoch = 95
	Training	Accuracy = 0.9976	Cost = 0.255695	Loss = 0.104670
	seen	ROC-AUC = 0.9839	PR-AUC = 0.6752	Top-1 Acc = 0.6471	Top-5 Acc = 0.8644
	unseen	ROC-AUC = 0.9147	PR-AUC = 0.2977	Top-1 Acc = 0.0297	Top-5 Acc = 0.2829
	Mean	ROC-AUC = 0.9452	PR-AUC = 0.4643	Top-1 Acc = 0.3020	Top-5 Acc = 0.5394
Epoch = 96
	Training	Accuracy = 0.9980	Cost = 0.250806	Loss = 0.099744
	seen	ROC-AUC = 0.9833	PR-AUC = 0.6729	Top-1 Acc = 0.6362	Top-5 Acc = 0.8589
	unseen	ROC-AUC = 0.9066	PR-AUC = 0.2903	Top-1 Acc = 0.0267	Top-5 Acc = 0.2902
	Mean	ROC-AUC = 0.9405	PR-AUC = 0.4591	Top-1 Acc = 0.2955	Top-5 Acc = 0.5411
Epoch = 97
	Training	Accuracy = 0.9980	Cost = 0.255847	Loss = 0.104680
	seen	ROC-AUC = 0.9836	PR-AUC = 0.6814	Top-1 Acc = 0.6438	Top-5 Acc = 0.8606
	unseen	ROC-AUC = 0.9192	PR-AUC = 0.3164	Top-1 Acc = 0.0314	Top-5 Acc = 0.3130
	Mean	ROC-AUC = 0.9476	PR-AUC = 0.4774	Top-1 Acc = 0.3015	Top-5 Acc = 0.5545
Epoch = 98
	Training	Accuracy = 0.9979	Cost = 0.250376	Loss = 0.099162
	seen	ROC-AUC = 0.9830	PR-AUC = 0.6688	Top-1 Acc = 0.6269	Top-5 Acc = 0.8573
	unseen	ROC-AUC = 0.9161	PR-AUC = 0.3043	Top-1 Acc = 0.0310	Top-5 Acc = 0.2992
	Mean	ROC-AUC = 0.9456	PR-AUC = 0.4651	Top-1 Acc = 0.2938	Top-5 Acc = 0.5454
Epoch = 99
	Training	Accuracy = 0.9971	Cost = 0.252845	Loss = 0.101572
	seen	ROC-AUC = 0.9839	PR-AUC = 0.6757	Top-1 Acc = 0.6416	Top-5 Acc = 0.8655
	unseen	ROC-AUC = 0.9127	PR-AUC = 0.2937	Top-1 Acc = 0.0327	Top-5 Acc = 0.2979
	Mean	ROC-AUC = 0.9441	PR-AUC = 0.4622	Top-1 Acc = 0.3013	Top-5 Acc = 0.5483
Epoch = 100
	Training	Accuracy = 0.9976	Cost = 0.248354	Loss = 0.097164
	seen	ROC-AUC = 0.9838	PR-AUC = 0.6646	Top-1 Acc = 0.6285	Top-5 Acc = 0.8551
	unseen	ROC-AUC = 0.9114	PR-AUC = 0.3079	Top-1 Acc = 0.0314	Top-5 Acc = 0.2846
	Mean	ROC-AUC = 0.9434	PR-AUC = 0.4653	Top-1 Acc = 0.2948	Top-5 Acc = 0.5363
