Epoch = 1
	Training	Accuracy = 0.0106	Cost = 12.746723	Loss = 12.639230
	seen	ROC-AUC = 0.6232	PR-AUC = 0.0185	Top-1 Acc = 0.0131	Top-5 Acc = 0.0583
	unseen	ROC-AUC = 0.6232	PR-AUC = 0.0473	Top-1 Acc = 0.0009	Top-5 Acc = 0.0254
	Mean	ROC-AUC = 0.6232	PR-AUC = 0.0346	Top-1 Acc = 0.0062	Top-5 Acc = 0.0399
Epoch = 2
	Training	Accuracy = 0.0125	Cost = 9.982186	Loss = 9.873854
	seen	ROC-AUC = 0.6450	PR-AUC = 0.0203	Top-1 Acc = 0.0245	Top-5 Acc = 0.0953
	unseen	ROC-AUC = 0.6175	PR-AUC = 0.0564	Top-1 Acc = 0.0000	Top-5 Acc = 0.0047
	Mean	ROC-AUC = 0.6296	PR-AUC = 0.0405	Top-1 Acc = 0.0108	Top-5 Acc = 0.0447
Epoch = 3
	Training	Accuracy = 0.0277	Cost = 7.676773	Loss = 7.567660
	seen	ROC-AUC = 0.6058	PR-AUC = 0.0162	Top-1 Acc = 0.0158	Top-5 Acc = 0.0850
	unseen	ROC-AUC = 0.5425	PR-AUC = 0.0443	Top-1 Acc = 0.0000	Top-5 Acc = 0.0034
	Mean	ROC-AUC = 0.5704	PR-AUC = 0.0319	Top-1 Acc = 0.0070	Top-5 Acc = 0.0394
Epoch = 4
	Training	Accuracy = 0.0332	Cost = 8.932791	Loss = 8.822856
	seen	ROC-AUC = 0.7100	PR-AUC = 0.0235	Top-1 Acc = 0.0272	Top-5 Acc = 0.1465
	unseen	ROC-AUC = 0.6420	PR-AUC = 0.0585	Top-1 Acc = 0.0163	Top-5 Acc = 0.1255
	Mean	ROC-AUC = 0.6720	PR-AUC = 0.0430	Top-1 Acc = 0.0211	Top-5 Acc = 0.1348
Epoch = 5
	Training	Accuracy = 0.0546	Cost = 5.914420	Loss = 5.804261
	seen	ROC-AUC = 0.7292	PR-AUC = 0.0272	Top-1 Acc = 0.0697	Top-5 Acc = 0.2500
	unseen	ROC-AUC = 0.6162	PR-AUC = 0.0506	Top-1 Acc = 0.0099	Top-5 Acc = 0.0645
	Mean	ROC-AUC = 0.6661	PR-AUC = 0.0403	Top-1 Acc = 0.0363	Top-5 Acc = 0.1463
Epoch = 6
	Training	Accuracy = 0.0717	Cost = 6.074484	Loss = 5.963815
	seen	ROC-AUC = 0.8210	PR-AUC = 0.0514	Top-1 Acc = 0.0419	Top-5 Acc = 0.1895
	unseen	ROC-AUC = 0.7653	PR-AUC = 0.0812	Top-1 Acc = 0.0413	Top-5 Acc = 0.1161
	Mean	ROC-AUC = 0.7899	PR-AUC = 0.0681	Top-1 Acc = 0.0416	Top-5 Acc = 0.1485
Epoch = 7
	Training	Accuracy = 0.0951	Cost = 5.935948	Loss = 5.824717
	seen	ROC-AUC = 0.8816	PR-AUC = 0.0805	Top-1 Acc = 0.0757	Top-5 Acc = 0.2778
	unseen	ROC-AUC = 0.7919	PR-AUC = 0.1013	Top-1 Acc = 0.0331	Top-5 Acc = 0.0985
	Mean	ROC-AUC = 0.8315	PR-AUC = 0.0921	Top-1 Acc = 0.0519	Top-5 Acc = 0.1776
Epoch = 8
	Training	Accuracy = 0.1269	Cost = 5.405525	Loss = 5.293405
	seen	ROC-AUC = 0.9231	PR-AUC = 0.1318	Top-1 Acc = 0.1258	Top-5 Acc = 0.3764
	unseen	ROC-AUC = 0.8706	PR-AUC = 0.1734	Top-1 Acc = 0.0310	Top-5 Acc = 0.1195
	Mean	ROC-AUC = 0.8938	PR-AUC = 0.1551	Top-1 Acc = 0.0728	Top-5 Acc = 0.2328
Epoch = 9
	Training	Accuracy = 0.1686	Cost = 4.983627	Loss = 4.870821
	seen	ROC-AUC = 0.9436	PR-AUC = 0.1881	Top-1 Acc = 0.1650	Top-5 Acc = 0.4755
	unseen	ROC-AUC = 0.8890	PR-AUC = 0.2143	Top-1 Acc = 0.0447	Top-5 Acc = 0.1406
	Mean	ROC-AUC = 0.9131	PR-AUC = 0.2027	Top-1 Acc = 0.0978	Top-5 Acc = 0.2883
Epoch = 10
	Training	Accuracy = 0.2107	Cost = 4.641798	Loss = 4.528523
	seen	ROC-AUC = 0.9409	PR-AUC = 0.1794	Top-1 Acc = 0.2026	Top-5 Acc = 0.5387
	unseen	ROC-AUC = 0.8824	PR-AUC = 0.2224	Top-1 Acc = 0.0125	Top-5 Acc = 0.1380
	Mean	ROC-AUC = 0.9082	PR-AUC = 0.2034	Top-1 Acc = 0.0963	Top-5 Acc = 0.3148
Epoch = 11
	Training	Accuracy = 0.2287	Cost = 4.299640	Loss = 4.185594
	seen	ROC-AUC = 0.9494	PR-AUC = 0.2256	Top-1 Acc = 0.2053	Top-5 Acc = 0.5136
	unseen	ROC-AUC = 0.8960	PR-AUC = 0.2029	Top-1 Acc = 0.0507	Top-5 Acc = 0.2150
	Mean	ROC-AUC = 0.9196	PR-AUC = 0.2129	Top-1 Acc = 0.1189	Top-5 Acc = 0.3467
Epoch = 12
	Training	Accuracy = 0.2645	Cost = 4.302333	Loss = 4.187487
	seen	ROC-AUC = 0.9577	PR-AUC = 0.2779	Top-1 Acc = 0.2554	Top-5 Acc = 0.6182
	unseen	ROC-AUC = 0.9080	PR-AUC = 0.2538	Top-1 Acc = 0.0310	Top-5 Acc = 0.1840
	Mean	ROC-AUC = 0.9299	PR-AUC = 0.2644	Top-1 Acc = 0.1300	Top-5 Acc = 0.3755
Epoch = 13
	Training	Accuracy = 0.2941	Cost = 4.321382	Loss = 4.204879
	seen	ROC-AUC = 0.9523	PR-AUC = 0.2873	Top-1 Acc = 0.2772	Top-5 Acc = 0.6296
	unseen	ROC-AUC = 0.8720	PR-AUC = 0.2096	Top-1 Acc = 0.0292	Top-5 Acc = 0.2124
	Mean	ROC-AUC = 0.9074	PR-AUC = 0.2439	Top-1 Acc = 0.1386	Top-5 Acc = 0.3964
Epoch = 14
	Training	Accuracy = 0.3458	Cost = 3.911398	Loss = 3.792927
	seen	ROC-AUC = 0.9471	PR-AUC = 0.2669	Top-1 Acc = 0.3115	Top-5 Acc = 0.6318
	unseen	ROC-AUC = 0.8549	PR-AUC = 0.1985	Top-1 Acc = 0.0146	Top-5 Acc = 0.2120
	Mean	ROC-AUC = 0.8956	PR-AUC = 0.2287	Top-1 Acc = 0.1456	Top-5 Acc = 0.3972
Epoch = 15
	Training	Accuracy = 0.4129	Cost = 3.505513	Loss = 3.384955
	seen	ROC-AUC = 0.9698	PR-AUC = 0.3957	Top-1 Acc = 0.3655	Top-5 Acc = 0.7146
	unseen	ROC-AUC = 0.9216	PR-AUC = 0.3120	Top-1 Acc = 0.0168	Top-5 Acc = 0.2227
	Mean	ROC-AUC = 0.9428	PR-AUC = 0.3489	Top-1 Acc = 0.1706	Top-5 Acc = 0.4397
Epoch = 16
	Training	Accuracy = 0.4545	Cost = 3.046791	Loss = 2.923347
	seen	ROC-AUC = 0.9698	PR-AUC = 0.3930	Top-1 Acc = 0.3873	Top-5 Acc = 0.7184
	unseen	ROC-AUC = 0.9202	PR-AUC = 0.3125	Top-1 Acc = 0.0133	Top-5 Acc = 0.2648
	Mean	ROC-AUC = 0.9421	PR-AUC = 0.3480	Top-1 Acc = 0.1783	Top-5 Acc = 0.4649
Epoch = 17
	Training	Accuracy = 0.5052	Cost = 2.912956	Loss = 2.787106
	seen	ROC-AUC = 0.9692	PR-AUC = 0.4254	Top-1 Acc = 0.4297	Top-5 Acc = 0.7549
	unseen	ROC-AUC = 0.9106	PR-AUC = 0.3208	Top-1 Acc = 0.0142	Top-5 Acc = 0.2502
	Mean	ROC-AUC = 0.9365	PR-AUC = 0.3669	Top-1 Acc = 0.1975	Top-5 Acc = 0.4728
Epoch = 18
	Training	Accuracy = 0.5468	Cost = 2.604783	Loss = 2.475591
	seen	ROC-AUC = 0.9636	PR-AUC = 0.4007	Top-1 Acc = 0.4374	Top-5 Acc = 0.7522
	unseen	ROC-AUC = 0.9066	PR-AUC = 0.2998	Top-1 Acc = 0.0219	Top-5 Acc = 0.2623
	Mean	ROC-AUC = 0.9317	PR-AUC = 0.3443	Top-1 Acc = 0.2052	Top-5 Acc = 0.4784
Epoch = 19
	Training	Accuracy = 0.5808	Cost = 2.559142	Loss = 2.427268
	seen	ROC-AUC = 0.9801	PR-AUC = 0.5368	Top-1 Acc = 0.5245	Top-5 Acc = 0.8208
	unseen	ROC-AUC = 0.9408	PR-AUC = 0.3687	Top-1 Acc = 0.0228	Top-5 Acc = 0.3005
	Mean	ROC-AUC = 0.9581	PR-AUC = 0.4429	Top-1 Acc = 0.2441	Top-5 Acc = 0.5300
Epoch = 20
	Training	Accuracy = 0.6213	Cost = 2.222323	Loss = 2.087769
	seen	ROC-AUC = 0.9820	PR-AUC = 0.5341	Top-1 Acc = 0.5131	Top-5 Acc = 0.8192
	unseen	ROC-AUC = 0.9515	PR-AUC = 0.3965	Top-1 Acc = 0.0146	Top-5 Acc = 0.2786
	Mean	ROC-AUC = 0.9650	PR-AUC = 0.4572	Top-1 Acc = 0.2345	Top-5 Acc = 0.5171
Epoch = 21
	Training	Accuracy = 0.6498	Cost = 2.237067	Loss = 2.100048
	seen	ROC-AUC = 0.9842	PR-AUC = 0.5772	Top-1 Acc = 0.5131	Top-5 Acc = 0.8203
	unseen	ROC-AUC = 0.9509	PR-AUC = 0.4241	Top-1 Acc = 0.0305	Top-5 Acc = 0.3138
	Mean	ROC-AUC = 0.9656	PR-AUC = 0.4916	Top-1 Acc = 0.2434	Top-5 Acc = 0.5372
Epoch = 22
	Training	Accuracy = 0.6761	Cost = 1.959596	Loss = 1.820006
	seen	ROC-AUC = 0.9837	PR-AUC = 0.5877	Top-1 Acc = 0.5550	Top-5 Acc = 0.8426
	unseen	ROC-AUC = 0.9469	PR-AUC = 0.4094	Top-1 Acc = 0.0258	Top-5 Acc = 0.3310
	Mean	ROC-AUC = 0.9631	PR-AUC = 0.4880	Top-1 Acc = 0.2593	Top-5 Acc = 0.5567
Epoch = 23
	Training	Accuracy = 0.7097	Cost = 1.823685	Loss = 1.681720
	seen	ROC-AUC = 0.9826	PR-AUC = 0.5584	Top-1 Acc = 0.5349	Top-5 Acc = 0.8393
	unseen	ROC-AUC = 0.9465	PR-AUC = 0.4036	Top-1 Acc = 0.0138	Top-5 Acc = 0.3147
	Mean	ROC-AUC = 0.9624	PR-AUC = 0.4719	Top-1 Acc = 0.2436	Top-5 Acc = 0.5461
Epoch = 24
	Training	Accuracy = 0.7186	Cost = 1.774204	Loss = 1.630272
	seen	ROC-AUC = 0.9827	PR-AUC = 0.5818	Top-1 Acc = 0.5730	Top-5 Acc = 0.8469
	unseen	ROC-AUC = 0.9493	PR-AUC = 0.3957	Top-1 Acc = 0.0202	Top-5 Acc = 0.3358
	Mean	ROC-AUC = 0.9640	PR-AUC = 0.4778	Top-1 Acc = 0.2641	Top-5 Acc = 0.5613
Epoch = 25
	Training	Accuracy = 0.7488	Cost = 1.659530	Loss = 1.513610
	seen	ROC-AUC = 0.9859	PR-AUC = 0.6327	Top-1 Acc = 0.6029	Top-5 Acc = 0.8611
	unseen	ROC-AUC = 0.9584	PR-AUC = 0.4436	Top-1 Acc = 0.0258	Top-5 Acc = 0.3487
	Mean	ROC-AUC = 0.9705	PR-AUC = 0.5270	Top-1 Acc = 0.2804	Top-5 Acc = 0.5747
Epoch = 26
	Training	Accuracy = 0.7609	Cost = 1.611040	Loss = 1.463421
	seen	ROC-AUC = 0.9870	PR-AUC = 0.6369	Top-1 Acc = 0.6144	Top-5 Acc = 0.8731
	unseen	ROC-AUC = 0.9599	PR-AUC = 0.4523	Top-1 Acc = 0.0150	Top-5 Acc = 0.3383
	Mean	ROC-AUC = 0.9719	PR-AUC = 0.5337	Top-1 Acc = 0.2794	Top-5 Acc = 0.5742
Epoch = 27
	Training	Accuracy = 0.7856	Cost = 1.466602	Loss = 1.317330
	seen	ROC-AUC = 0.9861	PR-AUC = 0.6230	Top-1 Acc = 0.6002	Top-5 Acc = 0.8589
	unseen	ROC-AUC = 0.9575	PR-AUC = 0.4373	Top-1 Acc = 0.0168	Top-5 Acc = 0.3151
	Mean	ROC-AUC = 0.9701	PR-AUC = 0.5192	Top-1 Acc = 0.2741	Top-5 Acc = 0.5550
Epoch = 28
	Training	Accuracy = 0.8004	Cost = 1.379462	Loss = 1.228779
	seen	ROC-AUC = 0.9853	PR-AUC = 0.6296	Top-1 Acc = 0.6144	Top-5 Acc = 0.8638
	unseen	ROC-AUC = 0.9520	PR-AUC = 0.4311	Top-1 Acc = 0.0159	Top-5 Acc = 0.3366
	Mean	ROC-AUC = 0.9667	PR-AUC = 0.5187	Top-1 Acc = 0.2799	Top-5 Acc = 0.5692
Epoch = 29
	Training	Accuracy = 0.8155	Cost = 1.313592	Loss = 1.161439
	seen	ROC-AUC = 0.9873	PR-AUC = 0.6502	Top-1 Acc = 0.6193	Top-5 Acc = 0.8709
	unseen	ROC-AUC = 0.9529	PR-AUC = 0.4274	Top-1 Acc = 0.0155	Top-5 Acc = 0.3482
	Mean	ROC-AUC = 0.9681	PR-AUC = 0.5256	Top-1 Acc = 0.2818	Top-5 Acc = 0.5788
Epoch = 30
	Training	Accuracy = 0.8263	Cost = 1.262575	Loss = 1.109146
	seen	ROC-AUC = 0.9861	PR-AUC = 0.6462	Top-1 Acc = 0.6204	Top-5 Acc = 0.8595
	unseen	ROC-AUC = 0.9471	PR-AUC = 0.4134	Top-1 Acc = 0.0245	Top-5 Acc = 0.3848
	Mean	ROC-AUC = 0.9643	PR-AUC = 0.5161	Top-1 Acc = 0.2874	Top-5 Acc = 0.5942
Epoch = 31
	Training	Accuracy = 0.8455	Cost = 1.203458	Loss = 1.048765
	seen	ROC-AUC = 0.9866	PR-AUC = 0.6480	Top-1 Acc = 0.6215	Top-5 Acc = 0.8715
	unseen	ROC-AUC = 0.9543	PR-AUC = 0.4361	Top-1 Acc = 0.0146	Top-5 Acc = 0.3495
	Mean	ROC-AUC = 0.9685	PR-AUC = 0.5296	Top-1 Acc = 0.2823	Top-5 Acc = 0.5798
Epoch = 32
	Training	Accuracy = 0.8550	Cost = 1.144370	Loss = 0.988280
	seen	ROC-AUC = 0.9868	PR-AUC = 0.6479	Top-1 Acc = 0.6373	Top-5 Acc = 0.8769
	unseen	ROC-AUC = 0.9524	PR-AUC = 0.4247	Top-1 Acc = 0.0254	Top-5 Acc = 0.3517
	Mean	ROC-AUC = 0.9675	PR-AUC = 0.5232	Top-1 Acc = 0.2953	Top-5 Acc = 0.5834
Epoch = 33
	Training	Accuracy = 0.8618	Cost = 1.103864	Loss = 0.946572
	seen	ROC-AUC = 0.9887	PR-AUC = 0.6690	Top-1 Acc = 0.6498	Top-5 Acc = 0.8791
	unseen	ROC-AUC = 0.9588	PR-AUC = 0.4618	Top-1 Acc = 0.0215	Top-5 Acc = 0.3878
	Mean	ROC-AUC = 0.9720	PR-AUC = 0.5532	Top-1 Acc = 0.2987	Top-5 Acc = 0.6045
Epoch = 34
	Training	Accuracy = 0.8704	Cost = 1.049443	Loss = 0.891417
	seen	ROC-AUC = 0.9869	PR-AUC = 0.6578	Top-1 Acc = 0.6220	Top-5 Acc = 0.8671
	unseen	ROC-AUC = 0.9538	PR-AUC = 0.4414	Top-1 Acc = 0.0236	Top-5 Acc = 0.3551
	Mean	ROC-AUC = 0.9684	PR-AUC = 0.5368	Top-1 Acc = 0.2876	Top-5 Acc = 0.5810
Epoch = 35
	Training	Accuracy = 0.8775	Cost = 1.018057	Loss = 0.859267
	seen	ROC-AUC = 0.9866	PR-AUC = 0.6556	Top-1 Acc = 0.6285	Top-5 Acc = 0.8698
	unseen	ROC-AUC = 0.9505	PR-AUC = 0.4176	Top-1 Acc = 0.0284	Top-5 Acc = 0.3753
	Mean	ROC-AUC = 0.9664	PR-AUC = 0.5226	Top-1 Acc = 0.2931	Top-5 Acc = 0.5935
Epoch = 36
	Training	Accuracy = 0.8885	Cost = 0.971090	Loss = 0.811359
	seen	ROC-AUC = 0.9871	PR-AUC = 0.6604	Top-1 Acc = 0.6367	Top-5 Acc = 0.8660
	unseen	ROC-AUC = 0.9569	PR-AUC = 0.4456	Top-1 Acc = 0.0249	Top-5 Acc = 0.3796
	Mean	ROC-AUC = 0.9702	PR-AUC = 0.5404	Top-1 Acc = 0.2948	Top-5 Acc = 0.5942
Epoch = 37
	Training	Accuracy = 0.8952	Cost = 0.936659	Loss = 0.776075
	seen	ROC-AUC = 0.9848	PR-AUC = 0.6438	Top-1 Acc = 0.5980	Top-5 Acc = 0.8453
	unseen	ROC-AUC = 0.9539	PR-AUC = 0.4315	Top-1 Acc = 0.0305	Top-5 Acc = 0.3839
	Mean	ROC-AUC = 0.9675	PR-AUC = 0.5252	Top-1 Acc = 0.2809	Top-5 Acc = 0.5875
Epoch = 38
	Training	Accuracy = 0.9010	Cost = 0.899995	Loss = 0.738187
	seen	ROC-AUC = 0.9885	PR-AUC = 0.6689	Top-1 Acc = 0.6531	Top-5 Acc = 0.8840
	unseen	ROC-AUC = 0.9576	PR-AUC = 0.4558	Top-1 Acc = 0.0322	Top-5 Acc = 0.3929
	Mean	ROC-AUC = 0.9713	PR-AUC = 0.5498	Top-1 Acc = 0.3061	Top-5 Acc = 0.6096
Epoch = 39
	Training	Accuracy = 0.9061	Cost = 0.864671	Loss = 0.702491
	seen	ROC-AUC = 0.9879	PR-AUC = 0.6631	Top-1 Acc = 0.6411	Top-5 Acc = 0.8834
	unseen	ROC-AUC = 0.9527	PR-AUC = 0.4263	Top-1 Acc = 0.0271	Top-5 Acc = 0.3874
	Mean	ROC-AUC = 0.9682	PR-AUC = 0.5308	Top-1 Acc = 0.2979	Top-5 Acc = 0.6062
Epoch = 40
	Training	Accuracy = 0.9171	Cost = 0.837038	Loss = 0.673979
	seen	ROC-AUC = 0.9877	PR-AUC = 0.6677	Top-1 Acc = 0.6432	Top-5 Acc = 0.8769
	unseen	ROC-AUC = 0.9580	PR-AUC = 0.4540	Top-1 Acc = 0.0357	Top-5 Acc = 0.3869
	Mean	ROC-AUC = 0.9711	PR-AUC = 0.5483	Top-1 Acc = 0.3037	Top-5 Acc = 0.6031
Epoch = 41
	Training	Accuracy = 0.9237	Cost = 0.804252	Loss = 0.640760
	seen	ROC-AUC = 0.9875	PR-AUC = 0.6679	Top-1 Acc = 0.6345	Top-5 Acc = 0.8736
	unseen	ROC-AUC = 0.9587	PR-AUC = 0.4509	Top-1 Acc = 0.0271	Top-5 Acc = 0.3891
	Mean	ROC-AUC = 0.9714	PR-AUC = 0.5466	Top-1 Acc = 0.2951	Top-5 Acc = 0.6028
Epoch = 42
	Training	Accuracy = 0.9264	Cost = 0.776589	Loss = 0.612523
	seen	ROC-AUC = 0.9866	PR-AUC = 0.6702	Top-1 Acc = 0.6449	Top-5 Acc = 0.8660
	unseen	ROC-AUC = 0.9561	PR-AUC = 0.4533	Top-1 Acc = 0.0353	Top-5 Acc = 0.3972
	Mean	ROC-AUC = 0.9696	PR-AUC = 0.5490	Top-1 Acc = 0.3042	Top-5 Acc = 0.6040
Epoch = 43
	Training	Accuracy = 0.9317	Cost = 0.736389	Loss = 0.571703
	seen	ROC-AUC = 0.9855	PR-AUC = 0.6506	Top-1 Acc = 0.6460	Top-5 Acc = 0.8715
	unseen	ROC-AUC = 0.9521	PR-AUC = 0.4272	Top-1 Acc = 0.0340	Top-5 Acc = 0.3977
	Mean	ROC-AUC = 0.9668	PR-AUC = 0.5257	Top-1 Acc = 0.3039	Top-5 Acc = 0.6067
Epoch = 44
	Training	Accuracy = 0.9367	Cost = 0.721588	Loss = 0.556424
	seen	ROC-AUC = 0.9879	PR-AUC = 0.6709	Top-1 Acc = 0.6492	Top-5 Acc = 0.8785
	unseen	ROC-AUC = 0.9557	PR-AUC = 0.4535	Top-1 Acc = 0.0396	Top-5 Acc = 0.4106
	Mean	ROC-AUC = 0.9699	PR-AUC = 0.5494	Top-1 Acc = 0.3085	Top-5 Acc = 0.6170
Epoch = 45
	Training	Accuracy = 0.9402	Cost = 0.695626	Loss = 0.529914
	seen	ROC-AUC = 0.9870	PR-AUC = 0.6676	Top-1 Acc = 0.6427	Top-5 Acc = 0.8687
	unseen	ROC-AUC = 0.9511	PR-AUC = 0.4211	Top-1 Acc = 0.0335	Top-5 Acc = 0.4106
	Mean	ROC-AUC = 0.9670	PR-AUC = 0.5298	Top-1 Acc = 0.3023	Top-5 Acc = 0.6127
Epoch = 46
	Training	Accuracy = 0.9428	Cost = 0.666521	Loss = 0.500499
	seen	ROC-AUC = 0.9871	PR-AUC = 0.6655	Top-1 Acc = 0.6389	Top-5 Acc = 0.8687
	unseen	ROC-AUC = 0.9523	PR-AUC = 0.4458	Top-1 Acc = 0.0404	Top-5 Acc = 0.3998
	Mean	ROC-AUC = 0.9677	PR-AUC = 0.5427	Top-1 Acc = 0.3044	Top-5 Acc = 0.6067
Epoch = 47
	Training	Accuracy = 0.9470	Cost = 0.654519	Loss = 0.488084
	seen	ROC-AUC = 0.9866	PR-AUC = 0.6663	Top-1 Acc = 0.6416	Top-5 Acc = 0.8606
	unseen	ROC-AUC = 0.9529	PR-AUC = 0.4187	Top-1 Acc = 0.0335	Top-5 Acc = 0.3792
	Mean	ROC-AUC = 0.9677	PR-AUC = 0.5279	Top-1 Acc = 0.3018	Top-5 Acc = 0.5915
Epoch = 48
	Training	Accuracy = 0.9520	Cost = 0.630060	Loss = 0.463269
	seen	ROC-AUC = 0.9875	PR-AUC = 0.6736	Top-1 Acc = 0.6438	Top-5 Acc = 0.8725
	unseen	ROC-AUC = 0.9532	PR-AUC = 0.4493	Top-1 Acc = 0.0301	Top-5 Acc = 0.4028
	Mean	ROC-AUC = 0.9683	PR-AUC = 0.5482	Top-1 Acc = 0.3008	Top-5 Acc = 0.6100
Epoch = 49
	Training	Accuracy = 0.9548	Cost = 0.617152	Loss = 0.449799
	seen	ROC-AUC = 0.9870	PR-AUC = 0.6751	Top-1 Acc = 0.6525	Top-5 Acc = 0.8785
	unseen	ROC-AUC = 0.9529	PR-AUC = 0.4460	Top-1 Acc = 0.0464	Top-5 Acc = 0.4222
	Mean	ROC-AUC = 0.9680	PR-AUC = 0.5471	Top-1 Acc = 0.3138	Top-5 Acc = 0.6235
Epoch = 50
	Training	Accuracy = 0.9576	Cost = 0.577887	Loss = 0.410301
	seen	ROC-AUC = 0.9851	PR-AUC = 0.6559	Top-1 Acc = 0.6275	Top-5 Acc = 0.8666
	unseen	ROC-AUC = 0.9526	PR-AUC = 0.4174	Top-1 Acc = 0.0374	Top-5 Acc = 0.3977
	Mean	ROC-AUC = 0.9669	PR-AUC = 0.5226	Top-1 Acc = 0.2977	Top-5 Acc = 0.6045
Epoch = 51
	Training	Accuracy = 0.9597	Cost = 0.583106	Loss = 0.415129
	seen	ROC-AUC = 0.9854	PR-AUC = 0.6561	Top-1 Acc = 0.6345	Top-5 Acc = 0.8687
	unseen	ROC-AUC = 0.9477	PR-AUC = 0.4370	Top-1 Acc = 0.0413	Top-5 Acc = 0.4119
	Mean	ROC-AUC = 0.9643	PR-AUC = 0.5336	Top-1 Acc = 0.3030	Top-5 Acc = 0.6134
Epoch = 52
	Training	Accuracy = 0.9626	Cost = 0.562340	Loss = 0.394381
	seen	ROC-AUC = 0.9866	PR-AUC = 0.6720	Top-1 Acc = 0.6313	Top-5 Acc = 0.8687
	unseen	ROC-AUC = 0.9503	PR-AUC = 0.4316	Top-1 Acc = 0.0473	Top-5 Acc = 0.4273
	Mean	ROC-AUC = 0.9663	PR-AUC = 0.5377	Top-1 Acc = 0.3049	Top-5 Acc = 0.6221
Epoch = 53
	Training	Accuracy = 0.9646	Cost = 0.552956	Loss = 0.385095
	seen	ROC-AUC = 0.9871	PR-AUC = 0.6816	Top-1 Acc = 0.6536	Top-5 Acc = 0.8747
	unseen	ROC-AUC = 0.9540	PR-AUC = 0.4312	Top-1 Acc = 0.0374	Top-5 Acc = 0.4248
	Mean	ROC-AUC = 0.9686	PR-AUC = 0.5417	Top-1 Acc = 0.3092	Top-5 Acc = 0.6233
Epoch = 54
	Training	Accuracy = 0.9679	Cost = 0.527163	Loss = 0.359133
	seen	ROC-AUC = 0.9867	PR-AUC = 0.6748	Top-1 Acc = 0.6340	Top-5 Acc = 0.8704
	unseen	ROC-AUC = 0.9529	PR-AUC = 0.4312	Top-1 Acc = 0.0353	Top-5 Acc = 0.4162
	Mean	ROC-AUC = 0.9678	PR-AUC = 0.5386	Top-1 Acc = 0.2994	Top-5 Acc = 0.6165
Epoch = 55
	Training	Accuracy = 0.9713	Cost = 0.516836	Loss = 0.348748
	seen	ROC-AUC = 0.9863	PR-AUC = 0.6623	Top-1 Acc = 0.6476	Top-5 Acc = 0.8720
	unseen	ROC-AUC = 0.9465	PR-AUC = 0.4069	Top-1 Acc = 0.0469	Top-5 Acc = 0.4209
	Mean	ROC-AUC = 0.9641	PR-AUC = 0.5195	Top-1 Acc = 0.3119	Top-5 Acc = 0.6199
Epoch = 56
	Training	Accuracy = 0.9747	Cost = 0.493362	Loss = 0.324961
	seen	ROC-AUC = 0.9851	PR-AUC = 0.6628	Top-1 Acc = 0.6378	Top-5 Acc = 0.8622
	unseen	ROC-AUC = 0.9521	PR-AUC = 0.4446	Top-1 Acc = 0.0443	Top-5 Acc = 0.4304
	Mean	ROC-AUC = 0.9667	PR-AUC = 0.5409	Top-1 Acc = 0.3061	Top-5 Acc = 0.6209
Epoch = 57
	Training	Accuracy = 0.9736	Cost = 0.498999	Loss = 0.330623
	seen	ROC-AUC = 0.9864	PR-AUC = 0.6742	Top-1 Acc = 0.6373	Top-5 Acc = 0.8720
	unseen	ROC-AUC = 0.9528	PR-AUC = 0.4221	Top-1 Acc = 0.0469	Top-5 Acc = 0.4127
	Mean	ROC-AUC = 0.9676	PR-AUC = 0.5333	Top-1 Acc = 0.3073	Top-5 Acc = 0.6153
Epoch = 58
	Training	Accuracy = 0.9757	Cost = 0.473787	Loss = 0.305374
	seen	ROC-AUC = 0.9863	PR-AUC = 0.6709	Top-1 Acc = 0.6476	Top-5 Acc = 0.8725
	unseen	ROC-AUC = 0.9523	PR-AUC = 0.4254	Top-1 Acc = 0.0490	Top-5 Acc = 0.4355
	Mean	ROC-AUC = 0.9673	PR-AUC = 0.5337	Top-1 Acc = 0.3131	Top-5 Acc = 0.6283
Epoch = 59
	Training	Accuracy = 0.9776	Cost = 0.473815	Loss = 0.305634
	seen	ROC-AUC = 0.9857	PR-AUC = 0.6684	Top-1 Acc = 0.6481	Top-5 Acc = 0.8676
	unseen	ROC-AUC = 0.9519	PR-AUC = 0.4238	Top-1 Acc = 0.0421	Top-5 Acc = 0.4321
	Mean	ROC-AUC = 0.9668	PR-AUC = 0.5317	Top-1 Acc = 0.3095	Top-5 Acc = 0.6242
Epoch = 60
	Training	Accuracy = 0.9805	Cost = 0.458712	Loss = 0.290355
	seen	ROC-AUC = 0.9875	PR-AUC = 0.6754	Top-1 Acc = 0.6590	Top-5 Acc = 0.8813
	unseen	ROC-AUC = 0.9533	PR-AUC = 0.4356	Top-1 Acc = 0.0421	Top-5 Acc = 0.4506
	Mean	ROC-AUC = 0.9684	PR-AUC = 0.5414	Top-1 Acc = 0.3143	Top-5 Acc = 0.6406
Epoch = 61
	Training	Accuracy = 0.9768	Cost = 0.455229	Loss = 0.286941
	seen	ROC-AUC = 0.9863	PR-AUC = 0.6713	Top-1 Acc = 0.6498	Top-5 Acc = 0.8687
	unseen	ROC-AUC = 0.9506	PR-AUC = 0.4283	Top-1 Acc = 0.0520	Top-5 Acc = 0.4256
	Mean	ROC-AUC = 0.9663	PR-AUC = 0.5355	Top-1 Acc = 0.3157	Top-5 Acc = 0.6211
Epoch = 62
	Training	Accuracy = 0.9818	Cost = 0.447963	Loss = 0.279314
	seen	ROC-AUC = 0.9864	PR-AUC = 0.6749	Top-1 Acc = 0.6503	Top-5 Acc = 0.8742
	unseen	ROC-AUC = 0.9511	PR-AUC = 0.4266	Top-1 Acc = 0.0533	Top-5 Acc = 0.4398
	Mean	ROC-AUC = 0.9667	PR-AUC = 0.5361	Top-1 Acc = 0.3167	Top-5 Acc = 0.6314
Epoch = 63
	Training	Accuracy = 0.9835	Cost = 0.430862	Loss = 0.262076
	seen	ROC-AUC = 0.9858	PR-AUC = 0.6679	Top-1 Acc = 0.6536	Top-5 Acc = 0.8698
	unseen	ROC-AUC = 0.9474	PR-AUC = 0.4171	Top-1 Acc = 0.0580	Top-5 Acc = 0.4583
	Mean	ROC-AUC = 0.9643	PR-AUC = 0.5277	Top-1 Acc = 0.3208	Top-5 Acc = 0.6398
Epoch = 64
	Training	Accuracy = 0.9840	Cost = 0.430365	Loss = 0.261842
	seen	ROC-AUC = 0.9861	PR-AUC = 0.6726	Top-1 Acc = 0.6580	Top-5 Acc = 0.8731
	unseen	ROC-AUC = 0.9452	PR-AUC = 0.4051	Top-1 Acc = 0.0408	Top-5 Acc = 0.4523
	Mean	ROC-AUC = 0.9632	PR-AUC = 0.5231	Top-1 Acc = 0.3131	Top-5 Acc = 0.6379
Epoch = 65
	Training	Accuracy = 0.9832	Cost = 0.415556	Loss = 0.247081
	seen	ROC-AUC = 0.9854	PR-AUC = 0.6720	Top-1 Acc = 0.6324	Top-5 Acc = 0.8584
	unseen	ROC-AUC = 0.9497	PR-AUC = 0.4173	Top-1 Acc = 0.0529	Top-5 Acc = 0.4463
	Mean	ROC-AUC = 0.9655	PR-AUC = 0.5296	Top-1 Acc = 0.3085	Top-5 Acc = 0.6281
Epoch = 66
	Training	Accuracy = 0.9851	Cost = 0.420287	Loss = 0.252002
	seen	ROC-AUC = 0.9856	PR-AUC = 0.6661	Top-1 Acc = 0.6405	Top-5 Acc = 0.8622
	unseen	ROC-AUC = 0.9495	PR-AUC = 0.4158	Top-1 Acc = 0.0469	Top-5 Acc = 0.4355
	Mean	ROC-AUC = 0.9655	PR-AUC = 0.5262	Top-1 Acc = 0.3087	Top-5 Acc = 0.6237
Epoch = 67
	Training	Accuracy = 0.9871	Cost = 0.393986	Loss = 0.225836
	seen	ROC-AUC = 0.9861	PR-AUC = 0.6746	Top-1 Acc = 0.6443	Top-5 Acc = 0.8709
	unseen	ROC-AUC = 0.9498	PR-AUC = 0.4225	Top-1 Acc = 0.0512	Top-5 Acc = 0.4256
	Mean	ROC-AUC = 0.9658	PR-AUC = 0.5337	Top-1 Acc = 0.3128	Top-5 Acc = 0.6221
Epoch = 68
	Training	Accuracy = 0.9883	Cost = 0.394336	Loss = 0.226088
	seen	ROC-AUC = 0.9862	PR-AUC = 0.6584	Top-1 Acc = 0.6345	Top-5 Acc = 0.8644
	unseen	ROC-AUC = 0.9464	PR-AUC = 0.4167	Top-1 Acc = 0.0546	Top-5 Acc = 0.4200
	Mean	ROC-AUC = 0.9640	PR-AUC = 0.5233	Top-1 Acc = 0.3104	Top-5 Acc = 0.6160
Epoch = 69
	Training	Accuracy = 0.9870	Cost = 0.386133	Loss = 0.217641
	seen	ROC-AUC = 0.9854	PR-AUC = 0.6604	Top-1 Acc = 0.6411	Top-5 Acc = 0.8666
	unseen	ROC-AUC = 0.9476	PR-AUC = 0.4112	Top-1 Acc = 0.0408	Top-5 Acc = 0.4291
	Mean	ROC-AUC = 0.9643	PR-AUC = 0.5212	Top-1 Acc = 0.3056	Top-5 Acc = 0.6221
Epoch = 70
	Training	Accuracy = 0.9869	Cost = 0.398727	Loss = 0.230465
	seen	ROC-AUC = 0.9861	PR-AUC = 0.6714	Top-1 Acc = 0.6432	Top-5 Acc = 0.8638
	unseen	ROC-AUC = 0.9516	PR-AUC = 0.4293	Top-1 Acc = 0.0383	Top-5 Acc = 0.4235
	Mean	ROC-AUC = 0.9669	PR-AUC = 0.5361	Top-1 Acc = 0.3051	Top-5 Acc = 0.6177
Epoch = 71
	Training	Accuracy = 0.9904	Cost = 0.365465	Loss = 0.197409
	seen	ROC-AUC = 0.9864	PR-AUC = 0.6776	Top-1 Acc = 0.6520	Top-5 Acc = 0.8709
	unseen	ROC-AUC = 0.9488	PR-AUC = 0.4183	Top-1 Acc = 0.0417	Top-5 Acc = 0.4342
	Mean	ROC-AUC = 0.9654	PR-AUC = 0.5327	Top-1 Acc = 0.3109	Top-5 Acc = 0.6269
Epoch = 72
	Training	Accuracy = 0.9889	Cost = 0.372176	Loss = 0.204213
	seen	ROC-AUC = 0.9859	PR-AUC = 0.6711	Top-1 Acc = 0.6580	Top-5 Acc = 0.8698
	unseen	ROC-AUC = 0.9500	PR-AUC = 0.4209	Top-1 Acc = 0.0555	Top-5 Acc = 0.4433
	Mean	ROC-AUC = 0.9658	PR-AUC = 0.5313	Top-1 Acc = 0.3212	Top-5 Acc = 0.6314
Epoch = 73
	Training	Accuracy = 0.9895	Cost = 0.367788	Loss = 0.199793
	seen	ROC-AUC = 0.9855	PR-AUC = 0.6637	Top-1 Acc = 0.6247	Top-5 Acc = 0.8595
	unseen	ROC-AUC = 0.9466	PR-AUC = 0.4107	Top-1 Acc = 0.0340	Top-5 Acc = 0.3960
	Mean	ROC-AUC = 0.9638	PR-AUC = 0.5223	Top-1 Acc = 0.2946	Top-5 Acc = 0.6004
Epoch = 74
	Training	Accuracy = 0.9903	Cost = 0.370691	Loss = 0.202757
	seen	ROC-AUC = 0.9836	PR-AUC = 0.6646	Top-1 Acc = 0.6351	Top-5 Acc = 0.8562
	unseen	ROC-AUC = 0.9489	PR-AUC = 0.4093	Top-1 Acc = 0.0413	Top-5 Acc = 0.4256
	Mean	ROC-AUC = 0.9642	PR-AUC = 0.5219	Top-1 Acc = 0.3032	Top-5 Acc = 0.6156
Epoch = 75
	Training	Accuracy = 0.9915	Cost = 0.358475	Loss = 0.190420
	seen	ROC-AUC = 0.9866	PR-AUC = 0.6716	Top-1 Acc = 0.6460	Top-5 Acc = 0.8693
	unseen	ROC-AUC = 0.9475	PR-AUC = 0.4236	Top-1 Acc = 0.0490	Top-5 Acc = 0.4243
	Mean	ROC-AUC = 0.9647	PR-AUC = 0.5330	Top-1 Acc = 0.3123	Top-5 Acc = 0.6206
Epoch = 76
	Training	Accuracy = 0.9904	Cost = 0.364330	Loss = 0.196336
	seen	ROC-AUC = 0.9859	PR-AUC = 0.6695	Top-1 Acc = 0.6449	Top-5 Acc = 0.8736
	unseen	ROC-AUC = 0.9460	PR-AUC = 0.4123	Top-1 Acc = 0.0477	Top-5 Acc = 0.4213
	Mean	ROC-AUC = 0.9636	PR-AUC = 0.5257	Top-1 Acc = 0.3111	Top-5 Acc = 0.6209
Epoch = 77
	Training	Accuracy = 0.9923	Cost = 0.353128	Loss = 0.185100
	seen	ROC-AUC = 0.9862	PR-AUC = 0.6794	Top-1 Acc = 0.6476	Top-5 Acc = 0.8671
	unseen	ROC-AUC = 0.9446	PR-AUC = 0.4087	Top-1 Acc = 0.0477	Top-5 Acc = 0.4325
	Mean	ROC-AUC = 0.9630	PR-AUC = 0.5281	Top-1 Acc = 0.3123	Top-5 Acc = 0.6242
Epoch = 78
	Training	Accuracy = 0.9927	Cost = 0.347796	Loss = 0.179976
	seen	ROC-AUC = 0.9853	PR-AUC = 0.6643	Top-1 Acc = 0.6345	Top-5 Acc = 0.8709
	unseen	ROC-AUC = 0.9461	PR-AUC = 0.4019	Top-1 Acc = 0.0503	Top-5 Acc = 0.4368
	Mean	ROC-AUC = 0.9634	PR-AUC = 0.5176	Top-1 Acc = 0.3080	Top-5 Acc = 0.6283
Epoch = 79
	Training	Accuracy = 0.9933	Cost = 0.342192	Loss = 0.174504
	seen	ROC-AUC = 0.9863	PR-AUC = 0.6714	Top-1 Acc = 0.6394	Top-5 Acc = 0.8671
	unseen	ROC-AUC = 0.9487	PR-AUC = 0.4173	Top-1 Acc = 0.0421	Top-5 Acc = 0.4334
	Mean	ROC-AUC = 0.9653	PR-AUC = 0.5294	Top-1 Acc = 0.3056	Top-5 Acc = 0.6247
Epoch = 80
	Training	Accuracy = 0.9933	Cost = 0.334971	Loss = 0.167612
	seen	ROC-AUC = 0.9852	PR-AUC = 0.6618	Top-1 Acc = 0.6411	Top-5 Acc = 0.8725
	unseen	ROC-AUC = 0.9427	PR-AUC = 0.4094	Top-1 Acc = 0.0516	Top-5 Acc = 0.4402
	Mean	ROC-AUC = 0.9614	PR-AUC = 0.5208	Top-1 Acc = 0.3116	Top-5 Acc = 0.6309
Epoch = 81
	Training	Accuracy = 0.9924	Cost = 0.338740	Loss = 0.171497
	seen	ROC-AUC = 0.9849	PR-AUC = 0.6653	Top-1 Acc = 0.6383	Top-5 Acc = 0.8622
	unseen	ROC-AUC = 0.9459	PR-AUC = 0.4231	Top-1 Acc = 0.0572	Top-5 Acc = 0.4304
	Mean	ROC-AUC = 0.9631	PR-AUC = 0.5299	Top-1 Acc = 0.3136	Top-5 Acc = 0.6209
Epoch = 82
	Training	Accuracy = 0.9937	Cost = 0.330194	Loss = 0.162906
	seen	ROC-AUC = 0.9854	PR-AUC = 0.6773	Top-1 Acc = 0.6661	Top-5 Acc = 0.8715
	unseen	ROC-AUC = 0.9482	PR-AUC = 0.4186	Top-1 Acc = 0.0490	Top-5 Acc = 0.4506
	Mean	ROC-AUC = 0.9646	PR-AUC = 0.5327	Top-1 Acc = 0.3212	Top-5 Acc = 0.6362
Epoch = 83
	Training	Accuracy = 0.9934	Cost = 0.329419	Loss = 0.162233
	seen	ROC-AUC = 0.9846	PR-AUC = 0.6700	Top-1 Acc = 0.6492	Top-5 Acc = 0.8704
	unseen	ROC-AUC = 0.9509	PR-AUC = 0.4443	Top-1 Acc = 0.0533	Top-5 Acc = 0.4506
	Mean	ROC-AUC = 0.9658	PR-AUC = 0.5439	Top-1 Acc = 0.3162	Top-5 Acc = 0.6358
Epoch = 84
	Training	Accuracy = 0.9936	Cost = 0.328236	Loss = 0.161319
	seen	ROC-AUC = 0.9839	PR-AUC = 0.6581	Top-1 Acc = 0.6373	Top-5 Acc = 0.8627
	unseen	ROC-AUC = 0.9458	PR-AUC = 0.4059	Top-1 Acc = 0.0408	Top-5 Acc = 0.4415
	Mean	ROC-AUC = 0.9626	PR-AUC = 0.5171	Top-1 Acc = 0.3039	Top-5 Acc = 0.6273
Epoch = 85
	Training	Accuracy = 0.9954	Cost = 0.312552	Loss = 0.145614
	seen	ROC-AUC = 0.9846	PR-AUC = 0.6792	Top-1 Acc = 0.6612	Top-5 Acc = 0.8747
	unseen	ROC-AUC = 0.9465	PR-AUC = 0.4130	Top-1 Acc = 0.0550	Top-5 Acc = 0.4574
	Mean	ROC-AUC = 0.9633	PR-AUC = 0.5304	Top-1 Acc = 0.3224	Top-5 Acc = 0.6415
Epoch = 86
	Training	Accuracy = 0.9948	Cost = 0.321649	Loss = 0.154735
	seen	ROC-AUC = 0.9850	PR-AUC = 0.6733	Top-1 Acc = 0.6340	Top-5 Acc = 0.8546
	unseen	ROC-AUC = 0.9498	PR-AUC = 0.4219	Top-1 Acc = 0.0434	Top-5 Acc = 0.4381
	Mean	ROC-AUC = 0.9653	PR-AUC = 0.5328	Top-1 Acc = 0.3039	Top-5 Acc = 0.6218
Epoch = 87
	Training	Accuracy = 0.9946	Cost = 0.326536	Loss = 0.159709
	seen	ROC-AUC = 0.9855	PR-AUC = 0.6781	Top-1 Acc = 0.6476	Top-5 Acc = 0.8649
	unseen	ROC-AUC = 0.9435	PR-AUC = 0.4046	Top-1 Acc = 0.0525	Top-5 Acc = 0.4415
	Mean	ROC-AUC = 0.9620	PR-AUC = 0.5253	Top-1 Acc = 0.3150	Top-5 Acc = 0.6283
Epoch = 88
	Training	Accuracy = 0.9959	Cost = 0.309958	Loss = 0.142860
	seen	ROC-AUC = 0.9856	PR-AUC = 0.6729	Top-1 Acc = 0.6438	Top-5 Acc = 0.8660
	unseen	ROC-AUC = 0.9432	PR-AUC = 0.3921	Top-1 Acc = 0.0546	Top-5 Acc = 0.4252
	Mean	ROC-AUC = 0.9619	PR-AUC = 0.5160	Top-1 Acc = 0.3145	Top-5 Acc = 0.6197
Epoch = 89
	Training	Accuracy = 0.9949	Cost = 0.313747	Loss = 0.146735
	seen	ROC-AUC = 0.9855	PR-AUC = 0.6672	Top-1 Acc = 0.6465	Top-5 Acc = 0.8644
	unseen	ROC-AUC = 0.9490	PR-AUC = 0.4251	Top-1 Acc = 0.0546	Top-5 Acc = 0.4407
	Mean	ROC-AUC = 0.9651	PR-AUC = 0.5319	Top-1 Acc = 0.3157	Top-5 Acc = 0.6276
Epoch = 90
	Training	Accuracy = 0.9966	Cost = 0.300101	Loss = 0.133100
	seen	ROC-AUC = 0.9848	PR-AUC = 0.6659	Top-1 Acc = 0.6460	Top-5 Acc = 0.8666
	unseen	ROC-AUC = 0.9455	PR-AUC = 0.4004	Top-1 Acc = 0.0563	Top-5 Acc = 0.4269
	Mean	ROC-AUC = 0.9628	PR-AUC = 0.5175	Top-1 Acc = 0.3164	Top-5 Acc = 0.6209
Epoch = 91
	Training	Accuracy = 0.9958	Cost = 0.300871	Loss = 0.133988
	seen	ROC-AUC = 0.9838	PR-AUC = 0.6486	Top-1 Acc = 0.6291	Top-5 Acc = 0.8508
	unseen	ROC-AUC = 0.9426	PR-AUC = 0.3861	Top-1 Acc = 0.0482	Top-5 Acc = 0.4200
	Mean	ROC-AUC = 0.9607	PR-AUC = 0.5019	Top-1 Acc = 0.3044	Top-5 Acc = 0.6100
Epoch = 92
	Training	Accuracy = 0.9959	Cost = 0.309377	Loss = 0.142539
	seen	ROC-AUC = 0.9837	PR-AUC = 0.6641	Top-1 Acc = 0.6443	Top-5 Acc = 0.8682
	unseen	ROC-AUC = 0.9453	PR-AUC = 0.4034	Top-1 Acc = 0.0447	Top-5 Acc = 0.4463
	Mean	ROC-AUC = 0.9622	PR-AUC = 0.5184	Top-1 Acc = 0.3092	Top-5 Acc = 0.6324
Epoch = 93
	Training	Accuracy = 0.9961	Cost = 0.302974	Loss = 0.136171
	seen	ROC-AUC = 0.9860	PR-AUC = 0.6728	Top-1 Acc = 0.6247	Top-5 Acc = 0.8742
	unseen	ROC-AUC = 0.9453	PR-AUC = 0.4034	Top-1 Acc = 0.0451	Top-5 Acc = 0.4222
	Mean	ROC-AUC = 0.9632	PR-AUC = 0.5222	Top-1 Acc = 0.3008	Top-5 Acc = 0.6216
Epoch = 94
	Training	Accuracy = 0.9965	Cost = 0.302290	Loss = 0.135571
	seen	ROC-AUC = 0.9851	PR-AUC = 0.6707	Top-1 Acc = 0.6460	Top-5 Acc = 0.8693
	unseen	ROC-AUC = 0.9460	PR-AUC = 0.4080	Top-1 Acc = 0.0443	Top-5 Acc = 0.4527
	Mean	ROC-AUC = 0.9633	PR-AUC = 0.5239	Top-1 Acc = 0.3097	Top-5 Acc = 0.6365
Epoch = 95
	Training	Accuracy = 0.9955	Cost = 0.304250	Loss = 0.137593
	seen	ROC-AUC = 0.9848	PR-AUC = 0.6715	Top-1 Acc = 0.6383	Top-5 Acc = 0.8698
	unseen	ROC-AUC = 0.9462	PR-AUC = 0.4148	Top-1 Acc = 0.0473	Top-5 Acc = 0.4351
	Mean	ROC-AUC = 0.9632	PR-AUC = 0.5280	Top-1 Acc = 0.3080	Top-5 Acc = 0.6269
Epoch = 96
	Training	Accuracy = 0.9962	Cost = 0.297403	Loss = 0.130974
	seen	ROC-AUC = 0.9852	PR-AUC = 0.6689	Top-1 Acc = 0.6411	Top-5 Acc = 0.8682
	unseen	ROC-AUC = 0.9430	PR-AUC = 0.3944	Top-1 Acc = 0.0589	Top-5 Acc = 0.4226
	Mean	ROC-AUC = 0.9616	PR-AUC = 0.5155	Top-1 Acc = 0.3157	Top-5 Acc = 0.6192
Epoch = 97
	Training	Accuracy = 0.9966	Cost = 0.295315	Loss = 0.128829
	seen	ROC-AUC = 0.9849	PR-AUC = 0.6709	Top-1 Acc = 0.6476	Top-5 Acc = 0.8617
	unseen	ROC-AUC = 0.9433	PR-AUC = 0.4010	Top-1 Acc = 0.0559	Top-5 Acc = 0.4488
	Mean	ROC-AUC = 0.9617	PR-AUC = 0.5200	Top-1 Acc = 0.3169	Top-5 Acc = 0.6309
Epoch = 98
	Training	Accuracy = 0.9972	Cost = 0.289584	Loss = 0.123032
	seen	ROC-AUC = 0.9838	PR-AUC = 0.6676	Top-1 Acc = 0.6389	Top-5 Acc = 0.8589
	unseen	ROC-AUC = 0.9398	PR-AUC = 0.4061	Top-1 Acc = 0.0576	Top-5 Acc = 0.4377
	Mean	ROC-AUC = 0.9592	PR-AUC = 0.5215	Top-1 Acc = 0.3140	Top-5 Acc = 0.6235
Epoch = 99
	Training	Accuracy = 0.9967	Cost = 0.291586	Loss = 0.124896
	seen	ROC-AUC = 0.9831	PR-AUC = 0.6509	Top-1 Acc = 0.6062	Top-5 Acc = 0.8508
	unseen	ROC-AUC = 0.9400	PR-AUC = 0.3937	Top-1 Acc = 0.0632	Top-5 Acc = 0.4243
	Mean	ROC-AUC = 0.9590	PR-AUC = 0.5072	Top-1 Acc = 0.3027	Top-5 Acc = 0.6124
Epoch = 100
	Training	Accuracy = 0.9965	Cost = 0.301933	Loss = 0.135280
	seen	ROC-AUC = 0.9847	PR-AUC = 0.6795	Top-1 Acc = 0.6547	Top-5 Acc = 0.8682
	unseen	ROC-AUC = 0.9463	PR-AUC = 0.4157	Top-1 Acc = 0.0632	Top-5 Acc = 0.4716
	Mean	ROC-AUC = 0.9632	PR-AUC = 0.5320	Top-1 Acc = 0.3241	Top-5 Acc = 0.6466
