Epoch = 1
	Training	Accuracy = 0.0062	Cost = 16.243398	Loss = 16.232414
	seen	ROC-AUC = 0.5242	PR-AUC = 0.0142	Top-1 Acc = 0.0035	Top-5 Acc = 0.0306
	unseen	ROC-AUC = 0.4944	PR-AUC = 0.0081	Top-1 Acc = 0.0028	Top-5 Acc = 0.0202
	Mean	ROC-AUC = 0.5040	PR-AUC = 0.0101	Top-1 Acc = 0.0030	Top-5 Acc = 0.0236
Epoch = 2
	Training	Accuracy = 0.0059	Cost = 3.734025	Loss = 3.723015
	seen	ROC-AUC = 0.5236	PR-AUC = 0.0166	Top-1 Acc = 0.0035	Top-5 Acc = 0.0341
	unseen	ROC-AUC = 0.5036	PR-AUC = 0.0091	Top-1 Acc = 0.0028	Top-5 Acc = 0.0196
	Mean	ROC-AUC = 0.5101	PR-AUC = 0.0115	Top-1 Acc = 0.0030	Top-5 Acc = 0.0243
Epoch = 3
	Training	Accuracy = 0.0094	Cost = 3.024432	Loss = 3.013456
	seen	ROC-AUC = 0.5745	PR-AUC = 0.0175	Top-1 Acc = 0.0118	Top-5 Acc = 0.0247
	unseen	ROC-AUC = 0.5092	PR-AUC = 0.0102	Top-1 Acc = 0.0017	Top-5 Acc = 0.0224
	Mean	ROC-AUC = 0.5303	PR-AUC = 0.0126	Top-1 Acc = 0.0049	Top-5 Acc = 0.0232
Epoch = 4
	Training	Accuracy = 0.0076	Cost = 3.921119	Loss = 3.910082
	seen	ROC-AUC = 0.5656	PR-AUC = 0.0159	Top-1 Acc = 0.0082	Top-5 Acc = 0.0341
	unseen	ROC-AUC = 0.5575	PR-AUC = 0.0099	Top-1 Acc = 0.0039	Top-5 Acc = 0.0241
	Mean	ROC-AUC = 0.5601	PR-AUC = 0.0119	Top-1 Acc = 0.0053	Top-5 Acc = 0.0274
Epoch = 5
	Training	Accuracy = 0.0091	Cost = 4.783520	Loss = 4.772378
	seen	ROC-AUC = 0.5433	PR-AUC = 0.0168	Top-1 Acc = 0.0082	Top-5 Acc = 0.0400
	unseen	ROC-AUC = 0.4734	PR-AUC = 0.0104	Top-1 Acc = 0.0028	Top-5 Acc = 0.0264
	Mean	ROC-AUC = 0.4960	PR-AUC = 0.0124	Top-1 Acc = 0.0046	Top-5 Acc = 0.0308
Epoch = 6
	Training	Accuracy = 0.0082	Cost = 3.805563	Loss = 3.794378
	seen	ROC-AUC = 0.5451	PR-AUC = 0.0162	Top-1 Acc = 0.0035	Top-5 Acc = 0.0271
	unseen	ROC-AUC = 0.4892	PR-AUC = 0.0102	Top-1 Acc = 0.0028	Top-5 Acc = 0.0224
	Mean	ROC-AUC = 0.5073	PR-AUC = 0.0122	Top-1 Acc = 0.0030	Top-5 Acc = 0.0239
Epoch = 7
	Training	Accuracy = 0.0091	Cost = 3.599825	Loss = 3.588586
	seen	ROC-AUC = 0.5456	PR-AUC = 0.0168	Top-1 Acc = 0.0035	Top-5 Acc = 0.0259
	unseen	ROC-AUC = 0.4584	PR-AUC = 0.0099	Top-1 Acc = 0.0028	Top-5 Acc = 0.0208
	Mean	ROC-AUC = 0.4865	PR-AUC = 0.0121	Top-1 Acc = 0.0030	Top-5 Acc = 0.0224
Epoch = 8
	Training	Accuracy = 0.0106	Cost = 3.833990	Loss = 3.822714
	seen	ROC-AUC = 0.5174	PR-AUC = 0.0163	Top-1 Acc = 0.0129	Top-5 Acc = 0.0576
	unseen	ROC-AUC = 0.5959	PR-AUC = 0.0120	Top-1 Acc = 0.0039	Top-5 Acc = 0.0230
	Mean	ROC-AUC = 0.5706	PR-AUC = 0.0134	Top-1 Acc = 0.0068	Top-5 Acc = 0.0342
Epoch = 9
	Training	Accuracy = 0.0141	Cost = 3.161820	Loss = 3.150517
	seen	ROC-AUC = 0.6731	PR-AUC = 0.0280	Top-1 Acc = 0.0035	Top-5 Acc = 0.0576
	unseen	ROC-AUC = 0.6589	PR-AUC = 0.0183	Top-1 Acc = 0.0034	Top-5 Acc = 0.0410
	Mean	ROC-AUC = 0.6635	PR-AUC = 0.0214	Top-1 Acc = 0.0034	Top-5 Acc = 0.0464
Epoch = 10
	Training	Accuracy = 0.0156	Cost = 3.373248	Loss = 3.361888
	seen	ROC-AUC = 0.6461	PR-AUC = 0.0210	Top-1 Acc = 0.0035	Top-5 Acc = 0.0447
	unseen	ROC-AUC = 0.5624	PR-AUC = 0.0112	Top-1 Acc = 0.0028	Top-5 Acc = 0.0275
	Mean	ROC-AUC = 0.5894	PR-AUC = 0.0143	Top-1 Acc = 0.0030	Top-5 Acc = 0.0331
Epoch = 11
	Training	Accuracy = 0.0176	Cost = 3.142536	Loss = 3.131084
	seen	ROC-AUC = 0.6238	PR-AUC = 0.0264	Top-1 Acc = 0.0235	Top-5 Acc = 0.1012
	unseen	ROC-AUC = 0.6282	PR-AUC = 0.0162	Top-1 Acc = 0.0135	Top-5 Acc = 0.0241
	Mean	ROC-AUC = 0.6268	PR-AUC = 0.0195	Top-1 Acc = 0.0167	Top-5 Acc = 0.0490
Epoch = 12
	Training	Accuracy = 0.0153	Cost = 3.935881	Loss = 3.924354
	seen	ROC-AUC = 0.7214	PR-AUC = 0.0367	Top-1 Acc = 0.0035	Top-5 Acc = 0.0529
	unseen	ROC-AUC = 0.7172	PR-AUC = 0.0241	Top-1 Acc = 0.0028	Top-5 Acc = 0.0224
	Mean	ROC-AUC = 0.7186	PR-AUC = 0.0281	Top-1 Acc = 0.0030	Top-5 Acc = 0.0323
Epoch = 13
	Training	Accuracy = 0.0171	Cost = 3.545890	Loss = 3.534295
	seen	ROC-AUC = 0.6755	PR-AUC = 0.0260	Top-1 Acc = 0.0035	Top-5 Acc = 0.0529
	unseen	ROC-AUC = 0.6139	PR-AUC = 0.0133	Top-1 Acc = 0.0028	Top-5 Acc = 0.0258
	Mean	ROC-AUC = 0.6338	PR-AUC = 0.0174	Top-1 Acc = 0.0030	Top-5 Acc = 0.0346
Epoch = 14
	Training	Accuracy = 0.0179	Cost = 3.238456	Loss = 3.226789
	seen	ROC-AUC = 0.7465	PR-AUC = 0.0345	Top-1 Acc = 0.0294	Top-5 Acc = 0.1282
	unseen	ROC-AUC = 0.7250	PR-AUC = 0.0217	Top-1 Acc = 0.0112	Top-5 Acc = 0.0623
	Mean	ROC-AUC = 0.7320	PR-AUC = 0.0258	Top-1 Acc = 0.0171	Top-5 Acc = 0.0836
Epoch = 15
	Training	Accuracy = 0.0418	Cost = 2.629067	Loss = 2.617341
	seen	ROC-AUC = 0.5973	PR-AUC = 0.0313	Top-1 Acc = 0.0035	Top-5 Acc = 0.0976
	unseen	ROC-AUC = 0.6303	PR-AUC = 0.0291	Top-1 Acc = 0.0034	Top-5 Acc = 0.0477
	Mean	ROC-AUC = 0.6196	PR-AUC = 0.0298	Top-1 Acc = 0.0034	Top-5 Acc = 0.0638
Epoch = 16
	Training	Accuracy = 0.0306	Cost = 3.027698	Loss = 3.015905
	seen	ROC-AUC = 0.7473	PR-AUC = 0.0431	Top-1 Acc = 0.0471	Top-5 Acc = 0.1682
	unseen	ROC-AUC = 0.7111	PR-AUC = 0.0316	Top-1 Acc = 0.0157	Top-5 Acc = 0.0657
	Mean	ROC-AUC = 0.7228	PR-AUC = 0.0353	Top-1 Acc = 0.0258	Top-5 Acc = 0.0988
Epoch = 17
	Training	Accuracy = 0.0532	Cost = 2.771993	Loss = 2.760100
	seen	ROC-AUC = 0.8043	PR-AUC = 0.0802	Top-1 Acc = 0.1024	Top-5 Acc = 0.2294
	unseen	ROC-AUC = 0.7891	PR-AUC = 0.0545	Top-1 Acc = 0.0337	Top-5 Acc = 0.1044
	Mean	ROC-AUC = 0.7940	PR-AUC = 0.0628	Top-1 Acc = 0.0559	Top-5 Acc = 0.1448
Epoch = 18
	Training	Accuracy = 0.0656	Cost = 2.950059	Loss = 2.938058
	seen	ROC-AUC = 0.7849	PR-AUC = 0.0730	Top-1 Acc = 0.0776	Top-5 Acc = 0.2235
	unseen	ROC-AUC = 0.7912	PR-AUC = 0.0615	Top-1 Acc = 0.0297	Top-5 Acc = 0.0971
	Mean	ROC-AUC = 0.7892	PR-AUC = 0.0652	Top-1 Acc = 0.0452	Top-5 Acc = 0.1379
Epoch = 19
	Training	Accuracy = 0.0832	Cost = 2.667874	Loss = 2.655758
	seen	ROC-AUC = 0.8146	PR-AUC = 0.0781	Top-1 Acc = 0.0824	Top-5 Acc = 0.2329
	unseen	ROC-AUC = 0.7854	PR-AUC = 0.0477	Top-1 Acc = 0.0398	Top-5 Acc = 0.1470
	Mean	ROC-AUC = 0.7948	PR-AUC = 0.0575	Top-1 Acc = 0.0536	Top-5 Acc = 0.1748
Epoch = 20
	Training	Accuracy = 0.0832	Cost = 2.824728	Loss = 2.812486
	seen	ROC-AUC = 0.8008	PR-AUC = 0.0942	Top-1 Acc = 0.0376	Top-5 Acc = 0.1882
	unseen	ROC-AUC = 0.7922	PR-AUC = 0.0806	Top-1 Acc = 0.0107	Top-5 Acc = 0.0825
	Mean	ROC-AUC = 0.7950	PR-AUC = 0.0850	Top-1 Acc = 0.0194	Top-5 Acc = 0.1166
Epoch = 21
	Training	Accuracy = 0.1367	Cost = 2.230231	Loss = 2.217856
	seen	ROC-AUC = 0.8454	PR-AUC = 0.1284	Top-1 Acc = 0.1412	Top-5 Acc = 0.3565
	unseen	ROC-AUC = 0.8219	PR-AUC = 0.0894	Top-1 Acc = 0.0679	Top-5 Acc = 0.1975
	Mean	ROC-AUC = 0.8295	PR-AUC = 0.1020	Top-1 Acc = 0.0916	Top-5 Acc = 0.2489
Epoch = 22
	Training	Accuracy = 0.1594	Cost = 2.421640	Loss = 2.409179
	seen	ROC-AUC = 0.8100	PR-AUC = 0.0724	Top-1 Acc = 0.0988	Top-5 Acc = 0.2682
	unseen	ROC-AUC = 0.7445	PR-AUC = 0.0328	Top-1 Acc = 0.0443	Top-5 Acc = 0.1420
	Mean	ROC-AUC = 0.7656	PR-AUC = 0.0456	Top-1 Acc = 0.0619	Top-5 Acc = 0.1828
Epoch = 23
	Training	Accuracy = 0.1852	Cost = 2.228784	Loss = 2.216170
	seen	ROC-AUC = 0.8212	PR-AUC = 0.1746	Top-1 Acc = 0.2035	Top-5 Acc = 0.4212
	unseen	ROC-AUC = 0.8024	PR-AUC = 0.0851	Top-1 Acc = 0.1010	Top-5 Acc = 0.2430
	Mean	ROC-AUC = 0.8085	PR-AUC = 0.1140	Top-1 Acc = 0.1341	Top-5 Acc = 0.3005
Epoch = 24
	Training	Accuracy = 0.2138	Cost = 2.193755	Loss = 2.180965
	seen	ROC-AUC = 0.8656	PR-AUC = 0.2155	Top-1 Acc = 0.1824	Top-5 Acc = 0.3647
	unseen	ROC-AUC = 0.8427	PR-AUC = 0.1457	Top-1 Acc = 0.0746	Top-5 Acc = 0.2026
	Mean	ROC-AUC = 0.8501	PR-AUC = 0.1682	Top-1 Acc = 0.1094	Top-5 Acc = 0.2549
Epoch = 25
	Training	Accuracy = 0.2399	Cost = 2.099788	Loss = 2.086839
	seen	ROC-AUC = 0.8574	PR-AUC = 0.2224	Top-1 Acc = 0.1847	Top-5 Acc = 0.4259
	unseen	ROC-AUC = 0.8168	PR-AUC = 0.1347	Top-1 Acc = 0.0982	Top-5 Acc = 0.2671
	Mean	ROC-AUC = 0.8299	PR-AUC = 0.1630	Top-1 Acc = 0.1261	Top-5 Acc = 0.3184
Epoch = 26
	Training	Accuracy = 0.2717	Cost = 2.056782	Loss = 2.043647
	seen	ROC-AUC = 0.8668	PR-AUC = 0.2523	Top-1 Acc = 0.2400	Top-5 Acc = 0.4329
	unseen	ROC-AUC = 0.8526	PR-AUC = 0.1761	Top-1 Acc = 0.1190	Top-5 Acc = 0.2755
	Mean	ROC-AUC = 0.8572	PR-AUC = 0.2007	Top-1 Acc = 0.1581	Top-5 Acc = 0.3264
Epoch = 27
	Training	Accuracy = 0.3452	Cost = 1.849830	Loss = 1.836486
	seen	ROC-AUC = 0.8541	PR-AUC = 0.2798	Top-1 Acc = 0.2294	Top-5 Acc = 0.4612
	unseen	ROC-AUC = 0.8331	PR-AUC = 0.1720	Top-1 Acc = 0.1302	Top-5 Acc = 0.2890
	Mean	ROC-AUC = 0.8399	PR-AUC = 0.2068	Top-1 Acc = 0.1622	Top-5 Acc = 0.3446
Epoch = 28
	Training	Accuracy = 0.3643	Cost = 1.886246	Loss = 1.872673
	seen	ROC-AUC = 0.8616	PR-AUC = 0.2889	Top-1 Acc = 0.2694	Top-5 Acc = 0.4824
	unseen	ROC-AUC = 0.8585	PR-AUC = 0.2033	Top-1 Acc = 0.1291	Top-5 Acc = 0.2929
	Mean	ROC-AUC = 0.8595	PR-AUC = 0.2310	Top-1 Acc = 0.1744	Top-5 Acc = 0.3541
Epoch = 29
	Training	Accuracy = 0.4149	Cost = 1.699908	Loss = 1.686035
	seen	ROC-AUC = 0.8667	PR-AUC = 0.3212	Top-1 Acc = 0.3271	Top-5 Acc = 0.5729
	unseen	ROC-AUC = 0.8566	PR-AUC = 0.2092	Top-1 Acc = 0.1672	Top-5 Acc = 0.3844
	Mean	ROC-AUC = 0.8598	PR-AUC = 0.2454	Top-1 Acc = 0.2188	Top-5 Acc = 0.4453
Epoch = 30
	Training	Accuracy = 0.4472	Cost = 1.667624	Loss = 1.653469
	seen	ROC-AUC = 0.8642	PR-AUC = 0.3141	Top-1 Acc = 0.3212	Top-5 Acc = 0.5435
	unseen	ROC-AUC = 0.8591	PR-AUC = 0.2315	Top-1 Acc = 0.1639	Top-5 Acc = 0.3653
	Mean	ROC-AUC = 0.8608	PR-AUC = 0.2582	Top-1 Acc = 0.2147	Top-5 Acc = 0.4229
Epoch = 31
	Training	Accuracy = 0.4704	Cost = 1.619996	Loss = 1.605520
	seen	ROC-AUC = 0.8652	PR-AUC = 0.3364	Top-1 Acc = 0.3294	Top-5 Acc = 0.5765
	unseen	ROC-AUC = 0.8595	PR-AUC = 0.2366	Top-1 Acc = 0.1874	Top-5 Acc = 0.3805
	Mean	ROC-AUC = 0.8614	PR-AUC = 0.2688	Top-1 Acc = 0.2333	Top-5 Acc = 0.4438
Epoch = 32
	Training	Accuracy = 0.5269	Cost = 1.424896	Loss = 1.410037
	seen	ROC-AUC = 0.8698	PR-AUC = 0.3630	Top-1 Acc = 0.3741	Top-5 Acc = 0.5953
	unseen	ROC-AUC = 0.8660	PR-AUC = 0.2536	Top-1 Acc = 0.2189	Top-5 Acc = 0.4383
	Mean	ROC-AUC = 0.8672	PR-AUC = 0.2890	Top-1 Acc = 0.2690	Top-5 Acc = 0.4890
Epoch = 33
	Training	Accuracy = 0.5410	Cost = 1.430315	Loss = 1.415081
	seen	ROC-AUC = 0.8752	PR-AUC = 0.3777	Top-1 Acc = 0.3953	Top-5 Acc = 0.6094
	unseen	ROC-AUC = 0.8738	PR-AUC = 0.2482	Top-1 Acc = 0.2076	Top-5 Acc = 0.4315
	Mean	ROC-AUC = 0.8743	PR-AUC = 0.2900	Top-1 Acc = 0.2682	Top-5 Acc = 0.4890
Epoch = 34
	Training	Accuracy = 0.5669	Cost = 1.290559	Loss = 1.274888
	seen	ROC-AUC = 0.8636	PR-AUC = 0.3451	Top-1 Acc = 0.3706	Top-5 Acc = 0.5929
	unseen	ROC-AUC = 0.8635	PR-AUC = 0.2320	Top-1 Acc = 0.1925	Top-5 Acc = 0.4136
	Mean	ROC-AUC = 0.8636	PR-AUC = 0.2685	Top-1 Acc = 0.2500	Top-5 Acc = 0.4715
Epoch = 35
	Training	Accuracy = 0.5760	Cost = 1.297859	Loss = 1.281717
	seen	ROC-AUC = 0.8694	PR-AUC = 0.3658	Top-1 Acc = 0.3871	Top-5 Acc = 0.6012
	unseen	ROC-AUC = 0.8682	PR-AUC = 0.2402	Top-1 Acc = 0.2104	Top-5 Acc = 0.4035
	Mean	ROC-AUC = 0.8686	PR-AUC = 0.2808	Top-1 Acc = 0.2675	Top-5 Acc = 0.4673
Epoch = 36
	Training	Accuracy = 0.6081	Cost = 1.188655	Loss = 1.172030
	seen	ROC-AUC = 0.8661	PR-AUC = 0.3707	Top-1 Acc = 0.3906	Top-5 Acc = 0.6000
	unseen	ROC-AUC = 0.8552	PR-AUC = 0.2443	Top-1 Acc = 0.1925	Top-5 Acc = 0.4130
	Mean	ROC-AUC = 0.8587	PR-AUC = 0.2852	Top-1 Acc = 0.2565	Top-5 Acc = 0.4734
Epoch = 37
	Training	Accuracy = 0.6231	Cost = 1.145063	Loss = 1.127959
	seen	ROC-AUC = 0.8696	PR-AUC = 0.3678	Top-1 Acc = 0.4129	Top-5 Acc = 0.6282
	unseen	ROC-AUC = 0.8683	PR-AUC = 0.2587	Top-1 Acc = 0.2177	Top-5 Acc = 0.4439
	Mean	ROC-AUC = 0.8687	PR-AUC = 0.2939	Top-1 Acc = 0.2808	Top-5 Acc = 0.5034
Epoch = 38
	Training	Accuracy = 0.6372	Cost = 1.066680	Loss = 1.049058
	seen	ROC-AUC = 0.8706	PR-AUC = 0.3791	Top-1 Acc = 0.4012	Top-5 Acc = 0.6435
	unseen	ROC-AUC = 0.8667	PR-AUC = 0.2657	Top-1 Acc = 0.2228	Top-5 Acc = 0.4444
	Mean	ROC-AUC = 0.8680	PR-AUC = 0.3023	Top-1 Acc = 0.2804	Top-5 Acc = 0.5087
Epoch = 39
	Training	Accuracy = 0.6663	Cost = 0.966264	Loss = 0.948121
	seen	ROC-AUC = 0.8691	PR-AUC = 0.3518	Top-1 Acc = 0.3835	Top-5 Acc = 0.6306
	unseen	ROC-AUC = 0.8709	PR-AUC = 0.2566	Top-1 Acc = 0.2155	Top-5 Acc = 0.4467
	Mean	ROC-AUC = 0.8703	PR-AUC = 0.2874	Top-1 Acc = 0.2698	Top-5 Acc = 0.5061
Epoch = 40
	Training	Accuracy = 0.6707	Cost = 0.962936	Loss = 0.944234
	seen	ROC-AUC = 0.8740	PR-AUC = 0.3795	Top-1 Acc = 0.4212	Top-5 Acc = 0.6529
	unseen	ROC-AUC = 0.8738	PR-AUC = 0.2802	Top-1 Acc = 0.2211	Top-5 Acc = 0.4523
	Mean	ROC-AUC = 0.8739	PR-AUC = 0.3122	Top-1 Acc = 0.2857	Top-5 Acc = 0.5171
Epoch = 41
	Training	Accuracy = 0.6842	Cost = 0.870471	Loss = 0.851242
	seen	ROC-AUC = 0.8678	PR-AUC = 0.3756	Top-1 Acc = 0.4165	Top-5 Acc = 0.6306
	unseen	ROC-AUC = 0.8574	PR-AUC = 0.2678	Top-1 Acc = 0.2256	Top-5 Acc = 0.4433
	Mean	ROC-AUC = 0.8607	PR-AUC = 0.3026	Top-1 Acc = 0.2872	Top-5 Acc = 0.5038
Epoch = 42
	Training	Accuracy = 0.6960	Cost = 0.799928	Loss = 0.780170
	seen	ROC-AUC = 0.8719	PR-AUC = 0.3583	Top-1 Acc = 0.4235	Top-5 Acc = 0.6471
	unseen	ROC-AUC = 0.8674	PR-AUC = 0.2580	Top-1 Acc = 0.2368	Top-5 Acc = 0.4512
	Mean	ROC-AUC = 0.8689	PR-AUC = 0.2904	Top-1 Acc = 0.2971	Top-5 Acc = 0.5144
Epoch = 43
	Training	Accuracy = 0.6974	Cost = 0.782587	Loss = 0.762292
	seen	ROC-AUC = 0.8668	PR-AUC = 0.3808	Top-1 Acc = 0.4200	Top-5 Acc = 0.6247
	unseen	ROC-AUC = 0.8676	PR-AUC = 0.2718	Top-1 Acc = 0.2357	Top-5 Acc = 0.4444
	Mean	ROC-AUC = 0.8673	PR-AUC = 0.3070	Top-1 Acc = 0.2952	Top-5 Acc = 0.5027
Epoch = 44
	Training	Accuracy = 0.7174	Cost = 0.691857	Loss = 0.671040
	seen	ROC-AUC = 0.8704	PR-AUC = 0.4091	Top-1 Acc = 0.4424	Top-5 Acc = 0.6400
	unseen	ROC-AUC = 0.8733	PR-AUC = 0.2824	Top-1 Acc = 0.2374	Top-5 Acc = 0.4708
	Mean	ROC-AUC = 0.8724	PR-AUC = 0.3233	Top-1 Acc = 0.3036	Top-5 Acc = 0.5255
Epoch = 45
	Training	Accuracy = 0.7254	Cost = 0.675390	Loss = 0.654034
	seen	ROC-AUC = 0.8699	PR-AUC = 0.3924	Top-1 Acc = 0.4176	Top-5 Acc = 0.6365
	unseen	ROC-AUC = 0.8691	PR-AUC = 0.2929	Top-1 Acc = 0.2368	Top-5 Acc = 0.4551
	Mean	ROC-AUC = 0.8693	PR-AUC = 0.3250	Top-1 Acc = 0.2952	Top-5 Acc = 0.5137
Epoch = 46
	Training	Accuracy = 0.7321	Cost = 0.604304	Loss = 0.582426
	seen	ROC-AUC = 0.8633	PR-AUC = 0.3761	Top-1 Acc = 0.4012	Top-5 Acc = 0.6094
	unseen	ROC-AUC = 0.8656	PR-AUC = 0.2873	Top-1 Acc = 0.2323	Top-5 Acc = 0.4327
	Mean	ROC-AUC = 0.8649	PR-AUC = 0.3160	Top-1 Acc = 0.2869	Top-5 Acc = 0.4897
Epoch = 47
	Training	Accuracy = 0.7371	Cost = 0.601342	Loss = 0.578941
	seen	ROC-AUC = 0.8656	PR-AUC = 0.4075	Top-1 Acc = 0.4224	Top-5 Acc = 0.6424
	unseen	ROC-AUC = 0.8689	PR-AUC = 0.2916	Top-1 Acc = 0.2520	Top-5 Acc = 0.4792
	Mean	ROC-AUC = 0.8679	PR-AUC = 0.3290	Top-1 Acc = 0.3070	Top-5 Acc = 0.5319
Epoch = 48
	Training	Accuracy = 0.7501	Cost = 0.522903	Loss = 0.499984
	seen	ROC-AUC = 0.8668	PR-AUC = 0.4173	Top-1 Acc = 0.4176	Top-5 Acc = 0.6282
	unseen	ROC-AUC = 0.8672	PR-AUC = 0.2885	Top-1 Acc = 0.2576	Top-5 Acc = 0.4585
	Mean	ROC-AUC = 0.8671	PR-AUC = 0.3301	Top-1 Acc = 0.3093	Top-5 Acc = 0.5133
Epoch = 49
	Training	Accuracy = 0.7521	Cost = 0.488267	Loss = 0.464860
	seen	ROC-AUC = 0.8662	PR-AUC = 0.4168	Top-1 Acc = 0.4459	Top-5 Acc = 0.6494
	unseen	ROC-AUC = 0.8650	PR-AUC = 0.2894	Top-1 Acc = 0.2632	Top-5 Acc = 0.4703
	Mean	ROC-AUC = 0.8654	PR-AUC = 0.3305	Top-1 Acc = 0.3222	Top-5 Acc = 0.5281
Epoch = 50
	Training	Accuracy = 0.7571	Cost = 0.483236	Loss = 0.459357
	seen	ROC-AUC = 0.8687	PR-AUC = 0.4278	Top-1 Acc = 0.4435	Top-5 Acc = 0.6424
	unseen	ROC-AUC = 0.8657	PR-AUC = 0.2860	Top-1 Acc = 0.2570	Top-5 Acc = 0.4691
	Mean	ROC-AUC = 0.8667	PR-AUC = 0.3318	Top-1 Acc = 0.3172	Top-5 Acc = 0.5251
Epoch = 51
	Training	Accuracy = 0.7660	Cost = 0.433531	Loss = 0.409191
	seen	ROC-AUC = 0.8667	PR-AUC = 0.4290	Top-1 Acc = 0.4200	Top-5 Acc = 0.6376
	unseen	ROC-AUC = 0.8666	PR-AUC = 0.2947	Top-1 Acc = 0.2699	Top-5 Acc = 0.4759
	Mean	ROC-AUC = 0.8667	PR-AUC = 0.3381	Top-1 Acc = 0.3184	Top-5 Acc = 0.5281
Epoch = 52
	Training	Accuracy = 0.7712	Cost = 0.390089	Loss = 0.365296
	seen	ROC-AUC = 0.8648	PR-AUC = 0.4170	Top-1 Acc = 0.4435	Top-5 Acc = 0.6541
	unseen	ROC-AUC = 0.8644	PR-AUC = 0.2933	Top-1 Acc = 0.2576	Top-5 Acc = 0.4792
	Mean	ROC-AUC = 0.8645	PR-AUC = 0.3332	Top-1 Acc = 0.3176	Top-5 Acc = 0.5357
Epoch = 53
	Training	Accuracy = 0.7718	Cost = 0.368881	Loss = 0.343645
	seen	ROC-AUC = 0.8634	PR-AUC = 0.4112	Top-1 Acc = 0.4518	Top-5 Acc = 0.6376
	unseen	ROC-AUC = 0.8606	PR-AUC = 0.2933	Top-1 Acc = 0.2587	Top-5 Acc = 0.4820
	Mean	ROC-AUC = 0.8615	PR-AUC = 0.3314	Top-1 Acc = 0.3210	Top-5 Acc = 0.5323
Epoch = 54
	Training	Accuracy = 0.7792	Cost = 0.365661	Loss = 0.339998
	seen	ROC-AUC = 0.8667	PR-AUC = 0.4126	Top-1 Acc = 0.4400	Top-5 Acc = 0.6388
	unseen	ROC-AUC = 0.8655	PR-AUC = 0.2864	Top-1 Acc = 0.2615	Top-5 Acc = 0.4703
	Mean	ROC-AUC = 0.8659	PR-AUC = 0.3271	Top-1 Acc = 0.3191	Top-5 Acc = 0.5247
Epoch = 55
	Training	Accuracy = 0.7839	Cost = 0.322538	Loss = 0.296447
	seen	ROC-AUC = 0.8737	PR-AUC = 0.4234	Top-1 Acc = 0.4294	Top-5 Acc = 0.6482
	unseen	ROC-AUC = 0.8674	PR-AUC = 0.2933	Top-1 Acc = 0.2525	Top-5 Acc = 0.4854
	Mean	ROC-AUC = 0.8694	PR-AUC = 0.3353	Top-1 Acc = 0.3097	Top-5 Acc = 0.5380
Epoch = 56
	Training	Accuracy = 0.7839	Cost = 0.318054	Loss = 0.291583
	seen	ROC-AUC = 0.8653	PR-AUC = 0.4198	Top-1 Acc = 0.4188	Top-5 Acc = 0.6318
	unseen	ROC-AUC = 0.8673	PR-AUC = 0.2760	Top-1 Acc = 0.2660	Top-5 Acc = 0.4764
	Mean	ROC-AUC = 0.8666	PR-AUC = 0.3225	Top-1 Acc = 0.3153	Top-5 Acc = 0.5266
Epoch = 57
	Training	Accuracy = 0.7871	Cost = 0.285941	Loss = 0.259087
	seen	ROC-AUC = 0.8674	PR-AUC = 0.4059	Top-1 Acc = 0.4141	Top-5 Acc = 0.6271
	unseen	ROC-AUC = 0.8620	PR-AUC = 0.2844	Top-1 Acc = 0.2660	Top-5 Acc = 0.4613
	Mean	ROC-AUC = 0.8637	PR-AUC = 0.3236	Top-1 Acc = 0.3138	Top-5 Acc = 0.5148
Epoch = 58
	Training	Accuracy = 0.7906	Cost = 0.264120	Loss = 0.236898
	seen	ROC-AUC = 0.8616	PR-AUC = 0.4199	Top-1 Acc = 0.4447	Top-5 Acc = 0.6424
	unseen	ROC-AUC = 0.8678	PR-AUC = 0.2813	Top-1 Acc = 0.2677	Top-5 Acc = 0.4708
	Mean	ROC-AUC = 0.8658	PR-AUC = 0.3261	Top-1 Acc = 0.3248	Top-5 Acc = 0.5262
Epoch = 59
	Training	Accuracy = 0.7892	Cost = 0.284414	Loss = 0.256837
	seen	ROC-AUC = 0.8659	PR-AUC = 0.4175	Top-1 Acc = 0.4506	Top-5 Acc = 0.6659
	unseen	ROC-AUC = 0.8674	PR-AUC = 0.2803	Top-1 Acc = 0.2626	Top-5 Acc = 0.4798
	Mean	ROC-AUC = 0.8669	PR-AUC = 0.3246	Top-1 Acc = 0.3233	Top-5 Acc = 0.5399
Epoch = 60
	Training	Accuracy = 0.7933	Cost = 0.236865	Loss = 0.208930
	seen	ROC-AUC = 0.8646	PR-AUC = 0.4157	Top-1 Acc = 0.4306	Top-5 Acc = 0.6365
	unseen	ROC-AUC = 0.8646	PR-AUC = 0.2805	Top-1 Acc = 0.2738	Top-5 Acc = 0.4708
	Mean	ROC-AUC = 0.8646	PR-AUC = 0.3242	Top-1 Acc = 0.3245	Top-5 Acc = 0.5243
Epoch = 61
	Training	Accuracy = 0.7986	Cost = 0.207487	Loss = 0.179203
	seen	ROC-AUC = 0.8642	PR-AUC = 0.4212	Top-1 Acc = 0.4388	Top-5 Acc = 0.6447
	unseen	ROC-AUC = 0.8648	PR-AUC = 0.2834	Top-1 Acc = 0.2710	Top-5 Acc = 0.4826
	Mean	ROC-AUC = 0.8646	PR-AUC = 0.3279	Top-1 Acc = 0.3252	Top-5 Acc = 0.5350
Epoch = 62
	Training	Accuracy = 0.7962	Cost = 0.220181	Loss = 0.191584
	seen	ROC-AUC = 0.8661	PR-AUC = 0.4178	Top-1 Acc = 0.4365	Top-5 Acc = 0.6459
	unseen	ROC-AUC = 0.8677	PR-AUC = 0.2907	Top-1 Acc = 0.2677	Top-5 Acc = 0.4719
	Mean	ROC-AUC = 0.8672	PR-AUC = 0.3318	Top-1 Acc = 0.3222	Top-5 Acc = 0.5281
Epoch = 63
	Training	Accuracy = 0.7977	Cost = 0.203532	Loss = 0.174625
	seen	ROC-AUC = 0.8592	PR-AUC = 0.4137	Top-1 Acc = 0.4341	Top-5 Acc = 0.6506
	unseen	ROC-AUC = 0.8587	PR-AUC = 0.2733	Top-1 Acc = 0.2497	Top-5 Acc = 0.4798
	Mean	ROC-AUC = 0.8589	PR-AUC = 0.3186	Top-1 Acc = 0.3093	Top-5 Acc = 0.5350
Epoch = 64
	Training	Accuracy = 0.7998	Cost = 0.188495	Loss = 0.159301
	seen	ROC-AUC = 0.8624	PR-AUC = 0.4208	Top-1 Acc = 0.4365	Top-5 Acc = 0.6541
	unseen	ROC-AUC = 0.8618	PR-AUC = 0.2965	Top-1 Acc = 0.2604	Top-5 Acc = 0.4630
	Mean	ROC-AUC = 0.8620	PR-AUC = 0.3367	Top-1 Acc = 0.3172	Top-5 Acc = 0.5247
Epoch = 65
	Training	Accuracy = 0.8012	Cost = 0.186123	Loss = 0.156637
	seen	ROC-AUC = 0.8593	PR-AUC = 0.4039	Top-1 Acc = 0.4318	Top-5 Acc = 0.6353
	unseen	ROC-AUC = 0.8678	PR-AUC = 0.2934	Top-1 Acc = 0.2682	Top-5 Acc = 0.4809
	Mean	ROC-AUC = 0.8650	PR-AUC = 0.3291	Top-1 Acc = 0.3210	Top-5 Acc = 0.5308
Epoch = 66
	Training	Accuracy = 0.8004	Cost = 0.178433	Loss = 0.148696
	seen	ROC-AUC = 0.8636	PR-AUC = 0.4226	Top-1 Acc = 0.4341	Top-5 Acc = 0.6459
	unseen	ROC-AUC = 0.8690	PR-AUC = 0.2951	Top-1 Acc = 0.2643	Top-5 Acc = 0.4843
	Mean	ROC-AUC = 0.8672	PR-AUC = 0.3363	Top-1 Acc = 0.3191	Top-5 Acc = 0.5365
Epoch = 67
	Training	Accuracy = 0.8030	Cost = 0.163609	Loss = 0.133632
	seen	ROC-AUC = 0.8620	PR-AUC = 0.4104	Top-1 Acc = 0.4318	Top-5 Acc = 0.6259
	unseen	ROC-AUC = 0.8659	PR-AUC = 0.2682	Top-1 Acc = 0.2581	Top-5 Acc = 0.4529
	Mean	ROC-AUC = 0.8646	PR-AUC = 0.3141	Top-1 Acc = 0.3142	Top-5 Acc = 0.5087
Epoch = 68
	Training	Accuracy = 0.8018	Cost = 0.158064	Loss = 0.127835
	seen	ROC-AUC = 0.8640	PR-AUC = 0.3953	Top-1 Acc = 0.4235	Top-5 Acc = 0.6376
	unseen	ROC-AUC = 0.8665	PR-AUC = 0.2900	Top-1 Acc = 0.2761	Top-5 Acc = 0.4848
	Mean	ROC-AUC = 0.8657	PR-AUC = 0.3240	Top-1 Acc = 0.3237	Top-5 Acc = 0.5342
Epoch = 69
	Training	Accuracy = 0.8012	Cost = 0.154198	Loss = 0.123720
	seen	ROC-AUC = 0.8600	PR-AUC = 0.4073	Top-1 Acc = 0.4329	Top-5 Acc = 0.6400
	unseen	ROC-AUC = 0.8648	PR-AUC = 0.2836	Top-1 Acc = 0.2649	Top-5 Acc = 0.4725
	Mean	ROC-AUC = 0.8632	PR-AUC = 0.3236	Top-1 Acc = 0.3191	Top-5 Acc = 0.5266
Epoch = 70
	Training	Accuracy = 0.8042	Cost = 0.130479	Loss = 0.099774
	seen	ROC-AUC = 0.8629	PR-AUC = 0.4045	Top-1 Acc = 0.4294	Top-5 Acc = 0.6412
	unseen	ROC-AUC = 0.8638	PR-AUC = 0.2848	Top-1 Acc = 0.2710	Top-5 Acc = 0.4792
	Mean	ROC-AUC = 0.8635	PR-AUC = 0.3235	Top-1 Acc = 0.3222	Top-5 Acc = 0.5315
Epoch = 71
	Training	Accuracy = 0.8024	Cost = 0.152695	Loss = 0.121782
	seen	ROC-AUC = 0.8633	PR-AUC = 0.4153	Top-1 Acc = 0.4176	Top-5 Acc = 0.6329
	unseen	ROC-AUC = 0.8607	PR-AUC = 0.2788	Top-1 Acc = 0.2525	Top-5 Acc = 0.4725
	Mean	ROC-AUC = 0.8615	PR-AUC = 0.3228	Top-1 Acc = 0.3059	Top-5 Acc = 0.5243
Epoch = 72
	Training	Accuracy = 0.8039	Cost = 0.125643	Loss = 0.094539
	seen	ROC-AUC = 0.8592	PR-AUC = 0.4117	Top-1 Acc = 0.4329	Top-5 Acc = 0.6200
	unseen	ROC-AUC = 0.8590	PR-AUC = 0.2800	Top-1 Acc = 0.2559	Top-5 Acc = 0.4680
	Mean	ROC-AUC = 0.8591	PR-AUC = 0.3225	Top-1 Acc = 0.3131	Top-5 Acc = 0.5171
Epoch = 73
	Training	Accuracy = 0.8048	Cost = 0.132493	Loss = 0.101208
	seen	ROC-AUC = 0.8596	PR-AUC = 0.4009	Top-1 Acc = 0.4424	Top-5 Acc = 0.6435
	unseen	ROC-AUC = 0.8641	PR-AUC = 0.2855	Top-1 Acc = 0.2626	Top-5 Acc = 0.4630
	Mean	ROC-AUC = 0.8626	PR-AUC = 0.3228	Top-1 Acc = 0.3207	Top-5 Acc = 0.5213
Epoch = 74
	Training	Accuracy = 0.8039	Cost = 0.116067	Loss = 0.084614
	seen	ROC-AUC = 0.8641	PR-AUC = 0.4128	Top-1 Acc = 0.4282	Top-5 Acc = 0.6494
	unseen	ROC-AUC = 0.8610	PR-AUC = 0.2792	Top-1 Acc = 0.2581	Top-5 Acc = 0.4630
	Mean	ROC-AUC = 0.8620	PR-AUC = 0.3223	Top-1 Acc = 0.3131	Top-5 Acc = 0.5232
Epoch = 75
	Training	Accuracy = 0.8024	Cost = 0.138957	Loss = 0.107322
	seen	ROC-AUC = 0.8614	PR-AUC = 0.3973	Top-1 Acc = 0.4341	Top-5 Acc = 0.6412
	unseen	ROC-AUC = 0.8624	PR-AUC = 0.2886	Top-1 Acc = 0.2458	Top-5 Acc = 0.4624
	Mean	ROC-AUC = 0.8620	PR-AUC = 0.3237	Top-1 Acc = 0.3066	Top-5 Acc = 0.5201
Epoch = 76
	Training	Accuracy = 0.8056	Cost = 0.105067	Loss = 0.073293
	seen	ROC-AUC = 0.8661	PR-AUC = 0.3914	Top-1 Acc = 0.4176	Top-5 Acc = 0.6353
	unseen	ROC-AUC = 0.8625	PR-AUC = 0.2842	Top-1 Acc = 0.2559	Top-5 Acc = 0.4759
	Mean	ROC-AUC = 0.8636	PR-AUC = 0.3188	Top-1 Acc = 0.3081	Top-5 Acc = 0.5274
Epoch = 77
	Training	Accuracy = 0.8051	Cost = 0.121326	Loss = 0.089392
	seen	ROC-AUC = 0.8601	PR-AUC = 0.4110	Top-1 Acc = 0.4482	Top-5 Acc = 0.6353
	unseen	ROC-AUC = 0.8571	PR-AUC = 0.2730	Top-1 Acc = 0.2609	Top-5 Acc = 0.4641
	Mean	ROC-AUC = 0.8581	PR-AUC = 0.3176	Top-1 Acc = 0.3214	Top-5 Acc = 0.5194
Epoch = 78
	Training	Accuracy = 0.8045	Cost = 0.116220	Loss = 0.084136
	seen	ROC-AUC = 0.8606	PR-AUC = 0.4107	Top-1 Acc = 0.4376	Top-5 Acc = 0.6282
	unseen	ROC-AUC = 0.8620	PR-AUC = 0.2855	Top-1 Acc = 0.2598	Top-5 Acc = 0.4540
	Mean	ROC-AUC = 0.8615	PR-AUC = 0.3259	Top-1 Acc = 0.3172	Top-5 Acc = 0.5103
Epoch = 79
	Training	Accuracy = 0.8048	Cost = 0.104028	Loss = 0.071791
	seen	ROC-AUC = 0.8611	PR-AUC = 0.4007	Top-1 Acc = 0.4341	Top-5 Acc = 0.6271
	unseen	ROC-AUC = 0.8626	PR-AUC = 0.2777	Top-1 Acc = 0.2649	Top-5 Acc = 0.4602
	Mean	ROC-AUC = 0.8622	PR-AUC = 0.3174	Top-1 Acc = 0.3195	Top-5 Acc = 0.5141
Epoch = 80
	Training	Accuracy = 0.8042	Cost = 0.125142	Loss = 0.092762
	seen	ROC-AUC = 0.8632	PR-AUC = 0.4071	Top-1 Acc = 0.4247	Top-5 Acc = 0.6447
	unseen	ROC-AUC = 0.8644	PR-AUC = 0.2796	Top-1 Acc = 0.2531	Top-5 Acc = 0.4731
	Mean	ROC-AUC = 0.8640	PR-AUC = 0.3208	Top-1 Acc = 0.3085	Top-5 Acc = 0.5285
Epoch = 81
	Training	Accuracy = 0.8056	Cost = 0.091676	Loss = 0.059203
	seen	ROC-AUC = 0.8645	PR-AUC = 0.4009	Top-1 Acc = 0.4259	Top-5 Acc = 0.6200
	unseen	ROC-AUC = 0.8646	PR-AUC = 0.2733	Top-1 Acc = 0.2565	Top-5 Acc = 0.4669
	Mean	ROC-AUC = 0.8646	PR-AUC = 0.3145	Top-1 Acc = 0.3112	Top-5 Acc = 0.5163
Epoch = 82
	Training	Accuracy = 0.8059	Cost = 0.090409	Loss = 0.057829
	seen	ROC-AUC = 0.8609	PR-AUC = 0.4117	Top-1 Acc = 0.4529	Top-5 Acc = 0.6435
	unseen	ROC-AUC = 0.8639	PR-AUC = 0.2801	Top-1 Acc = 0.2660	Top-5 Acc = 0.4776
	Mean	ROC-AUC = 0.8629	PR-AUC = 0.3226	Top-1 Acc = 0.3264	Top-5 Acc = 0.5312
Epoch = 83
	Training	Accuracy = 0.8051	Cost = 0.101957	Loss = 0.069266
	seen	ROC-AUC = 0.8623	PR-AUC = 0.4029	Top-1 Acc = 0.4565	Top-5 Acc = 0.6506
	unseen	ROC-AUC = 0.8612	PR-AUC = 0.2724	Top-1 Acc = 0.2508	Top-5 Acc = 0.4820
	Mean	ROC-AUC = 0.8615	PR-AUC = 0.3146	Top-1 Acc = 0.3172	Top-5 Acc = 0.5365
Epoch = 84
	Training	Accuracy = 0.8036	Cost = 0.095674	Loss = 0.062863
	seen	ROC-AUC = 0.8568	PR-AUC = 0.4064	Top-1 Acc = 0.4365	Top-5 Acc = 0.6318
	unseen	ROC-AUC = 0.8578	PR-AUC = 0.2768	Top-1 Acc = 0.2570	Top-5 Acc = 0.4618
	Mean	ROC-AUC = 0.8575	PR-AUC = 0.3186	Top-1 Acc = 0.3150	Top-5 Acc = 0.5167
Epoch = 85
	Training	Accuracy = 0.8045	Cost = 0.108759	Loss = 0.075833
	seen	ROC-AUC = 0.8590	PR-AUC = 0.4100	Top-1 Acc = 0.4353	Top-5 Acc = 0.6424
	unseen	ROC-AUC = 0.8584	PR-AUC = 0.2676	Top-1 Acc = 0.2570	Top-5 Acc = 0.4675
	Mean	ROC-AUC = 0.8586	PR-AUC = 0.3136	Top-1 Acc = 0.3146	Top-5 Acc = 0.5239
Epoch = 86
	Training	Accuracy = 0.8054	Cost = 0.091979	Loss = 0.058949
	seen	ROC-AUC = 0.8601	PR-AUC = 0.4161	Top-1 Acc = 0.4294	Top-5 Acc = 0.6306
	unseen	ROC-AUC = 0.8616	PR-AUC = 0.2783	Top-1 Acc = 0.2536	Top-5 Acc = 0.4703
	Mean	ROC-AUC = 0.8611	PR-AUC = 0.3228	Top-1 Acc = 0.3104	Top-5 Acc = 0.5220
Epoch = 87
	Training	Accuracy = 0.8051	Cost = 0.097253	Loss = 0.064147
	seen	ROC-AUC = 0.8621	PR-AUC = 0.4018	Top-1 Acc = 0.4235	Top-5 Acc = 0.6294
	unseen	ROC-AUC = 0.8621	PR-AUC = 0.2823	Top-1 Acc = 0.2368	Top-5 Acc = 0.4467
	Mean	ROC-AUC = 0.8621	PR-AUC = 0.3209	Top-1 Acc = 0.2971	Top-5 Acc = 0.5057
Epoch = 88
	Training	Accuracy = 0.8059	Cost = 0.089913	Loss = 0.056763
	seen	ROC-AUC = 0.8595	PR-AUC = 0.4067	Top-1 Acc = 0.4459	Top-5 Acc = 0.6365
	unseen	ROC-AUC = 0.8613	PR-AUC = 0.2741	Top-1 Acc = 0.2576	Top-5 Acc = 0.4630
	Mean	ROC-AUC = 0.8607	PR-AUC = 0.3169	Top-1 Acc = 0.3184	Top-5 Acc = 0.5190
Epoch = 89
	Training	Accuracy = 0.8059	Cost = 0.083566	Loss = 0.050337
	seen	ROC-AUC = 0.8605	PR-AUC = 0.4093	Top-1 Acc = 0.4376	Top-5 Acc = 0.6271
	unseen	ROC-AUC = 0.8606	PR-AUC = 0.2684	Top-1 Acc = 0.2475	Top-5 Acc = 0.4613
	Mean	ROC-AUC = 0.8606	PR-AUC = 0.3139	Top-1 Acc = 0.3089	Top-5 Acc = 0.5148
Epoch = 90
	Training	Accuracy = 0.8054	Cost = 0.101990	Loss = 0.068680
	seen	ROC-AUC = 0.8600	PR-AUC = 0.4088	Top-1 Acc = 0.4459	Top-5 Acc = 0.6341
	unseen	ROC-AUC = 0.8596	PR-AUC = 0.2792	Top-1 Acc = 0.2615	Top-5 Acc = 0.4641
	Mean	ROC-AUC = 0.8598	PR-AUC = 0.3210	Top-1 Acc = 0.3210	Top-5 Acc = 0.5190
Epoch = 91
	Training	Accuracy = 0.8051	Cost = 0.087392	Loss = 0.054017
	seen	ROC-AUC = 0.8628	PR-AUC = 0.4109	Top-1 Acc = 0.4506	Top-5 Acc = 0.6365
	unseen	ROC-AUC = 0.8596	PR-AUC = 0.2785	Top-1 Acc = 0.2520	Top-5 Acc = 0.4428
	Mean	ROC-AUC = 0.8607	PR-AUC = 0.3213	Top-1 Acc = 0.3161	Top-5 Acc = 0.5053
Epoch = 92
	Training	Accuracy = 0.8059	Cost = 0.087667	Loss = 0.054249
	seen	ROC-AUC = 0.8656	PR-AUC = 0.4324	Top-1 Acc = 0.4447	Top-5 Acc = 0.6365
	unseen	ROC-AUC = 0.8608	PR-AUC = 0.2818	Top-1 Acc = 0.2514	Top-5 Acc = 0.4714
	Mean	ROC-AUC = 0.8623	PR-AUC = 0.3305	Top-1 Acc = 0.3138	Top-5 Acc = 0.5247
Epoch = 93
	Training	Accuracy = 0.8059	Cost = 0.099613	Loss = 0.066126
	seen	ROC-AUC = 0.8587	PR-AUC = 0.4088	Top-1 Acc = 0.4412	Top-5 Acc = 0.6435
	unseen	ROC-AUC = 0.8610	PR-AUC = 0.2768	Top-1 Acc = 0.2570	Top-5 Acc = 0.4635
	Mean	ROC-AUC = 0.8603	PR-AUC = 0.3194	Top-1 Acc = 0.3165	Top-5 Acc = 0.5217
Epoch = 94
	Training	Accuracy = 0.8051	Cost = 0.073760	Loss = 0.040210
	seen	ROC-AUC = 0.8625	PR-AUC = 0.4141	Top-1 Acc = 0.4235	Top-5 Acc = 0.6529
	unseen	ROC-AUC = 0.8621	PR-AUC = 0.2846	Top-1 Acc = 0.2525	Top-5 Acc = 0.4579
	Mean	ROC-AUC = 0.8623	PR-AUC = 0.3264	Top-1 Acc = 0.3078	Top-5 Acc = 0.5209
Epoch = 95
	Training	Accuracy = 0.8059	Cost = 0.085369	Loss = 0.051763
	seen	ROC-AUC = 0.8602	PR-AUC = 0.4083	Top-1 Acc = 0.4388	Top-5 Acc = 0.6424
	unseen	ROC-AUC = 0.8594	PR-AUC = 0.2688	Top-1 Acc = 0.2492	Top-5 Acc = 0.4691
	Mean	ROC-AUC = 0.8597	PR-AUC = 0.3138	Top-1 Acc = 0.3104	Top-5 Acc = 0.5251
Epoch = 96
	Training	Accuracy = 0.8048	Cost = 0.100788	Loss = 0.067109
	seen	ROC-AUC = 0.8610	PR-AUC = 0.4235	Top-1 Acc = 0.4529	Top-5 Acc = 0.6400
	unseen	ROC-AUC = 0.8613	PR-AUC = 0.2661	Top-1 Acc = 0.2649	Top-5 Acc = 0.4602
	Mean	ROC-AUC = 0.8612	PR-AUC = 0.3169	Top-1 Acc = 0.3256	Top-5 Acc = 0.5182
Epoch = 97
	Training	Accuracy = 0.8056	Cost = 0.076402	Loss = 0.042678
	seen	ROC-AUC = 0.8651	PR-AUC = 0.4105	Top-1 Acc = 0.4424	Top-5 Acc = 0.6376
	unseen	ROC-AUC = 0.8607	PR-AUC = 0.2671	Top-1 Acc = 0.2452	Top-5 Acc = 0.4478
	Mean	ROC-AUC = 0.8621	PR-AUC = 0.3134	Top-1 Acc = 0.3089	Top-5 Acc = 0.5091
Epoch = 98
	Training	Accuracy = 0.8059	Cost = 0.074865	Loss = 0.041085
	seen	ROC-AUC = 0.8629	PR-AUC = 0.4129	Top-1 Acc = 0.4529	Top-5 Acc = 0.6365
	unseen	ROC-AUC = 0.8602	PR-AUC = 0.2788	Top-1 Acc = 0.2621	Top-5 Acc = 0.4680
	Mean	ROC-AUC = 0.8611	PR-AUC = 0.3221	Top-1 Acc = 0.3237	Top-5 Acc = 0.5224
Epoch = 99
	Training	Accuracy = 0.8051	Cost = 0.082712	Loss = 0.048914
	seen	ROC-AUC = 0.8679	PR-AUC = 0.4104	Top-1 Acc = 0.4435	Top-5 Acc = 0.6235
	unseen	ROC-AUC = 0.8604	PR-AUC = 0.2758	Top-1 Acc = 0.2604	Top-5 Acc = 0.4630
	Mean	ROC-AUC = 0.8628	PR-AUC = 0.3193	Top-1 Acc = 0.3195	Top-5 Acc = 0.5148
Epoch = 100
	Training	Accuracy = 0.8054	Cost = 0.098814	Loss = 0.064959
	seen	ROC-AUC = 0.8653	PR-AUC = 0.4231	Top-1 Acc = 0.4518	Top-5 Acc = 0.6365
	unseen	ROC-AUC = 0.8621	PR-AUC = 0.2769	Top-1 Acc = 0.2643	Top-5 Acc = 0.4669
	Mean	ROC-AUC = 0.8631	PR-AUC = 0.3241	Top-1 Acc = 0.3248	Top-5 Acc = 0.5217
