Epoch = 1
	Training	Accuracy = 0.0044	Cost = 15.477238	Loss = 15.305472
	seen	ROC-AUC = 0.5263	PR-AUC = 0.0106	Top-1 Acc = 0.0000	Top-5 Acc = 0.0168
	unseen	ROC-AUC = 0.4840	PR-AUC = 0.0285	Top-1 Acc = 0.0121	Top-5 Acc = 0.0410
	Mean	ROC-AUC = 0.5024	PR-AUC = 0.0207	Top-1 Acc = 0.0068	Top-5 Acc = 0.0305
Epoch = 2
	Training	Accuracy = 0.0076	Cost = 4.368836	Loss = 4.197091
	seen	ROC-AUC = 0.5279	PR-AUC = 0.0153	Top-1 Acc = 0.0000	Top-5 Acc = 0.0105
	unseen	ROC-AUC = 0.5188	PR-AUC = 0.0325	Top-1 Acc = 0.0209	Top-5 Acc = 0.0652
	Mean	ROC-AUC = 0.5228	PR-AUC = 0.0250	Top-1 Acc = 0.0118	Top-5 Acc = 0.0414
Epoch = 3
	Training	Accuracy = 0.0099	Cost = 4.292007	Loss = 4.120296
	seen	ROC-AUC = 0.5146	PR-AUC = 0.0144	Top-1 Acc = 0.0000	Top-5 Acc = 0.0220
	unseen	ROC-AUC = 0.5213	PR-AUC = 0.0401	Top-1 Acc = 0.0209	Top-5 Acc = 0.0499
	Mean	ROC-AUC = 0.5184	PR-AUC = 0.0289	Top-1 Acc = 0.0118	Top-5 Acc = 0.0378
Epoch = 4
	Training	Accuracy = 0.0096	Cost = 5.318344	Loss = 5.146488
	seen	ROC-AUC = 0.5613	PR-AUC = 0.0142	Top-1 Acc = 0.0000	Top-5 Acc = 0.0189
	unseen	ROC-AUC = 0.5545	PR-AUC = 0.0384	Top-1 Acc = 0.0209	Top-5 Acc = 0.0636
	Mean	ROC-AUC = 0.5575	PR-AUC = 0.0279	Top-1 Acc = 0.0118	Top-5 Acc = 0.0442
Epoch = 5
	Training	Accuracy = 0.0138	Cost = 4.155849	Loss = 3.983928
	seen	ROC-AUC = 0.5650	PR-AUC = 0.0203	Top-1 Acc = 0.0000	Top-5 Acc = 0.0199
	unseen	ROC-AUC = 0.5506	PR-AUC = 0.0397	Top-1 Acc = 0.0209	Top-5 Acc = 0.0652
	Mean	ROC-AUC = 0.5568	PR-AUC = 0.0313	Top-1 Acc = 0.0118	Top-5 Acc = 0.0455
Epoch = 6
	Training	Accuracy = 0.0193	Cost = 3.439344	Loss = 3.267540
	seen	ROC-AUC = 0.5772	PR-AUC = 0.0186	Top-1 Acc = 0.0000	Top-5 Acc = 0.0335
	unseen	ROC-AUC = 0.5555	PR-AUC = 0.0408	Top-1 Acc = 0.0209	Top-5 Acc = 0.0748
	Mean	ROC-AUC = 0.5649	PR-AUC = 0.0312	Top-1 Acc = 0.0118	Top-5 Acc = 0.0569
Epoch = 7
	Training	Accuracy = 0.0214	Cost = 4.530467	Loss = 4.358613
	seen	ROC-AUC = 0.5608	PR-AUC = 0.0180	Top-1 Acc = 0.0000	Top-5 Acc = 0.0210
	unseen	ROC-AUC = 0.5131	PR-AUC = 0.0359	Top-1 Acc = 0.0193	Top-5 Acc = 0.0837
	Mean	ROC-AUC = 0.5338	PR-AUC = 0.0281	Top-1 Acc = 0.0109	Top-5 Acc = 0.0564
Epoch = 8
	Training	Accuracy = 0.0175	Cost = 4.098746	Loss = 3.926821
	seen	ROC-AUC = 0.5822	PR-AUC = 0.0176	Top-1 Acc = 0.0000	Top-5 Acc = 0.0304
	unseen	ROC-AUC = 0.5781	PR-AUC = 0.0373	Top-1 Acc = 0.0290	Top-5 Acc = 0.0901
	Mean	ROC-AUC = 0.5799	PR-AUC = 0.0287	Top-1 Acc = 0.0164	Top-5 Acc = 0.0642
Epoch = 9
	Training	Accuracy = 0.0261	Cost = 4.022988	Loss = 3.851108
	seen	ROC-AUC = 0.5524	PR-AUC = 0.0204	Top-1 Acc = 0.0084	Top-5 Acc = 0.0283
	unseen	ROC-AUC = 0.5290	PR-AUC = 0.0328	Top-1 Acc = 0.0105	Top-5 Acc = 0.0523
	Mean	ROC-AUC = 0.5392	PR-AUC = 0.0274	Top-1 Acc = 0.0096	Top-5 Acc = 0.0419
Epoch = 10
	Training	Accuracy = 0.0292	Cost = 4.279800	Loss = 4.107911
	seen	ROC-AUC = 0.5442	PR-AUC = 0.0192	Top-1 Acc = 0.0000	Top-5 Acc = 0.0325
	unseen	ROC-AUC = 0.4868	PR-AUC = 0.0333	Top-1 Acc = 0.0193	Top-5 Acc = 0.0813
	Mean	ROC-AUC = 0.5117	PR-AUC = 0.0272	Top-1 Acc = 0.0109	Top-5 Acc = 0.0601
Epoch = 11
	Training	Accuracy = 0.0274	Cost = 4.197983	Loss = 4.026044
	seen	ROC-AUC = 0.5471	PR-AUC = 0.0209	Top-1 Acc = 0.0000	Top-5 Acc = 0.0283
	unseen	ROC-AUC = 0.5102	PR-AUC = 0.0358	Top-1 Acc = 0.0225	Top-5 Acc = 0.0587
	Mean	ROC-AUC = 0.5262	PR-AUC = 0.0293	Top-1 Acc = 0.0127	Top-5 Acc = 0.0455
Epoch = 12
	Training	Accuracy = 0.0263	Cost = 3.795106	Loss = 3.623098
	seen	ROC-AUC = 0.5922	PR-AUC = 0.0186	Top-1 Acc = 0.0021	Top-5 Acc = 0.0325
	unseen	ROC-AUC = 0.5217	PR-AUC = 0.0330	Top-1 Acc = 0.0249	Top-5 Acc = 0.0813
	Mean	ROC-AUC = 0.5523	PR-AUC = 0.0267	Top-1 Acc = 0.0150	Top-5 Acc = 0.0601
Epoch = 13
	Training	Accuracy = 0.0378	Cost = 3.059605	Loss = 2.887736
	seen	ROC-AUC = 0.6123	PR-AUC = 0.0248	Top-1 Acc = 0.0042	Top-5 Acc = 0.0283
	unseen	ROC-AUC = 0.5697	PR-AUC = 0.0383	Top-1 Acc = 0.0362	Top-5 Acc = 0.0941
	Mean	ROC-AUC = 0.5882	PR-AUC = 0.0325	Top-1 Acc = 0.0223	Top-5 Acc = 0.0655
Epoch = 14
	Training	Accuracy = 0.0331	Cost = 3.540971	Loss = 3.369348
	seen	ROC-AUC = 0.5844	PR-AUC = 0.0313	Top-1 Acc = 0.0105	Top-5 Acc = 0.0346
	unseen	ROC-AUC = 0.5503	PR-AUC = 0.0408	Top-1 Acc = 0.0249	Top-5 Acc = 0.0973
	Mean	ROC-AUC = 0.5651	PR-AUC = 0.0367	Top-1 Acc = 0.0187	Top-5 Acc = 0.0701
Epoch = 15
	Training	Accuracy = 0.0370	Cost = 3.163200	Loss = 2.991873
	seen	ROC-AUC = 0.6028	PR-AUC = 0.0307	Top-1 Acc = 0.0094	Top-5 Acc = 0.0294
	unseen	ROC-AUC = 0.5401	PR-AUC = 0.0414	Top-1 Acc = 0.0346	Top-5 Acc = 0.0893
	Mean	ROC-AUC = 0.5674	PR-AUC = 0.0368	Top-1 Acc = 0.0237	Top-5 Acc = 0.0633
Epoch = 16
	Training	Accuracy = 0.0365	Cost = 3.391236	Loss = 3.220226
	seen	ROC-AUC = 0.6296	PR-AUC = 0.0265	Top-1 Acc = 0.0052	Top-5 Acc = 0.0577
	unseen	ROC-AUC = 0.5819	PR-AUC = 0.0448	Top-1 Acc = 0.0362	Top-5 Acc = 0.1054
	Mean	ROC-AUC = 0.6026	PR-AUC = 0.0369	Top-1 Acc = 0.0228	Top-5 Acc = 0.0847
Epoch = 17
	Training	Accuracy = 0.0394	Cost = 3.108294	Loss = 2.937690
	seen	ROC-AUC = 0.6135	PR-AUC = 0.0383	Top-1 Acc = 0.0084	Top-5 Acc = 0.0377
	unseen	ROC-AUC = 0.5263	PR-AUC = 0.0371	Top-1 Acc = 0.0129	Top-5 Acc = 0.0644
	Mean	ROC-AUC = 0.5641	PR-AUC = 0.0376	Top-1 Acc = 0.0109	Top-5 Acc = 0.0528
Epoch = 18
	Training	Accuracy = 0.0459	Cost = 3.412189	Loss = 3.242030
	seen	ROC-AUC = 0.5813	PR-AUC = 0.0349	Top-1 Acc = 0.0168	Top-5 Acc = 0.0545
	unseen	ROC-AUC = 0.5144	PR-AUC = 0.0350	Top-1 Acc = 0.0088	Top-5 Acc = 0.0660
	Mean	ROC-AUC = 0.5435	PR-AUC = 0.0349	Top-1 Acc = 0.0123	Top-5 Acc = 0.0610
Epoch = 19
	Training	Accuracy = 0.0516	Cost = 2.999174	Loss = 2.829446
	seen	ROC-AUC = 0.6346	PR-AUC = 0.0401	Top-1 Acc = 0.0147	Top-5 Acc = 0.0577
	unseen	ROC-AUC = 0.5415	PR-AUC = 0.0380	Top-1 Acc = 0.0249	Top-5 Acc = 0.0748
	Mean	ROC-AUC = 0.5819	PR-AUC = 0.0389	Top-1 Acc = 0.0205	Top-5 Acc = 0.0674
Epoch = 20
	Training	Accuracy = 0.0451	Cost = 3.230063	Loss = 3.060828
	seen	ROC-AUC = 0.6463	PR-AUC = 0.0331	Top-1 Acc = 0.0356	Top-5 Acc = 0.0713
	unseen	ROC-AUC = 0.5605	PR-AUC = 0.0469	Top-1 Acc = 0.0008	Top-5 Acc = 0.0507
	Mean	ROC-AUC = 0.5978	PR-AUC = 0.0409	Top-1 Acc = 0.0159	Top-5 Acc = 0.0596
Epoch = 21
	Training	Accuracy = 0.0540	Cost = 2.843875	Loss = 2.675077
	seen	ROC-AUC = 0.6143	PR-AUC = 0.0409	Top-1 Acc = 0.0262	Top-5 Acc = 0.1006
	unseen	ROC-AUC = 0.5369	PR-AUC = 0.0401	Top-1 Acc = 0.0209	Top-5 Acc = 0.0611
	Mean	ROC-AUC = 0.5705	PR-AUC = 0.0405	Top-1 Acc = 0.0232	Top-5 Acc = 0.0783
Epoch = 22
	Training	Accuracy = 0.0550	Cost = 2.897281	Loss = 2.729153
	seen	ROC-AUC = 0.6280	PR-AUC = 0.0358	Top-1 Acc = 0.0262	Top-5 Acc = 0.0713
	unseen	ROC-AUC = 0.6099	PR-AUC = 0.0480	Top-1 Acc = 0.0072	Top-5 Acc = 0.0434
	Mean	ROC-AUC = 0.6177	PR-AUC = 0.0427	Top-1 Acc = 0.0155	Top-5 Acc = 0.0555
Epoch = 23
	Training	Accuracy = 0.0540	Cost = 3.110628	Loss = 2.943047
	seen	ROC-AUC = 0.6483	PR-AUC = 0.0431	Top-1 Acc = 0.0262	Top-5 Acc = 0.0744
	unseen	ROC-AUC = 0.5640	PR-AUC = 0.0480	Top-1 Acc = 0.0282	Top-5 Acc = 0.0772
	Mean	ROC-AUC = 0.6006	PR-AUC = 0.0459	Top-1 Acc = 0.0273	Top-5 Acc = 0.0760
Epoch = 24
	Training	Accuracy = 0.0652	Cost = 2.784585	Loss = 2.617603
	seen	ROC-AUC = 0.6234	PR-AUC = 0.0409	Top-1 Acc = 0.0199	Top-5 Acc = 0.0639
	unseen	ROC-AUC = 0.5147	PR-AUC = 0.0401	Top-1 Acc = 0.0217	Top-5 Acc = 0.0756
	Mean	ROC-AUC = 0.5619	PR-AUC = 0.0405	Top-1 Acc = 0.0209	Top-5 Acc = 0.0706
Epoch = 25
	Training	Accuracy = 0.0665	Cost = 2.712551	Loss = 2.546552
	seen	ROC-AUC = 0.5773	PR-AUC = 0.0467	Top-1 Acc = 0.0252	Top-5 Acc = 0.0776
	unseen	ROC-AUC = 0.5249	PR-AUC = 0.0435	Top-1 Acc = 0.0145	Top-5 Acc = 0.0837
	Mean	ROC-AUC = 0.5476	PR-AUC = 0.0449	Top-1 Acc = 0.0191	Top-5 Acc = 0.0810
Epoch = 26
	Training	Accuracy = 0.0647	Cost = 2.771147	Loss = 2.606133
	seen	ROC-AUC = 0.6658	PR-AUC = 0.0476	Top-1 Acc = 0.0461	Top-5 Acc = 0.1394
	unseen	ROC-AUC = 0.5421	PR-AUC = 0.0509	Top-1 Acc = 0.0072	Top-5 Acc = 0.0467
	Mean	ROC-AUC = 0.5958	PR-AUC = 0.0495	Top-1 Acc = 0.0241	Top-5 Acc = 0.0869
Epoch = 27
	Training	Accuracy = 0.0785	Cost = 2.655409	Loss = 2.491419
	seen	ROC-AUC = 0.6772	PR-AUC = 0.0566	Top-1 Acc = 0.0304	Top-5 Acc = 0.0922
	unseen	ROC-AUC = 0.5384	PR-AUC = 0.0375	Top-1 Acc = 0.0209	Top-5 Acc = 0.0821
	Mean	ROC-AUC = 0.5987	PR-AUC = 0.0458	Top-1 Acc = 0.0250	Top-5 Acc = 0.0865
Epoch = 28
	Training	Accuracy = 0.0699	Cost = 2.559660	Loss = 2.396746
	seen	ROC-AUC = 0.6341	PR-AUC = 0.0502	Top-1 Acc = 0.0419	Top-5 Acc = 0.1027
	unseen	ROC-AUC = 0.5515	PR-AUC = 0.0410	Top-1 Acc = 0.0161	Top-5 Acc = 0.0515
	Mean	ROC-AUC = 0.5874	PR-AUC = 0.0450	Top-1 Acc = 0.0273	Top-5 Acc = 0.0737
Epoch = 29
	Training	Accuracy = 0.0839	Cost = 2.653497	Loss = 2.491836
	seen	ROC-AUC = 0.6482	PR-AUC = 0.0633	Top-1 Acc = 0.0367	Top-5 Acc = 0.0912
	unseen	ROC-AUC = 0.5656	PR-AUC = 0.0456	Top-1 Acc = 0.0225	Top-5 Acc = 0.0539
	Mean	ROC-AUC = 0.6015	PR-AUC = 0.0533	Top-1 Acc = 0.0287	Top-5 Acc = 0.0701
Epoch = 30
	Training	Accuracy = 0.0839	Cost = 2.587487	Loss = 2.427059
	seen	ROC-AUC = 0.6519	PR-AUC = 0.0593	Top-1 Acc = 0.0440	Top-5 Acc = 0.0849
	unseen	ROC-AUC = 0.5288	PR-AUC = 0.0431	Top-1 Acc = 0.0072	Top-5 Acc = 0.0660
	Mean	ROC-AUC = 0.5822	PR-AUC = 0.0501	Top-1 Acc = 0.0232	Top-5 Acc = 0.0742
Epoch = 31
	Training	Accuracy = 0.0803	Cost = 2.565017	Loss = 2.405683
	seen	ROC-AUC = 0.7219	PR-AUC = 0.0719	Top-1 Acc = 0.0419	Top-5 Acc = 0.1164
	unseen	ROC-AUC = 0.5620	PR-AUC = 0.0445	Top-1 Acc = 0.0241	Top-5 Acc = 0.0362
	Mean	ROC-AUC = 0.6314	PR-AUC = 0.0564	Top-1 Acc = 0.0319	Top-5 Acc = 0.0710
Epoch = 32
	Training	Accuracy = 0.0842	Cost = 2.545734	Loss = 2.387563
	seen	ROC-AUC = 0.6997	PR-AUC = 0.0633	Top-1 Acc = 0.0556	Top-5 Acc = 0.1048
	unseen	ROC-AUC = 0.5359	PR-AUC = 0.0469	Top-1 Acc = 0.0048	Top-5 Acc = 0.0274
	Mean	ROC-AUC = 0.6070	PR-AUC = 0.0540	Top-1 Acc = 0.0269	Top-5 Acc = 0.0610
Epoch = 33
	Training	Accuracy = 0.0813	Cost = 2.533337	Loss = 2.376226
	seen	ROC-AUC = 0.6708	PR-AUC = 0.0589	Top-1 Acc = 0.0545	Top-5 Acc = 0.1226
	unseen	ROC-AUC = 0.5653	PR-AUC = 0.0481	Top-1 Acc = 0.0177	Top-5 Acc = 0.0636
	Mean	ROC-AUC = 0.6111	PR-AUC = 0.0528	Top-1 Acc = 0.0337	Top-5 Acc = 0.0892
Epoch = 34
	Training	Accuracy = 0.0983	Cost = 2.483635	Loss = 2.327608
	seen	ROC-AUC = 0.7163	PR-AUC = 0.0769	Top-1 Acc = 0.0440	Top-5 Acc = 0.0996
	unseen	ROC-AUC = 0.5519	PR-AUC = 0.0505	Top-1 Acc = 0.0024	Top-5 Acc = 0.0748
	Mean	ROC-AUC = 0.6233	PR-AUC = 0.0620	Top-1 Acc = 0.0205	Top-5 Acc = 0.0856
Epoch = 35
	Training	Accuracy = 0.1058	Cost = 2.368291	Loss = 2.213417
	seen	ROC-AUC = 0.7108	PR-AUC = 0.0848	Top-1 Acc = 0.0797	Top-5 Acc = 0.1572
	unseen	ROC-AUC = 0.5821	PR-AUC = 0.0581	Top-1 Acc = 0.0080	Top-5 Acc = 0.0676
	Mean	ROC-AUC = 0.6380	PR-AUC = 0.0697	Top-1 Acc = 0.0391	Top-5 Acc = 0.1065
Epoch = 36
	Training	Accuracy = 0.0970	Cost = 2.436871	Loss = 2.283275
	seen	ROC-AUC = 0.7484	PR-AUC = 0.0716	Top-1 Acc = 0.0493	Top-5 Acc = 0.1090
	unseen	ROC-AUC = 0.5763	PR-AUC = 0.0594	Top-1 Acc = 0.0008	Top-5 Acc = 0.0636
	Mean	ROC-AUC = 0.6510	PR-AUC = 0.0647	Top-1 Acc = 0.0218	Top-5 Acc = 0.0833
Epoch = 37
	Training	Accuracy = 0.1064	Cost = 2.391719	Loss = 2.239388
	seen	ROC-AUC = 0.7184	PR-AUC = 0.0763	Top-1 Acc = 0.0639	Top-5 Acc = 0.1216
	unseen	ROC-AUC = 0.5978	PR-AUC = 0.0521	Top-1 Acc = 0.0032	Top-5 Acc = 0.0668
	Mean	ROC-AUC = 0.6501	PR-AUC = 0.0626	Top-1 Acc = 0.0296	Top-5 Acc = 0.0906
Epoch = 38
	Training	Accuracy = 0.1097	Cost = 2.403083	Loss = 2.252120
	seen	ROC-AUC = 0.7336	PR-AUC = 0.0677	Top-1 Acc = 0.0587	Top-5 Acc = 0.1457
	unseen	ROC-AUC = 0.5610	PR-AUC = 0.0435	Top-1 Acc = 0.0048	Top-5 Acc = 0.0418
	Mean	ROC-AUC = 0.6359	PR-AUC = 0.0540	Top-1 Acc = 0.0282	Top-5 Acc = 0.0869
Epoch = 39
	Training	Accuracy = 0.1204	Cost = 2.303109	Loss = 2.153529
	seen	ROC-AUC = 0.7374	PR-AUC = 0.0910	Top-1 Acc = 0.0577	Top-5 Acc = 0.1268
	unseen	ROC-AUC = 0.5657	PR-AUC = 0.0655	Top-1 Acc = 0.0016	Top-5 Acc = 0.0829
	Mean	ROC-AUC = 0.6402	PR-AUC = 0.0766	Top-1 Acc = 0.0259	Top-5 Acc = 0.1020
Epoch = 40
	Training	Accuracy = 0.1157	Cost = 2.345285	Loss = 2.197065
	seen	ROC-AUC = 0.6861	PR-AUC = 0.0818	Top-1 Acc = 0.0545	Top-5 Acc = 0.1520
	unseen	ROC-AUC = 0.5312	PR-AUC = 0.0496	Top-1 Acc = 0.0290	Top-5 Acc = 0.0877
	Mean	ROC-AUC = 0.5985	PR-AUC = 0.0636	Top-1 Acc = 0.0401	Top-5 Acc = 0.1156
Epoch = 41
	Training	Accuracy = 0.1358	Cost = 2.326801	Loss = 2.180012
	seen	ROC-AUC = 0.7399	PR-AUC = 0.0936	Top-1 Acc = 0.0713	Top-5 Acc = 0.1751
	unseen	ROC-AUC = 0.5555	PR-AUC = 0.0520	Top-1 Acc = 0.0290	Top-5 Acc = 0.0925
	Mean	ROC-AUC = 0.6356	PR-AUC = 0.0700	Top-1 Acc = 0.0473	Top-5 Acc = 0.1284
Epoch = 42
	Training	Accuracy = 0.1475	Cost = 2.255559	Loss = 2.110194
	seen	ROC-AUC = 0.7732	PR-AUC = 0.1009	Top-1 Acc = 0.0870	Top-5 Acc = 0.1813
	unseen	ROC-AUC = 0.5672	PR-AUC = 0.0595	Top-1 Acc = 0.0080	Top-5 Acc = 0.0805
	Mean	ROC-AUC = 0.6567	PR-AUC = 0.0775	Top-1 Acc = 0.0423	Top-5 Acc = 0.1243
Epoch = 43
	Training	Accuracy = 0.1520	Cost = 2.219435	Loss = 2.075728
	seen	ROC-AUC = 0.7307	PR-AUC = 0.1055	Top-1 Acc = 0.0922	Top-5 Acc = 0.1635
	unseen	ROC-AUC = 0.5552	PR-AUC = 0.0519	Top-1 Acc = 0.0072	Top-5 Acc = 0.0249
	Mean	ROC-AUC = 0.6314	PR-AUC = 0.0751	Top-1 Acc = 0.0442	Top-5 Acc = 0.0851
Epoch = 44
	Training	Accuracy = 0.1507	Cost = 2.219139	Loss = 2.077092
	seen	ROC-AUC = 0.7248	PR-AUC = 0.1203	Top-1 Acc = 0.0860	Top-5 Acc = 0.1782
	unseen	ROC-AUC = 0.5211	PR-AUC = 0.0527	Top-1 Acc = 0.0209	Top-5 Acc = 0.0338
	Mean	ROC-AUC = 0.6096	PR-AUC = 0.0821	Top-1 Acc = 0.0492	Top-5 Acc = 0.0965
Epoch = 45
	Training	Accuracy = 0.1426	Cost = 2.263658	Loss = 2.123048
	seen	ROC-AUC = 0.7277	PR-AUC = 0.0962	Top-1 Acc = 0.0849	Top-5 Acc = 0.1488
	unseen	ROC-AUC = 0.5539	PR-AUC = 0.0573	Top-1 Acc = 0.0282	Top-5 Acc = 0.0700
	Mean	ROC-AUC = 0.6294	PR-AUC = 0.0742	Top-1 Acc = 0.0528	Top-5 Acc = 0.1042
Epoch = 46
	Training	Accuracy = 0.1577	Cost = 2.194618	Loss = 2.055231
	seen	ROC-AUC = 0.7368	PR-AUC = 0.1297	Top-1 Acc = 0.0881	Top-5 Acc = 0.1981
	unseen	ROC-AUC = 0.5522	PR-AUC = 0.0582	Top-1 Acc = 0.0072	Top-5 Acc = 0.0322
	Mean	ROC-AUC = 0.6324	PR-AUC = 0.0893	Top-1 Acc = 0.0423	Top-5 Acc = 0.1042
Epoch = 47
	Training	Accuracy = 0.1671	Cost = 2.165558	Loss = 2.027758
	seen	ROC-AUC = 0.7292	PR-AUC = 0.1110	Top-1 Acc = 0.0870	Top-5 Acc = 0.1751
	unseen	ROC-AUC = 0.5381	PR-AUC = 0.0502	Top-1 Acc = 0.0274	Top-5 Acc = 0.0539
	Mean	ROC-AUC = 0.6211	PR-AUC = 0.0766	Top-1 Acc = 0.0533	Top-5 Acc = 0.1065
Epoch = 48
	Training	Accuracy = 0.1575	Cost = 2.278689	Loss = 2.142072
	seen	ROC-AUC = 0.7003	PR-AUC = 0.1238	Top-1 Acc = 0.1006	Top-5 Acc = 0.2117
	unseen	ROC-AUC = 0.5474	PR-AUC = 0.0525	Top-1 Acc = 0.0105	Top-5 Acc = 0.0652
	Mean	ROC-AUC = 0.6138	PR-AUC = 0.0835	Top-1 Acc = 0.0496	Top-5 Acc = 0.1288
Epoch = 49
	Training	Accuracy = 0.1775	Cost = 2.143889	Loss = 2.008570
	seen	ROC-AUC = 0.7759	PR-AUC = 0.1319	Top-1 Acc = 0.0996	Top-5 Acc = 0.2096
	unseen	ROC-AUC = 0.5776	PR-AUC = 0.0564	Top-1 Acc = 0.0024	Top-5 Acc = 0.0684
	Mean	ROC-AUC = 0.6637	PR-AUC = 0.0892	Top-1 Acc = 0.0446	Top-5 Acc = 0.1297
Epoch = 50
	Training	Accuracy = 0.1645	Cost = 2.283590	Loss = 2.149462
	seen	ROC-AUC = 0.7359	PR-AUC = 0.1153	Top-1 Acc = 0.1080	Top-5 Acc = 0.2107
	unseen	ROC-AUC = 0.5596	PR-AUC = 0.0584	Top-1 Acc = 0.0161	Top-5 Acc = 0.0459
	Mean	ROC-AUC = 0.6362	PR-AUC = 0.0831	Top-1 Acc = 0.0560	Top-5 Acc = 0.1174
Epoch = 51
	Training	Accuracy = 0.1950	Cost = 2.166254	Loss = 2.033181
	seen	ROC-AUC = 0.7614	PR-AUC = 0.1355	Top-1 Acc = 0.1226	Top-5 Acc = 0.2516
	unseen	ROC-AUC = 0.5495	PR-AUC = 0.0513	Top-1 Acc = 0.0153	Top-5 Acc = 0.0434
	Mean	ROC-AUC = 0.6415	PR-AUC = 0.0879	Top-1 Acc = 0.0619	Top-5 Acc = 0.1338
Epoch = 52
	Training	Accuracy = 0.1984	Cost = 2.120159	Loss = 1.988421
	seen	ROC-AUC = 0.7502	PR-AUC = 0.1211	Top-1 Acc = 0.1153	Top-5 Acc = 0.1992
	unseen	ROC-AUC = 0.5754	PR-AUC = 0.0520	Top-1 Acc = 0.0072	Top-5 Acc = 0.0684
	Mean	ROC-AUC = 0.6513	PR-AUC = 0.0820	Top-1 Acc = 0.0542	Top-5 Acc = 0.1252
Epoch = 53
	Training	Accuracy = 0.1710	Cost = 2.169962	Loss = 2.039393
	seen	ROC-AUC = 0.7369	PR-AUC = 0.1280	Top-1 Acc = 0.1310	Top-5 Acc = 0.2296
	unseen	ROC-AUC = 0.5682	PR-AUC = 0.0505	Top-1 Acc = 0.0177	Top-5 Acc = 0.0451
	Mean	ROC-AUC = 0.6414	PR-AUC = 0.0842	Top-1 Acc = 0.0669	Top-5 Acc = 0.1252
Epoch = 54
	Training	Accuracy = 0.2078	Cost = 2.116774	Loss = 1.987328
	seen	ROC-AUC = 0.7363	PR-AUC = 0.1303	Top-1 Acc = 0.1394	Top-5 Acc = 0.2673
	unseen	ROC-AUC = 0.5523	PR-AUC = 0.0637	Top-1 Acc = 0.0145	Top-5 Acc = 0.0796
	Mean	ROC-AUC = 0.6322	PR-AUC = 0.0927	Top-1 Acc = 0.0687	Top-5 Acc = 0.1611
Epoch = 55
	Training	Accuracy = 0.2151	Cost = 2.097014	Loss = 1.968929
	seen	ROC-AUC = 0.7313	PR-AUC = 0.1231	Top-1 Acc = 0.1090	Top-5 Acc = 0.2002
	unseen	ROC-AUC = 0.5601	PR-AUC = 0.0545	Top-1 Acc = 0.0048	Top-5 Acc = 0.0402
	Mean	ROC-AUC = 0.6344	PR-AUC = 0.0843	Top-1 Acc = 0.0501	Top-5 Acc = 0.1097
Epoch = 56
	Training	Accuracy = 0.1955	Cost = 2.141516	Loss = 2.014392
	seen	ROC-AUC = 0.7466	PR-AUC = 0.1396	Top-1 Acc = 0.1216	Top-5 Acc = 0.2327
	unseen	ROC-AUC = 0.5918	PR-AUC = 0.0670	Top-1 Acc = 0.0338	Top-5 Acc = 0.0619
	Mean	ROC-AUC = 0.6590	PR-AUC = 0.0985	Top-1 Acc = 0.0719	Top-5 Acc = 0.1361
Epoch = 57
	Training	Accuracy = 0.2304	Cost = 2.098737	Loss = 1.972613
	seen	ROC-AUC = 0.7396	PR-AUC = 0.1230	Top-1 Acc = 0.1384	Top-5 Acc = 0.2442
	unseen	ROC-AUC = 0.5738	PR-AUC = 0.0516	Top-1 Acc = 0.0105	Top-5 Acc = 0.0619
	Mean	ROC-AUC = 0.6458	PR-AUC = 0.0826	Top-1 Acc = 0.0660	Top-5 Acc = 0.1411
Epoch = 58
	Training	Accuracy = 0.2117	Cost = 2.067399	Loss = 1.942081
	seen	ROC-AUC = 0.7699	PR-AUC = 0.1362	Top-1 Acc = 0.1331	Top-5 Acc = 0.2275
	unseen	ROC-AUC = 0.5849	PR-AUC = 0.0549	Top-1 Acc = 0.0113	Top-5 Acc = 0.0410
	Mean	ROC-AUC = 0.6652	PR-AUC = 0.0902	Top-1 Acc = 0.0642	Top-5 Acc = 0.1220
Epoch = 59
	Training	Accuracy = 0.2414	Cost = 2.058009	Loss = 1.933772
	seen	ROC-AUC = 0.7476	PR-AUC = 0.1423	Top-1 Acc = 0.1352	Top-5 Acc = 0.2442
	unseen	ROC-AUC = 0.5803	PR-AUC = 0.0559	Top-1 Acc = 0.0097	Top-5 Acc = 0.0539
	Mean	ROC-AUC = 0.6530	PR-AUC = 0.0934	Top-1 Acc = 0.0642	Top-5 Acc = 0.1365
Epoch = 60
	Training	Accuracy = 0.2245	Cost = 2.065744	Loss = 1.942512
	seen	ROC-AUC = 0.8052	PR-AUC = 0.1413	Top-1 Acc = 0.1436	Top-5 Acc = 0.2736
	unseen	ROC-AUC = 0.5717	PR-AUC = 0.0622	Top-1 Acc = 0.0097	Top-5 Acc = 0.0386
	Mean	ROC-AUC = 0.6731	PR-AUC = 0.0965	Top-1 Acc = 0.0678	Top-5 Acc = 0.1406
Epoch = 61
	Training	Accuracy = 0.2341	Cost = 2.049695	Loss = 1.927559
	seen	ROC-AUC = 0.7627	PR-AUC = 0.1447	Top-1 Acc = 0.1468	Top-5 Acc = 0.2778
	unseen	ROC-AUC = 0.5762	PR-AUC = 0.0572	Top-1 Acc = 0.0121	Top-5 Acc = 0.0611
	Mean	ROC-AUC = 0.6572	PR-AUC = 0.0952	Top-1 Acc = 0.0706	Top-5 Acc = 0.1552
Epoch = 62
	Training	Accuracy = 0.2443	Cost = 2.056323	Loss = 1.935042
	seen	ROC-AUC = 0.7907	PR-AUC = 0.1354	Top-1 Acc = 0.1373	Top-5 Acc = 0.2673
	unseen	ROC-AUC = 0.6025	PR-AUC = 0.0676	Top-1 Acc = 0.0048	Top-5 Acc = 0.0676
	Mean	ROC-AUC = 0.6842	PR-AUC = 0.0971	Top-1 Acc = 0.0624	Top-5 Acc = 0.1543
Epoch = 63
	Training	Accuracy = 0.2471	Cost = 2.027893	Loss = 1.907348
	seen	ROC-AUC = 0.7647	PR-AUC = 0.1455	Top-1 Acc = 0.1698	Top-5 Acc = 0.2673
	unseen	ROC-AUC = 0.5680	PR-AUC = 0.0631	Top-1 Acc = 0.0056	Top-5 Acc = 0.0378
	Mean	ROC-AUC = 0.6534	PR-AUC = 0.0989	Top-1 Acc = 0.0769	Top-5 Acc = 0.1375
Epoch = 64
	Training	Accuracy = 0.2523	Cost = 2.024810	Loss = 1.904937
	seen	ROC-AUC = 0.8156	PR-AUC = 0.1623	Top-1 Acc = 0.1845	Top-5 Acc = 0.3543
	unseen	ROC-AUC = 0.6113	PR-AUC = 0.0720	Top-1 Acc = 0.0241	Top-5 Acc = 0.0933
	Mean	ROC-AUC = 0.7000	PR-AUC = 0.1112	Top-1 Acc = 0.0938	Top-5 Acc = 0.2066
Epoch = 65
	Training	Accuracy = 0.2633	Cost = 1.984862	Loss = 1.865768
	seen	ROC-AUC = 0.7995	PR-AUC = 0.1594	Top-1 Acc = 0.1604	Top-5 Acc = 0.2977
	unseen	ROC-AUC = 0.6171	PR-AUC = 0.0634	Top-1 Acc = 0.0282	Top-5 Acc = 0.0821
	Mean	ROC-AUC = 0.6963	PR-AUC = 0.1051	Top-1 Acc = 0.0856	Top-5 Acc = 0.1757
Epoch = 66
	Training	Accuracy = 0.2565	Cost = 2.005338	Loss = 1.886989
	seen	ROC-AUC = 0.7646	PR-AUC = 0.1531	Top-1 Acc = 0.1614	Top-5 Acc = 0.2694
	unseen	ROC-AUC = 0.6055	PR-AUC = 0.0623	Top-1 Acc = 0.0185	Top-5 Acc = 0.0587
	Mean	ROC-AUC = 0.6746	PR-AUC = 0.1017	Top-1 Acc = 0.0806	Top-5 Acc = 0.1502
Epoch = 67
	Training	Accuracy = 0.2729	Cost = 1.963137	Loss = 1.845443
	seen	ROC-AUC = 0.7893	PR-AUC = 0.1655	Top-1 Acc = 0.1709	Top-5 Acc = 0.2830
	unseen	ROC-AUC = 0.6026	PR-AUC = 0.0684	Top-1 Acc = 0.0008	Top-5 Acc = 0.0225
	Mean	ROC-AUC = 0.6836	PR-AUC = 0.1106	Top-1 Acc = 0.0746	Top-5 Acc = 0.1356
Epoch = 68
	Training	Accuracy = 0.2826	Cost = 1.960274	Loss = 1.843387
	seen	ROC-AUC = 0.7779	PR-AUC = 0.1554	Top-1 Acc = 0.1478	Top-5 Acc = 0.2694
	unseen	ROC-AUC = 0.5852	PR-AUC = 0.0572	Top-1 Acc = 0.0113	Top-5 Acc = 0.0442
	Mean	ROC-AUC = 0.6689	PR-AUC = 0.0998	Top-1 Acc = 0.0706	Top-5 Acc = 0.1420
Epoch = 69
	Training	Accuracy = 0.2737	Cost = 1.965623	Loss = 1.849285
	seen	ROC-AUC = 0.8196	PR-AUC = 0.1802	Top-1 Acc = 0.1960	Top-5 Acc = 0.3134
	unseen	ROC-AUC = 0.6278	PR-AUC = 0.0669	Top-1 Acc = 0.0072	Top-5 Acc = 0.0394
	Mean	ROC-AUC = 0.7111	PR-AUC = 0.1161	Top-1 Acc = 0.0892	Top-5 Acc = 0.1584
Epoch = 70
	Training	Accuracy = 0.2946	Cost = 1.947783	Loss = 1.831923
	seen	ROC-AUC = 0.7553	PR-AUC = 0.1538	Top-1 Acc = 0.1614	Top-5 Acc = 0.2704
	unseen	ROC-AUC = 0.6225	PR-AUC = 0.0555	Top-1 Acc = 0.0113	Top-5 Acc = 0.0563
	Mean	ROC-AUC = 0.6802	PR-AUC = 0.0982	Top-1 Acc = 0.0765	Top-5 Acc = 0.1493
Epoch = 71
	Training	Accuracy = 0.2909	Cost = 1.936376	Loss = 1.820902
	seen	ROC-AUC = 0.7965	PR-AUC = 0.1700	Top-1 Acc = 0.1887	Top-5 Acc = 0.3229
	unseen	ROC-AUC = 0.6327	PR-AUC = 0.0655	Top-1 Acc = 0.0088	Top-5 Acc = 0.0869
	Mean	ROC-AUC = 0.7038	PR-AUC = 0.1108	Top-1 Acc = 0.0869	Top-5 Acc = 0.1893
Epoch = 72
	Training	Accuracy = 0.2954	Cost = 1.915746	Loss = 1.800629
	seen	ROC-AUC = 0.8036	PR-AUC = 0.1836	Top-1 Acc = 0.1751	Top-5 Acc = 0.3061
	unseen	ROC-AUC = 0.6133	PR-AUC = 0.0641	Top-1 Acc = 0.0306	Top-5 Acc = 0.0740
	Mean	ROC-AUC = 0.6960	PR-AUC = 0.1160	Top-1 Acc = 0.0933	Top-5 Acc = 0.1748
Epoch = 73
	Training	Accuracy = 0.2995	Cost = 1.915302	Loss = 1.800699
	seen	ROC-AUC = 0.8232	PR-AUC = 0.1830	Top-1 Acc = 0.1876	Top-5 Acc = 0.3208
	unseen	ROC-AUC = 0.6003	PR-AUC = 0.0638	Top-1 Acc = 0.0338	Top-5 Acc = 0.0901
	Mean	ROC-AUC = 0.6971	PR-AUC = 0.1156	Top-1 Acc = 0.1006	Top-5 Acc = 0.1903
Epoch = 74
	Training	Accuracy = 0.2982	Cost = 1.930527	Loss = 1.816357
	seen	ROC-AUC = 0.7894	PR-AUC = 0.1931	Top-1 Acc = 0.1614	Top-5 Acc = 0.2547
	unseen	ROC-AUC = 0.6060	PR-AUC = 0.0718	Top-1 Acc = 0.0153	Top-5 Acc = 0.0394
	Mean	ROC-AUC = 0.6856	PR-AUC = 0.1245	Top-1 Acc = 0.0787	Top-5 Acc = 0.1329
Epoch = 75
	Training	Accuracy = 0.3141	Cost = 1.882372	Loss = 1.768455
	seen	ROC-AUC = 0.8141	PR-AUC = 0.2003	Top-1 Acc = 0.2086	Top-5 Acc = 0.3480
	unseen	ROC-AUC = 0.6256	PR-AUC = 0.0593	Top-1 Acc = 0.0056	Top-5 Acc = 0.0290
	Mean	ROC-AUC = 0.7074	PR-AUC = 0.1205	Top-1 Acc = 0.0938	Top-5 Acc = 0.1675
Epoch = 76
	Training	Accuracy = 0.3170	Cost = 1.876129	Loss = 1.762612
	seen	ROC-AUC = 0.7953	PR-AUC = 0.1870	Top-1 Acc = 0.1992	Top-5 Acc = 0.3302
	unseen	ROC-AUC = 0.6091	PR-AUC = 0.0689	Top-1 Acc = 0.0265	Top-5 Acc = 0.0925
	Mean	ROC-AUC = 0.6899	PR-AUC = 0.1202	Top-1 Acc = 0.1015	Top-5 Acc = 0.1957
Epoch = 77
	Training	Accuracy = 0.3209	Cost = 1.881151	Loss = 1.767872
	seen	ROC-AUC = 0.8250	PR-AUC = 0.1879	Top-1 Acc = 0.2075	Top-5 Acc = 0.3354
	unseen	ROC-AUC = 0.6323	PR-AUC = 0.0752	Top-1 Acc = 0.0354	Top-5 Acc = 0.1014
	Mean	ROC-AUC = 0.7160	PR-AUC = 0.1241	Top-1 Acc = 0.1102	Top-5 Acc = 0.2030
Epoch = 78
	Training	Accuracy = 0.3259	Cost = 1.864148	Loss = 1.751112
	seen	ROC-AUC = 0.7968	PR-AUC = 0.1796	Top-1 Acc = 0.1929	Top-5 Acc = 0.3176
	unseen	ROC-AUC = 0.6276	PR-AUC = 0.0687	Top-1 Acc = 0.0137	Top-5 Acc = 0.0780
	Mean	ROC-AUC = 0.7010	PR-AUC = 0.1168	Top-1 Acc = 0.0915	Top-5 Acc = 0.1821
Epoch = 79
	Training	Accuracy = 0.3298	Cost = 1.859467	Loss = 1.746662
	seen	ROC-AUC = 0.8235	PR-AUC = 0.1983	Top-1 Acc = 0.2107	Top-5 Acc = 0.3302
	unseen	ROC-AUC = 0.6335	PR-AUC = 0.0709	Top-1 Acc = 0.0386	Top-5 Acc = 0.1054
	Mean	ROC-AUC = 0.7160	PR-AUC = 0.1262	Top-1 Acc = 0.1133	Top-5 Acc = 0.2030
Epoch = 80
	Training	Accuracy = 0.3438	Cost = 1.848151	Loss = 1.735390
	seen	ROC-AUC = 0.8342	PR-AUC = 0.2029	Top-1 Acc = 0.2222	Top-5 Acc = 0.3543
	unseen	ROC-AUC = 0.6237	PR-AUC = 0.0702	Top-1 Acc = 0.0193	Top-5 Acc = 0.1006
	Mean	ROC-AUC = 0.7151	PR-AUC = 0.1278	Top-1 Acc = 0.1074	Top-5 Acc = 0.2107
Epoch = 81
	Training	Accuracy = 0.3467	Cost = 1.827132	Loss = 1.714521
	seen	ROC-AUC = 0.7873	PR-AUC = 0.1762	Top-1 Acc = 0.1688	Top-5 Acc = 0.2809
	unseen	ROC-AUC = 0.6328	PR-AUC = 0.0620	Top-1 Acc = 0.0193	Top-5 Acc = 0.0555
	Mean	ROC-AUC = 0.6999	PR-AUC = 0.1116	Top-1 Acc = 0.0842	Top-5 Acc = 0.1534
Epoch = 82
	Training	Accuracy = 0.3540	Cost = 1.825241	Loss = 1.712596
	seen	ROC-AUC = 0.8217	PR-AUC = 0.1944	Top-1 Acc = 0.2191	Top-5 Acc = 0.3470
	unseen	ROC-AUC = 0.6233	PR-AUC = 0.0662	Top-1 Acc = 0.0113	Top-5 Acc = 0.0499
	Mean	ROC-AUC = 0.7094	PR-AUC = 0.1219	Top-1 Acc = 0.1015	Top-5 Acc = 0.1789
Epoch = 83
	Training	Accuracy = 0.3629	Cost = 1.801134	Loss = 1.688494
	seen	ROC-AUC = 0.7977	PR-AUC = 0.2077	Top-1 Acc = 0.2034	Top-5 Acc = 0.3532
	unseen	ROC-AUC = 0.6280	PR-AUC = 0.0632	Top-1 Acc = 0.0121	Top-5 Acc = 0.0660
	Mean	ROC-AUC = 0.7017	PR-AUC = 0.1260	Top-1 Acc = 0.0951	Top-5 Acc = 0.1907
Epoch = 84
	Training	Accuracy = 0.3629	Cost = 1.799729	Loss = 1.687064
	seen	ROC-AUC = 0.8116	PR-AUC = 0.2106	Top-1 Acc = 0.2096	Top-5 Acc = 0.3417
	unseen	ROC-AUC = 0.6765	PR-AUC = 0.0693	Top-1 Acc = 0.0201	Top-5 Acc = 0.0764
	Mean	ROC-AUC = 0.7352	PR-AUC = 0.1307	Top-1 Acc = 0.1024	Top-5 Acc = 0.1916
Epoch = 85
	Training	Accuracy = 0.3647	Cost = 1.788986	Loss = 1.676242
	seen	ROC-AUC = 0.8373	PR-AUC = 0.1963	Top-1 Acc = 0.2128	Top-5 Acc = 0.3428
	unseen	ROC-AUC = 0.6581	PR-AUC = 0.0674	Top-1 Acc = 0.0274	Top-5 Acc = 0.0981
	Mean	ROC-AUC = 0.7360	PR-AUC = 0.1234	Top-1 Acc = 0.1079	Top-5 Acc = 0.2044
Epoch = 86
	Training	Accuracy = 0.3707	Cost = 1.768266	Loss = 1.655329
	seen	ROC-AUC = 0.8482	PR-AUC = 0.2107	Top-1 Acc = 0.2138	Top-5 Acc = 0.3470
	unseen	ROC-AUC = 0.6237	PR-AUC = 0.0657	Top-1 Acc = 0.0145	Top-5 Acc = 0.0467
	Mean	ROC-AUC = 0.7211	PR-AUC = 0.1286	Top-1 Acc = 0.1010	Top-5 Acc = 0.1771
Epoch = 87
	Training	Accuracy = 0.3827	Cost = 1.746894	Loss = 1.633746
	seen	ROC-AUC = 0.8651	PR-AUC = 0.2140	Top-1 Acc = 0.2463	Top-5 Acc = 0.4245
	unseen	ROC-AUC = 0.6588	PR-AUC = 0.0693	Top-1 Acc = 0.0249	Top-5 Acc = 0.0965
	Mean	ROC-AUC = 0.7484	PR-AUC = 0.1321	Top-1 Acc = 0.1211	Top-5 Acc = 0.2390
Epoch = 88
	Training	Accuracy = 0.3947	Cost = 1.731261	Loss = 1.617937
	seen	ROC-AUC = 0.8431	PR-AUC = 0.2254	Top-1 Acc = 0.2369	Top-5 Acc = 0.3648
	unseen	ROC-AUC = 0.6577	PR-AUC = 0.0745	Top-1 Acc = 0.0072	Top-5 Acc = 0.0692
	Mean	ROC-AUC = 0.7382	PR-AUC = 0.1401	Top-1 Acc = 0.1070	Top-5 Acc = 0.1975
Epoch = 89
	Training	Accuracy = 0.3884	Cost = 1.735642	Loss = 1.622043
	seen	ROC-AUC = 0.8280	PR-AUC = 0.2157	Top-1 Acc = 0.2411	Top-5 Acc = 0.3868
	unseen	ROC-AUC = 0.6253	PR-AUC = 0.0667	Top-1 Acc = 0.0169	Top-5 Acc = 0.1086
	Mean	ROC-AUC = 0.7133	PR-AUC = 0.1314	Top-1 Acc = 0.1142	Top-5 Acc = 0.2294
Epoch = 90
	Training	Accuracy = 0.4009	Cost = 1.688428	Loss = 1.574580
	seen	ROC-AUC = 0.8427	PR-AUC = 0.2293	Top-1 Acc = 0.2222	Top-5 Acc = 0.3690
	unseen	ROC-AUC = 0.6428	PR-AUC = 0.0799	Top-1 Acc = 0.0290	Top-5 Acc = 0.1150
	Mean	ROC-AUC = 0.7296	PR-AUC = 0.1448	Top-1 Acc = 0.1129	Top-5 Acc = 0.2253
Epoch = 91
	Training	Accuracy = 0.4088	Cost = 1.695807	Loss = 1.581727
	seen	ROC-AUC = 0.8552	PR-AUC = 0.2185	Top-1 Acc = 0.2338	Top-5 Acc = 0.4046
	unseen	ROC-AUC = 0.6577	PR-AUC = 0.0742	Top-1 Acc = 0.0274	Top-5 Acc = 0.1094
	Mean	ROC-AUC = 0.7435	PR-AUC = 0.1368	Top-1 Acc = 0.1170	Top-5 Acc = 0.2376
Epoch = 92
	Training	Accuracy = 0.4135	Cost = 1.677399	Loss = 1.563090
	seen	ROC-AUC = 0.8713	PR-AUC = 0.2350	Top-1 Acc = 0.2411	Top-5 Acc = 0.3732
	unseen	ROC-AUC = 0.6810	PR-AUC = 0.0776	Top-1 Acc = 0.0097	Top-5 Acc = 0.0853
	Mean	ROC-AUC = 0.7636	PR-AUC = 0.1460	Top-1 Acc = 0.1102	Top-5 Acc = 0.2103
Epoch = 93
	Training	Accuracy = 0.4265	Cost = 1.646906	Loss = 1.532478
	seen	ROC-AUC = 0.8461	PR-AUC = 0.2241	Top-1 Acc = 0.2442	Top-5 Acc = 0.3721
	unseen	ROC-AUC = 0.6502	PR-AUC = 0.0736	Top-1 Acc = 0.0402	Top-5 Acc = 0.1014
	Mean	ROC-AUC = 0.7353	PR-AUC = 0.1390	Top-1 Acc = 0.1288	Top-5 Acc = 0.2189
Epoch = 94
	Training	Accuracy = 0.4062	Cost = 1.702624	Loss = 1.587901
	seen	ROC-AUC = 0.8402	PR-AUC = 0.2338	Top-1 Acc = 0.2610	Top-5 Acc = 0.4340
	unseen	ROC-AUC = 0.6643	PR-AUC = 0.0671	Top-1 Acc = 0.0233	Top-5 Acc = 0.1102
	Mean	ROC-AUC = 0.7407	PR-AUC = 0.1395	Top-1 Acc = 0.1265	Top-5 Acc = 0.2508
Epoch = 95
	Training	Accuracy = 0.4387	Cost = 1.629067	Loss = 1.514148
	seen	ROC-AUC = 0.8544	PR-AUC = 0.2267	Top-1 Acc = 0.2254	Top-5 Acc = 0.3553
	unseen	ROC-AUC = 0.6499	PR-AUC = 0.0785	Top-1 Acc = 0.0378	Top-5 Acc = 0.1086
	Mean	ROC-AUC = 0.7387	PR-AUC = 0.1428	Top-1 Acc = 0.1193	Top-5 Acc = 0.2157
Epoch = 96
	Training	Accuracy = 0.4294	Cost = 1.656311	Loss = 1.541252
	seen	ROC-AUC = 0.8619	PR-AUC = 0.2372	Top-1 Acc = 0.2558	Top-5 Acc = 0.4057
	unseen	ROC-AUC = 0.6773	PR-AUC = 0.0814	Top-1 Acc = 0.0274	Top-5 Acc = 0.1142
	Mean	ROC-AUC = 0.7575	PR-AUC = 0.1491	Top-1 Acc = 0.1265	Top-5 Acc = 0.2408
Epoch = 97
	Training	Accuracy = 0.4395	Cost = 1.635472	Loss = 1.520206
	seen	ROC-AUC = 0.8623	PR-AUC = 0.2394	Top-1 Acc = 0.2830	Top-5 Acc = 0.4539
	unseen	ROC-AUC = 0.6665	PR-AUC = 0.0791	Top-1 Acc = 0.0177	Top-5 Acc = 0.1126
	Mean	ROC-AUC = 0.7515	PR-AUC = 0.1487	Top-1 Acc = 0.1329	Top-5 Acc = 0.2608
Epoch = 98
	Training	Accuracy = 0.4346	Cost = 1.622945	Loss = 1.507572
	seen	ROC-AUC = 0.8843	PR-AUC = 0.2621	Top-1 Acc = 0.2474	Top-5 Acc = 0.3721
	unseen	ROC-AUC = 0.6761	PR-AUC = 0.0886	Top-1 Acc = 0.0298	Top-5 Acc = 0.1022
	Mean	ROC-AUC = 0.7665	PR-AUC = 0.1639	Top-1 Acc = 0.1243	Top-5 Acc = 0.2194
Epoch = 99
	Training	Accuracy = 0.4429	Cost = 1.625425	Loss = 1.509973
	seen	ROC-AUC = 0.8736	PR-AUC = 0.2450	Top-1 Acc = 0.2579	Top-5 Acc = 0.4088
	unseen	ROC-AUC = 0.6828	PR-AUC = 0.0919	Top-1 Acc = 0.0169	Top-5 Acc = 0.0981
	Mean	ROC-AUC = 0.7656	PR-AUC = 0.1584	Top-1 Acc = 0.1215	Top-5 Acc = 0.2330
Epoch = 100
	Training	Accuracy = 0.4541	Cost = 1.609498	Loss = 1.493901
	seen	ROC-AUC = 0.8977	PR-AUC = 0.2508	Top-1 Acc = 0.2883	Top-5 Acc = 0.4948
	unseen	ROC-AUC = 0.6768	PR-AUC = 0.0917	Top-1 Acc = 0.0217	Top-5 Acc = 0.1247
	Mean	ROC-AUC = 0.7727	PR-AUC = 0.1608	Top-1 Acc = 0.1375	Top-5 Acc = 0.2854
