Epoch = 1
	Training	Accuracy = 0.0062	Cost = 12.136416	Loss = 11.905393
	seen	ROC-AUC = 0.5532	PR-AUC = 0.0117	Top-1 Acc = 0.0027	Top-5 Acc = 0.0419
	unseen	ROC-AUC = 0.5606	PR-AUC = 0.0404	Top-1 Acc = 0.0503	Top-5 Acc = 0.1148
	Mean	ROC-AUC = 0.5573	PR-AUC = 0.0277	Top-1 Acc = 0.0293	Top-5 Acc = 0.0827
Epoch = 2
	Training	Accuracy = 0.0101	Cost = 6.019295	Loss = 5.788299
	seen	ROC-AUC = 0.6467	PR-AUC = 0.0208	Top-1 Acc = 0.0038	Top-5 Acc = 0.0093
	unseen	ROC-AUC = 0.5744	PR-AUC = 0.0450	Top-1 Acc = 0.0168	Top-5 Acc = 0.1023
	Mean	ROC-AUC = 0.6063	PR-AUC = 0.0343	Top-1 Acc = 0.0111	Top-5 Acc = 0.0613
Epoch = 3
	Training	Accuracy = 0.0110	Cost = 5.612655	Loss = 5.381314
	seen	ROC-AUC = 0.6108	PR-AUC = 0.0228	Top-1 Acc = 0.0044	Top-5 Acc = 0.0223
	unseen	ROC-AUC = 0.5397	PR-AUC = 0.0528	Top-1 Acc = 0.0279	Top-5 Acc = 0.0795
	Mean	ROC-AUC = 0.5710	PR-AUC = 0.0396	Top-1 Acc = 0.0175	Top-5 Acc = 0.0543
Epoch = 4
	Training	Accuracy = 0.0219	Cost = 4.277496	Loss = 4.046686
	seen	ROC-AUC = 0.6799	PR-AUC = 0.0370	Top-1 Acc = 0.0038	Top-5 Acc = 0.0163
	unseen	ROC-AUC = 0.5624	PR-AUC = 0.0612	Top-1 Acc = 0.0030	Top-5 Acc = 0.0653
	Mean	ROC-AUC = 0.6142	PR-AUC = 0.0506	Top-1 Acc = 0.0034	Top-5 Acc = 0.0437
Epoch = 5
	Training	Accuracy = 0.0256	Cost = 4.992854	Loss = 4.762720
	seen	ROC-AUC = 0.7638	PR-AUC = 0.0652	Top-1 Acc = 0.0376	Top-5 Acc = 0.1389
	unseen	ROC-AUC = 0.6005	PR-AUC = 0.0585	Top-1 Acc = 0.0439	Top-5 Acc = 0.0924
	Mean	ROC-AUC = 0.6725	PR-AUC = 0.0615	Top-1 Acc = 0.0411	Top-5 Acc = 0.1129
Epoch = 6
	Training	Accuracy = 0.0664	Cost = 3.638447	Loss = 3.410343
	seen	ROC-AUC = 0.8585	PR-AUC = 0.0841	Top-1 Acc = 0.0501	Top-5 Acc = 0.2042
	unseen	ROC-AUC = 0.7057	PR-AUC = 0.0637	Top-1 Acc = 0.0241	Top-5 Acc = 0.0739
	Mean	ROC-AUC = 0.7731	PR-AUC = 0.0727	Top-1 Acc = 0.0356	Top-5 Acc = 0.1314
Epoch = 7
	Training	Accuracy = 0.0934	Cost = 3.620844	Loss = 3.395413
	seen	ROC-AUC = 0.9098	PR-AUC = 0.1828	Top-1 Acc = 0.0795	Top-5 Acc = 0.2680
	unseen	ROC-AUC = 0.7674	PR-AUC = 0.0963	Top-1 Acc = 0.0344	Top-5 Acc = 0.0813
	Mean	ROC-AUC = 0.8302	PR-AUC = 0.1345	Top-1 Acc = 0.0543	Top-5 Acc = 0.1636
Epoch = 8
	Training	Accuracy = 0.1347	Cost = 3.435138	Loss = 3.213424
	seen	ROC-AUC = 0.9432	PR-AUC = 0.2602	Top-1 Acc = 0.0839	Top-5 Acc = 0.2832
	unseen	ROC-AUC = 0.8114	PR-AUC = 0.1547	Top-1 Acc = 0.0589	Top-5 Acc = 0.0744
	Mean	ROC-AUC = 0.8695	PR-AUC = 0.2012	Top-1 Acc = 0.0699	Top-5 Acc = 0.1665
Epoch = 9
	Training	Accuracy = 0.2391	Cost = 2.936877	Loss = 2.719894
	seen	ROC-AUC = 0.9646	PR-AUC = 0.3579	Top-1 Acc = 0.1531	Top-5 Acc = 0.4199
	unseen	ROC-AUC = 0.8391	PR-AUC = 0.1888	Top-1 Acc = 0.0279	Top-5 Acc = 0.0615
	Mean	ROC-AUC = 0.8944	PR-AUC = 0.2634	Top-1 Acc = 0.0831	Top-5 Acc = 0.2196
Epoch = 10
	Training	Accuracy = 0.2996	Cost = 2.817586	Loss = 2.606852
	seen	ROC-AUC = 0.9710	PR-AUC = 0.4201	Top-1 Acc = 0.2663	Top-5 Acc = 0.6291
	unseen	ROC-AUC = 0.8374	PR-AUC = 0.1883	Top-1 Acc = 0.0301	Top-5 Acc = 0.0787
	Mean	ROC-AUC = 0.8963	PR-AUC = 0.2906	Top-1 Acc = 0.1343	Top-5 Acc = 0.3215
Epoch = 11
	Training	Accuracy = 0.4014	Cost = 2.562606	Loss = 2.357456
	seen	ROC-AUC = 0.9757	PR-AUC = 0.4659	Top-1 Acc = 0.2451	Top-5 Acc = 0.5648
	unseen	ROC-AUC = 0.8386	PR-AUC = 0.2241	Top-1 Acc = 0.0228	Top-5 Acc = 0.0920
	Mean	ROC-AUC = 0.8991	PR-AUC = 0.3308	Top-1 Acc = 0.1209	Top-5 Acc = 0.3006
Epoch = 12
	Training	Accuracy = 0.4852	Cost = 2.325147	Loss = 2.125647
	seen	ROC-AUC = 0.9713	PR-AUC = 0.4756	Top-1 Acc = 0.3170	Top-5 Acc = 0.5931
	unseen	ROC-AUC = 0.8240	PR-AUC = 0.2074	Top-1 Acc = 0.0155	Top-5 Acc = 0.0761
	Mean	ROC-AUC = 0.8890	PR-AUC = 0.3257	Top-1 Acc = 0.1485	Top-5 Acc = 0.3042
Epoch = 13
	Training	Accuracy = 0.5395	Cost = 2.193975	Loss = 1.999276
	seen	ROC-AUC = 0.9802	PR-AUC = 0.5432	Top-1 Acc = 0.4210	Top-5 Acc = 0.7146
	unseen	ROC-AUC = 0.8541	PR-AUC = 0.2560	Top-1 Acc = 0.0030	Top-5 Acc = 0.0787
	Mean	ROC-AUC = 0.9097	PR-AUC = 0.3827	Top-1 Acc = 0.1874	Top-5 Acc = 0.3592
Epoch = 14
	Training	Accuracy = 0.5911	Cost = 2.061262	Loss = 1.870107
	seen	ROC-AUC = 0.9834	PR-AUC = 0.5956	Top-1 Acc = 0.4744	Top-5 Acc = 0.7794
	unseen	ROC-AUC = 0.8614	PR-AUC = 0.2838	Top-1 Acc = 0.0056	Top-5 Acc = 0.0821
	Mean	ROC-AUC = 0.9152	PR-AUC = 0.4214	Top-1 Acc = 0.2124	Top-5 Acc = 0.3897
Epoch = 15
	Training	Accuracy = 0.6377	Cost = 1.860686	Loss = 1.671976
	seen	ROC-AUC = 0.9844	PR-AUC = 0.6146	Top-1 Acc = 0.5174	Top-5 Acc = 0.8039
	unseen	ROC-AUC = 0.8584	PR-AUC = 0.2720	Top-1 Acc = 0.0052	Top-5 Acc = 0.0834
	Mean	ROC-AUC = 0.9140	PR-AUC = 0.4231	Top-1 Acc = 0.2311	Top-5 Acc = 0.4012
Epoch = 16
	Training	Accuracy = 0.6684	Cost = 1.775402	Loss = 1.588264
	seen	ROC-AUC = 0.9818	PR-AUC = 0.6067	Top-1 Acc = 0.5082	Top-5 Acc = 0.7832
	unseen	ROC-AUC = 0.8559	PR-AUC = 0.2652	Top-1 Acc = 0.0021	Top-5 Acc = 0.0739
	Mean	ROC-AUC = 0.9114	PR-AUC = 0.4158	Top-1 Acc = 0.2254	Top-5 Acc = 0.3868
Epoch = 17
	Training	Accuracy = 0.7004	Cost = 1.631102	Loss = 1.445207
	seen	ROC-AUC = 0.9843	PR-AUC = 0.6294	Top-1 Acc = 0.5414	Top-5 Acc = 0.8181
	unseen	ROC-AUC = 0.8646	PR-AUC = 0.2692	Top-1 Acc = 0.0009	Top-5 Acc = 0.0731
	Mean	ROC-AUC = 0.9174	PR-AUC = 0.4281	Top-1 Acc = 0.2393	Top-5 Acc = 0.4017
Epoch = 18
	Training	Accuracy = 0.7266	Cost = 1.532148	Loss = 1.347366
	seen	ROC-AUC = 0.9829	PR-AUC = 0.6186	Top-1 Acc = 0.5523	Top-5 Acc = 0.8214
	unseen	ROC-AUC = 0.8482	PR-AUC = 0.2597	Top-1 Acc = 0.0000	Top-5 Acc = 0.0567
	Mean	ROC-AUC = 0.9076	PR-AUC = 0.4180	Top-1 Acc = 0.2436	Top-5 Acc = 0.3940
Epoch = 19
	Training	Accuracy = 0.7468	Cost = 1.501603	Loss = 1.316988
	seen	ROC-AUC = 0.9859	PR-AUC = 0.6608	Top-1 Acc = 0.5714	Top-5 Acc = 0.8513
	unseen	ROC-AUC = 0.8700	PR-AUC = 0.2887	Top-1 Acc = 0.0000	Top-5 Acc = 0.0585
	Mean	ROC-AUC = 0.9211	PR-AUC = 0.4528	Top-1 Acc = 0.2520	Top-5 Acc = 0.4082
Epoch = 20
	Training	Accuracy = 0.7721	Cost = 1.389962	Loss = 1.205780
	seen	ROC-AUC = 0.9848	PR-AUC = 0.6578	Top-1 Acc = 0.6149	Top-5 Acc = 0.8551
	unseen	ROC-AUC = 0.8647	PR-AUC = 0.2862	Top-1 Acc = 0.0000	Top-5 Acc = 0.0486
	Mean	ROC-AUC = 0.9177	PR-AUC = 0.4501	Top-1 Acc = 0.2713	Top-5 Acc = 0.4044
Epoch = 21
	Training	Accuracy = 0.7901	Cost = 1.318616	Loss = 1.134552
	seen	ROC-AUC = 0.9851	PR-AUC = 0.6560	Top-1 Acc = 0.5844	Top-5 Acc = 0.8371
	unseen	ROC-AUC = 0.8520	PR-AUC = 0.2783	Top-1 Acc = 0.0004	Top-5 Acc = 0.0619
	Mean	ROC-AUC = 0.9107	PR-AUC = 0.4449	Top-1 Acc = 0.2580	Top-5 Acc = 0.4039
Epoch = 22
	Training	Accuracy = 0.8080	Cost = 1.252187	Loss = 1.068047
	seen	ROC-AUC = 0.9848	PR-AUC = 0.6731	Top-1 Acc = 0.6024	Top-5 Acc = 0.8578
	unseen	ROC-AUC = 0.8621	PR-AUC = 0.2732	Top-1 Acc = 0.0000	Top-5 Acc = 0.0464
	Mean	ROC-AUC = 0.9163	PR-AUC = 0.4496	Top-1 Acc = 0.2657	Top-5 Acc = 0.4044
Epoch = 23
	Training	Accuracy = 0.8210	Cost = 1.190819	Loss = 1.006351
	seen	ROC-AUC = 0.9857	PR-AUC = 0.6808	Top-1 Acc = 0.6209	Top-5 Acc = 0.8568
	unseen	ROC-AUC = 0.8645	PR-AUC = 0.2916	Top-1 Acc = 0.0000	Top-5 Acc = 0.0739
	Mean	ROC-AUC = 0.9180	PR-AUC = 0.4633	Top-1 Acc = 0.2739	Top-5 Acc = 0.4193
Epoch = 24
	Training	Accuracy = 0.8388	Cost = 1.128034	Loss = 0.943128
	seen	ROC-AUC = 0.9842	PR-AUC = 0.6726	Top-1 Acc = 0.6155	Top-5 Acc = 0.8377
	unseen	ROC-AUC = 0.8586	PR-AUC = 0.2839	Top-1 Acc = 0.0000	Top-5 Acc = 0.0576
	Mean	ROC-AUC = 0.9140	PR-AUC = 0.4554	Top-1 Acc = 0.2715	Top-5 Acc = 0.4017
Epoch = 25
	Training	Accuracy = 0.8547	Cost = 1.066596	Loss = 0.881015
	seen	ROC-AUC = 0.9867	PR-AUC = 0.6894	Top-1 Acc = 0.6411	Top-5 Acc = 0.8666
	unseen	ROC-AUC = 0.8626	PR-AUC = 0.2927	Top-1 Acc = 0.0000	Top-5 Acc = 0.0718
	Mean	ROC-AUC = 0.9174	PR-AUC = 0.4677	Top-1 Acc = 0.2828	Top-5 Acc = 0.4224
Epoch = 26
	Training	Accuracy = 0.8661	Cost = 1.020192	Loss = 0.834410
	seen	ROC-AUC = 0.9862	PR-AUC = 0.6857	Top-1 Acc = 0.6296	Top-5 Acc = 0.8606
	unseen	ROC-AUC = 0.8557	PR-AUC = 0.2886	Top-1 Acc = 0.0000	Top-5 Acc = 0.0645
	Mean	ROC-AUC = 0.9133	PR-AUC = 0.4637	Top-1 Acc = 0.2778	Top-5 Acc = 0.4157
Epoch = 27
	Training	Accuracy = 0.8697	Cost = 0.992908	Loss = 0.806551
	seen	ROC-AUC = 0.9865	PR-AUC = 0.6880	Top-1 Acc = 0.6460	Top-5 Acc = 0.8764
	unseen	ROC-AUC = 0.8629	PR-AUC = 0.2926	Top-1 Acc = 0.0000	Top-5 Acc = 0.0684
	Mean	ROC-AUC = 0.9174	PR-AUC = 0.4670	Top-1 Acc = 0.2850	Top-5 Acc = 0.4248
Epoch = 28
	Training	Accuracy = 0.8817	Cost = 0.944837	Loss = 0.758313
	seen	ROC-AUC = 0.9856	PR-AUC = 0.6741	Top-1 Acc = 0.6280	Top-5 Acc = 0.8622
	unseen	ROC-AUC = 0.8480	PR-AUC = 0.2716	Top-1 Acc = 0.0000	Top-5 Acc = 0.0666
	Mean	ROC-AUC = 0.9087	PR-AUC = 0.4492	Top-1 Acc = 0.2770	Top-5 Acc = 0.4176
Epoch = 29
	Training	Accuracy = 0.8973	Cost = 0.894556	Loss = 0.707304
	seen	ROC-AUC = 0.9866	PR-AUC = 0.6855	Top-1 Acc = 0.6231	Top-5 Acc = 0.8600
	unseen	ROC-AUC = 0.8581	PR-AUC = 0.2832	Top-1 Acc = 0.0000	Top-5 Acc = 0.0899
	Mean	ROC-AUC = 0.9148	PR-AUC = 0.4607	Top-1 Acc = 0.2749	Top-5 Acc = 0.4296
Epoch = 30
	Training	Accuracy = 0.8997	Cost = 0.859851	Loss = 0.672229
	seen	ROC-AUC = 0.9868	PR-AUC = 0.6872	Top-1 Acc = 0.6285	Top-5 Acc = 0.8655
	unseen	ROC-AUC = 0.8563	PR-AUC = 0.2837	Top-1 Acc = 0.0000	Top-5 Acc = 0.0834
	Mean	ROC-AUC = 0.9139	PR-AUC = 0.4617	Top-1 Acc = 0.2773	Top-5 Acc = 0.4284
Epoch = 31
	Training	Accuracy = 0.9089	Cost = 0.815584	Loss = 0.627658
	seen	ROC-AUC = 0.9871	PR-AUC = 0.6822	Top-1 Acc = 0.6394	Top-5 Acc = 0.8709
	unseen	ROC-AUC = 0.8637	PR-AUC = 0.2820	Top-1 Acc = 0.0004	Top-5 Acc = 0.0963
	Mean	ROC-AUC = 0.9181	PR-AUC = 0.4585	Top-1 Acc = 0.2823	Top-5 Acc = 0.4380
Epoch = 32
	Training	Accuracy = 0.9166	Cost = 0.791986	Loss = 0.603867
	seen	ROC-AUC = 0.9866	PR-AUC = 0.6825	Top-1 Acc = 0.6362	Top-5 Acc = 0.8682
	unseen	ROC-AUC = 0.8621	PR-AUC = 0.2806	Top-1 Acc = 0.0000	Top-5 Acc = 0.0920
	Mean	ROC-AUC = 0.9170	PR-AUC = 0.4579	Top-1 Acc = 0.2806	Top-5 Acc = 0.4344
Epoch = 33
	Training	Accuracy = 0.9203	Cost = 0.759048	Loss = 0.570863
	seen	ROC-AUC = 0.9863	PR-AUC = 0.6821	Top-1 Acc = 0.6242	Top-5 Acc = 0.8709
	unseen	ROC-AUC = 0.8611	PR-AUC = 0.2771	Top-1 Acc = 0.0000	Top-5 Acc = 0.0804
	Mean	ROC-AUC = 0.9163	PR-AUC = 0.4558	Top-1 Acc = 0.2753	Top-5 Acc = 0.4291
Epoch = 34
	Training	Accuracy = 0.9298	Cost = 0.727468	Loss = 0.538838
	seen	ROC-AUC = 0.9857	PR-AUC = 0.6643	Top-1 Acc = 0.6187	Top-5 Acc = 0.8589
	unseen	ROC-AUC = 0.8521	PR-AUC = 0.2780	Top-1 Acc = 0.0000	Top-5 Acc = 0.0894
	Mean	ROC-AUC = 0.9111	PR-AUC = 0.4484	Top-1 Acc = 0.2729	Top-5 Acc = 0.4289
Epoch = 35
	Training	Accuracy = 0.9340	Cost = 0.714399	Loss = 0.525327
	seen	ROC-AUC = 0.9866	PR-AUC = 0.6940	Top-1 Acc = 0.6552	Top-5 Acc = 0.8709
	unseen	ROC-AUC = 0.8558	PR-AUC = 0.2948	Top-1 Acc = 0.0000	Top-5 Acc = 0.1182
	Mean	ROC-AUC = 0.9135	PR-AUC = 0.4709	Top-1 Acc = 0.2890	Top-5 Acc = 0.4503
Epoch = 36
	Training	Accuracy = 0.9399	Cost = 0.669443	Loss = 0.480230
	seen	ROC-AUC = 0.9853	PR-AUC = 0.6810	Top-1 Acc = 0.6247	Top-5 Acc = 0.8633
	unseen	ROC-AUC = 0.8578	PR-AUC = 0.2780	Top-1 Acc = 0.0000	Top-5 Acc = 0.0907
	Mean	ROC-AUC = 0.9140	PR-AUC = 0.4557	Top-1 Acc = 0.2756	Top-5 Acc = 0.4315
Epoch = 37
	Training	Accuracy = 0.9437	Cost = 0.656863	Loss = 0.467754
	seen	ROC-AUC = 0.9861	PR-AUC = 0.6840	Top-1 Acc = 0.6460	Top-5 Acc = 0.8742
	unseen	ROC-AUC = 0.8599	PR-AUC = 0.2718	Top-1 Acc = 0.0000	Top-5 Acc = 0.0980
	Mean	ROC-AUC = 0.9156	PR-AUC = 0.4537	Top-1 Acc = 0.2850	Top-5 Acc = 0.4404
Epoch = 38
	Training	Accuracy = 0.9472	Cost = 0.640962	Loss = 0.451956
	seen	ROC-AUC = 0.9867	PR-AUC = 0.6857	Top-1 Acc = 0.6427	Top-5 Acc = 0.8704
	unseen	ROC-AUC = 0.8587	PR-AUC = 0.2839	Top-1 Acc = 0.0000	Top-5 Acc = 0.1071
	Mean	ROC-AUC = 0.9152	PR-AUC = 0.4612	Top-1 Acc = 0.2835	Top-5 Acc = 0.4438
Epoch = 39
	Training	Accuracy = 0.9510	Cost = 0.599594	Loss = 0.410545
	seen	ROC-AUC = 0.9856	PR-AUC = 0.6878	Top-1 Acc = 0.6520	Top-5 Acc = 0.8660
	unseen	ROC-AUC = 0.8625	PR-AUC = 0.2777	Top-1 Acc = 0.0000	Top-5 Acc = 0.1028
	Mean	ROC-AUC = 0.9168	PR-AUC = 0.4586	Top-1 Acc = 0.2876	Top-5 Acc = 0.4395
Epoch = 40
	Training	Accuracy = 0.9563	Cost = 0.599579	Loss = 0.410655
	seen	ROC-AUC = 0.9851	PR-AUC = 0.6842	Top-1 Acc = 0.6536	Top-5 Acc = 0.8573
	unseen	ROC-AUC = 0.8472	PR-AUC = 0.2853	Top-1 Acc = 0.0000	Top-5 Acc = 0.1023
	Mean	ROC-AUC = 0.9080	PR-AUC = 0.4613	Top-1 Acc = 0.2883	Top-5 Acc = 0.4354
Epoch = 41
	Training	Accuracy = 0.9609	Cost = 0.571557	Loss = 0.382796
	seen	ROC-AUC = 0.9864	PR-AUC = 0.6864	Top-1 Acc = 0.6520	Top-5 Acc = 0.8725
	unseen	ROC-AUC = 0.8565	PR-AUC = 0.2819	Top-1 Acc = 0.0000	Top-5 Acc = 0.0899
	Mean	ROC-AUC = 0.9138	PR-AUC = 0.4603	Top-1 Acc = 0.2876	Top-5 Acc = 0.4351
Epoch = 42
	Training	Accuracy = 0.9608	Cost = 0.565885	Loss = 0.377250
	seen	ROC-AUC = 0.9859	PR-AUC = 0.6932	Top-1 Acc = 0.6656	Top-5 Acc = 0.8736
	unseen	ROC-AUC = 0.8644	PR-AUC = 0.2882	Top-1 Acc = 0.0000	Top-5 Acc = 0.1101
	Mean	ROC-AUC = 0.9180	PR-AUC = 0.4669	Top-1 Acc = 0.2936	Top-5 Acc = 0.4469
Epoch = 43
	Training	Accuracy = 0.9671	Cost = 0.531391	Loss = 0.342877
	seen	ROC-AUC = 0.9853	PR-AUC = 0.6837	Top-1 Acc = 0.6345	Top-5 Acc = 0.8676
	unseen	ROC-AUC = 0.8501	PR-AUC = 0.2914	Top-1 Acc = 0.0004	Top-5 Acc = 0.1105
	Mean	ROC-AUC = 0.9097	PR-AUC = 0.4644	Top-1 Acc = 0.2802	Top-5 Acc = 0.4445
Epoch = 44
	Training	Accuracy = 0.9647	Cost = 0.531033	Loss = 0.342688
	seen	ROC-AUC = 0.9853	PR-AUC = 0.6773	Top-1 Acc = 0.6242	Top-5 Acc = 0.8573
	unseen	ROC-AUC = 0.8578	PR-AUC = 0.2846	Top-1 Acc = 0.0000	Top-5 Acc = 0.1083
	Mean	ROC-AUC = 0.9140	PR-AUC = 0.4578	Top-1 Acc = 0.2753	Top-5 Acc = 0.4387
Epoch = 45
	Training	Accuracy = 0.9715	Cost = 0.503054	Loss = 0.314893
	seen	ROC-AUC = 0.9851	PR-AUC = 0.6832	Top-1 Acc = 0.6416	Top-5 Acc = 0.8584
	unseen	ROC-AUC = 0.8567	PR-AUC = 0.2768	Top-1 Acc = 0.0000	Top-5 Acc = 0.0972
	Mean	ROC-AUC = 0.9133	PR-AUC = 0.4561	Top-1 Acc = 0.2830	Top-5 Acc = 0.4330
Epoch = 46
	Training	Accuracy = 0.9730	Cost = 0.496263	Loss = 0.308242
	seen	ROC-AUC = 0.9846	PR-AUC = 0.6833	Top-1 Acc = 0.6340	Top-5 Acc = 0.8540
	unseen	ROC-AUC = 0.8561	PR-AUC = 0.2951	Top-1 Acc = 0.0004	Top-5 Acc = 0.1187
	Mean	ROC-AUC = 0.9128	PR-AUC = 0.4664	Top-1 Acc = 0.2799	Top-5 Acc = 0.4431
Epoch = 47
	Training	Accuracy = 0.9735	Cost = 0.477198	Loss = 0.289594
	seen	ROC-AUC = 0.9855	PR-AUC = 0.6832	Top-1 Acc = 0.6465	Top-5 Acc = 0.8573
	unseen	ROC-AUC = 0.8480	PR-AUC = 0.2827	Top-1 Acc = 0.0004	Top-5 Acc = 0.0916
	Mean	ROC-AUC = 0.9086	PR-AUC = 0.4594	Top-1 Acc = 0.2854	Top-5 Acc = 0.4294
Epoch = 48
	Training	Accuracy = 0.9751	Cost = 0.466088	Loss = 0.278545
	seen	ROC-AUC = 0.9846	PR-AUC = 0.6809	Top-1 Acc = 0.6405	Top-5 Acc = 0.8715
	unseen	ROC-AUC = 0.8588	PR-AUC = 0.2917	Top-1 Acc = 0.0000	Top-5 Acc = 0.1251
	Mean	ROC-AUC = 0.9143	PR-AUC = 0.4634	Top-1 Acc = 0.2826	Top-5 Acc = 0.4543
Epoch = 49
	Training	Accuracy = 0.9776	Cost = 0.450912	Loss = 0.263726
	seen	ROC-AUC = 0.9857	PR-AUC = 0.6936	Top-1 Acc = 0.6531	Top-5 Acc = 0.8747
	unseen	ROC-AUC = 0.8602	PR-AUC = 0.2955	Top-1 Acc = 0.0000	Top-5 Acc = 0.1298
	Mean	ROC-AUC = 0.9156	PR-AUC = 0.4711	Top-1 Acc = 0.2881	Top-5 Acc = 0.4584
Epoch = 50
	Training	Accuracy = 0.9782	Cost = 0.449911	Loss = 0.263117
	seen	ROC-AUC = 0.9854	PR-AUC = 0.6791	Top-1 Acc = 0.6383	Top-5 Acc = 0.8736
	unseen	ROC-AUC = 0.8582	PR-AUC = 0.2761	Top-1 Acc = 0.0000	Top-5 Acc = 0.1165
	Mean	ROC-AUC = 0.9143	PR-AUC = 0.4539	Top-1 Acc = 0.2816	Top-5 Acc = 0.4505
Epoch = 51
	Training	Accuracy = 0.9784	Cost = 0.449951	Loss = 0.263437
	seen	ROC-AUC = 0.9857	PR-AUC = 0.6860	Top-1 Acc = 0.6383	Top-5 Acc = 0.8747
	unseen	ROC-AUC = 0.8574	PR-AUC = 0.2851	Top-1 Acc = 0.0004	Top-5 Acc = 0.1255
	Mean	ROC-AUC = 0.9140	PR-AUC = 0.4620	Top-1 Acc = 0.2818	Top-5 Acc = 0.4560
Epoch = 52
	Training	Accuracy = 0.9803	Cost = 0.435512	Loss = 0.249176
	seen	ROC-AUC = 0.9852	PR-AUC = 0.6883	Top-1 Acc = 0.6509	Top-5 Acc = 0.8671
	unseen	ROC-AUC = 0.8577	PR-AUC = 0.3011	Top-1 Acc = 0.0000	Top-5 Acc = 0.1221
	Mean	ROC-AUC = 0.9139	PR-AUC = 0.4719	Top-1 Acc = 0.2871	Top-5 Acc = 0.4507
Epoch = 53
	Training	Accuracy = 0.9839	Cost = 0.416618	Loss = 0.230682
	seen	ROC-AUC = 0.9844	PR-AUC = 0.6974	Top-1 Acc = 0.6503	Top-5 Acc = 0.8627
	unseen	ROC-AUC = 0.8510	PR-AUC = 0.2900	Top-1 Acc = 0.0000	Top-5 Acc = 0.1225
	Mean	ROC-AUC = 0.9098	PR-AUC = 0.4697	Top-1 Acc = 0.2869	Top-5 Acc = 0.4491
Epoch = 54
	Training	Accuracy = 0.9848	Cost = 0.407711	Loss = 0.222308
	seen	ROC-AUC = 0.9851	PR-AUC = 0.6827	Top-1 Acc = 0.6269	Top-5 Acc = 0.8704
	unseen	ROC-AUC = 0.8583	PR-AUC = 0.2845	Top-1 Acc = 0.0004	Top-5 Acc = 0.1096
	Mean	ROC-AUC = 0.9142	PR-AUC = 0.4602	Top-1 Acc = 0.2768	Top-5 Acc = 0.4452
Epoch = 55
	Training	Accuracy = 0.9832	Cost = 0.412619	Loss = 0.227471
	seen	ROC-AUC = 0.9838	PR-AUC = 0.6760	Top-1 Acc = 0.6411	Top-5 Acc = 0.8649
	unseen	ROC-AUC = 0.8467	PR-AUC = 0.2766	Top-1 Acc = 0.0004	Top-5 Acc = 0.1195
	Mean	ROC-AUC = 0.9072	PR-AUC = 0.4528	Top-1 Acc = 0.2830	Top-5 Acc = 0.4483
Epoch = 56
	Training	Accuracy = 0.9856	Cost = 0.402738	Loss = 0.217870
	seen	ROC-AUC = 0.9845	PR-AUC = 0.6823	Top-1 Acc = 0.6531	Top-5 Acc = 0.8584
	unseen	ROC-AUC = 0.8585	PR-AUC = 0.2964	Top-1 Acc = 0.0004	Top-5 Acc = 0.1359
	Mean	ROC-AUC = 0.9141	PR-AUC = 0.4666	Top-1 Acc = 0.2883	Top-5 Acc = 0.4546
Epoch = 57
	Training	Accuracy = 0.9882	Cost = 0.381871	Loss = 0.197400
	seen	ROC-AUC = 0.9847	PR-AUC = 0.6759	Top-1 Acc = 0.6340	Top-5 Acc = 0.8595
	unseen	ROC-AUC = 0.8514	PR-AUC = 0.2867	Top-1 Acc = 0.0000	Top-5 Acc = 0.1242
	Mean	ROC-AUC = 0.9102	PR-AUC = 0.4584	Top-1 Acc = 0.2797	Top-5 Acc = 0.4486
Epoch = 58
	Training	Accuracy = 0.9900	Cost = 0.381331	Loss = 0.197175
	seen	ROC-AUC = 0.9845	PR-AUC = 0.6915	Top-1 Acc = 0.6487	Top-5 Acc = 0.8704
	unseen	ROC-AUC = 0.8584	PR-AUC = 0.2771	Top-1 Acc = 0.0000	Top-5 Acc = 0.1109
	Mean	ROC-AUC = 0.9140	PR-AUC = 0.4599	Top-1 Acc = 0.2862	Top-5 Acc = 0.4459
Epoch = 59
	Training	Accuracy = 0.9900	Cost = 0.365219	Loss = 0.181415
	seen	ROC-AUC = 0.9838	PR-AUC = 0.6773	Top-1 Acc = 0.6449	Top-5 Acc = 0.8540
	unseen	ROC-AUC = 0.8456	PR-AUC = 0.2829	Top-1 Acc = 0.0009	Top-5 Acc = 0.1083
	Mean	ROC-AUC = 0.9066	PR-AUC = 0.4569	Top-1 Acc = 0.2850	Top-5 Acc = 0.4373
Epoch = 60
	Training	Accuracy = 0.9913	Cost = 0.365613	Loss = 0.181790
	seen	ROC-AUC = 0.9840	PR-AUC = 0.6801	Top-1 Acc = 0.6422	Top-5 Acc = 0.8698
	unseen	ROC-AUC = 0.8562	PR-AUC = 0.2902	Top-1 Acc = 0.0013	Top-5 Acc = 0.1264
	Mean	ROC-AUC = 0.9126	PR-AUC = 0.4622	Top-1 Acc = 0.2840	Top-5 Acc = 0.4543
Epoch = 61
	Training	Accuracy = 0.9899	Cost = 0.374770	Loss = 0.191334
	seen	ROC-AUC = 0.9838	PR-AUC = 0.6837	Top-1 Acc = 0.6389	Top-5 Acc = 0.8644
	unseen	ROC-AUC = 0.8439	PR-AUC = 0.2794	Top-1 Acc = 0.0000	Top-5 Acc = 0.1204
	Mean	ROC-AUC = 0.9056	PR-AUC = 0.4578	Top-1 Acc = 0.2818	Top-5 Acc = 0.4486
Epoch = 62
	Training	Accuracy = 0.9924	Cost = 0.344918	Loss = 0.161819
	seen	ROC-AUC = 0.9829	PR-AUC = 0.6636	Top-1 Acc = 0.6187	Top-5 Acc = 0.8638
	unseen	ROC-AUC = 0.8411	PR-AUC = 0.2742	Top-1 Acc = 0.0004	Top-5 Acc = 0.1058
	Mean	ROC-AUC = 0.9036	PR-AUC = 0.4460	Top-1 Acc = 0.2732	Top-5 Acc = 0.4402
Epoch = 63
	Training	Accuracy = 0.9899	Cost = 0.356350	Loss = 0.173584
	seen	ROC-AUC = 0.9840	PR-AUC = 0.6845	Top-1 Acc = 0.6422	Top-5 Acc = 0.8644
	unseen	ROC-AUC = 0.8457	PR-AUC = 0.2782	Top-1 Acc = 0.0000	Top-5 Acc = 0.1075
	Mean	ROC-AUC = 0.9067	PR-AUC = 0.4575	Top-1 Acc = 0.2833	Top-5 Acc = 0.4414
Epoch = 64
	Training	Accuracy = 0.9915	Cost = 0.349332	Loss = 0.166877
	seen	ROC-AUC = 0.9845	PR-AUC = 0.6786	Top-1 Acc = 0.6383	Top-5 Acc = 0.8655
	unseen	ROC-AUC = 0.8433	PR-AUC = 0.2821	Top-1 Acc = 0.0013	Top-5 Acc = 0.1316
	Mean	ROC-AUC = 0.9056	PR-AUC = 0.4570	Top-1 Acc = 0.2823	Top-5 Acc = 0.4553
Epoch = 65
	Training	Accuracy = 0.9919	Cost = 0.339436	Loss = 0.157329
	seen	ROC-AUC = 0.9844	PR-AUC = 0.6835	Top-1 Acc = 0.6427	Top-5 Acc = 0.8736
	unseen	ROC-AUC = 0.8521	PR-AUC = 0.2791	Top-1 Acc = 0.0004	Top-5 Acc = 0.1303
	Mean	ROC-AUC = 0.9105	PR-AUC = 0.4575	Top-1 Acc = 0.2838	Top-5 Acc = 0.4582
Epoch = 66
	Training	Accuracy = 0.9907	Cost = 0.342090	Loss = 0.160360
	seen	ROC-AUC = 0.9838	PR-AUC = 0.6947	Top-1 Acc = 0.6574	Top-5 Acc = 0.8742
	unseen	ROC-AUC = 0.8432	PR-AUC = 0.2880	Top-1 Acc = 0.0000	Top-5 Acc = 0.1247
	Mean	ROC-AUC = 0.9052	PR-AUC = 0.4674	Top-1 Acc = 0.2900	Top-5 Acc = 0.4553
Epoch = 67
	Training	Accuracy = 0.9928	Cost = 0.334871	Loss = 0.153463
	seen	ROC-AUC = 0.9834	PR-AUC = 0.6884	Top-1 Acc = 0.6443	Top-5 Acc = 0.8649
	unseen	ROC-AUC = 0.8453	PR-AUC = 0.2780	Top-1 Acc = 0.0013	Top-5 Acc = 0.1212
	Mean	ROC-AUC = 0.9062	PR-AUC = 0.4590	Top-1 Acc = 0.2850	Top-5 Acc = 0.4493
Epoch = 68
	Training	Accuracy = 0.9937	Cost = 0.324200	Loss = 0.142747
	seen	ROC-AUC = 0.9835	PR-AUC = 0.6869	Top-1 Acc = 0.6460	Top-5 Acc = 0.8617
	unseen	ROC-AUC = 0.8425	PR-AUC = 0.2780	Top-1 Acc = 0.0009	Top-5 Acc = 0.1105
	Mean	ROC-AUC = 0.9047	PR-AUC = 0.4584	Top-1 Acc = 0.2854	Top-5 Acc = 0.4419
Epoch = 69
	Training	Accuracy = 0.9934	Cost = 0.333992	Loss = 0.152761
	seen	ROC-AUC = 0.9837	PR-AUC = 0.6839	Top-1 Acc = 0.6525	Top-5 Acc = 0.8676
	unseen	ROC-AUC = 0.8417	PR-AUC = 0.2728	Top-1 Acc = 0.0000	Top-5 Acc = 0.1281
	Mean	ROC-AUC = 0.9043	PR-AUC = 0.4542	Top-1 Acc = 0.2878	Top-5 Acc = 0.4543
Epoch = 70
	Training	Accuracy = 0.9937	Cost = 0.319765	Loss = 0.138781
	seen	ROC-AUC = 0.9838	PR-AUC = 0.6765	Top-1 Acc = 0.6356	Top-5 Acc = 0.8649
	unseen	ROC-AUC = 0.8393	PR-AUC = 0.2747	Top-1 Acc = 0.0009	Top-5 Acc = 0.1221
	Mean	ROC-AUC = 0.9030	PR-AUC = 0.4519	Top-1 Acc = 0.2809	Top-5 Acc = 0.4498
Epoch = 71
	Training	Accuracy = 0.9951	Cost = 0.312123	Loss = 0.131542
	seen	ROC-AUC = 0.9830	PR-AUC = 0.6762	Top-1 Acc = 0.6171	Top-5 Acc = 0.8578
	unseen	ROC-AUC = 0.8548	PR-AUC = 0.2749	Top-1 Acc = 0.0000	Top-5 Acc = 0.1169
	Mean	ROC-AUC = 0.9114	PR-AUC = 0.4519	Top-1 Acc = 0.2722	Top-5 Acc = 0.4438
Epoch = 72
	Training	Accuracy = 0.9953	Cost = 0.321486	Loss = 0.141114
	seen	ROC-AUC = 0.9832	PR-AUC = 0.6779	Top-1 Acc = 0.6400	Top-5 Acc = 0.8589
	unseen	ROC-AUC = 0.8536	PR-AUC = 0.2704	Top-1 Acc = 0.0004	Top-5 Acc = 0.1260
	Mean	ROC-AUC = 0.9107	PR-AUC = 0.4502	Top-1 Acc = 0.2826	Top-5 Acc = 0.4493
Epoch = 73
	Training	Accuracy = 0.9957	Cost = 0.313342	Loss = 0.133048
	seen	ROC-AUC = 0.9830	PR-AUC = 0.6842	Top-1 Acc = 0.6531	Top-5 Acc = 0.8638
	unseen	ROC-AUC = 0.8467	PR-AUC = 0.2843	Top-1 Acc = 0.0000	Top-5 Acc = 0.1251
	Mean	ROC-AUC = 0.9069	PR-AUC = 0.4607	Top-1 Acc = 0.2881	Top-5 Acc = 0.4510
Epoch = 74
	Training	Accuracy = 0.9958	Cost = 0.306785	Loss = 0.126605
	seen	ROC-AUC = 0.9829	PR-AUC = 0.6832	Top-1 Acc = 0.6411	Top-5 Acc = 0.8687
	unseen	ROC-AUC = 0.8454	PR-AUC = 0.2846	Top-1 Acc = 0.0021	Top-5 Acc = 0.1187
	Mean	ROC-AUC = 0.9061	PR-AUC = 0.4604	Top-1 Acc = 0.2840	Top-5 Acc = 0.4495
Epoch = 75
	Training	Accuracy = 0.9958	Cost = 0.311688	Loss = 0.131773
	seen	ROC-AUC = 0.9826	PR-AUC = 0.6812	Top-1 Acc = 0.6443	Top-5 Acc = 0.8617
	unseen	ROC-AUC = 0.8438	PR-AUC = 0.2822	Top-1 Acc = 0.0017	Top-5 Acc = 0.1238
	Mean	ROC-AUC = 0.9050	PR-AUC = 0.4582	Top-1 Acc = 0.2852	Top-5 Acc = 0.4493
Epoch = 76
	Training	Accuracy = 0.9957	Cost = 0.308646	Loss = 0.128857
	seen	ROC-AUC = 0.9820	PR-AUC = 0.6801	Top-1 Acc = 0.6422	Top-5 Acc = 0.8638
	unseen	ROC-AUC = 0.8432	PR-AUC = 0.2799	Top-1 Acc = 0.0004	Top-5 Acc = 0.1260
	Mean	ROC-AUC = 0.9044	PR-AUC = 0.4564	Top-1 Acc = 0.2835	Top-5 Acc = 0.4515
Epoch = 77
	Training	Accuracy = 0.9966	Cost = 0.301254	Loss = 0.121535
	seen	ROC-AUC = 0.9823	PR-AUC = 0.6716	Top-1 Acc = 0.6334	Top-5 Acc = 0.8502
	unseen	ROC-AUC = 0.8476	PR-AUC = 0.2874	Top-1 Acc = 0.0013	Top-5 Acc = 0.1371
	Mean	ROC-AUC = 0.9070	PR-AUC = 0.4569	Top-1 Acc = 0.2802	Top-5 Acc = 0.4517
Epoch = 78
	Training	Accuracy = 0.9951	Cost = 0.299884	Loss = 0.120539
	seen	ROC-AUC = 0.9821	PR-AUC = 0.6864	Top-1 Acc = 0.6427	Top-5 Acc = 0.8617
	unseen	ROC-AUC = 0.8573	PR-AUC = 0.2825	Top-1 Acc = 0.0009	Top-5 Acc = 0.1251
	Mean	ROC-AUC = 0.9124	PR-AUC = 0.4607	Top-1 Acc = 0.2840	Top-5 Acc = 0.4500
Epoch = 79
	Training	Accuracy = 0.9963	Cost = 0.290540	Loss = 0.111553
	seen	ROC-AUC = 0.9834	PR-AUC = 0.6810	Top-1 Acc = 0.6487	Top-5 Acc = 0.8660
	unseen	ROC-AUC = 0.8498	PR-AUC = 0.2730	Top-1 Acc = 0.0009	Top-5 Acc = 0.1337
	Mean	ROC-AUC = 0.9087	PR-AUC = 0.4530	Top-1 Acc = 0.2866	Top-5 Acc = 0.4568
Epoch = 80
	Training	Accuracy = 0.9963	Cost = 0.297872	Loss = 0.119114
	seen	ROC-AUC = 0.9832	PR-AUC = 0.6843	Top-1 Acc = 0.6492	Top-5 Acc = 0.8747
	unseen	ROC-AUC = 0.8466	PR-AUC = 0.2727	Top-1 Acc = 0.0009	Top-5 Acc = 0.1328
	Mean	ROC-AUC = 0.9069	PR-AUC = 0.4543	Top-1 Acc = 0.2869	Top-5 Acc = 0.4601
Epoch = 81
	Training	Accuracy = 0.9965	Cost = 0.297322	Loss = 0.118713
	seen	ROC-AUC = 0.9827	PR-AUC = 0.6905	Top-1 Acc = 0.6612	Top-5 Acc = 0.8725
	unseen	ROC-AUC = 0.8462	PR-AUC = 0.2849	Top-1 Acc = 0.0004	Top-5 Acc = 0.1320
	Mean	ROC-AUC = 0.9064	PR-AUC = 0.4639	Top-1 Acc = 0.2919	Top-5 Acc = 0.4587
Epoch = 82
	Training	Accuracy = 0.9978	Cost = 0.288814	Loss = 0.110442
	seen	ROC-AUC = 0.9820	PR-AUC = 0.6796	Top-1 Acc = 0.6460	Top-5 Acc = 0.8600
	unseen	ROC-AUC = 0.8396	PR-AUC = 0.2803	Top-1 Acc = 0.0004	Top-5 Acc = 0.1346
	Mean	ROC-AUC = 0.9024	PR-AUC = 0.4565	Top-1 Acc = 0.2852	Top-5 Acc = 0.4546
Epoch = 83
	Training	Accuracy = 0.9963	Cost = 0.289754	Loss = 0.111570
	seen	ROC-AUC = 0.9822	PR-AUC = 0.6730	Top-1 Acc = 0.6285	Top-5 Acc = 0.8475
	unseen	ROC-AUC = 0.8359	PR-AUC = 0.2736	Top-1 Acc = 0.0009	Top-5 Acc = 0.1032
	Mean	ROC-AUC = 0.9005	PR-AUC = 0.4498	Top-1 Acc = 0.2778	Top-5 Acc = 0.4315
Epoch = 84
	Training	Accuracy = 0.9970	Cost = 0.290675	Loss = 0.112481
	seen	ROC-AUC = 0.9827	PR-AUC = 0.6779	Top-1 Acc = 0.6471	Top-5 Acc = 0.8573
	unseen	ROC-AUC = 0.8332	PR-AUC = 0.2618	Top-1 Acc = 0.0000	Top-5 Acc = 0.1402
	Mean	ROC-AUC = 0.8992	PR-AUC = 0.4454	Top-1 Acc = 0.2854	Top-5 Acc = 0.4565
Epoch = 85
	Training	Accuracy = 0.9980	Cost = 0.287273	Loss = 0.108994
	seen	ROC-AUC = 0.9833	PR-AUC = 0.6802	Top-1 Acc = 0.6389	Top-5 Acc = 0.8595
	unseen	ROC-AUC = 0.8410	PR-AUC = 0.2610	Top-1 Acc = 0.0000	Top-5 Acc = 0.1350
	Mean	ROC-AUC = 0.9038	PR-AUC = 0.4459	Top-1 Acc = 0.2818	Top-5 Acc = 0.4546
Epoch = 86
	Training	Accuracy = 0.9976	Cost = 0.283990	Loss = 0.105830
	seen	ROC-AUC = 0.9821	PR-AUC = 0.6750	Top-1 Acc = 0.6367	Top-5 Acc = 0.8573
	unseen	ROC-AUC = 0.8395	PR-AUC = 0.2877	Top-1 Acc = 0.0009	Top-5 Acc = 0.1475
	Mean	ROC-AUC = 0.9024	PR-AUC = 0.4585	Top-1 Acc = 0.2814	Top-5 Acc = 0.4606
Epoch = 87
	Training	Accuracy = 0.9983	Cost = 0.277574	Loss = 0.099673
	seen	ROC-AUC = 0.9838	PR-AUC = 0.6901	Top-1 Acc = 0.6449	Top-5 Acc = 0.8671
	unseen	ROC-AUC = 0.8346	PR-AUC = 0.2832	Top-1 Acc = 0.0000	Top-5 Acc = 0.1367
	Mean	ROC-AUC = 0.9005	PR-AUC = 0.4627	Top-1 Acc = 0.2845	Top-5 Acc = 0.4589
Epoch = 88
	Training	Accuracy = 0.9972	Cost = 0.291651	Loss = 0.113859
	seen	ROC-AUC = 0.9818	PR-AUC = 0.6864	Top-1 Acc = 0.6514	Top-5 Acc = 0.8638
	unseen	ROC-AUC = 0.8478	PR-AUC = 0.2865	Top-1 Acc = 0.0004	Top-5 Acc = 0.1492
	Mean	ROC-AUC = 0.9069	PR-AUC = 0.4629	Top-1 Acc = 0.2876	Top-5 Acc = 0.4644
Epoch = 89
	Training	Accuracy = 0.9976	Cost = 0.275201	Loss = 0.097312
	seen	ROC-AUC = 0.9830	PR-AUC = 0.6850	Top-1 Acc = 0.6509	Top-5 Acc = 0.8715
	unseen	ROC-AUC = 0.8493	PR-AUC = 0.2834	Top-1 Acc = 0.0000	Top-5 Acc = 0.1333
	Mean	ROC-AUC = 0.9083	PR-AUC = 0.4606	Top-1 Acc = 0.2871	Top-5 Acc = 0.4589
Epoch = 90
	Training	Accuracy = 0.9971	Cost = 0.282474	Loss = 0.104720
	seen	ROC-AUC = 0.9808	PR-AUC = 0.6770	Top-1 Acc = 0.6253	Top-5 Acc = 0.8508
	unseen	ROC-AUC = 0.8433	PR-AUC = 0.2719	Top-1 Acc = 0.0013	Top-5 Acc = 0.1208
	Mean	ROC-AUC = 0.9040	PR-AUC = 0.4506	Top-1 Acc = 0.2765	Top-5 Acc = 0.4428
Epoch = 91
	Training	Accuracy = 0.9975	Cost = 0.284100	Loss = 0.106452
	seen	ROC-AUC = 0.9830	PR-AUC = 0.6822	Top-1 Acc = 0.6454	Top-5 Acc = 0.8742
	unseen	ROC-AUC = 0.8506	PR-AUC = 0.2797	Top-1 Acc = 0.0009	Top-5 Acc = 0.1376
	Mean	ROC-AUC = 0.9090	PR-AUC = 0.4573	Top-1 Acc = 0.2852	Top-5 Acc = 0.4625
Epoch = 92
	Training	Accuracy = 0.9983	Cost = 0.266976	Loss = 0.089670
	seen	ROC-AUC = 0.9802	PR-AUC = 0.6712	Top-1 Acc = 0.6302	Top-5 Acc = 0.8480
	unseen	ROC-AUC = 0.8423	PR-AUC = 0.2635	Top-1 Acc = 0.0013	Top-5 Acc = 0.1208
	Mean	ROC-AUC = 0.9031	PR-AUC = 0.4433	Top-1 Acc = 0.2787	Top-5 Acc = 0.4416
Epoch = 93
	Training	Accuracy = 0.9984	Cost = 0.277366	Loss = 0.100063
	seen	ROC-AUC = 0.9805	PR-AUC = 0.6848	Top-1 Acc = 0.6427	Top-5 Acc = 0.8627
	unseen	ROC-AUC = 0.8436	PR-AUC = 0.2790	Top-1 Acc = 0.0013	Top-5 Acc = 0.1311
	Mean	ROC-AUC = 0.9040	PR-AUC = 0.4580	Top-1 Acc = 0.2842	Top-5 Acc = 0.4539
Epoch = 94
	Training	Accuracy = 0.9972	Cost = 0.273158	Loss = 0.096006
	seen	ROC-AUC = 0.9814	PR-AUC = 0.6822	Top-1 Acc = 0.6367	Top-5 Acc = 0.8682
	unseen	ROC-AUC = 0.8347	PR-AUC = 0.2698	Top-1 Acc = 0.0004	Top-5 Acc = 0.1195
	Mean	ROC-AUC = 0.8994	PR-AUC = 0.4518	Top-1 Acc = 0.2811	Top-5 Acc = 0.4498
Epoch = 95
	Training	Accuracy = 0.9988	Cost = 0.275483	Loss = 0.098268
	seen	ROC-AUC = 0.9815	PR-AUC = 0.6779	Top-1 Acc = 0.6356	Top-5 Acc = 0.8622
	unseen	ROC-AUC = 0.8538	PR-AUC = 0.2730	Top-1 Acc = 0.0004	Top-5 Acc = 0.1281
	Mean	ROC-AUC = 0.9101	PR-AUC = 0.4516	Top-1 Acc = 0.2806	Top-5 Acc = 0.4519
Epoch = 96
	Training	Accuracy = 0.9983	Cost = 0.272599	Loss = 0.095336
	seen	ROC-AUC = 0.9817	PR-AUC = 0.6826	Top-1 Acc = 0.6362	Top-5 Acc = 0.8508
	unseen	ROC-AUC = 0.8495	PR-AUC = 0.2624	Top-1 Acc = 0.0004	Top-5 Acc = 0.1238
	Mean	ROC-AUC = 0.9078	PR-AUC = 0.4478	Top-1 Acc = 0.2809	Top-5 Acc = 0.4445
Epoch = 97
	Training	Accuracy = 0.9983	Cost = 0.271069	Loss = 0.093933
	seen	ROC-AUC = 0.9821	PR-AUC = 0.6788	Top-1 Acc = 0.6324	Top-5 Acc = 0.8638
	unseen	ROC-AUC = 0.8513	PR-AUC = 0.2769	Top-1 Acc = 0.0013	Top-5 Acc = 0.1337
	Mean	ROC-AUC = 0.9090	PR-AUC = 0.4542	Top-1 Acc = 0.2797	Top-5 Acc = 0.4558
Epoch = 98
	Training	Accuracy = 0.9988	Cost = 0.260108	Loss = 0.083311
	seen	ROC-AUC = 0.9828	PR-AUC = 0.6854	Top-1 Acc = 0.6329	Top-5 Acc = 0.8469
	unseen	ROC-AUC = 0.8465	PR-AUC = 0.2779	Top-1 Acc = 0.0017	Top-5 Acc = 0.1427
	Mean	ROC-AUC = 0.9067	PR-AUC = 0.4577	Top-1 Acc = 0.2802	Top-5 Acc = 0.4534
Epoch = 99
	Training	Accuracy = 0.9987	Cost = 0.271858	Loss = 0.095267
	seen	ROC-AUC = 0.9821	PR-AUC = 0.6936	Top-1 Acc = 0.6487	Top-5 Acc = 0.8725
	unseen	ROC-AUC = 0.8379	PR-AUC = 0.2675	Top-1 Acc = 0.0013	Top-5 Acc = 0.1337
	Mean	ROC-AUC = 0.9015	PR-AUC = 0.4555	Top-1 Acc = 0.2869	Top-5 Acc = 0.4596
Epoch = 100
	Training	Accuracy = 0.9988	Cost = 0.262430	Loss = 0.085764
	seen	ROC-AUC = 0.9836	PR-AUC = 0.6845	Top-1 Acc = 0.6449	Top-5 Acc = 0.8606
	unseen	ROC-AUC = 0.8394	PR-AUC = 0.2766	Top-1 Acc = 0.0013	Top-5 Acc = 0.1419
	Mean	ROC-AUC = 0.9030	PR-AUC = 0.4565	Top-1 Acc = 0.2852	Top-5 Acc = 0.4589
