Epoch = 1
	Training	Accuracy = 0.0063	Cost = 15.592031	Loss = 15.361387
	seen	ROC-AUC = 0.5225	PR-AUC = 0.0137	Top-1 Acc = 0.0000	Top-5 Acc = 0.0073
	unseen	ROC-AUC = 0.5156	PR-AUC = 0.0400	Top-1 Acc = 0.0330	Top-5 Acc = 0.0990
	Mean	ROC-AUC = 0.5186	PR-AUC = 0.0286	Top-1 Acc = 0.0187	Top-5 Acc = 0.0592
Epoch = 2
	Training	Accuracy = 0.0081	Cost = 5.500012	Loss = 5.269255
	seen	ROC-AUC = 0.5397	PR-AUC = 0.0141	Top-1 Acc = 0.0031	Top-5 Acc = 0.0157
	unseen	ROC-AUC = 0.5173	PR-AUC = 0.0405	Top-1 Acc = 0.0201	Top-5 Acc = 0.0619
	Mean	ROC-AUC = 0.5270	PR-AUC = 0.0290	Top-1 Acc = 0.0127	Top-5 Acc = 0.0419
Epoch = 3
	Training	Accuracy = 0.0102	Cost = 5.435768	Loss = 5.204692
	seen	ROC-AUC = 0.6239	PR-AUC = 0.0223	Top-1 Acc = 0.0000	Top-5 Acc = 0.0231
	unseen	ROC-AUC = 0.5979	PR-AUC = 0.0508	Top-1 Acc = 0.0217	Top-5 Acc = 0.1102
	Mean	ROC-AUC = 0.6092	PR-AUC = 0.0384	Top-1 Acc = 0.0123	Top-5 Acc = 0.0724
Epoch = 4
	Training	Accuracy = 0.0149	Cost = 4.762586	Loss = 4.531587
	seen	ROC-AUC = 0.7160	PR-AUC = 0.0266	Top-1 Acc = 0.0105	Top-5 Acc = 0.0241
	unseen	ROC-AUC = 0.6727	PR-AUC = 0.0668	Top-1 Acc = 0.0233	Top-5 Acc = 0.0893
	Mean	ROC-AUC = 0.6915	PR-AUC = 0.0493	Top-1 Acc = 0.0178	Top-5 Acc = 0.0610
Epoch = 5
	Training	Accuracy = 0.0245	Cost = 4.896911	Loss = 4.666241
	seen	ROC-AUC = 0.5513	PR-AUC = 0.0189	Top-1 Acc = 0.0010	Top-5 Acc = 0.0241
	unseen	ROC-AUC = 0.5274	PR-AUC = 0.0534	Top-1 Acc = 0.0209	Top-5 Acc = 0.0973
	Mean	ROC-AUC = 0.5378	PR-AUC = 0.0384	Top-1 Acc = 0.0123	Top-5 Acc = 0.0655
Epoch = 6
	Training	Accuracy = 0.0271	Cost = 4.625965	Loss = 4.395115
	seen	ROC-AUC = 0.6087	PR-AUC = 0.0186	Top-1 Acc = 0.0010	Top-5 Acc = 0.0273
	unseen	ROC-AUC = 0.5476	PR-AUC = 0.0480	Top-1 Acc = 0.0209	Top-5 Acc = 0.0957
	Mean	ROC-AUC = 0.5741	PR-AUC = 0.0352	Top-1 Acc = 0.0123	Top-5 Acc = 0.0660
Epoch = 7
	Training	Accuracy = 0.0310	Cost = 5.038163	Loss = 4.807408
	seen	ROC-AUC = 0.5701	PR-AUC = 0.0214	Top-1 Acc = 0.0021	Top-5 Acc = 0.0566
	unseen	ROC-AUC = 0.5284	PR-AUC = 0.0548	Top-1 Acc = 0.0241	Top-5 Acc = 0.0925
	Mean	ROC-AUC = 0.5465	PR-AUC = 0.0403	Top-1 Acc = 0.0146	Top-5 Acc = 0.0769
Epoch = 8
	Training	Accuracy = 0.0276	Cost = 5.499607	Loss = 5.268595
	seen	ROC-AUC = 0.7731	PR-AUC = 0.0331	Top-1 Acc = 0.0031	Top-5 Acc = 0.0650
	unseen	ROC-AUC = 0.7029	PR-AUC = 0.0772	Top-1 Acc = 0.0338	Top-5 Acc = 0.1480
	Mean	ROC-AUC = 0.7334	PR-AUC = 0.0580	Top-1 Acc = 0.0205	Top-5 Acc = 0.1120
Epoch = 9
	Training	Accuracy = 0.0545	Cost = 3.630042	Loss = 3.399730
	seen	ROC-AUC = 0.8164	PR-AUC = 0.0563	Top-1 Acc = 0.0461	Top-5 Acc = 0.1447
	unseen	ROC-AUC = 0.7553	PR-AUC = 0.0878	Top-1 Acc = 0.0193	Top-5 Acc = 0.1030
	Mean	ROC-AUC = 0.7818	PR-AUC = 0.0741	Top-1 Acc = 0.0310	Top-5 Acc = 0.1211
Epoch = 10
	Training	Accuracy = 0.0691	Cost = 3.639872	Loss = 3.410823
	seen	ROC-AUC = 0.8393	PR-AUC = 0.0708	Top-1 Acc = 0.0430	Top-5 Acc = 0.1971
	unseen	ROC-AUC = 0.7240	PR-AUC = 0.0837	Top-1 Acc = 0.0306	Top-5 Acc = 0.0965
	Mean	ROC-AUC = 0.7740	PR-AUC = 0.0781	Top-1 Acc = 0.0360	Top-5 Acc = 0.1402
Epoch = 11
	Training	Accuracy = 0.1058	Cost = 3.163203	Loss = 2.936602
	seen	ROC-AUC = 0.8685	PR-AUC = 0.0851	Top-1 Acc = 0.0388	Top-5 Acc = 0.1562
	unseen	ROC-AUC = 0.7545	PR-AUC = 0.0905	Top-1 Acc = 0.0370	Top-5 Acc = 0.0829
	Mean	ROC-AUC = 0.8040	PR-AUC = 0.0881	Top-1 Acc = 0.0378	Top-5 Acc = 0.1147
Epoch = 12
	Training	Accuracy = 0.0782	Cost = 3.869377	Loss = 3.644601
	seen	ROC-AUC = 0.8434	PR-AUC = 0.0638	Top-1 Acc = 0.0409	Top-5 Acc = 0.1530
	unseen	ROC-AUC = 0.7282	PR-AUC = 0.0864	Top-1 Acc = 0.0209	Top-5 Acc = 0.0780
	Mean	ROC-AUC = 0.7782	PR-AUC = 0.0766	Top-1 Acc = 0.0296	Top-5 Acc = 0.1106
Epoch = 13
	Training	Accuracy = 0.1243	Cost = 3.328049	Loss = 3.104554
	seen	ROC-AUC = 0.9253	PR-AUC = 0.1544	Top-1 Acc = 0.0734	Top-5 Acc = 0.2662
	unseen	ROC-AUC = 0.8048	PR-AUC = 0.1340	Top-1 Acc = 0.0217	Top-5 Acc = 0.0941
	Mean	ROC-AUC = 0.8571	PR-AUC = 0.1428	Top-1 Acc = 0.0442	Top-5 Acc = 0.1689
Epoch = 14
	Training	Accuracy = 0.1781	Cost = 3.015018	Loss = 2.794119
	seen	ROC-AUC = 0.9343	PR-AUC = 0.2075	Top-1 Acc = 0.0901	Top-5 Acc = 0.3155
	unseen	ROC-AUC = 0.7892	PR-AUC = 0.1555	Top-1 Acc = 0.0298	Top-5 Acc = 0.0877
	Mean	ROC-AUC = 0.8522	PR-AUC = 0.1781	Top-1 Acc = 0.0560	Top-5 Acc = 0.1866
Epoch = 15
	Training	Accuracy = 0.2229	Cost = 3.080925	Loss = 2.862972
	seen	ROC-AUC = 0.9529	PR-AUC = 0.2339	Top-1 Acc = 0.1551	Top-5 Acc = 0.4476
	unseen	ROC-AUC = 0.8177	PR-AUC = 0.1699	Top-1 Acc = 0.0209	Top-5 Acc = 0.0700
	Mean	ROC-AUC = 0.8764	PR-AUC = 0.1977	Top-1 Acc = 0.0792	Top-5 Acc = 0.2340
Epoch = 16
	Training	Accuracy = 0.3058	Cost = 2.752278	Loss = 2.537309
	seen	ROC-AUC = 0.9472	PR-AUC = 0.3062	Top-1 Acc = 0.2117	Top-5 Acc = 0.4843
	unseen	ROC-AUC = 0.7926	PR-AUC = 0.1623	Top-1 Acc = 0.0201	Top-5 Acc = 0.0684
	Mean	ROC-AUC = 0.8597	PR-AUC = 0.2248	Top-1 Acc = 0.1033	Top-5 Acc = 0.2490
Epoch = 17
	Training	Accuracy = 0.3472	Cost = 2.657075	Loss = 2.445347
	seen	ROC-AUC = 0.9598	PR-AUC = 0.3372	Top-1 Acc = 0.2484	Top-5 Acc = 0.5451
	unseen	ROC-AUC = 0.7846	PR-AUC = 0.1802	Top-1 Acc = 0.0233	Top-5 Acc = 0.1030
	Mean	ROC-AUC = 0.8607	PR-AUC = 0.2484	Top-1 Acc = 0.1211	Top-5 Acc = 0.2949
Epoch = 18
	Training	Accuracy = 0.3712	Cost = 2.714012	Loss = 2.505154
	seen	ROC-AUC = 0.9564	PR-AUC = 0.2914	Top-1 Acc = 0.2296	Top-5 Acc = 0.4927
	unseen	ROC-AUC = 0.8097	PR-AUC = 0.1828	Top-1 Acc = 0.0161	Top-5 Acc = 0.0845
	Mean	ROC-AUC = 0.8734	PR-AUC = 0.2300	Top-1 Acc = 0.1088	Top-5 Acc = 0.2617
Epoch = 19
	Training	Accuracy = 0.4583	Cost = 2.362648	Loss = 2.156181
	seen	ROC-AUC = 0.9669	PR-AUC = 0.4266	Top-1 Acc = 0.3124	Top-5 Acc = 0.5985
	unseen	ROC-AUC = 0.8111	PR-AUC = 0.1855	Top-1 Acc = 0.0088	Top-5 Acc = 0.0563
	Mean	ROC-AUC = 0.8787	PR-AUC = 0.2902	Top-1 Acc = 0.1406	Top-5 Acc = 0.2918
Epoch = 20
	Training	Accuracy = 0.5026	Cost = 2.289106	Loss = 2.085536
	seen	ROC-AUC = 0.9492	PR-AUC = 0.3616	Top-1 Acc = 0.2579	Top-5 Acc = 0.5356
	unseen	ROC-AUC = 0.7785	PR-AUC = 0.1631	Top-1 Acc = 0.0129	Top-5 Acc = 0.0571
	Mean	ROC-AUC = 0.8526	PR-AUC = 0.2493	Top-1 Acc = 0.1193	Top-5 Acc = 0.2649
Epoch = 21
	Training	Accuracy = 0.5295	Cost = 2.211905	Loss = 2.010407
	seen	ROC-AUC = 0.9709	PR-AUC = 0.4752	Top-1 Acc = 0.3522	Top-5 Acc = 0.6803
	unseen	ROC-AUC = 0.8221	PR-AUC = 0.1997	Top-1 Acc = 0.0064	Top-5 Acc = 0.0853
	Mean	ROC-AUC = 0.8867	PR-AUC = 0.3193	Top-1 Acc = 0.1566	Top-5 Acc = 0.3437
Epoch = 22
	Training	Accuracy = 0.5905	Cost = 2.048182	Loss = 1.848690
	seen	ROC-AUC = 0.9757	PR-AUC = 0.5178	Top-1 Acc = 0.4193	Top-5 Acc = 0.7379
	unseen	ROC-AUC = 0.8272	PR-AUC = 0.2200	Top-1 Acc = 0.0016	Top-5 Acc = 0.0708
	Mean	ROC-AUC = 0.8917	PR-AUC = 0.3493	Top-1 Acc = 0.1830	Top-5 Acc = 0.3605
Epoch = 23
	Training	Accuracy = 0.6030	Cost = 2.129222	Loss = 1.930958
	seen	ROC-AUC = 0.9759	PR-AUC = 0.5049	Top-1 Acc = 0.4392	Top-5 Acc = 0.7463
	unseen	ROC-AUC = 0.8224	PR-AUC = 0.2160	Top-1 Acc = 0.0088	Top-5 Acc = 0.0595
	Mean	ROC-AUC = 0.8891	PR-AUC = 0.3414	Top-1 Acc = 0.1957	Top-5 Acc = 0.3578
Epoch = 24
	Training	Accuracy = 0.6723	Cost = 1.795481	Loss = 1.598044
	seen	ROC-AUC = 0.9737	PR-AUC = 0.5207	Top-1 Acc = 0.4350	Top-5 Acc = 0.7306
	unseen	ROC-AUC = 0.8135	PR-AUC = 0.2067	Top-1 Acc = 0.0032	Top-5 Acc = 0.0700
	Mean	ROC-AUC = 0.8831	PR-AUC = 0.3431	Top-1 Acc = 0.1907	Top-5 Acc = 0.3569
Epoch = 25
	Training	Accuracy = 0.6702	Cost = 1.837694	Loss = 1.640976
	seen	ROC-AUC = 0.9760	PR-AUC = 0.5348	Top-1 Acc = 0.4455	Top-5 Acc = 0.7159
	unseen	ROC-AUC = 0.8088	PR-AUC = 0.2081	Top-1 Acc = 0.0000	Top-5 Acc = 0.0579
	Mean	ROC-AUC = 0.8814	PR-AUC = 0.3499	Top-1 Acc = 0.1934	Top-5 Acc = 0.3437
Epoch = 26
	Training	Accuracy = 0.7044	Cost = 1.696526	Loss = 1.500298
	seen	ROC-AUC = 0.9744	PR-AUC = 0.5434	Top-1 Acc = 0.4717	Top-5 Acc = 0.7421
	unseen	ROC-AUC = 0.8083	PR-AUC = 0.2060	Top-1 Acc = 0.0016	Top-5 Acc = 0.0660
	Mean	ROC-AUC = 0.8805	PR-AUC = 0.3525	Top-1 Acc = 0.2057	Top-5 Acc = 0.3596
Epoch = 27
	Training	Accuracy = 0.7375	Cost = 1.575094	Loss = 1.379215
	seen	ROC-AUC = 0.9752	PR-AUC = 0.5331	Top-1 Acc = 0.4801	Top-5 Acc = 0.7463
	unseen	ROC-AUC = 0.8134	PR-AUC = 0.2105	Top-1 Acc = 0.0008	Top-5 Acc = 0.0636
	Mean	ROC-AUC = 0.8837	PR-AUC = 0.3506	Top-1 Acc = 0.2089	Top-5 Acc = 0.3600
Epoch = 28
	Training	Accuracy = 0.7565	Cost = 1.529087	Loss = 1.333424
	seen	ROC-AUC = 0.9750	PR-AUC = 0.5557	Top-1 Acc = 0.4958	Top-5 Acc = 0.7558
	unseen	ROC-AUC = 0.8136	PR-AUC = 0.2256	Top-1 Acc = 0.0008	Top-5 Acc = 0.0531
	Mean	ROC-AUC = 0.8837	PR-AUC = 0.3690	Top-1 Acc = 0.2157	Top-5 Acc = 0.3582
Epoch = 29
	Training	Accuracy = 0.7693	Cost = 1.421958	Loss = 1.226266
	seen	ROC-AUC = 0.9766	PR-AUC = 0.5803	Top-1 Acc = 0.5094	Top-5 Acc = 0.7841
	unseen	ROC-AUC = 0.8145	PR-AUC = 0.2140	Top-1 Acc = 0.0000	Top-5 Acc = 0.0507
	Mean	ROC-AUC = 0.8849	PR-AUC = 0.3731	Top-1 Acc = 0.2212	Top-5 Acc = 0.3691
Epoch = 30
	Training	Accuracy = 0.7995	Cost = 1.348896	Loss = 1.153191
	seen	ROC-AUC = 0.9756	PR-AUC = 0.5708	Top-1 Acc = 0.5356	Top-5 Acc = 0.7966
	unseen	ROC-AUC = 0.8184	PR-AUC = 0.2090	Top-1 Acc = 0.0000	Top-5 Acc = 0.0491
	Mean	ROC-AUC = 0.8867	PR-AUC = 0.3661	Top-1 Acc = 0.2326	Top-5 Acc = 0.3737
Epoch = 31
	Training	Accuracy = 0.8217	Cost = 1.244265	Loss = 1.048470
	seen	ROC-AUC = 0.9773	PR-AUC = 0.5729	Top-1 Acc = 0.4958	Top-5 Acc = 0.7683
	unseen	ROC-AUC = 0.8155	PR-AUC = 0.2151	Top-1 Acc = 0.0000	Top-5 Acc = 0.0539
	Mean	ROC-AUC = 0.8858	PR-AUC = 0.3705	Top-1 Acc = 0.2153	Top-5 Acc = 0.3641
Epoch = 32
	Training	Accuracy = 0.8261	Cost = 1.220424	Loss = 1.024267
	seen	ROC-AUC = 0.9735	PR-AUC = 0.5655	Top-1 Acc = 0.5377	Top-5 Acc = 0.7736
	unseen	ROC-AUC = 0.8244	PR-AUC = 0.2094	Top-1 Acc = 0.0000	Top-5 Acc = 0.0426
	Mean	ROC-AUC = 0.8891	PR-AUC = 0.3640	Top-1 Acc = 0.2335	Top-5 Acc = 0.3600
Epoch = 33
	Training	Accuracy = 0.8457	Cost = 1.146793	Loss = 0.950308
	seen	ROC-AUC = 0.9764	PR-AUC = 0.5882	Top-1 Acc = 0.5314	Top-5 Acc = 0.8092
	unseen	ROC-AUC = 0.8123	PR-AUC = 0.2102	Top-1 Acc = 0.0000	Top-5 Acc = 0.0507
	Mean	ROC-AUC = 0.8836	PR-AUC = 0.3743	Top-1 Acc = 0.2308	Top-5 Acc = 0.3801
Epoch = 34
	Training	Accuracy = 0.8634	Cost = 1.083842	Loss = 0.887098
	seen	ROC-AUC = 0.9755	PR-AUC = 0.5745	Top-1 Acc = 0.5325	Top-5 Acc = 0.7977
	unseen	ROC-AUC = 0.8212	PR-AUC = 0.2124	Top-1 Acc = 0.0000	Top-5 Acc = 0.0467
	Mean	ROC-AUC = 0.8882	PR-AUC = 0.3697	Top-1 Acc = 0.2312	Top-5 Acc = 0.3728
Epoch = 35
	Training	Accuracy = 0.8710	Cost = 1.047183	Loss = 0.850145
	seen	ROC-AUC = 0.9772	PR-AUC = 0.5956	Top-1 Acc = 0.5514	Top-5 Acc = 0.8166
	unseen	ROC-AUC = 0.8191	PR-AUC = 0.2126	Top-1 Acc = 0.0000	Top-5 Acc = 0.0442
	Mean	ROC-AUC = 0.8878	PR-AUC = 0.3789	Top-1 Acc = 0.2394	Top-5 Acc = 0.3796
Epoch = 36
	Training	Accuracy = 0.8848	Cost = 0.985000	Loss = 0.787698
	seen	ROC-AUC = 0.9763	PR-AUC = 0.5848	Top-1 Acc = 0.5346	Top-5 Acc = 0.7872
	unseen	ROC-AUC = 0.8223	PR-AUC = 0.2195	Top-1 Acc = 0.0000	Top-5 Acc = 0.0571
	Mean	ROC-AUC = 0.8892	PR-AUC = 0.3781	Top-1 Acc = 0.2321	Top-5 Acc = 0.3741
Epoch = 37
	Training	Accuracy = 0.8882	Cost = 0.941909	Loss = 0.744360
	seen	ROC-AUC = 0.9761	PR-AUC = 0.5928	Top-1 Acc = 0.5398	Top-5 Acc = 0.8082
	unseen	ROC-AUC = 0.8226	PR-AUC = 0.2272	Top-1 Acc = 0.0000	Top-5 Acc = 0.0531
	Mean	ROC-AUC = 0.8893	PR-AUC = 0.3860	Top-1 Acc = 0.2344	Top-5 Acc = 0.3810
Epoch = 38
	Training	Accuracy = 0.9038	Cost = 0.881032	Loss = 0.683002
	seen	ROC-AUC = 0.9774	PR-AUC = 0.6029	Top-1 Acc = 0.5493	Top-5 Acc = 0.8208
	unseen	ROC-AUC = 0.8209	PR-AUC = 0.2189	Top-1 Acc = 0.0000	Top-5 Acc = 0.0547
	Mean	ROC-AUC = 0.8889	PR-AUC = 0.3857	Top-1 Acc = 0.2385	Top-5 Acc = 0.3873
Epoch = 39
	Training	Accuracy = 0.9127	Cost = 0.835303	Loss = 0.636956
	seen	ROC-AUC = 0.9770	PR-AUC = 0.5893	Top-1 Acc = 0.5514	Top-5 Acc = 0.8176
	unseen	ROC-AUC = 0.8296	PR-AUC = 0.2315	Top-1 Acc = 0.0008	Top-5 Acc = 0.0499
	Mean	ROC-AUC = 0.8936	PR-AUC = 0.3869	Top-1 Acc = 0.2399	Top-5 Acc = 0.3832
Epoch = 40
	Training	Accuracy = 0.9200	Cost = 0.816821	Loss = 0.618316
	seen	ROC-AUC = 0.9761	PR-AUC = 0.5870	Top-1 Acc = 0.5283	Top-5 Acc = 0.7945
	unseen	ROC-AUC = 0.8173	PR-AUC = 0.2124	Top-1 Acc = 0.0000	Top-5 Acc = 0.0434
	Mean	ROC-AUC = 0.8863	PR-AUC = 0.3751	Top-1 Acc = 0.2294	Top-5 Acc = 0.3696
Epoch = 41
	Training	Accuracy = 0.9257	Cost = 0.788892	Loss = 0.590195
	seen	ROC-AUC = 0.9791	PR-AUC = 0.6066	Top-1 Acc = 0.5629	Top-5 Acc = 0.8197
	unseen	ROC-AUC = 0.8325	PR-AUC = 0.2167	Top-1 Acc = 0.0000	Top-5 Acc = 0.0418
	Mean	ROC-AUC = 0.8961	PR-AUC = 0.3860	Top-1 Acc = 0.2444	Top-5 Acc = 0.3796
Epoch = 42
	Training	Accuracy = 0.9361	Cost = 0.726677	Loss = 0.528039
	seen	ROC-AUC = 0.9780	PR-AUC = 0.6036	Top-1 Acc = 0.5587	Top-5 Acc = 0.8208
	unseen	ROC-AUC = 0.8219	PR-AUC = 0.2163	Top-1 Acc = 0.0008	Top-5 Acc = 0.0587
	Mean	ROC-AUC = 0.8897	PR-AUC = 0.3844	Top-1 Acc = 0.2431	Top-5 Acc = 0.3896
Epoch = 43
	Training	Accuracy = 0.9393	Cost = 0.716143	Loss = 0.517710
	seen	ROC-AUC = 0.9779	PR-AUC = 0.5949	Top-1 Acc = 0.5577	Top-5 Acc = 0.8103
	unseen	ROC-AUC = 0.8154	PR-AUC = 0.2192	Top-1 Acc = 0.0000	Top-5 Acc = 0.0611
	Mean	ROC-AUC = 0.8860	PR-AUC = 0.3823	Top-1 Acc = 0.2421	Top-5 Acc = 0.3864
Epoch = 44
	Training	Accuracy = 0.9476	Cost = 0.659842	Loss = 0.461453
	seen	ROC-AUC = 0.9774	PR-AUC = 0.5932	Top-1 Acc = 0.5398	Top-5 Acc = 0.7945
	unseen	ROC-AUC = 0.8086	PR-AUC = 0.2067	Top-1 Acc = 0.0000	Top-5 Acc = 0.0459
	Mean	ROC-AUC = 0.8819	PR-AUC = 0.3745	Top-1 Acc = 0.2344	Top-5 Acc = 0.3710
Epoch = 45
	Training	Accuracy = 0.9539	Cost = 0.643090	Loss = 0.444915
	seen	ROC-AUC = 0.9791	PR-AUC = 0.5940	Top-1 Acc = 0.5828	Top-5 Acc = 0.8302
	unseen	ROC-AUC = 0.8179	PR-AUC = 0.2085	Top-1 Acc = 0.0000	Top-5 Acc = 0.0603
	Mean	ROC-AUC = 0.8879	PR-AUC = 0.3759	Top-1 Acc = 0.2531	Top-5 Acc = 0.3946
Epoch = 46
	Training	Accuracy = 0.9557	Cost = 0.623552	Loss = 0.425562
	seen	ROC-AUC = 0.9784	PR-AUC = 0.5912	Top-1 Acc = 0.5807	Top-5 Acc = 0.8249
	unseen	ROC-AUC = 0.8181	PR-AUC = 0.2117	Top-1 Acc = 0.0008	Top-5 Acc = 0.0539
	Mean	ROC-AUC = 0.8877	PR-AUC = 0.3765	Top-1 Acc = 0.2526	Top-5 Acc = 0.3887
Epoch = 47
	Training	Accuracy = 0.9651	Cost = 0.585426	Loss = 0.387927
	seen	ROC-AUC = 0.9771	PR-AUC = 0.5998	Top-1 Acc = 0.5702	Top-5 Acc = 0.8166
	unseen	ROC-AUC = 0.8269	PR-AUC = 0.2194	Top-1 Acc = 0.0016	Top-5 Acc = 0.0507
	Mean	ROC-AUC = 0.8921	PR-AUC = 0.3846	Top-1 Acc = 0.2485	Top-5 Acc = 0.3832
Epoch = 48
	Training	Accuracy = 0.9638	Cost = 0.558892	Loss = 0.361813
	seen	ROC-AUC = 0.9774	PR-AUC = 0.5871	Top-1 Acc = 0.5650	Top-5 Acc = 0.7987
	unseen	ROC-AUC = 0.8211	PR-AUC = 0.2179	Top-1 Acc = 0.0000	Top-5 Acc = 0.0539
	Mean	ROC-AUC = 0.8890	PR-AUC = 0.3782	Top-1 Acc = 0.2453	Top-5 Acc = 0.3773
Epoch = 49
	Training	Accuracy = 0.9695	Cost = 0.549318	Loss = 0.352801
	seen	ROC-AUC = 0.9774	PR-AUC = 0.5903	Top-1 Acc = 0.5650	Top-5 Acc = 0.8229
	unseen	ROC-AUC = 0.8286	PR-AUC = 0.2114	Top-1 Acc = 0.0000	Top-5 Acc = 0.0523
	Mean	ROC-AUC = 0.8932	PR-AUC = 0.3759	Top-1 Acc = 0.2453	Top-5 Acc = 0.3869
Epoch = 50
	Training	Accuracy = 0.9750	Cost = 0.512607	Loss = 0.316712
	seen	ROC-AUC = 0.9776	PR-AUC = 0.5811	Top-1 Acc = 0.5744	Top-5 Acc = 0.8260
	unseen	ROC-AUC = 0.8290	PR-AUC = 0.2202	Top-1 Acc = 0.0000	Top-5 Acc = 0.0595
	Mean	ROC-AUC = 0.8935	PR-AUC = 0.3769	Top-1 Acc = 0.2494	Top-5 Acc = 0.3924
Epoch = 51
	Training	Accuracy = 0.9747	Cost = 0.498685	Loss = 0.303298
	seen	ROC-AUC = 0.9760	PR-AUC = 0.5609	Top-1 Acc = 0.5283	Top-5 Acc = 0.8040
	unseen	ROC-AUC = 0.8201	PR-AUC = 0.2149	Top-1 Acc = 0.0000	Top-5 Acc = 0.0644
	Mean	ROC-AUC = 0.8878	PR-AUC = 0.3651	Top-1 Acc = 0.2294	Top-5 Acc = 0.3855
Epoch = 52
	Training	Accuracy = 0.9784	Cost = 0.482087	Loss = 0.287251
	seen	ROC-AUC = 0.9788	PR-AUC = 0.5751	Top-1 Acc = 0.5786	Top-5 Acc = 0.8229
	unseen	ROC-AUC = 0.8245	PR-AUC = 0.2271	Top-1 Acc = 0.0000	Top-5 Acc = 0.0611
	Mean	ROC-AUC = 0.8915	PR-AUC = 0.3782	Top-1 Acc = 0.2513	Top-5 Acc = 0.3919
Epoch = 53
	Training	Accuracy = 0.9763	Cost = 0.471192	Loss = 0.277243
	seen	ROC-AUC = 0.9789	PR-AUC = 0.5679	Top-1 Acc = 0.5524	Top-5 Acc = 0.8302
	unseen	ROC-AUC = 0.8090	PR-AUC = 0.2047	Top-1 Acc = 0.0008	Top-5 Acc = 0.0451
	Mean	ROC-AUC = 0.8828	PR-AUC = 0.3624	Top-1 Acc = 0.2403	Top-5 Acc = 0.3860
Epoch = 54
	Training	Accuracy = 0.9771	Cost = 0.472277	Loss = 0.278951
	seen	ROC-AUC = 0.9785	PR-AUC = 0.5636	Top-1 Acc = 0.5912	Top-5 Acc = 0.8229
	unseen	ROC-AUC = 0.8235	PR-AUC = 0.2183	Top-1 Acc = 0.0008	Top-5 Acc = 0.0652
	Mean	ROC-AUC = 0.8908	PR-AUC = 0.3682	Top-1 Acc = 0.2572	Top-5 Acc = 0.3942
Epoch = 55
	Training	Accuracy = 0.9818	Cost = 0.439577	Loss = 0.246965
	seen	ROC-AUC = 0.9782	PR-AUC = 0.5739	Top-1 Acc = 0.5849	Top-5 Acc = 0.8187
	unseen	ROC-AUC = 0.8200	PR-AUC = 0.2241	Top-1 Acc = 0.0008	Top-5 Acc = 0.0700
	Mean	ROC-AUC = 0.8887	PR-AUC = 0.3760	Top-1 Acc = 0.2544	Top-5 Acc = 0.3951
Epoch = 56
	Training	Accuracy = 0.9844	Cost = 0.420128	Loss = 0.228193
	seen	ROC-AUC = 0.9772	PR-AUC = 0.5556	Top-1 Acc = 0.5524	Top-5 Acc = 0.8029
	unseen	ROC-AUC = 0.8231	PR-AUC = 0.2122	Top-1 Acc = 0.0000	Top-5 Acc = 0.0459
	Mean	ROC-AUC = 0.8900	PR-AUC = 0.3613	Top-1 Acc = 0.2399	Top-5 Acc = 0.3746
Epoch = 57
	Training	Accuracy = 0.9846	Cost = 0.419464	Loss = 0.228165
	seen	ROC-AUC = 0.9770	PR-AUC = 0.5678	Top-1 Acc = 0.5556	Top-5 Acc = 0.8113
	unseen	ROC-AUC = 0.8134	PR-AUC = 0.2222	Top-1 Acc = 0.0024	Top-5 Acc = 0.0692
	Mean	ROC-AUC = 0.8845	PR-AUC = 0.3723	Top-1 Acc = 0.2426	Top-5 Acc = 0.3914
Epoch = 58
	Training	Accuracy = 0.9870	Cost = 0.405404	Loss = 0.215062
	seen	ROC-AUC = 0.9766	PR-AUC = 0.5860	Top-1 Acc = 0.5755	Top-5 Acc = 0.7998
	unseen	ROC-AUC = 0.8145	PR-AUC = 0.2149	Top-1 Acc = 0.0008	Top-5 Acc = 0.0692
	Mean	ROC-AUC = 0.8849	PR-AUC = 0.3761	Top-1 Acc = 0.2503	Top-5 Acc = 0.3864
Epoch = 59
	Training	Accuracy = 0.9891	Cost = 0.388983	Loss = 0.199642
	seen	ROC-AUC = 0.9778	PR-AUC = 0.5855	Top-1 Acc = 0.5650	Top-5 Acc = 0.8312
	unseen	ROC-AUC = 0.8202	PR-AUC = 0.2171	Top-1 Acc = 0.0000	Top-5 Acc = 0.0676
	Mean	ROC-AUC = 0.8886	PR-AUC = 0.3771	Top-1 Acc = 0.2453	Top-5 Acc = 0.3992
Epoch = 60
	Training	Accuracy = 0.9891	Cost = 0.396031	Loss = 0.207719
	seen	ROC-AUC = 0.9776	PR-AUC = 0.5764	Top-1 Acc = 0.5702	Top-5 Acc = 0.8061
	unseen	ROC-AUC = 0.8123	PR-AUC = 0.2270	Top-1 Acc = 0.0008	Top-5 Acc = 0.0692
	Mean	ROC-AUC = 0.8841	PR-AUC = 0.3787	Top-1 Acc = 0.2481	Top-5 Acc = 0.3892
Epoch = 61
	Training	Accuracy = 0.9891	Cost = 0.383182	Loss = 0.195715
	seen	ROC-AUC = 0.9782	PR-AUC = 0.6017	Top-1 Acc = 0.5650	Top-5 Acc = 0.8008
	unseen	ROC-AUC = 0.8188	PR-AUC = 0.2133	Top-1 Acc = 0.0008	Top-5 Acc = 0.0660
	Mean	ROC-AUC = 0.8880	PR-AUC = 0.3819	Top-1 Acc = 0.2458	Top-5 Acc = 0.3851
Epoch = 62
	Training	Accuracy = 0.9911	Cost = 0.380135	Loss = 0.193738
	seen	ROC-AUC = 0.9763	PR-AUC = 0.5716	Top-1 Acc = 0.5566	Top-5 Acc = 0.8124
	unseen	ROC-AUC = 0.8164	PR-AUC = 0.2181	Top-1 Acc = 0.0000	Top-5 Acc = 0.0660
	Mean	ROC-AUC = 0.8858	PR-AUC = 0.3716	Top-1 Acc = 0.2417	Top-5 Acc = 0.3901
Epoch = 63
	Training	Accuracy = 0.9924	Cost = 0.338795	Loss = 0.153080
	seen	ROC-AUC = 0.9756	PR-AUC = 0.5766	Top-1 Acc = 0.5482	Top-5 Acc = 0.8008
	unseen	ROC-AUC = 0.8240	PR-AUC = 0.2086	Top-1 Acc = 0.0008	Top-5 Acc = 0.0764
	Mean	ROC-AUC = 0.8898	PR-AUC = 0.3684	Top-1 Acc = 0.2385	Top-5 Acc = 0.3910
Epoch = 64
	Training	Accuracy = 0.9924	Cost = 0.343480	Loss = 0.158483
	seen	ROC-AUC = 0.9742	PR-AUC = 0.5515	Top-1 Acc = 0.5283	Top-5 Acc = 0.7757
	unseen	ROC-AUC = 0.8142	PR-AUC = 0.2146	Top-1 Acc = 0.0000	Top-5 Acc = 0.0603
	Mean	ROC-AUC = 0.8837	PR-AUC = 0.3609	Top-1 Acc = 0.2294	Top-5 Acc = 0.3710
Epoch = 65
	Training	Accuracy = 0.9906	Cost = 0.367202	Loss = 0.183137
	seen	ROC-AUC = 0.9752	PR-AUC = 0.5642	Top-1 Acc = 0.5587	Top-5 Acc = 0.8103
	unseen	ROC-AUC = 0.8118	PR-AUC = 0.2045	Top-1 Acc = 0.0000	Top-5 Acc = 0.0740
	Mean	ROC-AUC = 0.8827	PR-AUC = 0.3607	Top-1 Acc = 0.2426	Top-5 Acc = 0.3937
Epoch = 66
	Training	Accuracy = 0.9943	Cost = 0.335886	Loss = 0.152756
	seen	ROC-AUC = 0.9762	PR-AUC = 0.5859	Top-1 Acc = 0.5786	Top-5 Acc = 0.8113
	unseen	ROC-AUC = 0.8256	PR-AUC = 0.2349	Top-1 Acc = 0.0008	Top-5 Acc = 0.0772
	Mean	ROC-AUC = 0.8910	PR-AUC = 0.3873	Top-1 Acc = 0.2517	Top-5 Acc = 0.3960
Epoch = 67
	Training	Accuracy = 0.9950	Cost = 0.319211	Loss = 0.137087
	seen	ROC-AUC = 0.9772	PR-AUC = 0.5841	Top-1 Acc = 0.5503	Top-5 Acc = 0.8071
	unseen	ROC-AUC = 0.8312	PR-AUC = 0.2351	Top-1 Acc = 0.0016	Top-5 Acc = 0.0813
	Mean	ROC-AUC = 0.8946	PR-AUC = 0.3867	Top-1 Acc = 0.2399	Top-5 Acc = 0.3964
Epoch = 68
	Training	Accuracy = 0.9945	Cost = 0.333461	Loss = 0.152116
	seen	ROC-AUC = 0.9772	PR-AUC = 0.5852	Top-1 Acc = 0.5535	Top-5 Acc = 0.8103
	unseen	ROC-AUC = 0.8256	PR-AUC = 0.2243	Top-1 Acc = 0.0000	Top-5 Acc = 0.0780
	Mean	ROC-AUC = 0.8914	PR-AUC = 0.3810	Top-1 Acc = 0.2403	Top-5 Acc = 0.3960
Epoch = 69
	Training	Accuracy = 0.9935	Cost = 0.320360	Loss = 0.139994
	seen	ROC-AUC = 0.9745	PR-AUC = 0.5762	Top-1 Acc = 0.5514	Top-5 Acc = 0.8019
	unseen	ROC-AUC = 0.8217	PR-AUC = 0.2328	Top-1 Acc = 0.0008	Top-5 Acc = 0.0740
	Mean	ROC-AUC = 0.8881	PR-AUC = 0.3819	Top-1 Acc = 0.2399	Top-5 Acc = 0.3901
Epoch = 70
	Training	Accuracy = 0.9964	Cost = 0.301457	Loss = 0.121742
	seen	ROC-AUC = 0.9744	PR-AUC = 0.5757	Top-1 Acc = 0.5713	Top-5 Acc = 0.8008
	unseen	ROC-AUC = 0.8095	PR-AUC = 0.2189	Top-1 Acc = 0.0016	Top-5 Acc = 0.0732
	Mean	ROC-AUC = 0.8811	PR-AUC = 0.3739	Top-1 Acc = 0.2490	Top-5 Acc = 0.3892
Epoch = 71
	Training	Accuracy = 0.9950	Cost = 0.319078	Loss = 0.140217
	seen	ROC-AUC = 0.9764	PR-AUC = 0.5911	Top-1 Acc = 0.5671	Top-5 Acc = 0.8092
	unseen	ROC-AUC = 0.8028	PR-AUC = 0.2247	Top-1 Acc = 0.0000	Top-5 Acc = 0.0780
	Mean	ROC-AUC = 0.8782	PR-AUC = 0.3838	Top-1 Acc = 0.2462	Top-5 Acc = 0.3955
Epoch = 72
	Training	Accuracy = 0.9950	Cost = 0.307265	Loss = 0.129363
	seen	ROC-AUC = 0.9762	PR-AUC = 0.5836	Top-1 Acc = 0.5398	Top-5 Acc = 0.8061
	unseen	ROC-AUC = 0.8249	PR-AUC = 0.2135	Top-1 Acc = 0.0016	Top-5 Acc = 0.0780
	Mean	ROC-AUC = 0.8906	PR-AUC = 0.3742	Top-1 Acc = 0.2353	Top-5 Acc = 0.3942
Epoch = 73
	Training	Accuracy = 0.9964	Cost = 0.309150	Loss = 0.132072
	seen	ROC-AUC = 0.9736	PR-AUC = 0.5893	Top-1 Acc = 0.5639	Top-5 Acc = 0.8134
	unseen	ROC-AUC = 0.8164	PR-AUC = 0.2174	Top-1 Acc = 0.0016	Top-5 Acc = 0.0660
	Mean	ROC-AUC = 0.8847	PR-AUC = 0.3789	Top-1 Acc = 0.2458	Top-5 Acc = 0.3905
Epoch = 74
	Training	Accuracy = 0.9971	Cost = 0.293603	Loss = 0.117503
	seen	ROC-AUC = 0.9732	PR-AUC = 0.5804	Top-1 Acc = 0.5713	Top-5 Acc = 0.8008
	unseen	ROC-AUC = 0.8046	PR-AUC = 0.2360	Top-1 Acc = 0.0008	Top-5 Acc = 0.0813
	Mean	ROC-AUC = 0.8778	PR-AUC = 0.3856	Top-1 Acc = 0.2485	Top-5 Acc = 0.3937
Epoch = 75
	Training	Accuracy = 0.9966	Cost = 0.288857	Loss = 0.113719
	seen	ROC-AUC = 0.9757	PR-AUC = 0.5688	Top-1 Acc = 0.5807	Top-5 Acc = 0.8229
	unseen	ROC-AUC = 0.8187	PR-AUC = 0.2285	Top-1 Acc = 0.0008	Top-5 Acc = 0.0845
	Mean	ROC-AUC = 0.8869	PR-AUC = 0.3763	Top-1 Acc = 0.2526	Top-5 Acc = 0.4051
Epoch = 76
	Training	Accuracy = 0.9969	Cost = 0.294277	Loss = 0.120192
	seen	ROC-AUC = 0.9755	PR-AUC = 0.5559	Top-1 Acc = 0.5786	Top-5 Acc = 0.8208
	unseen	ROC-AUC = 0.8148	PR-AUC = 0.2236	Top-1 Acc = 0.0008	Top-5 Acc = 0.0813
	Mean	ROC-AUC = 0.8846	PR-AUC = 0.3679	Top-1 Acc = 0.2517	Top-5 Acc = 0.4024
Epoch = 77
	Training	Accuracy = 0.9961	Cost = 0.274123	Loss = 0.101049
	seen	ROC-AUC = 0.9763	PR-AUC = 0.5627	Top-1 Acc = 0.5503	Top-5 Acc = 0.8092
	unseen	ROC-AUC = 0.8082	PR-AUC = 0.2250	Top-1 Acc = 0.0008	Top-5 Acc = 0.0700
	Mean	ROC-AUC = 0.8812	PR-AUC = 0.3716	Top-1 Acc = 0.2394	Top-5 Acc = 0.3910
Epoch = 78
	Training	Accuracy = 0.9966	Cost = 0.283814	Loss = 0.111527
	seen	ROC-AUC = 0.9742	PR-AUC = 0.5614	Top-1 Acc = 0.5671	Top-5 Acc = 0.8134
	unseen	ROC-AUC = 0.8207	PR-AUC = 0.2320	Top-1 Acc = 0.0016	Top-5 Acc = 0.0805
	Mean	ROC-AUC = 0.8874	PR-AUC = 0.3750	Top-1 Acc = 0.2472	Top-5 Acc = 0.3987
Epoch = 79
	Training	Accuracy = 0.9964	Cost = 0.275850	Loss = 0.104628
	seen	ROC-AUC = 0.9755	PR-AUC = 0.5550	Top-1 Acc = 0.5671	Top-5 Acc = 0.8208
	unseen	ROC-AUC = 0.8015	PR-AUC = 0.2197	Top-1 Acc = 0.0000	Top-5 Acc = 0.0652
	Mean	ROC-AUC = 0.8771	PR-AUC = 0.3653	Top-1 Acc = 0.2462	Top-5 Acc = 0.3933
Epoch = 80
	Training	Accuracy = 0.9958	Cost = 0.299860	Loss = 0.129180
	seen	ROC-AUC = 0.9747	PR-AUC = 0.5463	Top-1 Acc = 0.5608	Top-5 Acc = 0.8281
	unseen	ROC-AUC = 0.8165	PR-AUC = 0.2157	Top-1 Acc = 0.0016	Top-5 Acc = 0.0788
	Mean	ROC-AUC = 0.8852	PR-AUC = 0.3592	Top-1 Acc = 0.2444	Top-5 Acc = 0.4042
Epoch = 81
	Training	Accuracy = 0.9971	Cost = 0.277781	Loss = 0.107719
	seen	ROC-AUC = 0.9748	PR-AUC = 0.5452	Top-1 Acc = 0.5629	Top-5 Acc = 0.8008
	unseen	ROC-AUC = 0.8236	PR-AUC = 0.2087	Top-1 Acc = 0.0016	Top-5 Acc = 0.0692
	Mean	ROC-AUC = 0.8892	PR-AUC = 0.3548	Top-1 Acc = 0.2453	Top-5 Acc = 0.3869
Epoch = 82
	Training	Accuracy = 0.9979	Cost = 0.265369	Loss = 0.095998
	seen	ROC-AUC = 0.9768	PR-AUC = 0.5240	Top-1 Acc = 0.5556	Top-5 Acc = 0.8103
	unseen	ROC-AUC = 0.8189	PR-AUC = 0.2216	Top-1 Acc = 0.0016	Top-5 Acc = 0.0668
	Mean	ROC-AUC = 0.8875	PR-AUC = 0.3529	Top-1 Acc = 0.2421	Top-5 Acc = 0.3896
Epoch = 83
	Training	Accuracy = 0.9964	Cost = 0.264906	Loss = 0.096177
	seen	ROC-AUC = 0.9770	PR-AUC = 0.5749	Top-1 Acc = 0.5713	Top-5 Acc = 0.8071
	unseen	ROC-AUC = 0.8187	PR-AUC = 0.2310	Top-1 Acc = 0.0016	Top-5 Acc = 0.0708
	Mean	ROC-AUC = 0.8874	PR-AUC = 0.3803	Top-1 Acc = 0.2490	Top-5 Acc = 0.3905
Epoch = 84
	Training	Accuracy = 0.9956	Cost = 0.271211	Loss = 0.103356
	seen	ROC-AUC = 0.9750	PR-AUC = 0.5505	Top-1 Acc = 0.5692	Top-5 Acc = 0.7987
	unseen	ROC-AUC = 0.8157	PR-AUC = 0.2203	Top-1 Acc = 0.0008	Top-5 Acc = 0.0724
	Mean	ROC-AUC = 0.8849	PR-AUC = 0.3637	Top-1 Acc = 0.2476	Top-5 Acc = 0.3878
Epoch = 85
	Training	Accuracy = 0.9977	Cost = 0.265494	Loss = 0.098406
	seen	ROC-AUC = 0.9744	PR-AUC = 0.5844	Top-1 Acc = 0.5713	Top-5 Acc = 0.8145
	unseen	ROC-AUC = 0.8110	PR-AUC = 0.2168	Top-1 Acc = 0.0016	Top-5 Acc = 0.0869
	Mean	ROC-AUC = 0.8820	PR-AUC = 0.3765	Top-1 Acc = 0.2490	Top-5 Acc = 0.4028
Epoch = 86
	Training	Accuracy = 0.9974	Cost = 0.248252	Loss = 0.081882
	seen	ROC-AUC = 0.9754	PR-AUC = 0.5607	Top-1 Acc = 0.5535	Top-5 Acc = 0.7893
	unseen	ROC-AUC = 0.8208	PR-AUC = 0.2261	Top-1 Acc = 0.0008	Top-5 Acc = 0.0732
	Mean	ROC-AUC = 0.8879	PR-AUC = 0.3714	Top-1 Acc = 0.2408	Top-5 Acc = 0.3842
Epoch = 87
	Training	Accuracy = 0.9971	Cost = 0.273685	Loss = 0.108008
	seen	ROC-AUC = 0.9733	PR-AUC = 0.5700	Top-1 Acc = 0.5671	Top-5 Acc = 0.7925
	unseen	ROC-AUC = 0.8232	PR-AUC = 0.2359	Top-1 Acc = 0.0016	Top-5 Acc = 0.0869
	Mean	ROC-AUC = 0.8884	PR-AUC = 0.3810	Top-1 Acc = 0.2472	Top-5 Acc = 0.3933
Epoch = 88
	Training	Accuracy = 0.9977	Cost = 0.240567	Loss = 0.075754
	seen	ROC-AUC = 0.9736	PR-AUC = 0.5801	Top-1 Acc = 0.5671	Top-5 Acc = 0.8208
	unseen	ROC-AUC = 0.8178	PR-AUC = 0.2211	Top-1 Acc = 0.0016	Top-5 Acc = 0.0813
	Mean	ROC-AUC = 0.8854	PR-AUC = 0.3770	Top-1 Acc = 0.2472	Top-5 Acc = 0.4024
Epoch = 89
	Training	Accuracy = 0.9979	Cost = 0.261942	Loss = 0.097916
	seen	ROC-AUC = 0.9763	PR-AUC = 0.6041	Top-1 Acc = 0.5985	Top-5 Acc = 0.8218
	unseen	ROC-AUC = 0.8203	PR-AUC = 0.2355	Top-1 Acc = 0.0024	Top-5 Acc = 0.0837
	Mean	ROC-AUC = 0.8880	PR-AUC = 0.3955	Top-1 Acc = 0.2613	Top-5 Acc = 0.4042
Epoch = 90
	Training	Accuracy = 0.9966	Cost = 0.251373	Loss = 0.088237
	seen	ROC-AUC = 0.9750	PR-AUC = 0.5992	Top-1 Acc = 0.5587	Top-5 Acc = 0.7987
	unseen	ROC-AUC = 0.8207	PR-AUC = 0.2255	Top-1 Acc = 0.0016	Top-5 Acc = 0.0853
	Mean	ROC-AUC = 0.8877	PR-AUC = 0.3877	Top-1 Acc = 0.2435	Top-5 Acc = 0.3951
Epoch = 91
	Training	Accuracy = 0.9977	Cost = 0.253099	Loss = 0.090611
	seen	ROC-AUC = 0.9750	PR-AUC = 0.5898	Top-1 Acc = 0.5639	Top-5 Acc = 0.8208
	unseen	ROC-AUC = 0.8206	PR-AUC = 0.2266	Top-1 Acc = 0.0024	Top-5 Acc = 0.0869
	Mean	ROC-AUC = 0.8876	PR-AUC = 0.3843	Top-1 Acc = 0.2462	Top-5 Acc = 0.4056
Epoch = 92
	Training	Accuracy = 0.9982	Cost = 0.251865	Loss = 0.089975
	seen	ROC-AUC = 0.9740	PR-AUC = 0.6059	Top-1 Acc = 0.5933	Top-5 Acc = 0.8082
	unseen	ROC-AUC = 0.8199	PR-AUC = 0.2316	Top-1 Acc = 0.0008	Top-5 Acc = 0.0821
	Mean	ROC-AUC = 0.8868	PR-AUC = 0.3941	Top-1 Acc = 0.2581	Top-5 Acc = 0.3974
Epoch = 93
	Training	Accuracy = 0.9969	Cost = 0.251405	Loss = 0.090105
	seen	ROC-AUC = 0.9742	PR-AUC = 0.5858	Top-1 Acc = 0.5849	Top-5 Acc = 0.8019
	unseen	ROC-AUC = 0.8219	PR-AUC = 0.2216	Top-1 Acc = 0.0016	Top-5 Acc = 0.0748
	Mean	ROC-AUC = 0.8880	PR-AUC = 0.3798	Top-1 Acc = 0.2549	Top-5 Acc = 0.3905
Epoch = 94
	Training	Accuracy = 0.9987	Cost = 0.243021	Loss = 0.082319
	seen	ROC-AUC = 0.9733	PR-AUC = 0.5652	Top-1 Acc = 0.5818	Top-5 Acc = 0.8061
	unseen	ROC-AUC = 0.8122	PR-AUC = 0.2193	Top-1 Acc = 0.0000	Top-5 Acc = 0.0805
	Mean	ROC-AUC = 0.8821	PR-AUC = 0.3695	Top-1 Acc = 0.2526	Top-5 Acc = 0.3955
Epoch = 95
	Training	Accuracy = 0.9982	Cost = 0.227538	Loss = 0.067232
	seen	ROC-AUC = 0.9735	PR-AUC = 0.5668	Top-1 Acc = 0.5618	Top-5 Acc = 0.7977
	unseen	ROC-AUC = 0.8160	PR-AUC = 0.2094	Top-1 Acc = 0.0016	Top-5 Acc = 0.0957
	Mean	ROC-AUC = 0.8844	PR-AUC = 0.3646	Top-1 Acc = 0.2449	Top-5 Acc = 0.4005
Epoch = 96
	Training	Accuracy = 0.9990	Cost = 0.238896	Loss = 0.079182
	seen	ROC-AUC = 0.9763	PR-AUC = 0.5968	Top-1 Acc = 0.5587	Top-5 Acc = 0.8008
	unseen	ROC-AUC = 0.8146	PR-AUC = 0.2200	Top-1 Acc = 0.0032	Top-5 Acc = 0.0813
	Mean	ROC-AUC = 0.8849	PR-AUC = 0.3836	Top-1 Acc = 0.2444	Top-5 Acc = 0.3937
Epoch = 97
	Training	Accuracy = 0.9982	Cost = 0.239805	Loss = 0.080605
	seen	ROC-AUC = 0.9728	PR-AUC = 0.5768	Top-1 Acc = 0.5639	Top-5 Acc = 0.7872
	unseen	ROC-AUC = 0.8207	PR-AUC = 0.2289	Top-1 Acc = 0.0024	Top-5 Acc = 0.0901
	Mean	ROC-AUC = 0.8868	PR-AUC = 0.3800	Top-1 Acc = 0.2462	Top-5 Acc = 0.3928
Epoch = 98
	Training	Accuracy = 0.9982	Cost = 0.228268	Loss = 0.069613
	seen	ROC-AUC = 0.9749	PR-AUC = 0.5697	Top-1 Acc = 0.5755	Top-5 Acc = 0.8050
	unseen	ROC-AUC = 0.8106	PR-AUC = 0.2257	Top-1 Acc = 0.0032	Top-5 Acc = 0.0780
	Mean	ROC-AUC = 0.8819	PR-AUC = 0.3751	Top-1 Acc = 0.2517	Top-5 Acc = 0.3937
Epoch = 99
	Training	Accuracy = 0.9969	Cost = 0.224879	Loss = 0.066823
	seen	ROC-AUC = 0.9762	PR-AUC = 0.5791	Top-1 Acc = 0.5671	Top-5 Acc = 0.8134
	unseen	ROC-AUC = 0.8143	PR-AUC = 0.2267	Top-1 Acc = 0.0008	Top-5 Acc = 0.0933
	Mean	ROC-AUC = 0.8846	PR-AUC = 0.3798	Top-1 Acc = 0.2467	Top-5 Acc = 0.4060
Epoch = 100
	Training	Accuracy = 0.9964	Cost = 0.241686	Loss = 0.084348
	seen	ROC-AUC = 0.9749	PR-AUC = 0.5496	Top-1 Acc = 0.5482	Top-5 Acc = 0.8187
	unseen	ROC-AUC = 0.8081	PR-AUC = 0.2307	Top-1 Acc = 0.0008	Top-5 Acc = 0.0973
	Mean	ROC-AUC = 0.8805	PR-AUC = 0.3692	Top-1 Acc = 0.2385	Top-5 Acc = 0.4106
