nohup: ignoring input
Using gpu device 3: GeForce GTX TITAN X (CNMeM is disabled, cuDNN not available)
(7626, 1000) (7626, 160) (160, 4016) (10, 160, 300)
Compiling functions ... 
Compilation done
Epoch = 1
	Training	Accuracy = 0.0101	Cost = 10.010009	Loss = 9.779817
Train 3.776 seconds for this epoch
	seen	ROC-AUC = 0.8132	PR-AUC = 0.0439	Top-1 Acc = 0.0087	Top-5 Acc = 0.0817
	unseen	ROC-AUC = 0.7412	PR-AUC = 0.0741	Top-1 Acc = 0.0271	Top-5 Acc = 0.1015
	Mean	ROC-AUC = 0.7730	PR-AUC = 0.0607	Top-1 Acc = 0.0190	Top-5 Acc = 0.0927

Epoch = 2
	Training	Accuracy = 0.0799	Cost = 5.851137	Loss = 5.621323
Train 3.764 seconds for this epoch
	seen	ROC-AUC = 0.9232	PR-AUC = 0.1420	Top-1 Acc = 0.0964	Top-5 Acc = 0.3453
	unseen	ROC-AUC = 0.8016	PR-AUC = 0.1423	Top-1 Acc = 0.0305	Top-5 Acc = 0.0903
	Mean	ROC-AUC = 0.8552	PR-AUC = 0.1421	Top-1 Acc = 0.0596	Top-5 Acc = 0.2028

Epoch = 3
	Training	Accuracy = 0.2208	Cost = 4.712068	Loss = 4.478535
Train 3.856 seconds for this epoch
	seen	ROC-AUC = 0.9690	PR-AUC = 0.3310	Top-1 Acc = 0.2647	Top-5 Acc = 0.6465
	unseen	ROC-AUC = 0.8785	PR-AUC = 0.2299	Top-1 Acc = 0.0138	Top-5 Acc = 0.0576
	Mean	ROC-AUC = 0.9184	PR-AUC = 0.2745	Top-1 Acc = 0.1245	Top-5 Acc = 0.3174

Epoch = 4
	Training	Accuracy = 0.3805	Cost = 3.800586	Loss = 3.561503
Train 3.757 seconds for this epoch
	seen	ROC-AUC = 0.9766	PR-AUC = 0.4407	Top-1 Acc = 0.3666	Top-5 Acc = 0.7424
	unseen	ROC-AUC = 0.8744	PR-AUC = 0.2673	Top-1 Acc = 0.0095	Top-5 Acc = 0.0537
	Mean	ROC-AUC = 0.9195	PR-AUC = 0.3438	Top-1 Acc = 0.1670	Top-5 Acc = 0.3575

Epoch = 5
	Training	Accuracy = 0.4980	Cost = 3.150033	Loss = 2.905697
Train 3.738 seconds for this epoch
	seen	ROC-AUC = 0.9811	PR-AUC = 0.4986	Top-1 Acc = 0.4129	Top-5 Acc = 0.7778
	unseen	ROC-AUC = 0.8782	PR-AUC = 0.2726	Top-1 Acc = 0.0060	Top-5 Acc = 0.0533
	Mean	ROC-AUC = 0.9236	PR-AUC = 0.3723	Top-1 Acc = 0.1855	Top-5 Acc = 0.3729

Epoch = 6
	Training	Accuracy = 0.5808	Cost = 2.723329	Loss = 2.474952
Train 3.656 seconds for this epoch
	seen	ROC-AUC = 0.9806	PR-AUC = 0.5304	Top-1 Acc = 0.4831	Top-5 Acc = 0.8214
	unseen	ROC-AUC = 0.8456	PR-AUC = 0.2514	Top-1 Acc = 0.0009	Top-5 Acc = 0.0520
	Mean	ROC-AUC = 0.9051	PR-AUC = 0.3745	Top-1 Acc = 0.2136	Top-5 Acc = 0.3914

Epoch = 7
	Training	Accuracy = 0.6370	Cost = 2.437414	Loss = 2.186269
Train 4.810 seconds for this epoch
	seen	ROC-AUC = 0.9843	PR-AUC = 0.5713	Top-1 Acc = 0.4962	Top-5 Acc = 0.8246
	unseen	ROC-AUC = 0.8686	PR-AUC = 0.2806	Top-1 Acc = 0.0004	Top-5 Acc = 0.0602
	Mean	ROC-AUC = 0.9197	PR-AUC = 0.4088	Top-1 Acc = 0.2191	Top-5 Acc = 0.3974

Epoch = 8
	Training	Accuracy = 0.6883	Cost = 2.197252	Loss = 1.944310
Train 4.827 seconds for this epoch
	seen	ROC-AUC = 0.9838	PR-AUC = 0.5774	Top-1 Acc = 0.5027	Top-5 Acc = 0.8241
	unseen	ROC-AUC = 0.8572	PR-AUC = 0.2822	Top-1 Acc = 0.0000	Top-5 Acc = 0.0658
	Mean	ROC-AUC = 0.9131	PR-AUC = 0.4124	Top-1 Acc = 0.2218	Top-5 Acc = 0.4003

Epoch = 9
	Training	Accuracy = 0.7269	Cost = 2.015434	Loss = 1.761821
Train 5.770 seconds for this epoch
	seen	ROC-AUC = 0.9844	PR-AUC = 0.6090	Top-1 Acc = 0.5714	Top-5 Acc = 0.8720
	unseen	ROC-AUC = 0.8460	PR-AUC = 0.2658	Top-1 Acc = 0.0000	Top-5 Acc = 0.0585
	Mean	ROC-AUC = 0.9071	PR-AUC = 0.4172	Top-1 Acc = 0.2520	Top-5 Acc = 0.4173

Epoch = 10
	Training	Accuracy = 0.7569	Cost = 1.855492	Loss = 1.601958
Train 5.715 seconds for this epoch
	seen	ROC-AUC = 0.9864	PR-AUC = 0.6309	Top-1 Acc = 0.5893	Top-5 Acc = 0.8802
	unseen	ROC-AUC = 0.8572	PR-AUC = 0.2533	Top-1 Acc = 0.0009	Top-5 Acc = 0.0752
	Mean	ROC-AUC = 0.9142	PR-AUC = 0.4199	Top-1 Acc = 0.2605	Top-5 Acc = 0.4303

Epoch = 11
	Training	Accuracy = 0.7874	Cost = 1.717813	Loss = 1.464967
Train 5.764 seconds for this epoch
	seen	ROC-AUC = 0.9841	PR-AUC = 0.6078	Top-1 Acc = 0.5583	Top-5 Acc = 0.8535
	unseen	ROC-AUC = 0.8498	PR-AUC = 0.2678	Top-1 Acc = 0.0009	Top-5 Acc = 0.0834
	Mean	ROC-AUC = 0.9090	PR-AUC = 0.4178	Top-1 Acc = 0.2468	Top-5 Acc = 0.4231

Epoch = 12
	Training	Accuracy = 0.8029	Cost = 1.630536	Loss = 1.378887
Train 5.770 seconds for this epoch
	seen	ROC-AUC = 0.9865	PR-AUC = 0.6460	Top-1 Acc = 0.5997	Top-5 Acc = 0.8725
	unseen	ROC-AUC = 0.8575	PR-AUC = 0.2607	Top-1 Acc = 0.0004	Top-5 Acc = 0.0735
	Mean	ROC-AUC = 0.9144	PR-AUC = 0.4307	Top-1 Acc = 0.2648	Top-5 Acc = 0.4260

Epoch = 13
	Training	Accuracy = 0.8295	Cost = 1.498232	Loss = 1.248239
Train 5.689 seconds for this epoch
	seen	ROC-AUC = 0.9863	PR-AUC = 0.6616	Top-1 Acc = 0.6242	Top-5 Acc = 0.8873
	unseen	ROC-AUC = 0.8399	PR-AUC = 0.2463	Top-1 Acc = 0.0004	Top-5 Acc = 0.0860
	Mean	ROC-AUC = 0.9045	PR-AUC = 0.4295	Top-1 Acc = 0.2756	Top-5 Acc = 0.4395

Epoch = 14
	Training	Accuracy = 0.8413	Cost = 1.443787	Loss = 1.195410
Train 5.703 seconds for this epoch
	seen	ROC-AUC = 0.9873	PR-AUC = 0.6662	Top-1 Acc = 0.6351	Top-5 Acc = 0.8922
	unseen	ROC-AUC = 0.8503	PR-AUC = 0.2434	Top-1 Acc = 0.0004	Top-5 Acc = 0.0903
	Mean	ROC-AUC = 0.9107	PR-AUC = 0.4299	Top-1 Acc = 0.2804	Top-5 Acc = 0.4440

Epoch = 15
	Training	Accuracy = 0.8651	Cost = 1.341679	Loss = 1.095312
Train 5.804 seconds for this epoch
	seen	ROC-AUC = 0.9861	PR-AUC = 0.6591	Top-1 Acc = 0.6313	Top-5 Acc = 0.8856
	unseen	ROC-AUC = 0.8420	PR-AUC = 0.2487	Top-1 Acc = 0.0013	Top-5 Acc = 0.0916
	Mean	ROC-AUC = 0.9056	PR-AUC = 0.4297	Top-1 Acc = 0.2792	Top-5 Acc = 0.4419

Epoch = 16
	Training	Accuracy = 0.8694	Cost = 1.277817	Loss = 1.033474
Train 5.720 seconds for this epoch
	seen	ROC-AUC = 0.9867	PR-AUC = 0.6652	Top-1 Acc = 0.6313	Top-5 Acc = 0.8954
	unseen	ROC-AUC = 0.8460	PR-AUC = 0.2405	Top-1 Acc = 0.0009	Top-5 Acc = 0.0864
	Mean	ROC-AUC = 0.9081	PR-AUC = 0.4278	Top-1 Acc = 0.2790	Top-5 Acc = 0.4433

Epoch = 17
	Training	Accuracy = 0.8885	Cost = 1.211481	Loss = 0.969359
Train 5.680 seconds for this epoch
	seen	ROC-AUC = 0.9872	PR-AUC = 0.6745	Top-1 Acc = 0.6492	Top-5 Acc = 0.9014
	unseen	ROC-AUC = 0.8438	PR-AUC = 0.2412	Top-1 Acc = 0.0009	Top-5 Acc = 0.1049
	Mean	ROC-AUC = 0.9071	PR-AUC = 0.4323	Top-1 Acc = 0.2869	Top-5 Acc = 0.4563

Epoch = 18
	Training	Accuracy = 0.8935	Cost = 1.153763	Loss = 0.913776
Train 5.562 seconds for this epoch
	seen	ROC-AUC = 0.9869	PR-AUC = 0.6725	Top-1 Acc = 0.6318	Top-5 Acc = 0.8954
	unseen	ROC-AUC = 0.8452	PR-AUC = 0.2404	Top-1 Acc = 0.0013	Top-5 Acc = 0.1118
	Mean	ROC-AUC = 0.9077	PR-AUC = 0.4310	Top-1 Acc = 0.2794	Top-5 Acc = 0.4575

Epoch = 19
	Training	Accuracy = 0.9017	Cost = 1.102876	Loss = 0.865106
Train 5.625 seconds for this epoch
	seen	ROC-AUC = 0.9870	PR-AUC = 0.6732	Top-1 Acc = 0.6400	Top-5 Acc = 0.8932
	unseen	ROC-AUC = 0.8431	PR-AUC = 0.2290	Top-1 Acc = 0.0000	Top-5 Acc = 0.0967
	Mean	ROC-AUC = 0.9066	PR-AUC = 0.4250	Top-1 Acc = 0.2823	Top-5 Acc = 0.4481

Epoch = 20
	Training	Accuracy = 0.9149	Cost = 1.047679	Loss = 0.812002
Train 5.612 seconds for this epoch
	seen	ROC-AUC = 0.9867	PR-AUC = 0.6763	Top-1 Acc = 0.6438	Top-5 Acc = 0.8949
	unseen	ROC-AUC = 0.8357	PR-AUC = 0.2288	Top-1 Acc = 0.0013	Top-5 Acc = 0.1040
	Mean	ROC-AUC = 0.9023	PR-AUC = 0.4262	Top-1 Acc = 0.2847	Top-5 Acc = 0.4529

Epoch = 21
	Training	Accuracy = 0.9249	Cost = 1.005692	Loss = 0.772032
Train 5.653 seconds for this epoch
	seen	ROC-AUC = 0.9875	PR-AUC = 0.6792	Top-1 Acc = 0.6427	Top-5 Acc = 0.9052
	unseen	ROC-AUC = 0.8454	PR-AUC = 0.2226	Top-1 Acc = 0.0021	Top-5 Acc = 0.1174
	Mean	ROC-AUC = 0.9081	PR-AUC = 0.4240	Top-1 Acc = 0.2847	Top-5 Acc = 0.4649

Epoch = 22
	Training	Accuracy = 0.9272	Cost = 0.972558	Loss = 0.740964
Train 5.724 seconds for this epoch
	seen	ROC-AUC = 0.9868	PR-AUC = 0.6754	Top-1 Acc = 0.6400	Top-5 Acc = 0.8943
	unseen	ROC-AUC = 0.8443	PR-AUC = 0.2286	Top-1 Acc = 0.0026	Top-5 Acc = 0.1032
	Mean	ROC-AUC = 0.9072	PR-AUC = 0.4257	Top-1 Acc = 0.2838	Top-5 Acc = 0.4522

Epoch = 23
	Training	Accuracy = 0.9367	Cost = 0.914627	Loss = 0.684913
Train 5.691 seconds for this epoch
	seen	ROC-AUC = 0.9867	PR-AUC = 0.6761	Top-1 Acc = 0.6487	Top-5 Acc = 0.8992
	unseen	ROC-AUC = 0.8380	PR-AUC = 0.2297	Top-1 Acc = 0.0026	Top-5 Acc = 0.1178
	Mean	ROC-AUC = 0.9036	PR-AUC = 0.4266	Top-1 Acc = 0.2876	Top-5 Acc = 0.4625

Epoch = 24
	Training	Accuracy = 0.9424	Cost = 0.890306	Loss = 0.662419
Train 5.717 seconds for this epoch
	seen	ROC-AUC = 0.9870	PR-AUC = 0.6838	Top-1 Acc = 0.6449	Top-5 Acc = 0.8916
	unseen	ROC-AUC = 0.8414	PR-AUC = 0.2269	Top-1 Acc = 0.0034	Top-5 Acc = 0.1204
	Mean	ROC-AUC = 0.9056	PR-AUC = 0.4285	Top-1 Acc = 0.2864	Top-5 Acc = 0.4606

Epoch = 25
	Training	Accuracy = 0.9477	Cost = 0.854690	Loss = 0.628772
Train 5.803 seconds for this epoch
	seen	ROC-AUC = 0.9870	PR-AUC = 0.6874	Top-1 Acc = 0.6585	Top-5 Acc = 0.9014
	unseen	ROC-AUC = 0.8394	PR-AUC = 0.2305	Top-1 Acc = 0.0047	Top-5 Acc = 0.1225
	Mean	ROC-AUC = 0.9045	PR-AUC = 0.4321	Top-1 Acc = 0.2931	Top-5 Acc = 0.4661

Epoch = 26
	Training	Accuracy = 0.9574	Cost = 0.801146	Loss = 0.576944
Train 5.816 seconds for this epoch
	seen	ROC-AUC = 0.9871	PR-AUC = 0.6873	Top-1 Acc = 0.6623	Top-5 Acc = 0.9069
	unseen	ROC-AUC = 0.8387	PR-AUC = 0.2251	Top-1 Acc = 0.0052	Top-5 Acc = 0.1182
	Mean	ROC-AUC = 0.9042	PR-AUC = 0.4290	Top-1 Acc = 0.2951	Top-5 Acc = 0.4661

Epoch = 27
	Training	Accuracy = 0.9575	Cost = 0.796911	Loss = 0.574346
Train 5.781 seconds for this epoch
	seen	ROC-AUC = 0.9871	PR-AUC = 0.6859	Top-1 Acc = 0.6487	Top-5 Acc = 0.9020
	unseen	ROC-AUC = 0.8396	PR-AUC = 0.2159	Top-1 Acc = 0.0043	Top-5 Acc = 0.1234
	Mean	ROC-AUC = 0.9047	PR-AUC = 0.4232	Top-1 Acc = 0.2886	Top-5 Acc = 0.4668

Epoch = 28
	Training	Accuracy = 0.9637	Cost = 0.756359	Loss = 0.535493
Train 5.848 seconds for this epoch
	seen	ROC-AUC = 0.9865	PR-AUC = 0.6791	Top-1 Acc = 0.6509	Top-5 Acc = 0.8987
	unseen	ROC-AUC = 0.8335	PR-AUC = 0.2155	Top-1 Acc = 0.0021	Top-5 Acc = 0.1208
	Mean	ROC-AUC = 0.9010	PR-AUC = 0.4200	Top-1 Acc = 0.2883	Top-5 Acc = 0.4640

Epoch = 29
	Training	Accuracy = 0.9656	Cost = 0.742192	Loss = 0.522892
Train 5.864 seconds for this epoch
	seen	ROC-AUC = 0.9873	PR-AUC = 0.6907	Top-1 Acc = 0.6563	Top-5 Acc = 0.8965
	unseen	ROC-AUC = 0.8348	PR-AUC = 0.2125	Top-1 Acc = 0.0030	Top-5 Acc = 0.1156
	Mean	ROC-AUC = 0.9020	PR-AUC = 0.4235	Top-1 Acc = 0.2912	Top-5 Acc = 0.4601

Epoch = 30
	Training	Accuracy = 0.9680	Cost = 0.719394	Loss = 0.501750
Train 5.964 seconds for this epoch
	seen	ROC-AUC = 0.9870	PR-AUC = 0.6880	Top-1 Acc = 0.6574	Top-5 Acc = 0.8938
	unseen	ROC-AUC = 0.8352	PR-AUC = 0.2136	Top-1 Acc = 0.0034	Top-5 Acc = 0.1204
	Mean	ROC-AUC = 0.9021	PR-AUC = 0.4229	Top-1 Acc = 0.2919	Top-5 Acc = 0.4616

Epoch = 31
	Training	Accuracy = 0.9748	Cost = 0.687406	Loss = 0.471181
Train 5.845 seconds for this epoch
	seen	ROC-AUC = 0.9863	PR-AUC = 0.6841	Top-1 Acc = 0.6531	Top-5 Acc = 0.8987
	unseen	ROC-AUC = 0.8328	PR-AUC = 0.2120	Top-1 Acc = 0.0034	Top-5 Acc = 0.1096
	Mean	ROC-AUC = 0.9005	PR-AUC = 0.4202	Top-1 Acc = 0.2900	Top-5 Acc = 0.4577

Epoch = 32
	Training	Accuracy = 0.9751	Cost = 0.665271	Loss = 0.450338
Train 5.786 seconds for this epoch
	seen	ROC-AUC = 0.9864	PR-AUC = 0.6878	Top-1 Acc = 0.6639	Top-5 Acc = 0.8960
	unseen	ROC-AUC = 0.8284	PR-AUC = 0.2057	Top-1 Acc = 0.0047	Top-5 Acc = 0.1221
	Mean	ROC-AUC = 0.8981	PR-AUC = 0.4184	Top-1 Acc = 0.2955	Top-5 Acc = 0.4635

Epoch = 33
	Training	Accuracy = 0.9769	Cost = 0.647416	Loss = 0.433894
Train 5.782 seconds for this epoch
	seen	ROC-AUC = 0.9855	PR-AUC = 0.6716	Top-1 Acc = 0.6356	Top-5 Acc = 0.8698
	unseen	ROC-AUC = 0.8339	PR-AUC = 0.2112	Top-1 Acc = 0.0039	Top-5 Acc = 0.1333
	Mean	ROC-AUC = 0.9008	PR-AUC = 0.4143	Top-1 Acc = 0.2826	Top-5 Acc = 0.4582

Epoch = 34
	Training	Accuracy = 0.9822	Cost = 0.619648	Loss = 0.407304
Train 5.761 seconds for this epoch
	seen	ROC-AUC = 0.9860	PR-AUC = 0.6806	Top-1 Acc = 0.6580	Top-5 Acc = 0.8889
	unseen	ROC-AUC = 0.8319	PR-AUC = 0.2050	Top-1 Acc = 0.0060	Top-5 Acc = 0.1169
	Mean	ROC-AUC = 0.8998	PR-AUC = 0.4148	Top-1 Acc = 0.2936	Top-5 Acc = 0.4575

Epoch = 35
	Training	Accuracy = 0.9795	Cost = 0.620898	Loss = 0.409876
Train 5.740 seconds for this epoch
	seen	ROC-AUC = 0.9857	PR-AUC = 0.6825	Top-1 Acc = 0.6525	Top-5 Acc = 0.8883
	unseen	ROC-AUC = 0.8349	PR-AUC = 0.2011	Top-1 Acc = 0.0047	Top-5 Acc = 0.1285
	Mean	ROC-AUC = 0.9014	PR-AUC = 0.4135	Top-1 Acc = 0.2905	Top-5 Acc = 0.4637

Epoch = 36
	Training	Accuracy = 0.9833	Cost = 0.584074	Loss = 0.374354
Train 5.740 seconds for this epoch
	seen	ROC-AUC = 0.9856	PR-AUC = 0.6848	Top-1 Acc = 0.6623	Top-5 Acc = 0.8922
	unseen	ROC-AUC = 0.8288	PR-AUC = 0.1978	Top-1 Acc = 0.0026	Top-5 Acc = 0.1161
	Mean	ROC-AUC = 0.8979	PR-AUC = 0.4127	Top-1 Acc = 0.2936	Top-5 Acc = 0.4584

Epoch = 37
	Training	Accuracy = 0.9819	Cost = 0.596287	Loss = 0.387802
Train 5.789 seconds for this epoch
	seen	ROC-AUC = 0.9859	PR-AUC = 0.6871	Top-1 Acc = 0.6569	Top-5 Acc = 0.8873
	unseen	ROC-AUC = 0.8247	PR-AUC = 0.2037	Top-1 Acc = 0.0026	Top-5 Acc = 0.1144
	Mean	ROC-AUC = 0.8958	PR-AUC = 0.4169	Top-1 Acc = 0.2912	Top-5 Acc = 0.4553

Epoch = 38
	Training	Accuracy = 0.9869	Cost = 0.561829	Loss = 0.354569
Train 4.789 seconds for this epoch
	seen	ROC-AUC = 0.9855	PR-AUC = 0.6841	Top-1 Acc = 0.6531	Top-5 Acc = 0.8922
	unseen	ROC-AUC = 0.8272	PR-AUC = 0.1960	Top-1 Acc = 0.0017	Top-5 Acc = 0.1019
	Mean	ROC-AUC = 0.8970	PR-AUC = 0.4113	Top-1 Acc = 0.2890	Top-5 Acc = 0.4505

Epoch = 39
	Training	Accuracy = 0.9875	Cost = 0.553185	Loss = 0.346804
Train 4.743 seconds for this epoch
	seen	ROC-AUC = 0.9853	PR-AUC = 0.6834	Top-1 Acc = 0.6541	Top-5 Acc = 0.8938
	unseen	ROC-AUC = 0.8229	PR-AUC = 0.1979	Top-1 Acc = 0.0017	Top-5 Acc = 0.1156
	Mean	ROC-AUC = 0.8946	PR-AUC = 0.4121	Top-1 Acc = 0.2895	Top-5 Acc = 0.4589

Epoch = 40
	Training	Accuracy = 0.9879	Cost = 0.538096	Loss = 0.332756
Train 4.650 seconds for this epoch
	seen	ROC-AUC = 0.9853	PR-AUC = 0.6819	Top-1 Acc = 0.6465	Top-5 Acc = 0.8911
	unseen	ROC-AUC = 0.8225	PR-AUC = 0.1945	Top-1 Acc = 0.0039	Top-5 Acc = 0.1126
	Mean	ROC-AUC = 0.8944	PR-AUC = 0.4095	Top-1 Acc = 0.2874	Top-5 Acc = 0.4560

Epoch = 41
	Training	Accuracy = 0.9890	Cost = 0.522660	Loss = 0.318311
Train 4.648 seconds for this epoch
	seen	ROC-AUC = 0.9857	PR-AUC = 0.6863	Top-1 Acc = 0.6601	Top-5 Acc = 0.8856
	unseen	ROC-AUC = 0.8228	PR-AUC = 0.1919	Top-1 Acc = 0.0021	Top-5 Acc = 0.1083
	Mean	ROC-AUC = 0.8947	PR-AUC = 0.4100	Top-1 Acc = 0.2924	Top-5 Acc = 0.4512

Epoch = 42
	Training	Accuracy = 0.9890	Cost = 0.521421	Loss = 0.317917
Train 4.713 seconds for this epoch
	seen	ROC-AUC = 0.9854	PR-AUC = 0.6858	Top-1 Acc = 0.6432	Top-5 Acc = 0.8894
	unseen	ROC-AUC = 0.8227	PR-AUC = 0.1933	Top-1 Acc = 0.0043	Top-5 Acc = 0.1126
	Mean	ROC-AUC = 0.8945	PR-AUC = 0.4105	Top-1 Acc = 0.2862	Top-5 Acc = 0.4553

Epoch = 43
	Training	Accuracy = 0.9917	Cost = 0.505004	Loss = 0.302199
Train 4.772 seconds for this epoch
	seen	ROC-AUC = 0.9851	PR-AUC = 0.6874	Top-1 Acc = 0.6585	Top-5 Acc = 0.8862
	unseen	ROC-AUC = 0.8240	PR-AUC = 0.1904	Top-1 Acc = 0.0026	Top-5 Acc = 0.1088
	Mean	ROC-AUC = 0.8951	PR-AUC = 0.4097	Top-1 Acc = 0.2919	Top-5 Acc = 0.4517

Epoch = 44
	Training	Accuracy = 0.9921	Cost = 0.496796	Loss = 0.294857
Train 4.725 seconds for this epoch
	seen	ROC-AUC = 0.9853	PR-AUC = 0.6865	Top-1 Acc = 0.6629	Top-5 Acc = 0.8867
	unseen	ROC-AUC = 0.8225	PR-AUC = 0.1884	Top-1 Acc = 0.0021	Top-5 Acc = 0.1062
	Mean	ROC-AUC = 0.8943	PR-AUC = 0.4082	Top-1 Acc = 0.2936	Top-5 Acc = 0.4505

Epoch = 45
	Training	Accuracy = 0.9910	Cost = 0.484442	Loss = 0.283370
Train 3.797 seconds for this epoch
	seen	ROC-AUC = 0.9852	PR-AUC = 0.6870	Top-1 Acc = 0.6498	Top-5 Acc = 0.8845
	unseen	ROC-AUC = 0.8237	PR-AUC = 0.1864	Top-1 Acc = 0.0021	Top-5 Acc = 0.1062
	Mean	ROC-AUC = 0.8950	PR-AUC = 0.4073	Top-1 Acc = 0.2878	Top-5 Acc = 0.4495

Epoch = 46
	Training	Accuracy = 0.9903	Cost = 0.478625	Loss = 0.278366
Train 3.797 seconds for this epoch
	seen	ROC-AUC = 0.9848	PR-AUC = 0.6671	Top-1 Acc = 0.6454	Top-5 Acc = 0.8829
	unseen	ROC-AUC = 0.8142	PR-AUC = 0.1867	Top-1 Acc = 0.0056	Top-5 Acc = 0.1165
	Mean	ROC-AUC = 0.8894	PR-AUC = 0.3987	Top-1 Acc = 0.2878	Top-5 Acc = 0.4546

Epoch = 47
	Training	Accuracy = 0.9940	Cost = 0.468154	Loss = 0.268455
Train 3.773 seconds for this epoch
	seen	ROC-AUC = 0.9851	PR-AUC = 0.6866	Top-1 Acc = 0.6531	Top-5 Acc = 0.8894
	unseen	ROC-AUC = 0.8238	PR-AUC = 0.1850	Top-1 Acc = 0.0026	Top-5 Acc = 0.1049
	Mean	ROC-AUC = 0.8949	PR-AUC = 0.4063	Top-1 Acc = 0.2895	Top-5 Acc = 0.4510

Epoch = 48
	Training	Accuracy = 0.9948	Cost = 0.458256	Loss = 0.259471
Train 3.834 seconds for this epoch
	seen	ROC-AUC = 0.9850	PR-AUC = 0.6843	Top-1 Acc = 0.6541	Top-5 Acc = 0.8883
	unseen	ROC-AUC = 0.8157	PR-AUC = 0.1800	Top-1 Acc = 0.0021	Top-5 Acc = 0.1096
	Mean	ROC-AUC = 0.8904	PR-AUC = 0.4024	Top-1 Acc = 0.2898	Top-5 Acc = 0.4531

Epoch = 49
	Training	Accuracy = 0.9925	Cost = 0.459704	Loss = 0.261348
Train 3.854 seconds for this epoch
	seen	ROC-AUC = 0.9844	PR-AUC = 0.6863	Top-1 Acc = 0.6514	Top-5 Acc = 0.8829
	unseen	ROC-AUC = 0.8145	PR-AUC = 0.1839	Top-1 Acc = 0.0026	Top-5 Acc = 0.1083
	Mean	ROC-AUC = 0.8895	PR-AUC = 0.4055	Top-1 Acc = 0.2888	Top-5 Acc = 0.4500

Epoch = 50
	Training	Accuracy = 0.9920	Cost = 0.457242	Loss = 0.259596
Train 3.850 seconds for this epoch
	seen	ROC-AUC = 0.9847	PR-AUC = 0.6839	Top-1 Acc = 0.6400	Top-5 Acc = 0.8824
	unseen	ROC-AUC = 0.8051	PR-AUC = 0.1739	Top-1 Acc = 0.0021	Top-5 Acc = 0.1126
	Mean	ROC-AUC = 0.8843	PR-AUC = 0.3988	Top-1 Acc = 0.2835	Top-5 Acc = 0.4522

Epoch = 51
	Training	Accuracy = 0.9919	Cost = 0.440698	Loss = 0.243789
Train 2.900 seconds for this epoch
	seen	ROC-AUC = 0.9843	PR-AUC = 0.6795	Top-1 Acc = 0.6465	Top-5 Acc = 0.8758
	unseen	ROC-AUC = 0.8122	PR-AUC = 0.1787	Top-1 Acc = 0.0017	Top-5 Acc = 0.1139
	Mean	ROC-AUC = 0.8881	PR-AUC = 0.3996	Top-1 Acc = 0.2862	Top-5 Acc = 0.4500

Epoch = 52
	Training	Accuracy = 0.9949	Cost = 0.426299	Loss = 0.230138
Train 2.816 seconds for this epoch
	seen	ROC-AUC = 0.9844	PR-AUC = 0.6749	Top-1 Acc = 0.6460	Top-5 Acc = 0.8769
	unseen	ROC-AUC = 0.8100	PR-AUC = 0.1816	Top-1 Acc = 0.0030	Top-5 Acc = 0.0985
	Mean	ROC-AUC = 0.8869	PR-AUC = 0.3992	Top-1 Acc = 0.2866	Top-5 Acc = 0.4419

Epoch = 53
	Training	Accuracy = 0.9937	Cost = 0.422462	Loss = 0.226733
Train 2.890 seconds for this epoch
	seen	ROC-AUC = 0.9841	PR-AUC = 0.6736	Top-1 Acc = 0.6313	Top-5 Acc = 0.8785
	unseen	ROC-AUC = 0.8167	PR-AUC = 0.1775	Top-1 Acc = 0.0013	Top-5 Acc = 0.1174
	Mean	ROC-AUC = 0.8905	PR-AUC = 0.3963	Top-1 Acc = 0.2792	Top-5 Acc = 0.4531

Epoch = 54
	Training	Accuracy = 0.9942	Cost = 0.426615	Loss = 0.231589
Train 2.894 seconds for this epoch
	seen	ROC-AUC = 0.9845	PR-AUC = 0.6781	Top-1 Acc = 0.6318	Top-5 Acc = 0.8796
	unseen	ROC-AUC = 0.8146	PR-AUC = 0.1705	Top-1 Acc = 0.0021	Top-5 Acc = 0.1058
	Mean	ROC-AUC = 0.8895	PR-AUC = 0.3944	Top-1 Acc = 0.2799	Top-5 Acc = 0.4471

Epoch = 55
	Training	Accuracy = 0.9889	Cost = 0.423054	Loss = 0.228526
Train 2.795 seconds for this epoch
	seen	ROC-AUC = 0.9847	PR-AUC = 0.6879	Top-1 Acc = 0.6552	Top-5 Acc = 0.8807
	unseen	ROC-AUC = 0.8157	PR-AUC = 0.1817	Top-1 Acc = 0.0026	Top-5 Acc = 0.1075
	Mean	ROC-AUC = 0.8902	PR-AUC = 0.4050	Top-1 Acc = 0.2905	Top-5 Acc = 0.4486

Epoch = 56
	Training	Accuracy = 0.9923	Cost = 0.426709	Loss = 0.232683
Train 2.655 seconds for this epoch
	seen	ROC-AUC = 0.9845	PR-AUC = 0.6902	Top-1 Acc = 0.6607	Top-5 Acc = 0.8889
	unseen	ROC-AUC = 0.8103	PR-AUC = 0.1785	Top-1 Acc = 0.0021	Top-5 Acc = 0.1071
	Mean	ROC-AUC = 0.8872	PR-AUC = 0.4042	Top-1 Acc = 0.2926	Top-5 Acc = 0.4519

Epoch = 57
	Training	Accuracy = 0.9925	Cost = 0.417700	Loss = 0.224394
Train 2.575 seconds for this epoch
	seen	ROC-AUC = 0.9848	PR-AUC = 0.6758	Top-1 Acc = 0.6329	Top-5 Acc = 0.8824
	unseen	ROC-AUC = 0.8149	PR-AUC = 0.1757	Top-1 Acc = 0.0017	Top-5 Acc = 0.1122
	Mean	ROC-AUC = 0.8898	PR-AUC = 0.3963	Top-1 Acc = 0.2802	Top-5 Acc = 0.4519

Epoch = 58
	Training	Accuracy = 0.9967	Cost = 0.386454	Loss = 0.193717
Train 2.662 seconds for this epoch
	seen	ROC-AUC = 0.9843	PR-AUC = 0.6806	Top-1 Acc = 0.6498	Top-5 Acc = 0.8753
	unseen	ROC-AUC = 0.8117	PR-AUC = 0.1778	Top-1 Acc = 0.0013	Top-5 Acc = 0.1092
	Mean	ROC-AUC = 0.8878	PR-AUC = 0.3996	Top-1 Acc = 0.2874	Top-5 Acc = 0.4471

Epoch = 59
	Training	Accuracy = 0.9946	Cost = 0.412179	Loss = 0.219751
Train 2.535 seconds for this epoch
	seen	ROC-AUC = 0.9846	PR-AUC = 0.6862	Top-1 Acc = 0.6531	Top-5 Acc = 0.8900
	unseen	ROC-AUC = 0.8115	PR-AUC = 0.1746	Top-1 Acc = 0.0017	Top-5 Acc = 0.1101
	Mean	ROC-AUC = 0.8879	PR-AUC = 0.4003	Top-1 Acc = 0.2890	Top-5 Acc = 0.4541

Epoch = 60
	Training	Accuracy = 0.9915	Cost = 0.399408	Loss = 0.207298
Train 2.650 seconds for this epoch
	seen	ROC-AUC = 0.9844	PR-AUC = 0.6915	Top-1 Acc = 0.6629	Top-5 Acc = 0.8818
	unseen	ROC-AUC = 0.8099	PR-AUC = 0.1763	Top-1 Acc = 0.0021	Top-5 Acc = 0.1019
	Mean	ROC-AUC = 0.8869	PR-AUC = 0.4036	Top-1 Acc = 0.2936	Top-5 Acc = 0.4459

Epoch = 61
	Training	Accuracy = 0.9950	Cost = 0.377327	Loss = 0.186095
Train 2.672 seconds for this epoch
	seen	ROC-AUC = 0.9843	PR-AUC = 0.6848	Top-1 Acc = 0.6563	Top-5 Acc = 0.8813
	unseen	ROC-AUC = 0.8075	PR-AUC = 0.1710	Top-1 Acc = 0.0017	Top-5 Acc = 0.1010
	Mean	ROC-AUC = 0.8855	PR-AUC = 0.3977	Top-1 Acc = 0.2905	Top-5 Acc = 0.4452

Epoch = 62
	Training	Accuracy = 0.9929	Cost = 0.402501	Loss = 0.211835
Train 2.660 seconds for this epoch
	seen	ROC-AUC = 0.9843	PR-AUC = 0.6886	Top-1 Acc = 0.6634	Top-5 Acc = 0.8834
	unseen	ROC-AUC = 0.8027	PR-AUC = 0.1682	Top-1 Acc = 0.0017	Top-5 Acc = 0.1075
	Mean	ROC-AUC = 0.8828	PR-AUC = 0.3978	Top-1 Acc = 0.2936	Top-5 Acc = 0.4498

Epoch = 63
	Training	Accuracy = 0.9940	Cost = 0.390204	Loss = 0.199750
Train 2.767 seconds for this epoch
	seen	ROC-AUC = 0.9845	PR-AUC = 0.6802	Top-1 Acc = 0.6443	Top-5 Acc = 0.8834
	unseen	ROC-AUC = 0.8057	PR-AUC = 0.1660	Top-1 Acc = 0.0026	Top-5 Acc = 0.1156
	Mean	ROC-AUC = 0.8846	PR-AUC = 0.3929	Top-1 Acc = 0.2857	Top-5 Acc = 0.4543

Epoch = 64
	Training	Accuracy = 0.9934	Cost = 0.373710	Loss = 0.183642
Train 2.766 seconds for this epoch
	seen	ROC-AUC = 0.9839	PR-AUC = 0.6849	Top-1 Acc = 0.6449	Top-5 Acc = 0.8791
	unseen	ROC-AUC = 0.8087	PR-AUC = 0.1701	Top-1 Acc = 0.0009	Top-5 Acc = 0.1006
	Mean	ROC-AUC = 0.8860	PR-AUC = 0.3972	Top-1 Acc = 0.2850	Top-5 Acc = 0.4440

Epoch = 65
	Training	Accuracy = 0.9921	Cost = 0.379787	Loss = 0.190232
Train 2.792 seconds for this epoch
	seen	ROC-AUC = 0.9836	PR-AUC = 0.6869	Top-1 Acc = 0.6623	Top-5 Acc = 0.8791
	unseen	ROC-AUC = 0.8030	PR-AUC = 0.1650	Top-1 Acc = 0.0013	Top-5 Acc = 0.1053
	Mean	ROC-AUC = 0.8827	PR-AUC = 0.3952	Top-1 Acc = 0.2929	Top-5 Acc = 0.4467

Epoch = 66
	Training	Accuracy = 0.9953	Cost = 0.381955	Loss = 0.192726
Train 2.787 seconds for this epoch
	seen	ROC-AUC = 0.9844	PR-AUC = 0.6914	Top-1 Acc = 0.6629	Top-5 Acc = 0.8840
	unseen	ROC-AUC = 0.8045	PR-AUC = 0.1668	Top-1 Acc = 0.0026	Top-5 Acc = 0.1045
	Mean	ROC-AUC = 0.8839	PR-AUC = 0.3982	Top-1 Acc = 0.2938	Top-5 Acc = 0.4483

Epoch = 67
	Training	Accuracy = 0.9969	Cost = 0.357858	Loss = 0.169179
Train 2.831 seconds for this epoch
	seen	ROC-AUC = 0.9840	PR-AUC = 0.6896	Top-1 Acc = 0.6547	Top-5 Acc = 0.8796
	unseen	ROC-AUC = 0.8019	PR-AUC = 0.1662	Top-1 Acc = 0.0013	Top-5 Acc = 0.1015
	Mean	ROC-AUC = 0.8822	PR-AUC = 0.3971	Top-1 Acc = 0.2895	Top-5 Acc = 0.4447

Epoch = 68
	Training	Accuracy = 0.9934	Cost = 0.362847	Loss = 0.174855
Train 2.875 seconds for this epoch
	seen	ROC-AUC = 0.9833	PR-AUC = 0.6879	Top-1 Acc = 0.6541	Top-5 Acc = 0.8829
	unseen	ROC-AUC = 0.8005	PR-AUC = 0.1659	Top-1 Acc = 0.0026	Top-5 Acc = 0.1066
	Mean	ROC-AUC = 0.8812	PR-AUC = 0.3962	Top-1 Acc = 0.2900	Top-5 Acc = 0.4491

Epoch = 69
	Training	Accuracy = 0.9953	Cost = 0.358967	Loss = 0.171776
Train 2.877 seconds for this epoch
	seen	ROC-AUC = 0.9837	PR-AUC = 0.6861	Top-1 Acc = 0.6541	Top-5 Acc = 0.8780
	unseen	ROC-AUC = 0.8003	PR-AUC = 0.1639	Top-1 Acc = 0.0026	Top-5 Acc = 0.1032
	Mean	ROC-AUC = 0.8812	PR-AUC = 0.3943	Top-1 Acc = 0.2900	Top-5 Acc = 0.4450

Epoch = 70
	Training	Accuracy = 0.9962	Cost = 0.351822	Loss = 0.165075
Train 2.867 seconds for this epoch
	seen	ROC-AUC = 0.9836	PR-AUC = 0.6853	Top-1 Acc = 0.6520	Top-5 Acc = 0.8780
	unseen	ROC-AUC = 0.7963	PR-AUC = 0.1563	Top-1 Acc = 0.0017	Top-5 Acc = 0.1101
	Mean	ROC-AUC = 0.8789	PR-AUC = 0.3897	Top-1 Acc = 0.2886	Top-5 Acc = 0.4488

Epoch = 71
	Training	Accuracy = 0.9910	Cost = 0.395965	Loss = 0.209270
Train 2.896 seconds for this epoch
	seen	ROC-AUC = 0.9840	PR-AUC = 0.6844	Top-1 Acc = 0.6639	Top-5 Acc = 0.8736
	unseen	ROC-AUC = 0.7991	PR-AUC = 0.1565	Top-1 Acc = 0.0026	Top-5 Acc = 0.1045
	Mean	ROC-AUC = 0.8806	PR-AUC = 0.3894	Top-1 Acc = 0.2943	Top-5 Acc = 0.4438

Epoch = 72
	Training	Accuracy = 0.9950	Cost = 0.342439	Loss = 0.156465
Train 2.960 seconds for this epoch
	seen	ROC-AUC = 0.9837	PR-AUC = 0.6873	Top-1 Acc = 0.6541	Top-5 Acc = 0.8834
	unseen	ROC-AUC = 0.7973	PR-AUC = 0.1615	Top-1 Acc = 0.0034	Top-5 Acc = 0.1058
	Mean	ROC-AUC = 0.8796	PR-AUC = 0.3934	Top-1 Acc = 0.2905	Top-5 Acc = 0.4488

Epoch = 73
	Training	Accuracy = 0.9927	Cost = 0.362218	Loss = 0.176913
Train 2.935 seconds for this epoch
	seen	ROC-AUC = 0.9842	PR-AUC = 0.6874	Top-1 Acc = 0.6525	Top-5 Acc = 0.8834
	unseen	ROC-AUC = 0.7957	PR-AUC = 0.1581	Top-1 Acc = 0.0034	Top-5 Acc = 0.1053
	Mean	ROC-AUC = 0.8789	PR-AUC = 0.3916	Top-1 Acc = 0.2898	Top-5 Acc = 0.4486

Epoch = 74
	Training	Accuracy = 0.9931	Cost = 0.352638	Loss = 0.168121
Train 2.908 seconds for this epoch
	seen	ROC-AUC = 0.9837	PR-AUC = 0.6900	Top-1 Acc = 0.6531	Top-5 Acc = 0.8813
	unseen	ROC-AUC = 0.7960	PR-AUC = 0.1553	Top-1 Acc = 0.0030	Top-5 Acc = 0.1105
	Mean	ROC-AUC = 0.8788	PR-AUC = 0.3912	Top-1 Acc = 0.2898	Top-5 Acc = 0.4505

Epoch = 75
	Training	Accuracy = 0.9944	Cost = 0.332836	Loss = 0.149212
Train 2.953 seconds for this epoch
	seen	ROC-AUC = 0.9833	PR-AUC = 0.6847	Top-1 Acc = 0.6612	Top-5 Acc = 0.8802
	unseen	ROC-AUC = 0.7925	PR-AUC = 0.1569	Top-1 Acc = 0.0034	Top-5 Acc = 0.1036
	Mean	ROC-AUC = 0.8767	PR-AUC = 0.3897	Top-1 Acc = 0.2936	Top-5 Acc = 0.4462

Epoch = 76
	Training	Accuracy = 0.9969	Cost = 0.331195	Loss = 0.148019
Train 2.948 seconds for this epoch
	seen	ROC-AUC = 0.9836	PR-AUC = 0.6874	Top-1 Acc = 0.6476	Top-5 Acc = 0.8785
	unseen	ROC-AUC = 0.7939	PR-AUC = 0.1564	Top-1 Acc = 0.0026	Top-5 Acc = 0.1036
	Mean	ROC-AUC = 0.8776	PR-AUC = 0.3906	Top-1 Acc = 0.2871	Top-5 Acc = 0.4455

Epoch = 77
	Training	Accuracy = 0.9889	Cost = 0.396463	Loss = 0.213193
Train 2.825 seconds for this epoch
	seen	ROC-AUC = 0.9839	PR-AUC = 0.6804	Top-1 Acc = 0.6520	Top-5 Acc = 0.8731
	unseen	ROC-AUC = 0.7961	PR-AUC = 0.1557	Top-1 Acc = 0.0047	Top-5 Acc = 0.1144
	Mean	ROC-AUC = 0.8789	PR-AUC = 0.3871	Top-1 Acc = 0.2902	Top-5 Acc = 0.4491

Epoch = 78
	Training	Accuracy = 0.9921	Cost = 0.349795	Loss = 0.166916
Train 2.956 seconds for this epoch
	seen	ROC-AUC = 0.9839	PR-AUC = 0.6905	Top-1 Acc = 0.6585	Top-5 Acc = 0.8769
	unseen	ROC-AUC = 0.7945	PR-AUC = 0.1545	Top-1 Acc = 0.0039	Top-5 Acc = 0.1131
	Mean	ROC-AUC = 0.8780	PR-AUC = 0.3910	Top-1 Acc = 0.2926	Top-5 Acc = 0.4500

Epoch = 79
	Training	Accuracy = 0.9928	Cost = 0.343128	Loss = 0.160917
Train 2.913 seconds for this epoch
	seen	ROC-AUC = 0.9840	PR-AUC = 0.6903	Top-1 Acc = 0.6580	Top-5 Acc = 0.8834
	unseen	ROC-AUC = 0.7937	PR-AUC = 0.1514	Top-1 Acc = 0.0021	Top-5 Acc = 0.1113
	Mean	ROC-AUC = 0.8777	PR-AUC = 0.3891	Top-1 Acc = 0.2914	Top-5 Acc = 0.4519

Epoch = 80
	Training	Accuracy = 0.9929	Cost = 0.335508	Loss = 0.153898
Train 2.919 seconds for this epoch
	seen	ROC-AUC = 0.9838	PR-AUC = 0.6910	Top-1 Acc = 0.6514	Top-5 Acc = 0.8829
	unseen	ROC-AUC = 0.7923	PR-AUC = 0.1472	Top-1 Acc = 0.0034	Top-5 Acc = 0.1083
	Mean	ROC-AUC = 0.8767	PR-AUC = 0.3871	Top-1 Acc = 0.2893	Top-5 Acc = 0.4500

Epoch = 81
	Training	Accuracy = 0.9931	Cost = 0.337253	Loss = 0.156279
Train 2.871 seconds for this epoch
	seen	ROC-AUC = 0.9838	PR-AUC = 0.6886	Top-1 Acc = 0.6650	Top-5 Acc = 0.8829
	unseen	ROC-AUC = 0.7907	PR-AUC = 0.1474	Top-1 Acc = 0.0026	Top-5 Acc = 0.1032
	Mean	ROC-AUC = 0.8759	PR-AUC = 0.3862	Top-1 Acc = 0.2948	Top-5 Acc = 0.4471

Epoch = 82
	Training	Accuracy = 0.9948	Cost = 0.329093	Loss = 0.148620
Train 2.836 seconds for this epoch
	seen	ROC-AUC = 0.9836	PR-AUC = 0.6896	Top-1 Acc = 0.6503	Top-5 Acc = 0.8747
	unseen	ROC-AUC = 0.7927	PR-AUC = 0.1479	Top-1 Acc = 0.0043	Top-5 Acc = 0.1079
	Mean	ROC-AUC = 0.8769	PR-AUC = 0.3869	Top-1 Acc = 0.2893	Top-5 Acc = 0.4462

Epoch = 83
	Training	Accuracy = 0.9934	Cost = 0.334439	Loss = 0.154597
Train 2.765 seconds for this epoch
	seen	ROC-AUC = 0.9832	PR-AUC = 0.6842	Top-1 Acc = 0.6547	Top-5 Acc = 0.8758
	unseen	ROC-AUC = 0.7946	PR-AUC = 0.1472	Top-1 Acc = 0.0021	Top-5 Acc = 0.1019
	Mean	ROC-AUC = 0.8778	PR-AUC = 0.3841	Top-1 Acc = 0.2900	Top-5 Acc = 0.4433

Epoch = 84
	Training	Accuracy = 0.9945	Cost = 0.318920	Loss = 0.139893
Train 2.768 seconds for this epoch
	seen	ROC-AUC = 0.9838	PR-AUC = 0.6880	Top-1 Acc = 0.6481	Top-5 Acc = 0.8818
	unseen	ROC-AUC = 0.7906	PR-AUC = 0.1513	Top-1 Acc = 0.0026	Top-5 Acc = 0.1101
	Mean	ROC-AUC = 0.8758	PR-AUC = 0.3881	Top-1 Acc = 0.2874	Top-5 Acc = 0.4505

Epoch = 85
	Training	Accuracy = 0.9931	Cost = 0.338248	Loss = 0.159470
Train 2.840 seconds for this epoch
	seen	ROC-AUC = 0.9835	PR-AUC = 0.6914	Top-1 Acc = 0.6525	Top-5 Acc = 0.8834
	unseen	ROC-AUC = 0.7863	PR-AUC = 0.1483	Top-1 Acc = 0.0030	Top-5 Acc = 0.1113
	Mean	ROC-AUC = 0.8733	PR-AUC = 0.3879	Top-1 Acc = 0.2895	Top-5 Acc = 0.4519

Epoch = 86
	Training	Accuracy = 0.9945	Cost = 0.327854	Loss = 0.149721
Train 2.843 seconds for this epoch
	seen	ROC-AUC = 0.9833	PR-AUC = 0.6912	Top-1 Acc = 0.6536	Top-5 Acc = 0.8856
	unseen	ROC-AUC = 0.7823	PR-AUC = 0.1465	Top-1 Acc = 0.0034	Top-5 Acc = 0.1113
	Mean	ROC-AUC = 0.8710	PR-AUC = 0.3868	Top-1 Acc = 0.2902	Top-5 Acc = 0.4529

Epoch = 87
	Training	Accuracy = 0.9946	Cost = 0.324502	Loss = 0.146779
Train 2.813 seconds for this epoch
	seen	ROC-AUC = 0.9832	PR-AUC = 0.6913	Top-1 Acc = 0.6585	Top-5 Acc = 0.8845
	unseen	ROC-AUC = 0.7843	PR-AUC = 0.1425	Top-1 Acc = 0.0034	Top-5 Acc = 0.1131
	Mean	ROC-AUC = 0.8720	PR-AUC = 0.3846	Top-1 Acc = 0.2924	Top-5 Acc = 0.4534

Epoch = 88
	Training	Accuracy = 0.9887	Cost = 0.380041	Loss = 0.202610
Train 2.876 seconds for this epoch
	seen	ROC-AUC = 0.9840	PR-AUC = 0.6677	Top-1 Acc = 0.6215	Top-5 Acc = 0.8649
	unseen	ROC-AUC = 0.7904	PR-AUC = 0.1454	Top-1 Acc = 0.0030	Top-5 Acc = 0.1053
	Mean	ROC-AUC = 0.8758	PR-AUC = 0.3758	Top-1 Acc = 0.2758	Top-5 Acc = 0.4404

Epoch = 89
	Training	Accuracy = 0.9921	Cost = 0.355219	Loss = 0.177572
Train 2.722 seconds for this epoch
	seen	ROC-AUC = 0.9846	PR-AUC = 0.6893	Top-1 Acc = 0.6520	Top-5 Acc = 0.8856
	unseen	ROC-AUC = 0.7867	PR-AUC = 0.1431	Top-1 Acc = 0.0021	Top-5 Acc = 0.1096
	Mean	ROC-AUC = 0.8740	PR-AUC = 0.3840	Top-1 Acc = 0.2888	Top-5 Acc = 0.4519

Epoch = 90
	Training	Accuracy = 0.9927	Cost = 0.326915	Loss = 0.149923
Train 2.583 seconds for this epoch
	seen	ROC-AUC = 0.9841	PR-AUC = 0.6874	Top-1 Acc = 0.6520	Top-5 Acc = 0.8873
	unseen	ROC-AUC = 0.7813	PR-AUC = 0.1369	Top-1 Acc = 0.0034	Top-5 Acc = 0.1045
	Mean	ROC-AUC = 0.8708	PR-AUC = 0.3798	Top-1 Acc = 0.2895	Top-5 Acc = 0.4498

Epoch = 91
	Training	Accuracy = 0.9934	Cost = 0.328110	Loss = 0.151547
Train 2.721 seconds for this epoch
	seen	ROC-AUC = 0.9842	PR-AUC = 0.6896	Top-1 Acc = 0.6558	Top-5 Acc = 0.8785
	unseen	ROC-AUC = 0.7834	PR-AUC = 0.1468	Top-1 Acc = 0.0026	Top-5 Acc = 0.1096
	Mean	ROC-AUC = 0.8719	PR-AUC = 0.3863	Top-1 Acc = 0.2907	Top-5 Acc = 0.4488

Epoch = 92
	Training	Accuracy = 0.9929	Cost = 0.323152	Loss = 0.147193
Train 2.736 seconds for this epoch
	seen	ROC-AUC = 0.9843	PR-AUC = 0.6928	Top-1 Acc = 0.6596	Top-5 Acc = 0.8834
	unseen	ROC-AUC = 0.7857	PR-AUC = 0.1486	Top-1 Acc = 0.0047	Top-5 Acc = 0.1144
	Mean	ROC-AUC = 0.8733	PR-AUC = 0.3887	Top-1 Acc = 0.2936	Top-5 Acc = 0.4536

Epoch = 93
	Training	Accuracy = 0.9937	Cost = 0.320785	Loss = 0.145069
Train 2.758 seconds for this epoch
	seen	ROC-AUC = 0.9846	PR-AUC = 0.6886	Top-1 Acc = 0.6574	Top-5 Acc = 0.8824
	unseen	ROC-AUC = 0.7871	PR-AUC = 0.1437	Top-1 Acc = 0.0026	Top-5 Acc = 0.1066
	Mean	ROC-AUC = 0.8742	PR-AUC = 0.3841	Top-1 Acc = 0.2914	Top-5 Acc = 0.4488

Epoch = 94
	Training	Accuracy = 0.9929	Cost = 0.327914	Loss = 0.153081
Train 2.755 seconds for this epoch
	seen	ROC-AUC = 0.9844	PR-AUC = 0.6854	Top-1 Acc = 0.6612	Top-5 Acc = 0.8785
	unseen	ROC-AUC = 0.7842	PR-AUC = 0.1390	Top-1 Acc = 0.0026	Top-5 Acc = 0.1101
	Mean	ROC-AUC = 0.8725	PR-AUC = 0.3800	Top-1 Acc = 0.2931	Top-5 Acc = 0.4491

Epoch = 95
	Training	Accuracy = 0.9945	Cost = 0.305171	Loss = 0.130871
Train 2.739 seconds for this epoch
	seen	ROC-AUC = 0.9844	PR-AUC = 0.6916	Top-1 Acc = 0.6623	Top-5 Acc = 0.8818
	unseen	ROC-AUC = 0.7823	PR-AUC = 0.1416	Top-1 Acc = 0.0030	Top-5 Acc = 0.1113
	Mean	ROC-AUC = 0.8714	PR-AUC = 0.3842	Top-1 Acc = 0.2938	Top-5 Acc = 0.4512

Epoch = 96
	Training	Accuracy = 0.9941	Cost = 0.309422	Loss = 0.135747
Train 2.677 seconds for this epoch
	seen	ROC-AUC = 0.9835	PR-AUC = 0.6926	Top-1 Acc = 0.6612	Top-5 Acc = 0.8813
	unseen	ROC-AUC = 0.7791	PR-AUC = 0.1386	Top-1 Acc = 0.0026	Top-5 Acc = 0.1028
	Mean	ROC-AUC = 0.8693	PR-AUC = 0.3830	Top-1 Acc = 0.2931	Top-5 Acc = 0.4462

Epoch = 97
	Training	Accuracy = 0.9945	Cost = 0.312288	Loss = 0.139061
Train 2.601 seconds for this epoch
	seen	ROC-AUC = 0.9835	PR-AUC = 0.6885	Top-1 Acc = 0.6558	Top-5 Acc = 0.8807
	unseen	ROC-AUC = 0.7808	PR-AUC = 0.1365	Top-1 Acc = 0.0052	Top-5 Acc = 0.1045
	Mean	ROC-AUC = 0.8703	PR-AUC = 0.3800	Top-1 Acc = 0.2922	Top-5 Acc = 0.4469

Epoch = 98
	Training	Accuracy = 0.9911	Cost = 0.331081	Loss = 0.158258
Train 2.715 seconds for this epoch
	seen	ROC-AUC = 0.9833	PR-AUC = 0.6893	Top-1 Acc = 0.6585	Top-5 Acc = 0.8764
	unseen	ROC-AUC = 0.7785	PR-AUC = 0.1312	Top-1 Acc = 0.0013	Top-5 Acc = 0.0993
	Mean	ROC-AUC = 0.8689	PR-AUC = 0.3774	Top-1 Acc = 0.2912	Top-5 Acc = 0.4421

Epoch = 99
	Training	Accuracy = 0.9908	Cost = 0.327714	Loss = 0.155653
Train 2.710 seconds for this epoch
	seen	ROC-AUC = 0.9837	PR-AUC = 0.6890	Top-1 Acc = 0.6569	Top-5 Acc = 0.8818
	unseen	ROC-AUC = 0.7817	PR-AUC = 0.1361	Top-1 Acc = 0.0021	Top-5 Acc = 0.1015
	Mean	ROC-AUC = 0.8708	PR-AUC = 0.3800	Top-1 Acc = 0.2910	Top-5 Acc = 0.4457

Epoch = 100
	Training	Accuracy = 0.9940	Cost = 0.305885	Loss = 0.134685
Train 2.738 seconds for this epoch
	seen	ROC-AUC = 0.9837	PR-AUC = 0.6908	Top-1 Acc = 0.6498	Top-5 Acc = 0.8845
	unseen	ROC-AUC = 0.7861	PR-AUC = 0.1429	Top-1 Acc = 0.0034	Top-5 Acc = 0.1036
	Mean	ROC-AUC = 0.8732	PR-AUC = 0.3846	Top-1 Acc = 0.2886	Top-5 Acc = 0.4481

Test 604.869 seconds
